<?xml version="1.0" encoding="UTF-8"?>
<testsuites name="Edit visitor" time="278" tests="0" failures="1" errors="0">
   <testsuite name="Edit visitor" tests="0" failures="1" errors="0" time="278" timestamp="2017-12-05 11:43:33" hostname="Stella Ireri - DESKTOP-JP48UB6" id="Test Suites/Visitor Management/Edit visitor">
      <properties>
         <property name="deviceName" value=""/>
         <property name="devicePlatform" value=""/>
         <property name="logFolder" value="C:\\Users\\Stella Ireri\\git\\VSMS-Test-Automation\\Reports\\Visitor Management\\Edit visitor\\20171205_114331"/>
         <property name="logFiles" value="C:\\Users\\Stella Ireri\\git\\VSMS-Test-Automation\\Reports\\Visitor Management\\Edit visitor\\20171205_114331\\execution0.log"/>
         <property name="attachments" value="C:\\Users\\Stella Ireri\\git\\VSMS-Test-Automation\\Reports\\Visitor Management\\Edit visitor\\20171205_114331\\1512463691012.png, C:\\Users\\Stella Ireri\\git\\VSMS-Test-Automation\\Reports\\Visitor Management\\Edit visitor\\20171205_114331\\1512463691472.png"/>
         <property name="hostName" value="Stella Ireri - DESKTOP-JP48UB6"/>
         <property name="os" value="Windows 10 64bit"/>
         <property name="katalonVersion" value="5.1.0.1"/>
         <property name="browser" value="Chrome 62.0.3202.94"/>
         <property name="hostAddress" value="192.168.1.108"/>
         <property name="sessionId" value="11b57367b2b6e81ce635430c5b0dc445"/>
         <property name="seleniumVersion" value="3.7.1"/>
         <property name="proxyInformation" value="ProxyInformation{proxyOption=NO_PROXY, proxyServerType=HTTP, password=, proxyServerAddress=, proxyServerPort=0}"/>
         <property name="platform" value="Windows 10"/>
      </properties>
      <testcase name="Test Cases/Visitor Management/Edit visitor" classname="Test Cases/Visitor Management/Edit visitor" status="FAILED">
         <failure type="FAILED" message="Unable to click on object 'Object Repository/Visitor Management/Edit visitor/a_Bellalo' (Root cause: com.kms.katalon.core.webui.exception.WebElementNotFoundException: Web element with id: 'Object Repository/Visitor Management/Edit visitor/a_Bellalo' located by 'By.xpath: //*[@data-toggle = 'modal'][count(. | //*[text() = '
                                            Bellalo']) = count(//*[text() = '
                                            Bellalo'])]' not found)"/>
         <system-out><![CDATA[2017-12-05 11:43:34 - [TEST_CASE][FAILED] - Test Cases/Visitor Management/Edit visitor: Test Cases/Visitor Management/Edit visitor FAILED because (of) Unable to click on object 'Object Repository/Visitor Management/Edit visitor/a_Bellalo' (Root cause: com.kms.katalon.core.webui.exception.WebElementNotFoundException: Web element with id: 'Object Repository/Visitor Management/Edit visitor/a_Bellalo' located by 'By.xpath: //*[@data-toggle = 'modal'][count(. | //*[text() = '
                                            Bellalo']) = count(//*[text() = '
                                            Bellalo'])]' not found)

2017-12-05 11:43:34 - [TEST_STEP][PASSED] - callTestCase: Call Test Case 'Test Cases/Common/User Login' successfully

2017-12-05 11:43:34 - [TEST_CASE][PASSED] - Test Cases/Common/User Login: Test Cases/Common/User Login

2017-12-05 11:43:36 - [TEST_STEP][PASSED] - openBrowser: Browser is opened with url: 'https://sandbox.vsms.tezzasolutions.com/index'

2017-12-05 11:45:10 - [MESSAGE][PASSED] - Browser is opened with url: 'https://sandbox.vsms.tezzasolutions.com/index'

2017-12-05 11:45:10 - [TEST_STEP][PASSED] - maximizeWindow: Current window maximized

2017-12-05 11:45:11 - [MESSAGE][PASSED] - Current window maximized

2017-12-05 11:45:11 - [TEST_STEP][PASSED] - click: Object: 'Object Repository/login/a_Log in' is clicked on

2017-12-05 11:45:36 - [MESSAGE][PASSED] - Object: 'Object Repository/login/a_Log in' is clicked on

2017-12-05 11:45:36 - [TEST_STEP][PASSED] - setText: Text 'stella.ireri@tezzasolutions.com' is set on object 'Object Repository/login/input_email'

2017-12-05 11:45:37 - [MESSAGE][PASSED] - Text 'stella.ireri@tezzasolutions.com' is set on object 'Object Repository/login/input_email'

2017-12-05 11:45:37 - [TEST_STEP][PASSED] - verifyElementPresent: Object 'Object Repository/Page_Visitor Security Management Sy/VSMS  Sign In' is present

2017-12-05 11:45:37 - [MESSAGE][PASSED] - Object 'Object Repository/Page_Visitor Security Management Sy/VSMS  Sign In' is present

2017-12-05 11:45:37 - [TEST_STEP][PASSED] - setText: Text '!qwerty123' is set on object 'Object Repository/login/input_password'

2017-12-05 11:45:37 - [MESSAGE][PASSED] - Text '!qwerty123' is set on object 'Object Repository/login/input_password'

2017-12-05 11:45:37 - [TEST_STEP][PASSED] - verifyElementClickable: Object 'Object Repository/login/button_Login' is clickable

2017-12-05 11:45:37 - [MESSAGE][PASSED] - Object 'Object Repository/login/button_Login' is clickable

2017-12-05 11:45:37 - [TEST_STEP][PASSED] - click: Object: 'Object Repository/login/button_Login' is clicked on

2017-12-05 11:46:38 - [MESSAGE][PASSED] - Object: 'Object Repository/login/button_Login' is clicked on

2017-12-05 11:46:38 - [MESSAGE][PASSED] - Call Test Case 'Test Cases/Common/User Login' successfully

2017-12-05 11:46:38 - [TEST_STEP][PASSED] - callTestCase: Call Test Case 'Test Cases/Visitor Management/Visitor management menu' successfully

2017-12-05 11:46:38 - [TEST_CASE][PASSED] - Test Cases/Visitor Management/Visitor management menu: Test Cases/Visitor Management/Visitor management menu

2017-12-05 11:46:38 - [TEST_STEP][PASSED] - click: Object: 'Object Repository/Visitor Management/common objects/a_Modules' is clicked on

2017-12-05 11:46:39 - [MESSAGE][PASSED] - Object: 'Object Repository/Visitor Management/common objects/a_Modules' is clicked on

2017-12-05 11:46:39 - [TEST_STEP][PASSED] - click: Object: 'Object Repository/Visitor Management/common objects/a_Visitor Management' is clicked on

2017-12-05 11:46:39 - [MESSAGE][PASSED] - Object: 'Object Repository/Visitor Management/common objects/a_Visitor Management' is clicked on

2017-12-05 11:46:39 - [TEST_STEP][PASSED] - click: Object: 'Object Repository/Visitor Management/common objects/a_Visitor' is clicked on

2017-12-05 11:47:38 - [MESSAGE][PASSED] - Object: 'Object Repository/Visitor Management/common objects/a_Visitor' is clicked on

2017-12-05 11:47:38 - [MESSAGE][PASSED] - Call Test Case 'Test Cases/Visitor Management/Visitor management menu' successfully

2017-12-05 11:47:38 - [TEST_STEP][FAILED] - click: Unable to click on object 'Object Repository/Visitor Management/Edit visitor/a_Bellalo' (Root cause: com.kms.katalon.core.webui.exception.WebElementNotFoundException: Web element with id: 'Object Repository/Visitor Management/Edit visitor/a_Bellalo' located by 'By.xpath: //*[@data-toggle = 'modal'][count(. | //*[text() = '
                                            Bellalo']) = count(//*[text() = '
                                            Bellalo'])]' not found)

2017-12-05 11:48:11 - [MESSAGE][FAILED] - Unable to click on object 'Object Repository/Visitor Management/Edit visitor/a_Bellalo' (Root cause: com.kms.katalon.core.webui.exception.WebElementNotFoundException: Web element with id: 'Object Repository/Visitor Management/Edit visitor/a_Bellalo' located by 'By.xpath: //*[@data-toggle = 'modal'][count(. | //*[text() = '
                                            Bellalo']) = count(//*[text() = '
                                            Bellalo'])]' not found)
[[ATTACHMENT|C:\\Users\\Stella Ireri\\git\\VSMS-Test-Automation\\Reports\\Visitor Management\\Edit visitor\\20171205_114331\\1512463691012.png]]

2017-12-05 11:48:11 - [TEST_STEP][FAILED] - setText: Unable to set text 'Blareh' of object 'Object Repository/Visitor Management/Edit visitor/input_first_name' (Root cause: org.openqa.selenium.InvalidElementStateException: invalid element state: Element is not currently interactable and may not be manipulated
  (Session info: chrome=62.0.3202.94)
  (Driver info: chromedriver=2.33.506120 (e3e53437346286c0bc2d2dc9aa4915ba81d9023f),platform=Windows NT 10.0.14393 x86_64) (WARNING: The server did not provide any stacktrace information)
Command duration or timeout: 0 milliseconds
Build info: version: '3.7.1', revision: '8a0099a', time: '2017-11-06T21:07:36.161Z'
System info: host: 'DESKTOP-JP48UB6', ip: '192.168.1.108', os.name: 'Windows 10', os.arch: 'amd64', os.version: '10.0', java.version: '1.8.0_102'
Driver info: com.kms.katalon.selenium.driver.CChromeDriver
Capabilities {acceptSslCerts: true, applicationCacheEnabled: false, browserConnectionEnabled: false, browserName: chrome, chrome: {chromedriverVersion: 2.33.506120 (e3e53437346286..., userDataDir: C:\Users\STELLA~1\AppData\L...}, cssSelectorsEnabled: true, databaseEnabled: false, handlesAlerts: true, hasTouchScreen: false, javascriptEnabled: true, locationContextEnabled: true, mobileEmulationEnabled: false, nativeEvents: true, networkConnectionEnabled: false, pageLoadStrategy: normal, platform: XP, platformName: XP, rotatable: false, setWindowRect: true, takesHeapSnapshot: true, takesScreenshot: true, unexpectedAlertBehaviour: , unhandledPromptBehavior: , version: 62.0.3202.94, webStorageEnabled: true}
Session ID: 11b57367b2b6e81ce635430c5b0dc445)

2017-12-05 11:48:11 - [MESSAGE][FAILED] - Unable to set text 'Blareh' of object 'Object Repository/Visitor Management/Edit visitor/input_first_name' (Root cause: org.openqa.selenium.InvalidElementStateException: invalid element state: Element is not currently interactable and may not be manipulated
  (Session info: chrome=62.0.3202.94)
  (Driver info: chromedriver=2.33.506120 (e3e53437346286c0bc2d2dc9aa4915ba81d9023f),platform=Windows NT 10.0.14393 x86_64) (WARNING: The server did not provide any stacktrace information)
Command duration or timeout: 0 milliseconds
Build info: version: '3.7.1', revision: '8a0099a', time: '2017-11-06T21:07:36.161Z'
System info: host: 'DESKTOP-JP48UB6', ip: '192.168.1.108', os.name: 'Windows 10', os.arch: 'amd64', os.version: '10.0', java.version: '1.8.0_102'
Driver info: com.kms.katalon.selenium.driver.CChromeDriver
Capabilities {acceptSslCerts: true, applicationCacheEnabled: false, browserConnectionEnabled: false, browserName: chrome, chrome: {chromedriverVersion: 2.33.506120 (e3e53437346286..., userDataDir: C:\Users\STELLA~1\AppData\L...}, cssSelectorsEnabled: true, databaseEnabled: false, handlesAlerts: true, hasTouchScreen: false, javascriptEnabled: true, locationContextEnabled: true, mobileEmulationEnabled: false, nativeEvents: true, networkConnectionEnabled: false, pageLoadStrategy: normal, platform: XP, platformName: XP, rotatable: false, setWindowRect: true, takesHeapSnapshot: true, takesScreenshot: true, unexpectedAlertBehaviour: , unhandledPromptBehavior: , version: 62.0.3202.94, webStorageEnabled: true}
Session ID: 11b57367b2b6e81ce635430c5b0dc445)
[[ATTACHMENT|C:\\Users\\Stella Ireri\\git\\VSMS-Test-Automation\\Reports\\Visitor Management\\Edit visitor\\20171205_114331\\1512463691472.png]]]]></system-out>
         <system-err><![CDATA[2017-12-05 11:43:34 - [TEST_CASE][FAILED] - Test Cases/Visitor Management/Edit visitor: Test Cases/Visitor Management/Edit visitor FAILED because (of) Unable to click on object 'Object Repository/Visitor Management/Edit visitor/a_Bellalo' (Root cause: com.kms.katalon.core.webui.exception.WebElementNotFoundException: Web element with id: 'Object Repository/Visitor Management/Edit visitor/a_Bellalo' located by 'By.xpath: //*[@data-toggle = 'modal'][count(. | //*[text() = '
                                            Bellalo']) = count(//*[text() = '
                                            Bellalo'])]' not found)]]></system-err>
      </testcase>
      <system-out><![CDATA[2017-12-05 11:43:33 - [TEST_SUITE][FAILED] - Edit visitor: Test Cases/Visitor Management/Edit visitor FAILED because (of) Unable to click on object 'Object Repository/Visitor Management/Edit visitor/a_Bellalo' (Root cause: com.kms.katalon.core.webui.exception.WebElementNotFoundException: Web element with id: 'Object Repository/Visitor Management/Edit visitor/a_Bellalo' located by 'By.xpath: //*[@data-toggle = 'modal'][count(. | //*[text() = '
                                            Bellalo']) = count(//*[text() = '
                                            Bellalo'])]' not found)]]></system-out>
      <system-err><![CDATA[2017-12-05 11:43:33 - [TEST_SUITE][FAILED] - Edit visitor: Test Cases/Visitor Management/Edit visitor FAILED because (of) Unable to click on object 'Object Repository/Visitor Management/Edit visitor/a_Bellalo' (Root cause: com.kms.katalon.core.webui.exception.WebElementNotFoundException: Web element with id: 'Object Repository/Visitor Management/Edit visitor/a_Bellalo' located by 'By.xpath: //*[@data-toggle = 'modal'][count(. | //*[text() = '
                                            Bellalo']) = count(//*[text() = '
                                            Bellalo'])]' not found)]]></system-err>
   </testsuite>
</testsuites>
