<?xml version="1.0" encoding="UTF-8"?>
<testsuites name="Edit Property" time="0" tests="0" failures="0" errors="0">
   <testsuite name="Edit Property" tests="0" failures="0" errors="0" time="0" timestamp="2017-12-05 15:34:12" hostname="Stella Ireri - DESKTOP-JP48UB6" id="Test Suites/Property Management/Edit Property">
      <properties>
         <property name="deviceName" value=""/>
         <property name="devicePlatform" value=""/>
         <property name="logFolder" value="C:\\Users\\Stella Ireri\\git\\VSMS-Test-Automation\\Reports\\Property Management\\Edit Property\\20171205_153411"/>
         <property name="logFiles" value="C:\\Users\\Stella Ireri\\git\\VSMS-Test-Automation\\Reports\\Property Management\\Edit Property\\20171205_153411\\execution0.log"/>
         <property name="attachments" value=""/>
         <property name="hostName" value="Stella Ireri - DESKTOP-JP48UB6"/>
         <property name="hostAddress" value="192.168.1.108"/>
         <property name="os" value="Windows 10 64bit"/>
         <property name="katalonVersion" value="5.1.0.1"/>
      </properties>
      <testcase name="Test Cases/Property management/Edit Property" classname="Test Cases/Property management/Edit Property" status="INCOMPLETE">
         <system-out><![CDATA[2017-12-05 15:34:13 - [TEST_CASE][INCOMPLETE] - Test Cases/Property management/Edit Property: null]]></system-out>
         <system-err><![CDATA[2017-12-05 15:34:13 - [TEST_CASE][INCOMPLETE] - Test Cases/Property management/Edit Property: null]]></system-err>
      </testcase>
      <system-out><![CDATA[2017-12-05 15:34:12 - [TEST_SUITE][INCOMPLETE] - Edit Property: null]]></system-out>
      <system-err><![CDATA[2017-12-05 15:34:12 - [TEST_SUITE][INCOMPLETE] - Edit Property: null]]></system-err>
   </testsuite>
</testsuites>
