<?xml version="1.0" encoding="UTF-8"?>
<testsuites name="Add New Profile" time="32" tests="1" failures="0" errors="0">
   <testsuite name="Add New Profile" tests="1" failures="0" errors="0" time="32" timestamp="2017-10-13 12:08:41" hostname="ChweyaJnr - 192.168.56.1" id="Test Suites/User Management/Profile Module/Add New Profile">
      <properties>
         <property name="deviceName" value=""/>
         <property name="devicePlatform" value=""/>
         <property name="logFolder" value="C:\\Users\\ChweyaJnr\\git\\VSMS-Test-Automation\\Reports\\User Management\\Profile Module\\Add New Profile\\20171013_120839"/>
         <property name="logFiles" value="C:\\Users\\ChweyaJnr\\git\\VSMS-Test-Automation\\Reports\\User Management\\Profile Module\\Add New Profile\\20171013_120839\\execution0.log"/>
         <property name="attachments" value=""/>
         <property name="hostName" value="ChweyaJnr - 192.168.56.1"/>
         <property name="os" value="Windows 10 64bit"/>
         <property name="katalonVersion" value="4.8.0.2"/>
         <property name="browser" value="Chrome 61.0.3163.100"/>
         <property name="hostAddress" value="192.168.56.1"/>
         <property name="sessionId" value="f319bd79db4bef3b91fbac60976dada1"/>
         <property name="seleniumVersion" value="2.53.0"/>
         <property name="proxyInformation" value="ProxyInformation{proxyOption=NO_PROXY, proxyServerType=HTTP, password=, proxyServerAddress=, proxyServerPort=0}"/>
         <property name="platform" value="Windows 10"/>
      </properties>
      <testcase name="Test Cases/User Management/Profile Module/Add New Profile" classname="Test Cases/User Management/Profile Module/Add New Profile" status="PASSED">
         <system-out><![CDATA[2017-10-13 12:08:42 - [TEST_CASE][PASSED] - Test Cases/User Management/Profile Module/Add New Profile: Test Cases/User Management/Profile Module/Add New Profile

2017-10-13 12:08:43 - [TEST_STEP][PASSED] - callTestCase: Call Test Case 'Test Cases/LOGIN' successfully

2017-10-13 12:08:43 - [TEST_CASE][PASSED] - Test Cases/LOGIN: Test Cases/LOGIN

2017-10-13 12:08:43 - [TEST_STEP][PASSED] - openBrowser: Browser is opened with url: 'https://sandbox.vsms.tezzasolutions.com/index'

2017-10-13 12:08:54 - [MESSAGE][PASSED] - Browser is opened with url: 'https://sandbox.vsms.tezzasolutions.com/index'

2017-10-13 12:08:54 - [TEST_STEP][PASSED] - click: Object: 'Object Repository/login/a_Log in' is clicked on

2017-10-13 12:08:56 - [MESSAGE][PASSED] - Object: 'Object Repository/login/a_Log in' is clicked on

2017-10-13 12:08:56 - [TEST_STEP][PASSED] - setText: Text 'clarinenyauncho@gmail.com' is set on object 'Object Repository/login/input_email'

2017-10-13 12:08:57 - [MESSAGE][PASSED] - Text 'clarinenyauncho@gmail.com' is set on object 'Object Repository/login/input_email'

2017-10-13 12:08:57 - [TEST_STEP][PASSED] - setText: Text 'changeme' is set on object 'Object Repository/login/input_password'

2017-10-13 12:08:57 - [MESSAGE][PASSED] - Text 'changeme' is set on object 'Object Repository/login/input_password'

2017-10-13 12:08:57 - [TEST_STEP][PASSED] - click: Object: 'Object Repository/login/button_Login' is clicked on

2017-10-13 12:09:00 - [MESSAGE][PASSED] - Object: 'Object Repository/login/button_Login' is clicked on

2017-10-13 12:09:00 - [MESSAGE][PASSED] - Call Test Case 'Test Cases/LOGIN' successfully

2017-10-13 12:09:00 - [TEST_STEP][PASSED] - click: Object: 'Object Repository/User Management/Add New User/Module Dropdown Objects/Modules dropdown' is clicked on

2017-10-13 12:09:00 - [MESSAGE][PASSED] - Object: 'Object Repository/User Management/Add New User/Module Dropdown Objects/Modules dropdown' is clicked on

2017-10-13 12:09:00 - [TEST_STEP][PASSED] - click: Object: 'Object Repository/User Management/Add New User/Module Dropdown Objects/User Management Dropdown' is clicked on

2017-10-13 12:09:00 - [MESSAGE][PASSED] - Object: 'Object Repository/User Management/Add New User/Module Dropdown Objects/User Management Dropdown' is clicked on

2017-10-13 12:09:00 - [TEST_STEP][PASSED] - click: Object: 'Object Repository/User Management/Add New Profile/Profile Link/Profile Link' is clicked on

2017-10-13 12:09:01 - [MESSAGE][PASSED] - Object: 'Object Repository/User Management/Add New Profile/Profile Link/Profile Link' is clicked on

2017-10-13 12:09:01 - [TEST_STEP][PASSED] - maximizeWindow: Current window maximized

2017-10-13 12:09:03 - [MESSAGE][PASSED] - Current window maximized

2017-10-13 12:09:03 - [TEST_STEP][PASSED] - click: Object: 'Object Repository/User Management/Add New Profile/Add New Profile/Add New Button' is clicked on

2017-10-13 12:09:03 - [MESSAGE][PASSED] - Object: 'Object Repository/User Management/Add New Profile/Add New Profile/Add New Button' is clicked on

2017-10-13 12:09:03 - [TEST_STEP][PASSED] - delay: Delayed 5 second(s)

2017-10-13 12:09:08 - [MESSAGE][PASSED] - Delayed 5 second(s)

2017-10-13 12:09:08 - [TEST_STEP][PASSED] - setText: Text 'Profile' is set on object 'Object Repository/User Management/Add New Profile/Add New Profile/Profilename Input Field'

2017-10-13 12:09:08 - [MESSAGE][PASSED] - Text 'Profile' is set on object 'Object Repository/User Management/Add New Profile/Add New Profile/Profilename Input Field'

2017-10-13 12:09:08 - [TEST_STEP][PASSED] - setText: Text 'TestProf' is set on object 'Object Repository/User Management/Add New Profile/Add New Profile/Profile description textarea'

2017-10-13 12:09:08 - [MESSAGE][PASSED] - Text 'TestProf' is set on object 'Object Repository/User Management/Add New Profile/Add New Profile/Profile description textarea'

2017-10-13 12:09:08 - [TEST_STEP][PASSED] - click: Object: 'Object Repository/User Management/Add New Profile/Add New Profile/button_Save' is clicked on

2017-10-13 12:09:09 - [MESSAGE][PASSED] - Object: 'Object Repository/User Management/Add New Profile/Add New Profile/button_Save' is clicked on

2017-10-13 12:09:09 - [TEST_STEP][PASSED] - click: Object: 'Object Repository/User Management/Add New Profile/Add New Profile/New profile has been added successfully' is clicked on

2017-10-13 12:09:10 - [MESSAGE][PASSED] - Object: 'Object Repository/User Management/Add New Profile/Add New Profile/New profile has been added successfully' is clicked on

2017-10-13 12:09:10 - [TEST_STEP][PASSED] - delay: Delayed 3 second(s)

2017-10-13 12:09:13 - [MESSAGE][PASSED] - Delayed 3 second(s)

2017-10-13 12:09:13 - [TEST_STEP][PASSED] - closeBrowser: Browser is closed

2017-10-13 12:09:14 - [MESSAGE][PASSED] - Browser is closed]]></system-out>
         <system-err><![CDATA[]]></system-err>
      </testcase>
      <system-out><![CDATA[2017-10-13 12:08:41 - [TEST_SUITE][PASSED] - Add New Profile: Test Cases/User Management/Profile Module/Add New Profile]]></system-out>
      <system-err><![CDATA[]]></system-err>
   </testsuite>
</testsuites>
