<?xml version="1.0" encoding="UTF-8"?>
<testsuites name="Add New User" time="39" tests="0" failures="1" errors="0">
   <testsuite name="Add New User" tests="0" failures="1" errors="0" time="39" timestamp="2017-10-13 12:14:37" hostname="ChweyaJnr - 192.168.56.1" id="Test Suites/User Management/User Module/Add New User">
      <properties>
         <property name="deviceName" value=""/>
         <property name="devicePlatform" value=""/>
         <property name="logFolder" value="C:\\Users\\ChweyaJnr\\git\\VSMS-Test-Automation\\Reports\\User Management\\User Module\\Add New User\\20171013_121435"/>
         <property name="logFiles" value="C:\\Users\\ChweyaJnr\\git\\VSMS-Test-Automation\\Reports\\User Management\\User Module\\Add New User\\20171013_121435\\execution0.log"/>
         <property name="attachments" value="C:\\Users\\ChweyaJnr\\git\\VSMS-Test-Automation\\Reports\\User Management\\User Module\\Add New User\\20171013_121435\\1507886115293.png"/>
         <property name="hostName" value="ChweyaJnr - 192.168.56.1"/>
         <property name="os" value="Windows 10 64bit"/>
         <property name="katalonVersion" value="4.8.0.2"/>
         <property name="browser" value="Chrome 61.0.3163.100"/>
         <property name="hostAddress" value="192.168.56.1"/>
         <property name="sessionId" value="f1ae53d03427b478df7291b2b8d21005"/>
         <property name="seleniumVersion" value="2.53.0"/>
         <property name="proxyInformation" value="ProxyInformation{proxyOption=NO_PROXY, proxyServerType=HTTP, password=, proxyServerAddress=, proxyServerPort=0}"/>
         <property name="platform" value="Windows 10"/>
      </properties>
      <testcase name="Test Cases/User Management/User Module/New User" classname="Test Cases/User Management/User Module/New User" status="FAILED">
         <failure type="FAILED" message="No option matched."/>
         <system-out><![CDATA[2017-10-13 12:14:38 - [TEST_CASE][FAILED] - Test Cases/User Management/User Module/New User: Test Cases/User Management/User Module/New User FAILED because (of) No option matched.

2017-10-13 12:14:39 - [TEST_STEP][PASSED] - callTestCase: Call Test Case 'Test Cases/LOGIN' successfully

2017-10-13 12:14:39 - [TEST_CASE][PASSED] - Test Cases/LOGIN: Test Cases/LOGIN

2017-10-13 12:14:39 - [TEST_STEP][PASSED] - openBrowser: Browser is opened with url: 'https://sandbox.vsms.tezzasolutions.com/index'

2017-10-13 12:14:50 - [MESSAGE][PASSED] - Browser is opened with url: 'https://sandbox.vsms.tezzasolutions.com/index'

2017-10-13 12:14:50 - [TEST_STEP][PASSED] - click: Object: 'Object Repository/login/a_Log in' is clicked on

2017-10-13 12:14:52 - [MESSAGE][PASSED] - Object: 'Object Repository/login/a_Log in' is clicked on

2017-10-13 12:14:52 - [TEST_STEP][PASSED] - setText: Text 'clarinenyauncho@gmail.com' is set on object 'Object Repository/login/input_email'

2017-10-13 12:14:52 - [MESSAGE][PASSED] - Text 'clarinenyauncho@gmail.com' is set on object 'Object Repository/login/input_email'

2017-10-13 12:14:52 - [TEST_STEP][PASSED] - setText: Text 'changeme' is set on object 'Object Repository/login/input_password'

2017-10-13 12:14:53 - [MESSAGE][PASSED] - Text 'changeme' is set on object 'Object Repository/login/input_password'

2017-10-13 12:14:53 - [TEST_STEP][PASSED] - click: Object: 'Object Repository/login/button_Login' is clicked on

2017-10-13 12:14:55 - [MESSAGE][PASSED] - Object: 'Object Repository/login/button_Login' is clicked on

2017-10-13 12:14:55 - [MESSAGE][PASSED] - Call Test Case 'Test Cases/LOGIN' successfully

2017-10-13 12:14:55 - [TEST_STEP][PASSED] - click: Object: 'Object Repository/User Management/Add New User/Module Dropdown Objects/Modules dropdown' is clicked on

2017-10-13 12:14:55 - [MESSAGE][PASSED] - Object: 'Object Repository/User Management/Add New User/Module Dropdown Objects/Modules dropdown' is clicked on

2017-10-13 12:14:55 - [TEST_STEP][PASSED] - click: Object: 'Object Repository/User Management/Add New User/Module Dropdown Objects/User Management Dropdown' is clicked on

2017-10-13 12:14:56 - [MESSAGE][PASSED] - Object: 'Object Repository/User Management/Add New User/Module Dropdown Objects/User Management Dropdown' is clicked on

2017-10-13 12:14:56 - [TEST_STEP][PASSED] - click: Object: 'Object Repository/User Management/Add New User/Module Dropdown Objects/User Link' is clicked on

2017-10-13 12:14:57 - [MESSAGE][PASSED] - Object: 'Object Repository/User Management/Add New User/Module Dropdown Objects/User Link' is clicked on

2017-10-13 12:14:57 - [TEST_STEP][PASSED] - maximizeWindow: Current window maximized

2017-10-13 12:14:58 - [MESSAGE][PASSED] - Current window maximized

2017-10-13 12:14:58 - [TEST_STEP][PASSED] - click: Object: 'Object Repository/User Management/Add New User/Add New User Objects/Add New Button' is clicked on

2017-10-13 12:14:58 - [MESSAGE][PASSED] - Object: 'Object Repository/User Management/Add New User/Add New User Objects/Add New Button' is clicked on

2017-10-13 12:14:58 - [TEST_STEP][PASSED] - delay: Delayed 5 second(s)

2017-10-13 12:15:03 - [MESSAGE][PASSED] - Delayed 5 second(s)

2017-10-13 12:15:03 - [TEST_STEP][PASSED] - setText: Text 'Chalo7' is set on object 'Object Repository/User Management/Add New User/Add New User Objects/input_firstname'

2017-10-13 12:15:04 - [MESSAGE][PASSED] - Text 'Chalo7' is set on object 'Object Repository/User Management/Add New User/Add New User Objects/input_firstname'

2017-10-13 12:15:04 - [TEST_STEP][PASSED] - setText: Text 'Chweya' is set on object 'Object Repository/User Management/Add New User/Add New User Objects/input_lastname'

2017-10-13 12:15:04 - [MESSAGE][PASSED] - Text 'Chweya' is set on object 'Object Repository/User Management/Add New User/Add New User Objects/input_lastname'

2017-10-13 12:15:04 - [TEST_STEP][PASSED] - setText: Text 'Tester' is set on object 'Object Repository/User Management/Add New User/Add New User Objects/input_job_title'

2017-10-13 12:15:04 - [MESSAGE][PASSED] - Text 'Tester' is set on object 'Object Repository/User Management/Add New User/Add New User Objects/input_job_title'

2017-10-13 12:15:04 - [TEST_STEP][FAILED] - selectOptionByValue: No option matched.

2017-10-13 12:15:04 - [MESSAGE][FAILED] - No option matched.

2017-10-13 12:15:04 - [TEST_STEP][PASSED] - setText: Text 'chweyaacharles@gmail.com' is set on object 'Object Repository/User Management/Add New User/Add New User Objects/input_email3'

2017-10-13 12:15:05 - [MESSAGE][PASSED] - Text 'chweyaacharles@gmail.com' is set on object 'Object Repository/User Management/Add New User/Add New User Objects/input_email3'

2017-10-13 12:15:05 - [TEST_STEP][PASSED] - click: Object: 'Object Repository/User Management/Add New User/Add New User Objects/div_selected-flag' is clicked on

2017-10-13 12:15:07 - [MESSAGE][PASSED] - Object: 'Object Repository/User Management/Add New User/Add New User Objects/div_selected-flag' is clicked on

2017-10-13 12:15:07 - [TEST_STEP][PASSED] - click: Object: 'Object Repository/User Management/Add New User/Add New User Objects/li_country highlight' is clicked on

2017-10-13 12:15:07 - [MESSAGE][PASSED] - Object: 'Object Repository/User Management/Add New User/Add New User Objects/li_country highlight' is clicked on

2017-10-13 12:15:07 - [TEST_STEP][PASSED] - setText: Text '0725165229' is set on object 'Object Repository/User Management/Add New User/Add New User Objects/input_phone'

2017-10-13 12:15:08 - [MESSAGE][PASSED] - Text '0725165229' is set on object 'Object Repository/User Management/Add New User/Add New User Objects/input_phone'

2017-10-13 12:15:08 - [TEST_STEP][PASSED] - click: Object: 'Object Repository/User Management/Add New User/Add New User Objects/input_is_staff' is clicked on

2017-10-13 12:15:08 - [MESSAGE][PASSED] - Object: 'Object Repository/User Management/Add New User/Add New User Objects/input_is_staff' is clicked on

2017-10-13 12:15:08 - [TEST_STEP][PASSED] - click: Object: 'Object Repository/User Management/Add New User/Add New User Objects/input_IsEnabled' is clicked on

2017-10-13 12:15:08 - [MESSAGE][PASSED] - Object: 'Object Repository/User Management/Add New User/Add New User Objects/input_IsEnabled' is clicked on

2017-10-13 12:15:08 - [TEST_STEP][PASSED] - click: Object: 'Object Repository/User Management/Add New User/Add New User Objects/button_Create User' is clicked on

2017-10-13 12:15:08 - [MESSAGE][PASSED] - Object: 'Object Repository/User Management/Add New User/Add New User Objects/button_Create User' is clicked on

2017-10-13 12:15:08 - [TEST_STEP][FAILED] - verifyElementPresent: com.kms.katalon.core.webui.exception.WebElementNotFoundException: Web element with id: 'Object Repository/User Management/Add New User/Add New User Objects/New user has been added successfully' located by 'By.xpath: //p[count(. | //*[contains(.,'New user has been added successfully!')]) = count(//*[contains(.,'New user has been added successfully!')])]' not found

2017-10-13 12:15:15 - [MESSAGE][FAILED] - com.kms.katalon.core.webui.exception.WebElementNotFoundException: Web element with id: 'Object Repository/User Management/Add New User/Add New User Objects/New user has been added successfully' located by 'By.xpath: //p[count(. | //*[contains(.,'New user has been added successfully!')]) = count(//*[contains(.,'New user has been added successfully!')])]' not found
[[ATTACHMENT|C:\\Users\\ChweyaJnr\\git\\VSMS-Test-Automation\\Reports\\User Management\\User Module\\Add New User\\20171013_121435\\1507886115293.png]]

2017-10-13 12:15:15 - [TEST_STEP][PASSED] - closeBrowser: Browser is closed

2017-10-13 12:15:17 - [MESSAGE][PASSED] - Browser is closed]]></system-out>
         <system-err><![CDATA[2017-10-13 12:14:38 - [TEST_CASE][FAILED] - Test Cases/User Management/User Module/New User: Test Cases/User Management/User Module/New User FAILED because (of) No option matched.]]></system-err>
      </testcase>
      <system-out><![CDATA[2017-10-13 12:14:37 - [TEST_SUITE][FAILED] - Add New User: Test Cases/User Management/User Module/New User FAILED because (of) No option matched.]]></system-out>
      <system-err><![CDATA[2017-10-13 12:14:37 - [TEST_SUITE][FAILED] - Add New User: Test Cases/User Management/User Module/New User FAILED because (of) No option matched.]]></system-err>
   </testsuite>
</testsuites>
