<?xml version="1.0" encoding="UTF-8"?>
<testsuites name="Edit Visitor types" time="308" tests="0" failures="1" errors="0">
   <testsuite name="Edit Visitor types" tests="0" failures="1" errors="0" time="308" timestamp="2017-11-03 13:30:08" hostname="Stella - STEGAHZ" id="Test Suites/User Management/Visitor Types/Edit Visitor types">
      <properties>
         <property name="deviceName" value=""/>
         <property name="devicePlatform" value=""/>
         <property name="logFolder" value="C:\\Users\\Stella\\git\\VSMS-Test-Automation\\Reports\\User Management\\Visitor Types\\Edit Visitor types\\20171103_133001"/>
         <property name="logFiles" value="C:\\Users\\Stella\\git\\VSMS-Test-Automation\\Reports\\User Management\\Visitor Types\\Edit Visitor types\\20171103_133001\\execution0.log"/>
         <property name="attachments" value="C:\\Users\\Stella\\git\\VSMS-Test-Automation\\Reports\\User Management\\Visitor Types\\Edit Visitor types\\20171103_133001\\1509705247183.png"/>
         <property name="hostName" value="Stella - STEGAHZ"/>
         <property name="os" value="Windows 8.1 64bit"/>
         <property name="katalonVersion" value="5.0.0.1"/>
         <property name="browser" value="Firefox 52.0"/>
         <property name="hostAddress" value="192.168.56.1"/>
         <property name="sessionId" value="409280c8-29e4-40a0-a69e-8467c4a81ef5"/>
         <property name="seleniumVersion" value="2.53.0"/>
         <property name="proxyInformation" value="ProxyInformation{proxyOption=NO_PROXY, proxyServerType=, password=, proxyServerAddress=, proxyServerPort=0}"/>
         <property name="platform" value="Windows 8.1"/>
      </properties>
      <testcase name="Test Cases/User Management/Visitor Types/Edit Visitor Types" classname="Test Cases/User Management/Visitor Types/Edit Visitor Types" status="FAILED">
         <failure type="FAILED" message="Unable to set text 'clarinenyauncho@gmail.com' of object 'Object Repository/login/input_email' (Root cause: com.kms.katalon.core.webui.exception.WebElementNotFoundException: Web element with id: 'Object Repository/login/input_email' located by 'By.xpath: //input[count(. | //*[@name = 'email']) = count(//*[@name = 'email'])][count(. | //*[@type = 'email']) = count(//*[@type = 'email'])]' not found)"/>
         <system-out><![CDATA[2017-11-03 13:30:09 - [TEST_CASE][FAILED] - Test Cases/User Management/Visitor Types/Edit Visitor Types: Test Cases/User Management/Visitor Types/Edit Visitor Types FAILED because (of) Unable to set text 'clarinenyauncho@gmail.com' of object 'Object Repository/login/input_email' (Root cause: com.kms.katalon.core.webui.exception.WebElementNotFoundException: Web element with id: 'Object Repository/login/input_email' located by 'By.xpath: //input[count(. | //*[@name = 'email']) = count(//*[@name = 'email'])][count(. | //*[@type = 'email']) = count(//*[@type = 'email'])]' not found)

2017-11-03 13:30:10 - [TEST_STEP][FAILED] - callTestCase: Unable to call Test Case with id 'Test Cases/Common/User Login' (Root cause: Call Test Case 'Test Cases/Common/User Login' failed)

2017-11-03 13:30:10 - [TEST_CASE][FAILED] - Test Cases/Common/User Login: Test Cases/Common/User Login FAILED because (of) Unable to set text 'clarinenyauncho@gmail.com' of object 'Object Repository/login/input_email' (Root cause: com.kms.katalon.core.webui.exception.WebElementNotFoundException: Web element with id: 'Object Repository/login/input_email' located by 'By.xpath: //input[count(. | //*[@name = 'email']) = count(//*[@name = 'email'])][count(. | //*[@type = 'email']) = count(//*[@type = 'email'])]' not found)

2017-11-03 13:30:11 - [TEST_STEP][PASSED] - openBrowser: Browser is opened with url: 'https://sandbox.vsms.tezzasolutions.com/index'

2017-11-03 13:33:11 - [MESSAGE][PASSED] - Browser is opened with url: 'https://sandbox.vsms.tezzasolutions.com/index'

2017-11-03 13:33:11 - [TEST_STEP][PASSED] - maximizeWindow: Current window maximized

2017-11-03 13:33:11 - [MESSAGE][PASSED] - Current window maximized

2017-11-03 13:33:11 - [TEST_STEP][PASSED] - click: Object: 'Object Repository/login/a_Log in' is clicked on

2017-11-03 13:33:11 - [MESSAGE][PASSED] - Object: 'Object Repository/login/a_Log in' is clicked on

2017-11-03 13:33:11 - [TEST_STEP][FAILED] - setText: Unable to set text 'clarinenyauncho@gmail.com' of object 'Object Repository/login/input_email' (Root cause: com.kms.katalon.core.webui.exception.WebElementNotFoundException: Web element with id: 'Object Repository/login/input_email' located by 'By.xpath: //input[count(. | //*[@name = 'email']) = count(//*[@name = 'email'])][count(. | //*[@type = 'email']) = count(//*[@type = 'email'])]' not found)

2017-11-03 13:35:09 - [MESSAGE][FAILED] - Unable to set text 'clarinenyauncho@gmail.com' of object 'Object Repository/login/input_email' (Root cause: com.kms.katalon.core.webui.exception.WebElementNotFoundException: Web element with id: 'Object Repository/login/input_email' located by 'By.xpath: //input[count(. | //*[@name = 'email']) = count(//*[@name = 'email'])][count(. | //*[@type = 'email']) = count(//*[@type = 'email'])]' not found)
[[ATTACHMENT|C:\\Users\\Stella\\git\\VSMS-Test-Automation\\Reports\\User Management\\Visitor Types\\Edit Visitor types\\20171103_133001\\1509705247183.png]]

2017-11-03 13:35:09 - [TEST_STEP][PASSED] - verifyElementPresent: Object 'Object Repository/Page_Visitor Security Management Sy/VSMS  Sign In' is present

2017-11-03 13:35:10 - [MESSAGE][PASSED] - Object 'Object Repository/Page_Visitor Security Management Sy/VSMS  Sign In' is present

2017-11-03 13:35:10 - [TEST_STEP][PASSED] - setText: Text 'changeme' is set on object 'Object Repository/login/input_password'

2017-11-03 13:35:11 - [MESSAGE][PASSED] - Text 'changeme' is set on object 'Object Repository/login/input_password'

2017-11-03 13:35:11 - [TEST_STEP][PASSED] - verifyElementClickable: Object 'Object Repository/login/button_Login' is clickable

2017-11-03 13:35:11 - [MESSAGE][PASSED] - Object 'Object Repository/login/button_Login' is clickable

2017-11-03 13:35:11 - [TEST_STEP][PASSED] - click: Object: 'Object Repository/login/button_Login' is clicked on

2017-11-03 13:35:12 - [MESSAGE][PASSED] - Object: 'Object Repository/login/button_Login' is clicked on

2017-11-03 13:35:12 - [MESSAGE][FAILED] - Unable to call Test Case with id 'Test Cases/Common/User Login' (Root cause: Call Test Case 'Test Cases/Common/User Login' failed)]]></system-out>
         <system-err><![CDATA[2017-11-03 13:30:09 - [TEST_CASE][FAILED] - Test Cases/User Management/Visitor Types/Edit Visitor Types: Test Cases/User Management/Visitor Types/Edit Visitor Types FAILED because (of) Unable to set text 'clarinenyauncho@gmail.com' of object 'Object Repository/login/input_email' (Root cause: com.kms.katalon.core.webui.exception.WebElementNotFoundException: Web element with id: 'Object Repository/login/input_email' located by 'By.xpath: //input[count(. | //*[@name = 'email']) = count(//*[@name = 'email'])][count(. | //*[@type = 'email']) = count(//*[@type = 'email'])]' not found)]]></system-err>
      </testcase>
      <system-out><![CDATA[2017-11-03 13:30:08 - [TEST_SUITE][FAILED] - Edit Visitor types: Test Cases/User Management/Visitor Types/Edit Visitor Types FAILED because (of) Unable to set text 'clarinenyauncho@gmail.com' of object 'Object Repository/login/input_email' (Root cause: com.kms.katalon.core.webui.exception.WebElementNotFoundException: Web element with id: 'Object Repository/login/input_email' located by 'By.xpath: //input[count(. | //*[@name = 'email']) = count(//*[@name = 'email'])][count(. | //*[@type = 'email']) = count(//*[@type = 'email'])]' not found)]]></system-out>
      <system-err><![CDATA[2017-11-03 13:30:08 - [TEST_SUITE][FAILED] - Edit Visitor types: Test Cases/User Management/Visitor Types/Edit Visitor Types FAILED because (of) Unable to set text 'clarinenyauncho@gmail.com' of object 'Object Repository/login/input_email' (Root cause: com.kms.katalon.core.webui.exception.WebElementNotFoundException: Web element with id: 'Object Repository/login/input_email' located by 'By.xpath: //input[count(. | //*[@name = 'email']) = count(//*[@name = 'email'])][count(. | //*[@type = 'email']) = count(//*[@type = 'email'])]' not found)]]></system-err>
   </testsuite>
</testsuites>
