<?xml version="1.0" encoding="UTF-8"?>
<testsuites name="Edit Profile" time="33" tests="1" failures="0" errors="0">
   <testsuite name="Edit Profile" tests="1" failures="0" errors="0" time="33" timestamp="2017-10-13 12:11:47" hostname="ChweyaJnr - 192.168.56.1" id="Test Suites/User Management/Profile Module/Edit Profile">
      <properties>
         <property name="deviceName" value=""/>
         <property name="devicePlatform" value=""/>
         <property name="logFolder" value="C:\\Users\\ChweyaJnr\\git\\VSMS-Test-Automation\\Reports\\User Management\\Profile Module\\Edit Profile\\20171013_121144"/>
         <property name="logFiles" value="C:\\Users\\ChweyaJnr\\git\\VSMS-Test-Automation\\Reports\\User Management\\Profile Module\\Edit Profile\\20171013_121144\\execution0.log"/>
         <property name="attachments" value=""/>
         <property name="hostName" value="ChweyaJnr - 192.168.56.1"/>
         <property name="os" value="Windows 10 64bit"/>
         <property name="katalonVersion" value="4.8.0.2"/>
         <property name="browser" value="Chrome 61.0.3163.100"/>
         <property name="hostAddress" value="192.168.56.1"/>
         <property name="sessionId" value="7f8562c621728b9c905778cf670e6dd1"/>
         <property name="seleniumVersion" value="2.53.0"/>
         <property name="proxyInformation" value="ProxyInformation{proxyOption=NO_PROXY, proxyServerType=HTTP, password=, proxyServerAddress=, proxyServerPort=0}"/>
         <property name="platform" value="Windows 10"/>
      </properties>
      <testcase name="Test Cases/User Management/Profile Module/Edit Profile" classname="Test Cases/User Management/Profile Module/Edit Profile" status="PASSED">
         <system-out><![CDATA[2017-10-13 12:11:47 - [TEST_CASE][PASSED] - Test Cases/User Management/Profile Module/Edit Profile: Test Cases/User Management/Profile Module/Edit Profile

2017-10-13 12:11:48 - [TEST_STEP][PASSED] - callTestCase: Call Test Case 'Test Cases/LOGIN' successfully

2017-10-13 12:11:48 - [TEST_CASE][PASSED] - Test Cases/LOGIN: Test Cases/LOGIN

2017-10-13 12:11:49 - [TEST_STEP][PASSED] - openBrowser: Browser is opened with url: 'https://sandbox.vsms.tezzasolutions.com/index'

2017-10-13 12:11:59 - [MESSAGE][PASSED] - Browser is opened with url: 'https://sandbox.vsms.tezzasolutions.com/index'

2017-10-13 12:11:59 - [TEST_STEP][PASSED] - click: Object: 'Object Repository/login/a_Log in' is clicked on

2017-10-13 12:12:01 - [MESSAGE][PASSED] - Object: 'Object Repository/login/a_Log in' is clicked on

2017-10-13 12:12:01 - [TEST_STEP][PASSED] - setText: Text 'clarinenyauncho@gmail.com' is set on object 'Object Repository/login/input_email'

2017-10-13 12:12:02 - [MESSAGE][PASSED] - Text 'clarinenyauncho@gmail.com' is set on object 'Object Repository/login/input_email'

2017-10-13 12:12:02 - [TEST_STEP][PASSED] - setText: Text 'changeme' is set on object 'Object Repository/login/input_password'

2017-10-13 12:12:02 - [MESSAGE][PASSED] - Text 'changeme' is set on object 'Object Repository/login/input_password'

2017-10-13 12:12:02 - [TEST_STEP][PASSED] - click: Object: 'Object Repository/login/button_Login' is clicked on

2017-10-13 12:12:04 - [MESSAGE][PASSED] - Object: 'Object Repository/login/button_Login' is clicked on

2017-10-13 12:12:04 - [MESSAGE][PASSED] - Call Test Case 'Test Cases/LOGIN' successfully

2017-10-13 12:12:04 - [TEST_STEP][PASSED] - click: Object: 'Object Repository/User Management/Add New User/Module Dropdown Objects/Modules dropdown' is clicked on

2017-10-13 12:12:04 - [MESSAGE][PASSED] - Object: 'Object Repository/User Management/Add New User/Module Dropdown Objects/Modules dropdown' is clicked on

2017-10-13 12:12:04 - [TEST_STEP][PASSED] - click: Object: 'Object Repository/User Management/Add New User/Module Dropdown Objects/User Management Dropdown' is clicked on

2017-10-13 12:12:05 - [MESSAGE][PASSED] - Object: 'Object Repository/User Management/Add New User/Module Dropdown Objects/User Management Dropdown' is clicked on

2017-10-13 12:12:05 - [TEST_STEP][PASSED] - click: Object: 'Object Repository/User Management/Edit Profile/Profile Link/Profile Link' is clicked on

2017-10-13 12:12:06 - [MESSAGE][PASSED] - Object: 'Object Repository/User Management/Edit Profile/Profile Link/Profile Link' is clicked on

2017-10-13 12:12:06 - [TEST_STEP][PASSED] - maximizeWindow: Current window maximized

2017-10-13 12:12:07 - [MESSAGE][PASSED] - Current window maximized

2017-10-13 12:12:07 - [TEST_STEP][PASSED] - scrollToElement: Scroll to object 'Object Repository/User Management/Edit Profile/Profile Update details/TestProfile Link' successfully

2017-10-13 12:12:07 - [MESSAGE][PASSED] - Scroll to object 'Object Repository/User Management/Edit Profile/Profile Update details/TestProfile Link' successfully

2017-10-13 12:12:07 - [TEST_STEP][PASSED] - delay: Delayed 5 second(s)

2017-10-13 12:12:12 - [MESSAGE][PASSED] - Delayed 5 second(s)

2017-10-13 12:12:12 - [TEST_STEP][PASSED] - click: Object: 'Object Repository/User Management/Edit Profile/Profile Update details/TestProfile Link' is clicked on

2017-10-13 12:12:12 - [MESSAGE][PASSED] - Object: 'Object Repository/User Management/Edit Profile/Profile Update details/TestProfile Link' is clicked on

2017-10-13 12:12:12 - [TEST_STEP][PASSED] - delay: Delayed 5 second(s)

2017-10-13 12:12:17 - [MESSAGE][PASSED] - Delayed 5 second(s)

2017-10-13 12:12:17 - [TEST_STEP][PASSED] - setText: Text 'TestProfile1' is set on object 'Object Repository/User Management/Edit Profile/Profile Update details/Profilename Input Field'

2017-10-13 12:12:18 - [MESSAGE][PASSED] - Text 'TestProfile1' is set on object 'Object Repository/User Management/Edit Profile/Profile Update details/Profilename Input Field'

2017-10-13 12:12:18 - [TEST_STEP][PASSED] - click: Object: 'Object Repository/User Management/Edit Profile/Profile Update details/button_Update' is clicked on

2017-10-13 12:12:18 - [MESSAGE][PASSED] - Object: 'Object Repository/User Management/Edit Profile/Profile Update details/button_Update' is clicked on

2017-10-13 12:12:18 - [TEST_STEP][PASSED] - verifyElementPresent: Object 'Object Repository/User Management/Edit Profile/Profile Update details/Updated TestProfile1 successfully' is present

2017-10-13 12:12:19 - [MESSAGE][PASSED] - Object 'Object Repository/User Management/Edit Profile/Profile Update details/Updated TestProfile1 successfully' is present

2017-10-13 12:12:19 - [TEST_STEP][PASSED] - closeBrowser: Browser is closed

2017-10-13 12:12:20 - [MESSAGE][PASSED] - Browser is closed]]></system-out>
         <system-err><![CDATA[]]></system-err>
      </testcase>
      <system-out><![CDATA[2017-10-13 12:11:47 - [TEST_SUITE][PASSED] - Edit Profile: Test Cases/User Management/Profile Module/Edit Profile]]></system-out>
      <system-err><![CDATA[]]></system-err>
   </testsuite>
</testsuites>
