<?xml version="1.0" encoding="UTF-8"?>
<testsuites name="Edit Department" time="42" tests="1" failures="0" errors="0">
   <testsuite name="Edit Department" tests="1" failures="0" errors="0" time="42" timestamp="2017-10-11 11:54:14" hostname="ChweyaJnr - 192.168.56.1" id="Test Suites/User Management/Edit Department/Edit Department">
      <properties>
         <property name="deviceName" value=""/>
         <property name="devicePlatform" value=""/>
         <property name="logFolder" value="C:\\Users\\ChweyaJnr\\git\\VSMS-Test-Automation\\Reports\\User Management\\Edit Department\\Edit Department\\20171011_115412"/>
         <property name="logFiles" value="C:\\Users\\ChweyaJnr\\git\\VSMS-Test-Automation\\Reports\\User Management\\Edit Department\\Edit Department\\20171011_115412\\execution0.log"/>
         <property name="attachments" value=""/>
         <property name="hostName" value="ChweyaJnr - 192.168.56.1"/>
         <property name="os" value="Windows 10 64bit"/>
         <property name="katalonVersion" value="4.8.0.2"/>
         <property name="browser" value="Firefox 39.0"/>
         <property name="hostAddress" value="192.168.56.1"/>
         <property name="sessionId" value="8dfc5f77-835c-4a34-acf5-1ca81e323737"/>
         <property name="seleniumVersion" value="2.53.0"/>
         <property name="proxyInformation" value="ProxyInformation{proxyOption=NO_PROXY, proxyServerType=HTTP, password=, proxyServerAddress=, proxyServerPort=0}"/>
         <property name="platform" value="Windows 10"/>
      </properties>
      <testcase name="Test Cases/User Management/Edit Department/Edit Department" classname="Test Cases/User Management/Edit Department/Edit Department" status="PASSED">
         <system-out><![CDATA[2017-10-11 11:54:15 - [TEST_CASE][PASSED] - Test Cases/User Management/Edit Department/Edit Department: Test Cases/User Management/Edit Department/Edit Department

2017-10-11 11:54:16 - [TEST_STEP][NOT_RUN] - openBrowser: NOT_RUN: openBrowser

2017-10-11 11:54:16 - [MESSAGE][NOT_RUN] - NOT_RUN: openBrowser

2017-10-11 11:54:16 - [TEST_STEP][NOT_RUN] - navigateToUrl: NOT_RUN: navigateToUrl

2017-10-11 11:54:16 - [MESSAGE][NOT_RUN] - NOT_RUN: navigateToUrl

2017-10-11 11:54:16 - [TEST_STEP][NOT_RUN] - click: NOT_RUN: click

2017-10-11 11:54:16 - [MESSAGE][NOT_RUN] - NOT_RUN: click

2017-10-11 11:54:16 - [TEST_STEP][NOT_RUN] - setText: NOT_RUN: setText

2017-10-11 11:54:16 - [MESSAGE][NOT_RUN] - NOT_RUN: setText

2017-10-11 11:54:16 - [TEST_STEP][NOT_RUN] - setText: NOT_RUN: setText

2017-10-11 11:54:16 - [MESSAGE][NOT_RUN] - NOT_RUN: setText

2017-10-11 11:54:16 - [TEST_STEP][NOT_RUN] - click: NOT_RUN: click

2017-10-11 11:54:16 - [MESSAGE][NOT_RUN] - NOT_RUN: click

2017-10-11 11:54:16 - [TEST_STEP][PASSED] - callTestCase: Call Test Case 'Test Cases/LOGIN' successfully

2017-10-11 11:54:16 - [TEST_CASE][PASSED] - Test Cases/LOGIN: Test Cases/LOGIN

2017-10-11 11:54:16 - [TEST_STEP][PASSED] - openBrowser: Browser is opened with url: 'https://sandbox.vsms.tezzasolutions.com/index'

2017-10-11 11:54:29 - [MESSAGE][PASSED] - Browser is opened with url: 'https://sandbox.vsms.tezzasolutions.com/index'

2017-10-11 11:54:29 - [TEST_STEP][PASSED] - click: Object: 'Object Repository/login/a_Log in' is clicked on

2017-10-11 11:54:30 - [MESSAGE][PASSED] - Object: 'Object Repository/login/a_Log in' is clicked on

2017-10-11 11:54:30 - [TEST_STEP][PASSED] - setText: Text 'clarinenyauncho@gmail.com' is set on object 'Object Repository/login/input_email'

2017-10-11 11:54:32 - [MESSAGE][PASSED] - Text 'clarinenyauncho@gmail.com' is set on object 'Object Repository/login/input_email'

2017-10-11 11:54:32 - [TEST_STEP][PASSED] - setText: Text 'changeme' is set on object 'Object Repository/login/input_password'

2017-10-11 11:54:32 - [MESSAGE][PASSED] - Text 'changeme' is set on object 'Object Repository/login/input_password'

2017-10-11 11:54:32 - [TEST_STEP][PASSED] - click: Object: 'Object Repository/login/button_Login' is clicked on

2017-10-11 11:54:34 - [MESSAGE][PASSED] - Object: 'Object Repository/login/button_Login' is clicked on

2017-10-11 11:54:34 - [MESSAGE][PASSED] - Call Test Case 'Test Cases/LOGIN' successfully

2017-10-11 11:54:34 - [TEST_STEP][PASSED] - click: Object: 'Object Repository/User Management/Add New User/Module Dropdown Objects/Modules dropdown' is clicked on

2017-10-11 11:54:34 - [MESSAGE][PASSED] - Object: 'Object Repository/User Management/Add New User/Module Dropdown Objects/Modules dropdown' is clicked on

2017-10-11 11:54:34 - [TEST_STEP][PASSED] - click: Object: 'Object Repository/User Management/Add New User/Module Dropdown Objects/User Management Dropdown' is clicked on

2017-10-11 11:54:35 - [MESSAGE][PASSED] - Object: 'Object Repository/User Management/Add New User/Module Dropdown Objects/User Management Dropdown' is clicked on

2017-10-11 11:54:35 - [TEST_STEP][PASSED] - delay: Delayed 5 second(s)

2017-10-11 11:54:40 - [MESSAGE][PASSED] - Delayed 5 second(s)

2017-10-11 11:54:40 - [TEST_STEP][PASSED] - click: Object: 'Object Repository/User Management/Edit Department/User Settings Link/a_User Settings' is clicked on

2017-10-11 11:54:42 - [MESSAGE][PASSED] - Object: 'Object Repository/User Management/Edit Department/User Settings Link/a_User Settings' is clicked on

2017-10-11 11:54:42 - [TEST_STEP][PASSED] - maximizeWindow: Current window maximized

2017-10-11 11:54:42 - [MESSAGE][PASSED] - Current window maximized

2017-10-11 11:54:42 - [TEST_STEP][PASSED] - click: Object: 'Object Repository/User Management/Edit Department/Edit Department Details/a_Manage Departments' is clicked on

2017-10-11 11:54:43 - [MESSAGE][PASSED] - Object: 'Object Repository/User Management/Edit Department/Edit Department Details/a_Manage Departments' is clicked on

2017-10-11 11:54:43 - [TEST_STEP][PASSED] - setText: Text 'Trial' is set on object 'Object Repository/User Management/Edit Department/Edit Department Details/input_search_dept'

2017-10-11 11:54:44 - [MESSAGE][PASSED] - Text 'Trial' is set on object 'Object Repository/User Management/Edit Department/Edit Department Details/input_search_dept'

2017-10-11 11:54:44 - [TEST_STEP][PASSED] - click: Object: 'Object Repository/User Management/Edit Department/Edit Department Details/i_fa fa-edit' is clicked on

2017-10-11 11:54:44 - [MESSAGE][PASSED] - Object: 'Object Repository/User Management/Edit Department/Edit Department Details/i_fa fa-edit' is clicked on

2017-10-11 11:54:44 - [TEST_STEP][PASSED] - delay: Delayed 5 second(s)

2017-10-11 11:54:49 - [MESSAGE][PASSED] - Delayed 5 second(s)

2017-10-11 11:54:49 - [TEST_STEP][PASSED] - setText: Text 'Trial1' is set on object 'Object Repository/User Management/Edit Department/Edit Department Details/input_dept_name'

2017-10-11 11:54:50 - [MESSAGE][PASSED] - Text 'Trial1' is set on object 'Object Repository/User Management/Edit Department/Edit Department Details/input_dept_name'

2017-10-11 11:54:50 - [TEST_STEP][PASSED] - click: Object: 'Object Repository/User Management/Edit Department/Edit Department Details/button_Update' is clicked on

2017-10-11 11:54:50 - [MESSAGE][PASSED] - Object: 'Object Repository/User Management/Edit Department/Edit Department Details/button_Update' is clicked on

2017-10-11 11:54:50 - [TEST_STEP][PASSED] - delay: Delayed 5 second(s)

2017-10-11 11:54:55 - [MESSAGE][PASSED] - Delayed 5 second(s)

2017-10-11 11:54:55 - [TEST_STEP][PASSED] - click: Object: 'Object Repository/User Management/Edit Department/Edit Department Details/p_Trial1 updated successfully' is clicked on

2017-10-11 11:54:56 - [MESSAGE][PASSED] - Object: 'Object Repository/User Management/Edit Department/Edit Department Details/p_Trial1 updated successfully' is clicked on

2017-10-11 11:54:56 - [TEST_STEP][PASSED] - closeBrowser: Browser is closed

2017-10-11 11:54:56 - [MESSAGE][PASSED] - Browser is closed]]></system-out>
         <system-err><![CDATA[]]></system-err>
      </testcase>
      <system-out><![CDATA[2017-10-11 11:54:14 - [TEST_SUITE][PASSED] - Edit Department: Test Cases/User Management/Edit Department/Edit Department]]></system-out>
      <system-err><![CDATA[]]></system-err>
   </testsuite>
</testsuites>
