<?xml version="1.0" encoding="UTF-8"?>
<testsuites name="Edit User" time="29" tests="1" failures="0" errors="0">
   <testsuite name="Edit User" tests="1" failures="0" errors="0" time="29" timestamp="2017-10-06 10:51:44" hostname="ChweyaJnr - 192.168.56.1" id="Test Suites/User Management/Edit User/Edit User">
      <properties>
         <property name="deviceName" value=""/>
         <property name="devicePlatform" value=""/>
         <property name="logFolder" value="C:\\Users\\ChweyaJnr\\git\\VSMS-Test-Automation\\Reports\\User Management\\Edit User\\Edit User\\20171006_105141"/>
         <property name="logFiles" value="C:\\Users\\ChweyaJnr\\git\\VSMS-Test-Automation\\Reports\\User Management\\Edit User\\Edit User\\20171006_105141\\execution0.log"/>
         <property name="attachments" value=""/>
         <property name="hostName" value="ChweyaJnr - 192.168.56.1"/>
         <property name="os" value="Windows 10 64bit"/>
         <property name="katalonVersion" value="4.8.0.2"/>
         <property name="browser" value="Chrome 61.0.3163.100"/>
         <property name="hostAddress" value="192.168.56.1"/>
         <property name="sessionId" value="a574edfe9937cf22e078eaf706081ee1"/>
         <property name="seleniumVersion" value="2.53.0"/>
         <property name="proxyInformation" value="ProxyInformation{proxyOption=NO_PROXY, proxyServerType=HTTP, password=, proxyServerAddress=, proxyServerPort=0}"/>
         <property name="platform" value="Windows 10"/>
      </properties>
      <testcase name="Test Cases/User Management/Edit User/Edit User" classname="Test Cases/User Management/Edit User/Edit User" status="PASSED">
         <system-out><![CDATA[2017-10-06 10:51:44 - [TEST_CASE][PASSED] - Test Cases/User Management/Edit User/Edit User: Test Cases/User Management/Edit User/Edit User

2017-10-06 10:51:45 - [TEST_STEP][PASSED] - openBrowser: Browser is opened with url: ''

2017-10-06 10:51:49 - [MESSAGE][PASSED] - Browser is opened with url: ''

2017-10-06 10:51:49 - [TEST_STEP][PASSED] - navigateToUrl: Navigate to 'https://sandbox.vsms.tezzasolutions.com/index' successfully

2017-10-06 10:51:57 - [MESSAGE][PASSED] - Navigate to 'https://sandbox.vsms.tezzasolutions.com/index' successfully

2017-10-06 10:51:57 - [TEST_STEP][PASSED] - click: Object: 'Object Repository/User Management/Add New User/Login Page Objects/a_Log in' is clicked on

2017-10-06 10:52:00 - [MESSAGE][PASSED] - Object: 'Object Repository/User Management/Add New User/Login Page Objects/a_Log in' is clicked on

2017-10-06 10:52:00 - [TEST_STEP][PASSED] - setText: Text 'clarinenyauncho@gmail.com' is set on object 'Object Repository/User Management/Add New User/Login Page Objects/input_email'

2017-10-06 10:52:00 - [MESSAGE][PASSED] - Text 'clarinenyauncho@gmail.com' is set on object 'Object Repository/User Management/Add New User/Login Page Objects/input_email'

2017-10-06 10:52:00 - [TEST_STEP][PASSED] - setText: Text 'changeme' is set on object 'Object Repository/User Management/Add New User/Login Page Objects/input_password'

2017-10-06 10:52:00 - [MESSAGE][PASSED] - Text 'changeme' is set on object 'Object Repository/User Management/Add New User/Login Page Objects/input_password'

2017-10-06 10:52:00 - [TEST_STEP][PASSED] - click: Object: 'Object Repository/User Management/Add New User/Login Page Objects/button_Login' is clicked on

2017-10-06 10:52:02 - [MESSAGE][PASSED] - Object: 'Object Repository/User Management/Add New User/Login Page Objects/button_Login' is clicked on

2017-10-06 10:52:02 - [TEST_STEP][PASSED] - click: Object: 'Object Repository/User Management/Add New User/Module Dropdown Objects/Modules dropdown' is clicked on

2017-10-06 10:52:03 - [MESSAGE][PASSED] - Object: 'Object Repository/User Management/Add New User/Module Dropdown Objects/Modules dropdown' is clicked on

2017-10-06 10:52:03 - [TEST_STEP][PASSED] - click: Object: 'Object Repository/User Management/Add New User/Module Dropdown Objects/User Management Dropdown' is clicked on

2017-10-06 10:52:03 - [MESSAGE][PASSED] - Object: 'Object Repository/User Management/Add New User/Module Dropdown Objects/User Management Dropdown' is clicked on

2017-10-06 10:52:03 - [TEST_STEP][PASSED] - click: Object: 'Object Repository/User Management/Add New User/Module Dropdown Objects/a_User' is clicked on

2017-10-06 10:52:04 - [MESSAGE][PASSED] - Object: 'Object Repository/User Management/Add New User/Module Dropdown Objects/a_User' is clicked on

2017-10-06 10:52:04 - [TEST_STEP][PASSED] - click: Object: 'Object Repository/User Management/Edit User/User Update Details/a_Chalo' is clicked on

2017-10-06 10:52:06 - [MESSAGE][PASSED] - Object: 'Object Repository/User Management/Edit User/User Update Details/a_Chalo' is clicked on

2017-10-06 10:52:06 - [TEST_STEP][PASSED] - maximizeWindow: Current window maximized

2017-10-06 10:52:07 - [MESSAGE][PASSED] - Current window maximized

2017-10-06 10:52:07 - [TEST_STEP][PASSED] - delay: Delayed 5 second(s)

2017-10-06 10:52:12 - [MESSAGE][PASSED] - Delayed 5 second(s)

2017-10-06 10:52:12 - [TEST_STEP][PASSED] - setText: Text 'Chalo' is set on object 'Object Repository/User Management/Edit User/User Update Details/input_firstname'

2017-10-06 10:52:12 - [MESSAGE][PASSED] - Text 'Chalo' is set on object 'Object Repository/User Management/Edit User/User Update Details/input_firstname'

2017-10-06 10:52:12 - [TEST_STEP][PASSED] - click: Object: 'Object Repository/User Management/Edit User/User Update Details/button_Update User' is clicked on

2017-10-06 10:52:12 - [MESSAGE][PASSED] - Object: 'Object Repository/User Management/Edit User/User Update Details/button_Update User' is clicked on

2017-10-06 10:52:12 - [TEST_STEP][NOT_RUN] - click: NOT_RUN: click

2017-10-06 10:52:12 - [MESSAGE][NOT_RUN] - NOT_RUN: click

2017-10-06 10:52:12 - [TEST_STEP][PASSED] - closeBrowser: Browser is closed

2017-10-06 10:52:14 - [MESSAGE][PASSED] - Browser is closed]]></system-out>
         <system-err><![CDATA[]]></system-err>
      </testcase>
      <system-out><![CDATA[2017-10-06 10:51:44 - [TEST_SUITE][PASSED] - Edit User: Test Cases/User Management/Edit User/Edit User]]></system-out>
      <system-err><![CDATA[]]></system-err>
   </testsuite>
</testsuites>
