<?xml version="1.0" encoding="UTF-8"?>
<testsuites name="LogIn" time="52" tests="1" failures="0" errors="0">
   <testsuite name="LogIn" tests="1" failures="0" errors="0" time="52" timestamp="2017-10-30 14:52:37" hostname="Gituto Nyawira - Gituto-PC" id="Test Suites/User Login/LogIn">
      <properties>
         <property name="deviceName" value=""/>
         <property name="devicePlatform" value=""/>
         <property name="logFolder" value="C:\\Users\\Gituto Nyawira\\git\\VSMS-Test-Automation\\Reports\\User Login\\LogIn\\20171030_145227"/>
         <property name="logFiles" value="C:\\Users\\Gituto Nyawira\\git\\VSMS-Test-Automation\\Reports\\User Login\\LogIn\\20171030_145227\\execution0.log"/>
         <property name="attachments" value=""/>
         <property name="hostName" value="Gituto Nyawira - Gituto-PC"/>
         <property name="os" value="Windows 10 64bit"/>
         <property name="katalonVersion" value="4.8.0.2"/>
         <property name="browser" value="Chrome 61.0.3163.100"/>
         <property name="hostAddress" value="192.168.1.101"/>
         <property name="sessionId" value="036cc7d18ecdae2b21e925f08101e98b"/>
         <property name="seleniumVersion" value="2.53.0"/>
         <property name="proxyInformation" value="ProxyInformation{proxyOption=NO_PROXY, proxyServerType=HTTP, password=, proxyServerAddress=, proxyServerPort=0}"/>
         <property name="platform" value="Windows 10"/>
      </properties>
      <testcase name="Test Cases/Common/LOGIN" classname="Test Cases/Common/LOGIN" status="PASSED">
         <system-out><![CDATA[2017-10-30 14:52:40 - [TEST_CASE][PASSED] - Test Cases/Common/LOGIN: Test Cases/Common/LOGIN

2017-10-30 14:52:43 - [TEST_STEP][PASSED] - openBrowser: Browser is opened with url: 'https://sandbox.vsms.tezzasolutions.com/index'

2017-10-30 14:53:11 - [MESSAGE][PASSED] - Browser is opened with url: 'https://sandbox.vsms.tezzasolutions.com/index'

2017-10-30 14:53:11 - [TEST_STEP][PASSED] - maximizeWindow: Current window maximized

2017-10-30 14:53:13 - [MESSAGE][PASSED] - Current window maximized

2017-10-30 14:53:13 - [TEST_STEP][PASSED] - click: Object: 'Object Repository/login/a_Log in' is clicked on

2017-10-30 14:53:18 - [MESSAGE][PASSED] - Object: 'Object Repository/login/a_Log in' is clicked on

2017-10-30 14:53:18 - [TEST_STEP][PASSED] - setText: Text 'clarinenyauncho@gmail.com' is set on object 'Object Repository/login/input_email'

2017-10-30 14:53:20 - [MESSAGE][PASSED] - Text 'clarinenyauncho@gmail.com' is set on object 'Object Repository/login/input_email'

2017-10-30 14:53:20 - [TEST_STEP][PASSED] - setText: Text 'changeme' is set on object 'Object Repository/login/input_password'

2017-10-30 14:53:20 - [MESSAGE][PASSED] - Text 'changeme' is set on object 'Object Repository/login/input_password'

2017-10-30 14:53:20 - [TEST_STEP][PASSED] - click: Object: 'Object Repository/login/button_Login' is clicked on

2017-10-30 14:53:25 - [MESSAGE][PASSED] - Object: 'Object Repository/login/button_Login' is clicked on]]></system-out>
         <system-err><![CDATA[]]></system-err>
      </testcase>
      <system-out><![CDATA[2017-10-30 14:52:37 - [TEST_SUITE][PASSED] - LogIn: Test Cases/Common/LOGIN]]></system-out>
      <system-err><![CDATA[]]></system-err>
   </testsuite>
</testsuites>
