<?xml version="1.0" encoding="UTF-8"?>
<testsuites name="Edit Property" time="255" tests="0" failures="1" errors="0">
   <testsuite name="Edit Property" tests="0" failures="1" errors="0" time="255" timestamp="2017-12-04 15:29:37" hostname="Stella Ireri - DESKTOP-JP48UB6" id="Test Suites/Property Management/Edit Property">
      <properties>
         <property name="deviceName" value=""/>
         <property name="devicePlatform" value=""/>
         <property name="logFolder" value="C:\\Users\\Stella Ireri\\git\\VSMS-Test-Automation\\Reports\\Property Management\\Edit Property\\20171204_152935"/>
         <property name="logFiles" value="C:\\Users\\Stella Ireri\\git\\VSMS-Test-Automation\\Reports\\Property Management\\Edit Property\\20171204_152935\\execution0.log"/>
         <property name="attachments" value="C:\\Users\\Stella Ireri\\git\\VSMS-Test-Automation\\Reports\\Property Management\\Edit Property\\20171204_152935\\1512390789496.png, C:\\Users\\Stella Ireri\\git\\VSMS-Test-Automation\\Reports\\Property Management\\Edit Property\\20171204_152935\\1512390820477.png, C:\\Users\\Stella Ireri\\git\\VSMS-Test-Automation\\Reports\\Property Management\\Edit Property\\20171204_152935\\1512390826056.png, C:\\Users\\Stella Ireri\\git\\VSMS-Test-Automation\\Reports\\Property Management\\Edit Property\\20171204_152935\\1512390832483.png"/>
         <property name="hostName" value="Stella Ireri - DESKTOP-JP48UB6"/>
         <property name="os" value="Windows 10 64bit"/>
         <property name="katalonVersion" value="5.1.0.1"/>
         <property name="browser" value="Chrome 62.0.3202.94"/>
         <property name="hostAddress" value="192.168.1.108"/>
         <property name="sessionId" value="8fda2b9c7aa097e1c7b0c64119060f5d"/>
         <property name="seleniumVersion" value="3.7.1"/>
         <property name="proxyInformation" value="ProxyInformation{proxyOption=NO_PROXY, proxyServerType=HTTP, password=, proxyServerAddress=, proxyServerPort=0}"/>
         <property name="platform" value="Windows 10"/>
      </properties>
      <testcase name="Test Cases/Property management/Edit Property" classname="Test Cases/Property management/Edit Property" status="FAILED">
         <failure type="FAILED" message="Unable to click on object 'Object Repository/Property Management/Edit Property/Edit' (Root cause: com.kms.katalon.core.webui.exception.WebElementNotFoundException: Web element with id: 'Object Repository/Property Management/Edit Property/Edit' located by 'By.xpath: //a[count(. | //*[@data-target = '#myModal']) = count(//*[@data-target = '#myModal'])][count(. | //*[@data-toggle = 'modal']) = count(//*[@data-toggle = 'modal'])][count(. | id(&quot;propertyInstance&quot;)/div[@class=&quot;ng-scope&quot;]/div[@class=&quot;col-lg-3 col-md-6 ng-scope&quot;]/div[@class=&quot;panel&quot;]/div[@class=&quot;panel-footer tezzatextgold&quot;]/span[@class=&quot;pull-right&quot;]/a[@id=&quot;editpropertybtn&quot;]) = count(id(&quot;propertyInstance&quot;)/div[@class=&quot;ng-scope&quot;]/div[@class=&quot;col-lg-3 col-md-6 ng-scope&quot;]/div[@class=&quot;panel&quot;]/div[@class=&quot;panel-footer tezzatextgold&quot;]/span[@class=&quot;pull-right&quot;]/a[@id=&quot;editpropertybtn&quot;])][count(. | //*[@ng-click = 'getPropertyInfo(property.id, property.name, property.type_id, property.address_1, property.address_2, property.city, property.state_region, property.country, property.bgcolor, property.textcolor)']) = count(//*[@ng-click = 'getPropertyInfo(property.id, property.name, property.type_id, property.address_1, property.address_2, property.city, property.state_region, property.country, property.bgcolor, property.textcolor)'])][count(. | //*[@id = 'editpropertybtn']) = count(//*[@id = 'editpropertybtn'])][count(. | //*[contains(.,'Edit')]) = count(//*[contains(.,'Edit')])]' not found)"/>
         <system-out><![CDATA[2017-12-04 15:29:38 - [TEST_CASE][FAILED] - Test Cases/Property management/Edit Property: Test Cases/Property management/Edit Property FAILED because (of) Unable to click on object 'Object Repository/Property Management/Edit Property/Edit' (Root cause: com.kms.katalon.core.webui.exception.WebElementNotFoundException: Web element with id: 'Object Repository/Property Management/Edit Property/Edit' located by 'By.xpath: //a[count(. | //*[@data-target = '#myModal']) = count(//*[@data-target = '#myModal'])][count(. | //*[@data-toggle = 'modal']) = count(//*[@data-toggle = 'modal'])][count(. | id("propertyInstance")/div[@class="ng-scope"]/div[@class="col-lg-3 col-md-6 ng-scope"]/div[@class="panel"]/div[@class="panel-footer tezzatextgold"]/span[@class="pull-right"]/a[@id="editpropertybtn"]) = count(id("propertyInstance")/div[@class="ng-scope"]/div[@class="col-lg-3 col-md-6 ng-scope"]/div[@class="panel"]/div[@class="panel-footer tezzatextgold"]/span[@class="pull-right"]/a[@id="editpropertybtn"])][count(. | //*[@ng-click = 'getPropertyInfo(property.id, property.name, property.type_id, property.address_1, property.address_2, property.city, property.state_region, property.country, property.bgcolor, property.textcolor)']) = count(//*[@ng-click = 'getPropertyInfo(property.id, property.name, property.type_id, property.address_1, property.address_2, property.city, property.state_region, property.country, property.bgcolor, property.textcolor)'])][count(. | //*[@id = 'editpropertybtn']) = count(//*[@id = 'editpropertybtn'])][count(. | //*[contains(.,'Edit')]) = count(//*[contains(.,'Edit')])]' not found)

2017-12-04 15:29:39 - [TEST_STEP][PASSED] - callTestCase: Call Test Case 'Test Cases/Common/User Login' successfully

2017-12-04 15:29:39 - [TEST_CASE][PASSED] - Test Cases/Common/User Login: Test Cases/Common/User Login

2017-12-04 15:29:40 - [TEST_STEP][PASSED] - openBrowser: Browser is opened with url: 'https://sandbox.vsms.tezzasolutions.com/index'

2017-12-04 15:32:13 - [MESSAGE][PASSED] - Browser is opened with url: 'https://sandbox.vsms.tezzasolutions.com/index'

2017-12-04 15:32:13 - [TEST_STEP][PASSED] - maximizeWindow: Current window maximized

2017-12-04 15:32:14 - [MESSAGE][PASSED] - Current window maximized

2017-12-04 15:32:14 - [TEST_STEP][PASSED] - click: Object: 'Object Repository/login/a_Log in' is clicked on

2017-12-04 15:32:19 - [MESSAGE][PASSED] - Object: 'Object Repository/login/a_Log in' is clicked on

2017-12-04 15:32:19 - [TEST_STEP][PASSED] - setText: Text 'stella.ireri@tezzasolutions.com' is set on object 'Object Repository/login/input_email'

2017-12-04 15:32:19 - [MESSAGE][PASSED] - Text 'stella.ireri@tezzasolutions.com' is set on object 'Object Repository/login/input_email'

2017-12-04 15:32:19 - [TEST_STEP][PASSED] - verifyElementPresent: Object 'Object Repository/Page_Visitor Security Management Sy/VSMS  Sign In' is present

2017-12-04 15:32:20 - [MESSAGE][PASSED] - Object 'Object Repository/Page_Visitor Security Management Sy/VSMS  Sign In' is present

2017-12-04 15:32:20 - [TEST_STEP][PASSED] - setText: Text '!qwerty123' is set on object 'Object Repository/login/input_password'

2017-12-04 15:32:20 - [MESSAGE][PASSED] - Text '!qwerty123' is set on object 'Object Repository/login/input_password'

2017-12-04 15:32:20 - [TEST_STEP][PASSED] - verifyElementClickable: Object 'Object Repository/login/button_Login' is clickable

2017-12-04 15:32:20 - [MESSAGE][PASSED] - Object 'Object Repository/login/button_Login' is clickable

2017-12-04 15:32:20 - [TEST_STEP][PASSED] - click: Object: 'Object Repository/login/button_Login' is clicked on

2017-12-04 15:32:26 - [MESSAGE][PASSED] - Object: 'Object Repository/login/button_Login' is clicked on

2017-12-04 15:32:26 - [MESSAGE][PASSED] - Call Test Case 'Test Cases/Common/User Login' successfully

2017-12-04 15:32:26 - [TEST_STEP][PASSED] - callTestCase: Call Test Case 'Test Cases/Property management/Property management menu' successfully

2017-12-04 15:32:26 - [TEST_CASE][PASSED] - Test Cases/Property management/Property management menu: Test Cases/Property management/Property management menu

2017-12-04 15:32:26 - [TEST_STEP][PASSED] - click: Object: 'Object Repository/Property Management/Property menu/Modules' is clicked on

2017-12-04 15:32:27 - [MESSAGE][PASSED] - Object: 'Object Repository/Property Management/Property menu/Modules' is clicked on

2017-12-04 15:32:27 - [TEST_STEP][PASSED] - click: Object: 'Object Repository/Property Management/Property menu/Property Management' is clicked on

2017-12-04 15:32:27 - [MESSAGE][PASSED] - Object: 'Object Repository/Property Management/Property menu/Property Management' is clicked on

2017-12-04 15:32:27 - [TEST_STEP][PASSED] - click: Object: 'Object Repository/Property Management/Property menu/Property' is clicked on

2017-12-04 15:32:32 - [MESSAGE][PASSED] - Object: 'Object Repository/Property Management/Property menu/Property' is clicked on

2017-12-04 15:32:32 - [MESSAGE][PASSED] - Call Test Case 'Test Cases/Property management/Property management menu' successfully

2017-12-04 15:32:32 - [TEST_STEP][PASSED] - delay: Delayed 5 second(s)

2017-12-04 15:32:37 - [MESSAGE][PASSED] - Delayed 5 second(s)

2017-12-04 15:32:37 - [TEST_STEP][FAILED] - click: Unable to click on object 'Object Repository/Property Management/Edit Property/Edit' (Root cause: com.kms.katalon.core.webui.exception.WebElementNotFoundException: Web element with id: 'Object Repository/Property Management/Edit Property/Edit' located by 'By.xpath: //a[count(. | //*[@data-target = '#myModal']) = count(//*[@data-target = '#myModal'])][count(. | //*[@data-toggle = 'modal']) = count(//*[@data-toggle = 'modal'])][count(. | id("propertyInstance")/div[@class="ng-scope"]/div[@class="col-lg-3 col-md-6 ng-scope"]/div[@class="panel"]/div[@class="panel-footer tezzatextgold"]/span[@class="pull-right"]/a[@id="editpropertybtn"]) = count(id("propertyInstance")/div[@class="ng-scope"]/div[@class="col-lg-3 col-md-6 ng-scope"]/div[@class="panel"]/div[@class="panel-footer tezzatextgold"]/span[@class="pull-right"]/a[@id="editpropertybtn"])][count(. | //*[@ng-click = 'getPropertyInfo(property.id, property.name, property.type_id, property.address_1, property.address_2, property.city, property.state_region, property.country, property.bgcolor, property.textcolor)']) = count(//*[@ng-click = 'getPropertyInfo(property.id, property.name, property.type_id, property.address_1, property.address_2, property.city, property.state_region, property.country, property.bgcolor, property.textcolor)'])][count(. | //*[@id = 'editpropertybtn']) = count(//*[@id = 'editpropertybtn'])][count(. | //*[contains(.,'Edit')]) = count(//*[contains(.,'Edit')])]' not found)

2017-12-04 15:33:09 - [MESSAGE][FAILED] - Unable to click on object 'Object Repository/Property Management/Edit Property/Edit' (Root cause: com.kms.katalon.core.webui.exception.WebElementNotFoundException: Web element with id: 'Object Repository/Property Management/Edit Property/Edit' located by 'By.xpath: //a[count(. | //*[@data-target = '#myModal']) = count(//*[@data-target = '#myModal'])][count(. | //*[@data-toggle = 'modal']) = count(//*[@data-toggle = 'modal'])][count(. | id("propertyInstance")/div[@class="ng-scope"]/div[@class="col-lg-3 col-md-6 ng-scope"]/div[@class="panel"]/div[@class="panel-footer tezzatextgold"]/span[@class="pull-right"]/a[@id="editpropertybtn"]) = count(id("propertyInstance")/div[@class="ng-scope"]/div[@class="col-lg-3 col-md-6 ng-scope"]/div[@class="panel"]/div[@class="panel-footer tezzatextgold"]/span[@class="pull-right"]/a[@id="editpropertybtn"])][count(. | //*[@ng-click = 'getPropertyInfo(property.id, property.name, property.type_id, property.address_1, property.address_2, property.city, property.state_region, property.country, property.bgcolor, property.textcolor)']) = count(//*[@ng-click = 'getPropertyInfo(property.id, property.name, property.type_id, property.address_1, property.address_2, property.city, property.state_region, property.country, property.bgcolor, property.textcolor)'])][count(. | //*[@id = 'editpropertybtn']) = count(//*[@id = 'editpropertybtn'])][count(. | //*[contains(.,'Edit')]) = count(//*[contains(.,'Edit')])]' not found)
[[ATTACHMENT|C:\\Users\\Stella Ireri\\git\\VSMS-Test-Automation\\Reports\\Property Management\\Edit Property\\20171204_152935\\1512390789496.png]]

2017-12-04 15:33:09 - [TEST_STEP][FAILED] - setText: Unable to set text '62' of object 'Object Repository/Property Management/Edit Property/property_address2' (Root cause: com.kms.katalon.core.webui.exception.WebElementNotFoundException: Web element with id: 'Object Repository/Property Management/Edit Property/property_address2' located by 'By.xpath: //textarea[count(. | id("myModal")/div[@class="modal-dialog"]/div[@class="modal-content"]/div[@class="modal-body"]/fieldset[@class="bordered-div"]/form[@class="ng-pristine ng-valid ng-valid-required"]/div[@class="row"]/div[@class="col-lg-6"]/div[@class="form-group"]/textarea[@class="form-control ng-pristine ng-untouched ng-valid"]) = count(id("myModal")/div[@class="modal-dialog"]/div[@class="modal-content"]/div[@class="modal-body"]/fieldset[@class="bordered-div"]/form[@class="ng-pristine ng-valid ng-valid-required"]/div[@class="row"]/div[@class="col-lg-6"]/div[@class="form-group"]/textarea[@class="form-control ng-pristine ng-untouched ng-valid"])][count(. | //*[@ng-model = 'propertyData.address2']) = count(//*[@ng-model = 'propertyData.address2'])][count(. | //*[@aria-describedby = 'basic-addon1']) = count(//*[@aria-describedby = 'basic-addon1'])][count(. | //*[@name = 'propertyaddress2']) = count(//*[@name = 'propertyaddress2'])][count(. | //*[@type = 'text']) = count(//*[@type = 'text'])][count(. | //*[@class = 'form-control ng-pristine ng-untouched ng-valid']) = count(//*[@class = 'form-control ng-pristine ng-untouched ng-valid'])]' not found)

2017-12-04 15:33:40 - [MESSAGE][FAILED] - Unable to set text '62' of object 'Object Repository/Property Management/Edit Property/property_address2' (Root cause: com.kms.katalon.core.webui.exception.WebElementNotFoundException: Web element with id: 'Object Repository/Property Management/Edit Property/property_address2' located by 'By.xpath: //textarea[count(. | id("myModal")/div[@class="modal-dialog"]/div[@class="modal-content"]/div[@class="modal-body"]/fieldset[@class="bordered-div"]/form[@class="ng-pristine ng-valid ng-valid-required"]/div[@class="row"]/div[@class="col-lg-6"]/div[@class="form-group"]/textarea[@class="form-control ng-pristine ng-untouched ng-valid"]) = count(id("myModal")/div[@class="modal-dialog"]/div[@class="modal-content"]/div[@class="modal-body"]/fieldset[@class="bordered-div"]/form[@class="ng-pristine ng-valid ng-valid-required"]/div[@class="row"]/div[@class="col-lg-6"]/div[@class="form-group"]/textarea[@class="form-control ng-pristine ng-untouched ng-valid"])][count(. | //*[@ng-model = 'propertyData.address2']) = count(//*[@ng-model = 'propertyData.address2'])][count(. | //*[@aria-describedby = 'basic-addon1']) = count(//*[@aria-describedby = 'basic-addon1'])][count(. | //*[@name = 'propertyaddress2']) = count(//*[@name = 'propertyaddress2'])][count(. | //*[@type = 'text']) = count(//*[@type = 'text'])][count(. | //*[@class = 'form-control ng-pristine ng-untouched ng-valid']) = count(//*[@class = 'form-control ng-pristine ng-untouched ng-valid'])]' not found)
[[ATTACHMENT|C:\\Users\\Stella Ireri\\git\\VSMS-Test-Automation\\Reports\\Property Management\\Edit Property\\20171204_152935\\1512390820477.png]]

2017-12-04 15:33:40 - [TEST_STEP][PASSED] - delay: Delayed 5 second(s)

2017-12-04 15:33:45 - [MESSAGE][PASSED] - Delayed 5 second(s)

2017-12-04 15:33:45 - [TEST_STEP][FAILED] - click: Unable to click on object 'Object Repository/Property Management/Edit Property/Update' (Root cause: org.openqa.selenium.ElementNotVisibleException: element not visible
  (Session info: chrome=62.0.3202.94)
  (Driver info: chromedriver=2.33.506120 (e3e53437346286c0bc2d2dc9aa4915ba81d9023f),platform=Windows NT 10.0.14393 x86_64) (WARNING: The server did not provide any stacktrace information)
Command duration or timeout: 0 milliseconds
Build info: version: '3.7.1', revision: '8a0099a', time: '2017-11-06T21:07:36.161Z'
System info: host: 'DESKTOP-JP48UB6', ip: '192.168.1.108', os.name: 'Windows 10', os.arch: 'amd64', os.version: '10.0', java.version: '1.8.0_102'
Driver info: com.kms.katalon.selenium.driver.CChromeDriver
Capabilities {acceptSslCerts: true, applicationCacheEnabled: false, browserConnectionEnabled: false, browserName: chrome, chrome: {chromedriverVersion: 2.33.506120 (e3e53437346286..., userDataDir: C:\Users\STELLA~1\AppData\L...}, cssSelectorsEnabled: true, databaseEnabled: false, handlesAlerts: true, hasTouchScreen: false, javascriptEnabled: true, locationContextEnabled: true, mobileEmulationEnabled: false, nativeEvents: true, networkConnectionEnabled: false, pageLoadStrategy: normal, platform: XP, platformName: XP, rotatable: false, setWindowRect: true, takesHeapSnapshot: true, takesScreenshot: true, unexpectedAlertBehaviour: , unhandledPromptBehavior: , version: 62.0.3202.94, webStorageEnabled: true}
Session ID: 8fda2b9c7aa097e1c7b0c64119060f5d)

2017-12-04 15:33:46 - [MESSAGE][FAILED] - Unable to click on object 'Object Repository/Property Management/Edit Property/Update' (Root cause: org.openqa.selenium.ElementNotVisibleException: element not visible
  (Session info: chrome=62.0.3202.94)
  (Driver info: chromedriver=2.33.506120 (e3e53437346286c0bc2d2dc9aa4915ba81d9023f),platform=Windows NT 10.0.14393 x86_64) (WARNING: The server did not provide any stacktrace information)
Command duration or timeout: 0 milliseconds
Build info: version: '3.7.1', revision: '8a0099a', time: '2017-11-06T21:07:36.161Z'
System info: host: 'DESKTOP-JP48UB6', ip: '192.168.1.108', os.name: 'Windows 10', os.arch: 'amd64', os.version: '10.0', java.version: '1.8.0_102'
Driver info: com.kms.katalon.selenium.driver.CChromeDriver
Capabilities {acceptSslCerts: true, applicationCacheEnabled: false, browserConnectionEnabled: false, browserName: chrome, chrome: {chromedriverVersion: 2.33.506120 (e3e53437346286..., userDataDir: C:\Users\STELLA~1\AppData\L...}, cssSelectorsEnabled: true, databaseEnabled: false, handlesAlerts: true, hasTouchScreen: false, javascriptEnabled: true, locationContextEnabled: true, mobileEmulationEnabled: false, nativeEvents: true, networkConnectionEnabled: false, pageLoadStrategy: normal, platform: XP, platformName: XP, rotatable: false, setWindowRect: true, takesHeapSnapshot: true, takesScreenshot: true, unexpectedAlertBehaviour: , unhandledPromptBehavior: , version: 62.0.3202.94, webStorageEnabled: true}
Session ID: 8fda2b9c7aa097e1c7b0c64119060f5d)
[[ATTACHMENT|C:\\Users\\Stella Ireri\\git\\VSMS-Test-Automation\\Reports\\Property Management\\Edit Property\\20171204_152935\\1512390826056.png]]

2017-12-04 15:33:46 - [TEST_STEP][PASSED] - delay: Delayed 3 second(s)

2017-12-04 15:33:49 - [MESSAGE][PASSED] - Delayed 3 second(s)

2017-12-04 15:33:49 - [TEST_STEP][FAILED] - verifyElementPresent: com.kms.katalon.core.webui.exception.WebElementNotFoundException: Web element with id: 'Object Repository/Property Management/Edit Property/Updated building successfully' located by 'By.xpath: //*[@ng-show = 'successAlert'][count(. | //*[text() = 'Updated [sevver building] successfully!']) = count(//*[text() = 'Updated [sevver building] successfully!'])][count(. | id("parent")/div[@class="col-lg-12"]/div[@class="panel panel-default"]/div[@class="panel-body"]/div[@class="alert-dismissable fade in"]/p[@class="alert alert-info ng-binding"]) = count(id("parent")/div[@class="col-lg-12"]/div[@class="panel panel-default"]/div[@class="panel-body"]/div[@class="alert-dismissable fade in"]/p[@class="alert alert-info ng-binding"])]' not found

2017-12-04 15:33:52 - [MESSAGE][FAILED] - com.kms.katalon.core.webui.exception.WebElementNotFoundException: Web element with id: 'Object Repository/Property Management/Edit Property/Updated building successfully' located by 'By.xpath: //*[@ng-show = 'successAlert'][count(. | //*[text() = 'Updated [sevver building] successfully!']) = count(//*[text() = 'Updated [sevver building] successfully!'])][count(. | id("parent")/div[@class="col-lg-12"]/div[@class="panel panel-default"]/div[@class="panel-body"]/div[@class="alert-dismissable fade in"]/p[@class="alert alert-info ng-binding"]) = count(id("parent")/div[@class="col-lg-12"]/div[@class="panel panel-default"]/div[@class="panel-body"]/div[@class="alert-dismissable fade in"]/p[@class="alert alert-info ng-binding"])]' not found
[[ATTACHMENT|C:\\Users\\Stella Ireri\\git\\VSMS-Test-Automation\\Reports\\Property Management\\Edit Property\\20171204_152935\\1512390832483.png]]

2017-12-04 15:33:52 - [TEST_STEP][PASSED] - closeBrowser: Browser is closed

2017-12-04 15:33:53 - [MESSAGE][PASSED] - Browser is closed]]></system-out>
         <system-err><![CDATA[2017-12-04 15:29:38 - [TEST_CASE][FAILED] - Test Cases/Property management/Edit Property: Test Cases/Property management/Edit Property FAILED because (of) Unable to click on object 'Object Repository/Property Management/Edit Property/Edit' (Root cause: com.kms.katalon.core.webui.exception.WebElementNotFoundException: Web element with id: 'Object Repository/Property Management/Edit Property/Edit' located by 'By.xpath: //a[count(. | //*[@data-target = '#myModal']) = count(//*[@data-target = '#myModal'])][count(. | //*[@data-toggle = 'modal']) = count(//*[@data-toggle = 'modal'])][count(. | id("propertyInstance")/div[@class="ng-scope"]/div[@class="col-lg-3 col-md-6 ng-scope"]/div[@class="panel"]/div[@class="panel-footer tezzatextgold"]/span[@class="pull-right"]/a[@id="editpropertybtn"]) = count(id("propertyInstance")/div[@class="ng-scope"]/div[@class="col-lg-3 col-md-6 ng-scope"]/div[@class="panel"]/div[@class="panel-footer tezzatextgold"]/span[@class="pull-right"]/a[@id="editpropertybtn"])][count(. | //*[@ng-click = 'getPropertyInfo(property.id, property.name, property.type_id, property.address_1, property.address_2, property.city, property.state_region, property.country, property.bgcolor, property.textcolor)']) = count(//*[@ng-click = 'getPropertyInfo(property.id, property.name, property.type_id, property.address_1, property.address_2, property.city, property.state_region, property.country, property.bgcolor, property.textcolor)'])][count(. | //*[@id = 'editpropertybtn']) = count(//*[@id = 'editpropertybtn'])][count(. | //*[contains(.,'Edit')]) = count(//*[contains(.,'Edit')])]' not found)]]></system-err>
      </testcase>
      <system-out><![CDATA[2017-12-04 15:29:37 - [TEST_SUITE][FAILED] - Edit Property: Test Cases/Property management/Edit Property FAILED because (of) Unable to click on object 'Object Repository/Property Management/Edit Property/Edit' (Root cause: com.kms.katalon.core.webui.exception.WebElementNotFoundException: Web element with id: 'Object Repository/Property Management/Edit Property/Edit' located by 'By.xpath: //a[count(. | //*[@data-target = '#myModal']) = count(//*[@data-target = '#myModal'])][count(. | //*[@data-toggle = 'modal']) = count(//*[@data-toggle = 'modal'])][count(. | id("propertyInstance")/div[@class="ng-scope"]/div[@class="col-lg-3 col-md-6 ng-scope"]/div[@class="panel"]/div[@class="panel-footer tezzatextgold"]/span[@class="pull-right"]/a[@id="editpropertybtn"]) = count(id("propertyInstance")/div[@class="ng-scope"]/div[@class="col-lg-3 col-md-6 ng-scope"]/div[@class="panel"]/div[@class="panel-footer tezzatextgold"]/span[@class="pull-right"]/a[@id="editpropertybtn"])][count(. | //*[@ng-click = 'getPropertyInfo(property.id, property.name, property.type_id, property.address_1, property.address_2, property.city, property.state_region, property.country, property.bgcolor, property.textcolor)']) = count(//*[@ng-click = 'getPropertyInfo(property.id, property.name, property.type_id, property.address_1, property.address_2, property.city, property.state_region, property.country, property.bgcolor, property.textcolor)'])][count(. | //*[@id = 'editpropertybtn']) = count(//*[@id = 'editpropertybtn'])][count(. | //*[contains(.,'Edit')]) = count(//*[contains(.,'Edit')])]' not found)]]></system-out>
      <system-err><![CDATA[2017-12-04 15:29:37 - [TEST_SUITE][FAILED] - Edit Property: Test Cases/Property management/Edit Property FAILED because (of) Unable to click on object 'Object Repository/Property Management/Edit Property/Edit' (Root cause: com.kms.katalon.core.webui.exception.WebElementNotFoundException: Web element with id: 'Object Repository/Property Management/Edit Property/Edit' located by 'By.xpath: //a[count(. | //*[@data-target = '#myModal']) = count(//*[@data-target = '#myModal'])][count(. | //*[@data-toggle = 'modal']) = count(//*[@data-toggle = 'modal'])][count(. | id("propertyInstance")/div[@class="ng-scope"]/div[@class="col-lg-3 col-md-6 ng-scope"]/div[@class="panel"]/div[@class="panel-footer tezzatextgold"]/span[@class="pull-right"]/a[@id="editpropertybtn"]) = count(id("propertyInstance")/div[@class="ng-scope"]/div[@class="col-lg-3 col-md-6 ng-scope"]/div[@class="panel"]/div[@class="panel-footer tezzatextgold"]/span[@class="pull-right"]/a[@id="editpropertybtn"])][count(. | //*[@ng-click = 'getPropertyInfo(property.id, property.name, property.type_id, property.address_1, property.address_2, property.city, property.state_region, property.country, property.bgcolor, property.textcolor)']) = count(//*[@ng-click = 'getPropertyInfo(property.id, property.name, property.type_id, property.address_1, property.address_2, property.city, property.state_region, property.country, property.bgcolor, property.textcolor)'])][count(. | //*[@id = 'editpropertybtn']) = count(//*[@id = 'editpropertybtn'])][count(. | //*[contains(.,'Edit')]) = count(//*[contains(.,'Edit')])]' not found)]]></system-err>
   </testsuite>
</testsuites>
