<?xml version="1.0" encoding="UTF-8"?>
<testsuites name="Edit User" time="28" tests="1" failures="0" errors="0">
   <testsuite name="Edit User" tests="1" failures="0" errors="0" time="28" timestamp="2017-10-13 12:24:39" hostname="ChweyaJnr - 192.168.56.1" id="Test Suites/User Management/User Module/Edit User">
      <properties>
         <property name="deviceName" value=""/>
         <property name="devicePlatform" value=""/>
         <property name="logFolder" value="C:\\Users\\ChweyaJnr\\git\\VSMS-Test-Automation\\Reports\\User Management\\User Module\\Edit User\\20171013_122436"/>
         <property name="logFiles" value="C:\\Users\\ChweyaJnr\\git\\VSMS-Test-Automation\\Reports\\User Management\\User Module\\Edit User\\20171013_122436\\execution0.log"/>
         <property name="attachments" value=""/>
         <property name="hostName" value="ChweyaJnr - 192.168.56.1"/>
         <property name="os" value="Windows 10 64bit"/>
         <property name="katalonVersion" value="4.8.0.2"/>
         <property name="browser" value="Chrome 61.0.3163.100"/>
         <property name="hostAddress" value="192.168.56.1"/>
         <property name="sessionId" value="8d9f807336588cc35be9f27c77f5358d"/>
         <property name="seleniumVersion" value="2.53.0"/>
         <property name="proxyInformation" value="ProxyInformation{proxyOption=NO_PROXY, proxyServerType=HTTP, password=, proxyServerAddress=, proxyServerPort=0}"/>
         <property name="platform" value="Windows 10"/>
      </properties>
      <testcase name="Test Cases/User Management/User Module/Edit User" classname="Test Cases/User Management/User Module/Edit User" status="PASSED">
         <system-out><![CDATA[2017-10-13 12:24:39 - [TEST_CASE][PASSED] - Test Cases/User Management/User Module/Edit User: Test Cases/User Management/User Module/Edit User

2017-10-13 12:24:40 - [TEST_STEP][PASSED] - callTestCase: Call Test Case 'Test Cases/LOGIN' successfully

2017-10-13 12:24:40 - [TEST_CASE][PASSED] - Test Cases/LOGIN: Test Cases/LOGIN

2017-10-13 12:24:41 - [TEST_STEP][PASSED] - openBrowser: Browser is opened with url: 'https://sandbox.vsms.tezzasolutions.com/index'

2017-10-13 12:24:51 - [MESSAGE][PASSED] - Browser is opened with url: 'https://sandbox.vsms.tezzasolutions.com/index'

2017-10-13 12:24:51 - [TEST_STEP][PASSED] - click: Object: 'Object Repository/login/a_Log in' is clicked on

2017-10-13 12:24:53 - [MESSAGE][PASSED] - Object: 'Object Repository/login/a_Log in' is clicked on

2017-10-13 12:24:53 - [TEST_STEP][PASSED] - setText: Text 'clarinenyauncho@gmail.com' is set on object 'Object Repository/login/input_email'

2017-10-13 12:24:53 - [MESSAGE][PASSED] - Text 'clarinenyauncho@gmail.com' is set on object 'Object Repository/login/input_email'

2017-10-13 12:24:53 - [TEST_STEP][PASSED] - setText: Text 'changeme' is set on object 'Object Repository/login/input_password'

2017-10-13 12:24:54 - [MESSAGE][PASSED] - Text 'changeme' is set on object 'Object Repository/login/input_password'

2017-10-13 12:24:54 - [TEST_STEP][PASSED] - click: Object: 'Object Repository/login/button_Login' is clicked on

2017-10-13 12:24:56 - [MESSAGE][PASSED] - Object: 'Object Repository/login/button_Login' is clicked on

2017-10-13 12:24:56 - [MESSAGE][PASSED] - Call Test Case 'Test Cases/LOGIN' successfully

2017-10-13 12:24:56 - [TEST_STEP][PASSED] - click: Object: 'Object Repository/User Management/Add New User/Module Dropdown Objects/Modules dropdown' is clicked on

2017-10-13 12:24:56 - [MESSAGE][PASSED] - Object: 'Object Repository/User Management/Add New User/Module Dropdown Objects/Modules dropdown' is clicked on

2017-10-13 12:24:56 - [TEST_STEP][PASSED] - click: Object: 'Object Repository/User Management/Add New User/Module Dropdown Objects/User Management Dropdown' is clicked on

2017-10-13 12:24:56 - [MESSAGE][PASSED] - Object: 'Object Repository/User Management/Add New User/Module Dropdown Objects/User Management Dropdown' is clicked on

2017-10-13 12:24:56 - [TEST_STEP][PASSED] - click: Object: 'Object Repository/User Management/Add New User/Module Dropdown Objects/User Link' is clicked on

2017-10-13 12:24:57 - [MESSAGE][PASSED] - Object: 'Object Repository/User Management/Add New User/Module Dropdown Objects/User Link' is clicked on

2017-10-13 12:24:57 - [TEST_STEP][PASSED] - click: Object: 'Object Repository/User Management/Edit User/Edit User Details/Chalo Link' is clicked on

2017-10-13 12:24:59 - [MESSAGE][PASSED] - Object: 'Object Repository/User Management/Edit User/Edit User Details/Chalo Link' is clicked on

2017-10-13 12:24:59 - [TEST_STEP][PASSED] - maximizeWindow: Current window maximized

2017-10-13 12:25:00 - [MESSAGE][PASSED] - Current window maximized

2017-10-13 12:25:00 - [TEST_STEP][PASSED] - delay: Delayed 5 second(s)

2017-10-13 12:25:05 - [MESSAGE][PASSED] - Delayed 5 second(s)

2017-10-13 12:25:05 - [TEST_STEP][PASSED] - setText: Text 'Chalo7' is set on object 'Object Repository/User Management/Edit User/Edit User Details/input_firstname'

2017-10-13 12:25:05 - [MESSAGE][PASSED] - Text 'Chalo7' is set on object 'Object Repository/User Management/Edit User/Edit User Details/input_firstname'

2017-10-13 12:25:05 - [TEST_STEP][PASSED] - click: Object: 'Object Repository/User Management/Edit User/Edit User Details/button_Update User' is clicked on

2017-10-13 12:25:06 - [MESSAGE][PASSED] - Object: 'Object Repository/User Management/Edit User/Edit User Details/button_Update User' is clicked on

2017-10-13 12:25:06 - [TEST_STEP][NOT_RUN] - click: NOT_RUN: click

2017-10-13 12:25:06 - [MESSAGE][NOT_RUN] - NOT_RUN: click

2017-10-13 12:25:06 - [TEST_STEP][PASSED] - closeBrowser: Browser is closed

2017-10-13 12:25:07 - [MESSAGE][PASSED] - Browser is closed]]></system-out>
         <system-err><![CDATA[]]></system-err>
      </testcase>
      <system-out><![CDATA[2017-10-13 12:24:39 - [TEST_SUITE][PASSED] - Edit User: Test Cases/User Management/User Module/Edit User]]></system-out>
      <system-err><![CDATA[]]></system-err>
   </testsuite>
</testsuites>
