<?xml version="1.0" encoding="UTF-8"?>
<testsuites name="Edit Event" time="201" tests="0" failures="1" errors="0">
   <testsuite name="Edit Event" tests="0" failures="1" errors="0" time="201" timestamp="2017-11-03 15:27:30" hostname="Gituto Nyawira - Gituto-PC" id="Test Suites/Calendar Management/Edit Event">
      <properties>
         <property name="deviceName" value=""/>
         <property name="devicePlatform" value=""/>
         <property name="logFolder" value="C:\\Users\\Gituto Nyawira\\git\\VSMS-Test-Automation\\Reports\\Calendar Management\\Edit Event\\20171103_152722"/>
         <property name="logFiles" value="C:\\Users\\Gituto Nyawira\\git\\VSMS-Test-Automation\\Reports\\Calendar Management\\Edit Event\\20171103_152722\\execution0.log"/>
         <property name="attachments" value="C:\\Users\\Gituto Nyawira\\git\\VSMS-Test-Automation\\Reports\\Calendar Management\\Edit Event\\20171103_152722\\1509712157863.png, C:\\Users\\Gituto Nyawira\\git\\VSMS-Test-Automation\\Reports\\Calendar Management\\Edit Event\\20171103_152722\\1509712159373.png, C:\\Users\\Gituto Nyawira\\git\\VSMS-Test-Automation\\Reports\\Calendar Management\\Edit Event\\20171103_152722\\1509712160470.png, C:\\Users\\Gituto Nyawira\\git\\VSMS-Test-Automation\\Reports\\Calendar Management\\Edit Event\\20171103_152722\\1509712161308.png, C:\\Users\\Gituto Nyawira\\git\\VSMS-Test-Automation\\Reports\\Calendar Management\\Edit Event\\20171103_152722\\1509712162148.png, C:\\Users\\Gituto Nyawira\\git\\VSMS-Test-Automation\\Reports\\Calendar Management\\Edit Event\\20171103_152722\\1509712162875.png, C:\\Users\\Gituto Nyawira\\git\\VSMS-Test-Automation\\Reports\\Calendar Management\\Edit Event\\20171103_152722\\1509712163836.png, C:\\Users\\Gituto Nyawira\\git\\VSMS-Test-Automation\\Reports\\Calendar Management\\Edit Event\\20171103_152722\\1509712211496.png, C:\\Users\\Gituto Nyawira\\git\\VSMS-Test-Automation\\Reports\\Calendar Management\\Edit Event\\20171103_152722\\1509712248852.png"/>
         <property name="hostName" value="Gituto Nyawira - Gituto-PC"/>
         <property name="os" value="Windows 10 64bit"/>
         <property name="katalonVersion" value="5.0.0.1"/>
         <property name="browser" value="Chrome 61.0.3163.100"/>
         <property name="hostAddress" value="192.168.1.113"/>
         <property name="sessionId" value="00fa8e3cc4b179d96375e709bceafc93"/>
         <property name="seleniumVersion" value="2.53.0"/>
         <property name="proxyInformation" value="ProxyInformation{proxyOption=NO_PROXY, proxyServerType=HTTP, password=, proxyServerAddress=, proxyServerPort=0}"/>
         <property name="platform" value="Windows 10"/>
      </properties>
      <testcase name="Test Cases/Calendar Management/Update Event" classname="Test Cases/Calendar Management/Update Event" status="FAILED">
         <failure type="FAILED" message="Unable to click on object 'Object Repository/Calendar Management/Update Event/Even to update' (Root cause: com.kms.katalon.core.webui.exception.WebElementNotFoundException: Web element with id: 'Object Repository/Calendar Management/Update Event/Even to update' located by 'By.xpath: //div[count(. | id(&quot;cal&quot;)/div[@class=&quot;fc-view-container&quot;]/div[@class=&quot;fc-view fc-month-view fc-basic-view&quot;]/table[1]/tbody[@class=&quot;fc-body&quot;]/tr[1]/td[@class=&quot;fc-widget-content&quot;]/div[@class=&quot;fc-day-grid-container&quot;]/div[@class=&quot;fc-day-grid&quot;]/div[@class=&quot;fc-row fc-week fc-widget-content&quot;]/div[@class=&quot;fc-content-skeleton&quot;]/table[1]/tbody[1]/tr[1]/td[@class=&quot;fc-event-container&quot;]/a[@class=&quot;fc-day-grid-event fc-h-event fc-event fc-start fc-end fc-draggable ng-scope&quot;]/div[@class=&quot;fc-content&quot;]) = count(id(&quot;cal&quot;)/div[@class=&quot;fc-view-container&quot;]/div[@class=&quot;fc-view fc-month-view fc-basic-view&quot;]/table[1]/tbody[@class=&quot;fc-body&quot;]/tr[1]/td[@class=&quot;fc-widget-content&quot;]/div[@class=&quot;fc-day-grid-container&quot;]/div[@class=&quot;fc-day-grid&quot;]/div[@class=&quot;fc-row fc-week fc-widget-content&quot;]/div[@class=&quot;fc-content-skeleton&quot;]/table[1]/tbody[1]/tr[1]/td[@class=&quot;fc-event-container&quot;]/a[@class=&quot;fc-day-grid-event fc-h-event fc-event fc-start fc-end fc-draggable ng-scope&quot;]/div[@class=&quot;fc-content&quot;])]' not found)"/>
         <system-out><![CDATA[2017-11-03 15:27:32 - [TEST_CASE][FAILED] - Test Cases/Calendar Management/Update Event: Test Cases/Calendar Management/Update Event FAILED because (of) Unable to click on object 'Object Repository/Calendar Management/Update Event/Even to update' (Root cause: com.kms.katalon.core.webui.exception.WebElementNotFoundException: Web element with id: 'Object Repository/Calendar Management/Update Event/Even to update' located by 'By.xpath: //div[count(. | id("cal")/div[@class="fc-view-container"]/div[@class="fc-view fc-month-view fc-basic-view"]/table[1]/tbody[@class="fc-body"]/tr[1]/td[@class="fc-widget-content"]/div[@class="fc-day-grid-container"]/div[@class="fc-day-grid"]/div[@class="fc-row fc-week fc-widget-content"]/div[@class="fc-content-skeleton"]/table[1]/tbody[1]/tr[1]/td[@class="fc-event-container"]/a[@class="fc-day-grid-event fc-h-event fc-event fc-start fc-end fc-draggable ng-scope"]/div[@class="fc-content"]) = count(id("cal")/div[@class="fc-view-container"]/div[@class="fc-view fc-month-view fc-basic-view"]/table[1]/tbody[@class="fc-body"]/tr[1]/td[@class="fc-widget-content"]/div[@class="fc-day-grid-container"]/div[@class="fc-day-grid"]/div[@class="fc-row fc-week fc-widget-content"]/div[@class="fc-content-skeleton"]/table[1]/tbody[1]/tr[1]/td[@class="fc-event-container"]/a[@class="fc-day-grid-event fc-h-event fc-event fc-start fc-end fc-draggable ng-scope"]/div[@class="fc-content"])]' not found)

2017-11-03 15:27:34 - [TEST_STEP][PASSED] - callTestCase: Call Test Case 'Test Cases/Common/User Login' successfully

2017-11-03 15:27:34 - [TEST_CASE][PASSED] - Test Cases/Common/User Login: Test Cases/Common/User Login

2017-11-03 15:27:34 - [TEST_STEP][PASSED] - openBrowser: Browser is opened with url: 'https://sandbox.vsms.tezzasolutions.com/index'

2017-11-03 15:28:05 - [MESSAGE][PASSED] - Browser is opened with url: 'https://sandbox.vsms.tezzasolutions.com/index'

2017-11-03 15:28:05 - [TEST_STEP][PASSED] - maximizeWindow: Current window maximized

2017-11-03 15:28:07 - [MESSAGE][PASSED] - Current window maximized

2017-11-03 15:28:07 - [TEST_STEP][PASSED] - click: Object: 'Object Repository/login/a_Log in' is clicked on

2017-11-03 15:28:12 - [MESSAGE][PASSED] - Object: 'Object Repository/login/a_Log in' is clicked on

2017-11-03 15:28:13 - [TEST_STEP][PASSED] - setText: Text 'clarinenyauncho@gmail.com' is set on object 'Object Repository/login/input_email'

2017-11-03 15:28:14 - [MESSAGE][PASSED] - Text 'clarinenyauncho@gmail.com' is set on object 'Object Repository/login/input_email'

2017-11-03 15:28:14 - [TEST_STEP][PASSED] - setText: Text 'changeme' is set on object 'Object Repository/login/input_password'

2017-11-03 15:28:14 - [MESSAGE][PASSED] - Text 'changeme' is set on object 'Object Repository/login/input_password'

2017-11-03 15:28:14 - [TEST_STEP][PASSED] - click: Object: 'Object Repository/login/button_Login' is clicked on

2017-11-03 15:28:20 - [MESSAGE][PASSED] - Object: 'Object Repository/login/button_Login' is clicked on

2017-11-03 15:28:20 - [MESSAGE][PASSED] - Call Test Case 'Test Cases/Common/User Login' successfully

2017-11-03 15:28:20 - [TEST_STEP][PASSED] - maximizeWindow: Current window maximized

2017-11-03 15:28:20 - [MESSAGE][PASSED] - Current window maximized

2017-11-03 15:28:20 - [TEST_STEP][PASSED] - callTestCase: Call Test Case 'Test Cases/Calendar Management/Calendar Menu' successfully

2017-11-03 15:28:20 - [TEST_CASE][PASSED] - Test Cases/Calendar Management/Calendar Menu: Test Cases/Calendar Management/Calendar Menu

2017-11-03 15:28:21 - [TEST_STEP][PASSED] - click: Object: 'Object Repository/Dashboard Page/a_Modules' is clicked on

2017-11-03 15:28:21 - [MESSAGE][PASSED] - Object: 'Object Repository/Dashboard Page/a_Modules' is clicked on

2017-11-03 15:28:21 - [TEST_STEP][PASSED] - click: Object: 'Object Repository/Dashboard Page/a_Calendar Management' is clicked on

2017-11-03 15:28:22 - [MESSAGE][PASSED] - Object: 'Object Repository/Dashboard Page/a_Calendar Management' is clicked on

2017-11-03 15:28:22 - [TEST_STEP][PASSED] - click: Object: 'Object Repository/Dashboard Page/a_Calendar' is clicked on

2017-11-03 15:28:28 - [MESSAGE][PASSED] - Object: 'Object Repository/Dashboard Page/a_Calendar' is clicked on

2017-11-03 15:28:28 - [MESSAGE][PASSED] - Call Test Case 'Test Cases/Calendar Management/Calendar Menu' successfully

2017-11-03 15:28:28 - [TEST_STEP][FAILED] - click: Unable to click on object 'Object Repository/Calendar Management/Update Event/Even to update' (Root cause: com.kms.katalon.core.webui.exception.WebElementNotFoundException: Web element with id: 'Object Repository/Calendar Management/Update Event/Even to update' located by 'By.xpath: //div[count(. | id("cal")/div[@class="fc-view-container"]/div[@class="fc-view fc-month-view fc-basic-view"]/table[1]/tbody[@class="fc-body"]/tr[1]/td[@class="fc-widget-content"]/div[@class="fc-day-grid-container"]/div[@class="fc-day-grid"]/div[@class="fc-row fc-week fc-widget-content"]/div[@class="fc-content-skeleton"]/table[1]/tbody[1]/tr[1]/td[@class="fc-event-container"]/a[@class="fc-day-grid-event fc-h-event fc-event fc-start fc-end fc-draggable ng-scope"]/div[@class="fc-content"]) = count(id("cal")/div[@class="fc-view-container"]/div[@class="fc-view fc-month-view fc-basic-view"]/table[1]/tbody[@class="fc-body"]/tr[1]/td[@class="fc-widget-content"]/div[@class="fc-day-grid-container"]/div[@class="fc-day-grid"]/div[@class="fc-row fc-week fc-widget-content"]/div[@class="fc-content-skeleton"]/table[1]/tbody[1]/tr[1]/td[@class="fc-event-container"]/a[@class="fc-day-grid-event fc-h-event fc-event fc-start fc-end fc-draggable ng-scope"]/div[@class="fc-content"])]' not found)

2017-11-03 15:29:18 - [MESSAGE][FAILED] - Unable to click on object 'Object Repository/Calendar Management/Update Event/Even to update' (Root cause: com.kms.katalon.core.webui.exception.WebElementNotFoundException: Web element with id: 'Object Repository/Calendar Management/Update Event/Even to update' located by 'By.xpath: //div[count(. | id("cal")/div[@class="fc-view-container"]/div[@class="fc-view fc-month-view fc-basic-view"]/table[1]/tbody[@class="fc-body"]/tr[1]/td[@class="fc-widget-content"]/div[@class="fc-day-grid-container"]/div[@class="fc-day-grid"]/div[@class="fc-row fc-week fc-widget-content"]/div[@class="fc-content-skeleton"]/table[1]/tbody[1]/tr[1]/td[@class="fc-event-container"]/a[@class="fc-day-grid-event fc-h-event fc-event fc-start fc-end fc-draggable ng-scope"]/div[@class="fc-content"]) = count(id("cal")/div[@class="fc-view-container"]/div[@class="fc-view fc-month-view fc-basic-view"]/table[1]/tbody[@class="fc-body"]/tr[1]/td[@class="fc-widget-content"]/div[@class="fc-day-grid-container"]/div[@class="fc-day-grid"]/div[@class="fc-row fc-week fc-widget-content"]/div[@class="fc-content-skeleton"]/table[1]/tbody[1]/tr[1]/td[@class="fc-event-container"]/a[@class="fc-day-grid-event fc-h-event fc-event fc-start fc-end fc-draggable ng-scope"]/div[@class="fc-content"])]' not found)
[[ATTACHMENT|C:\\Users\\Gituto Nyawira\\git\\VSMS-Test-Automation\\Reports\\Calendar Management\\Edit Event\\20171103_152722\\1509712157863.png]]

2017-11-03 15:29:18 - [TEST_STEP][FAILED] - setText: Unable to set text 'Board Meetings' of object 'Object Repository/Calendar Management/Add new Event/Title' (Root cause: org.openqa.selenium.InvalidElementStateException: invalid element state: Element is not currently interactable and may not be manipulated
  (Session info: chrome=61.0.3163.100)
  (Driver info: chromedriver=2.33.506120 (e3e53437346286c0bc2d2dc9aa4915ba81d9023f),platform=Windows NT 10.0.15063 x86_64) (WARNING: The server did not provide any stacktrace information)
Command duration or timeout: 159 milliseconds
Build info: version: '2.53.0', revision: '35ae25b', time: '2016-03-15 17:00:58'
System info: host: 'Gituto-PC', ip: '192.168.1.113', os.name: 'Windows 10', os.arch: 'amd64', os.version: '10.0', java.version: '1.8.0_102'
Driver info: com.kms.katalon.selenium.driver.CChromeDriver
Capabilities [{applicationCacheEnabled=false, rotatable=false, mobileEmulationEnabled=false, networkConnectionEnabled=false, chrome={chromedriverVersion=2.33.506120 (e3e53437346286c0bc2d2dc9aa4915ba81d9023f), userDataDir=C:\Users\GITUTO~1\AppData\Local\Temp\scoped_dir13564_13754}, takesHeapSnapshot=true, pageLoadStrategy=normal, databaseEnabled=false, handlesAlerts=true, hasTouchScreen=false, version=61.0.3163.100, platform=XP, browserConnectionEnabled=false, nativeEvents=true, acceptSslCerts=true, locationContextEnabled=true, webStorageEnabled=true, browserName=chrome, takesScreenshot=true, javascriptEnabled=true, cssSelectorsEnabled=true, setWindowRect=true, unexpectedAlertBehaviour=}]
Session ID: 00fa8e3cc4b179d96375e709bceafc93)

2017-11-03 15:29:20 - [MESSAGE][FAILED] - Unable to set text 'Board Meetings' of object 'Object Repository/Calendar Management/Add new Event/Title' (Root cause: org.openqa.selenium.InvalidElementStateException: invalid element state: Element is not currently interactable and may not be manipulated
  (Session info: chrome=61.0.3163.100)
  (Driver info: chromedriver=2.33.506120 (e3e53437346286c0bc2d2dc9aa4915ba81d9023f),platform=Windows NT 10.0.15063 x86_64) (WARNING: The server did not provide any stacktrace information)
Command duration or timeout: 159 milliseconds
Build info: version: '2.53.0', revision: '35ae25b', time: '2016-03-15 17:00:58'
System info: host: 'Gituto-PC', ip: '192.168.1.113', os.name: 'Windows 10', os.arch: 'amd64', os.version: '10.0', java.version: '1.8.0_102'
Driver info: com.kms.katalon.selenium.driver.CChromeDriver
Capabilities [{applicationCacheEnabled=false, rotatable=false, mobileEmulationEnabled=false, networkConnectionEnabled=false, chrome={chromedriverVersion=2.33.506120 (e3e53437346286c0bc2d2dc9aa4915ba81d9023f), userDataDir=C:\Users\GITUTO~1\AppData\Local\Temp\scoped_dir13564_13754}, takesHeapSnapshot=true, pageLoadStrategy=normal, databaseEnabled=false, handlesAlerts=true, hasTouchScreen=false, version=61.0.3163.100, platform=XP, browserConnectionEnabled=false, nativeEvents=true, acceptSslCerts=true, locationContextEnabled=true, webStorageEnabled=true, browserName=chrome, takesScreenshot=true, javascriptEnabled=true, cssSelectorsEnabled=true, setWindowRect=true, unexpectedAlertBehaviour=}]
Session ID: 00fa8e3cc4b179d96375e709bceafc93)
[[ATTACHMENT|C:\\Users\\Gituto Nyawira\\git\\VSMS-Test-Automation\\Reports\\Calendar Management\\Edit Event\\20171103_152722\\1509712159373.png]]

2017-11-03 15:29:20 - [TEST_STEP][FAILED] - setText: Unable to set text '10/28/17' of object 'Object Repository/Calendar Management/Add new Event/Start Date' (Root cause: org.openqa.selenium.InvalidElementStateException: invalid element state: Element is not currently interactable and may not be manipulated
  (Session info: chrome=61.0.3163.100)
  (Driver info: chromedriver=2.33.506120 (e3e53437346286c0bc2d2dc9aa4915ba81d9023f),platform=Windows NT 10.0.15063 x86_64) (WARNING: The server did not provide any stacktrace information)
Command duration or timeout: 126 milliseconds
Build info: version: '2.53.0', revision: '35ae25b', time: '2016-03-15 17:00:58'
System info: host: 'Gituto-PC', ip: '192.168.1.113', os.name: 'Windows 10', os.arch: 'amd64', os.version: '10.0', java.version: '1.8.0_102'
Driver info: com.kms.katalon.selenium.driver.CChromeDriver
Capabilities [{applicationCacheEnabled=false, rotatable=false, mobileEmulationEnabled=false, networkConnectionEnabled=false, chrome={chromedriverVersion=2.33.506120 (e3e53437346286c0bc2d2dc9aa4915ba81d9023f), userDataDir=C:\Users\GITUTO~1\AppData\Local\Temp\scoped_dir13564_13754}, takesHeapSnapshot=true, pageLoadStrategy=normal, databaseEnabled=false, handlesAlerts=true, hasTouchScreen=false, version=61.0.3163.100, platform=XP, browserConnectionEnabled=false, nativeEvents=true, acceptSslCerts=true, locationContextEnabled=true, webStorageEnabled=true, browserName=chrome, takesScreenshot=true, javascriptEnabled=true, cssSelectorsEnabled=true, setWindowRect=true, unexpectedAlertBehaviour=}]
Session ID: 00fa8e3cc4b179d96375e709bceafc93)

2017-11-03 15:29:20 - [MESSAGE][FAILED] - Unable to set text '10/28/17' of object 'Object Repository/Calendar Management/Add new Event/Start Date' (Root cause: org.openqa.selenium.InvalidElementStateException: invalid element state: Element is not currently interactable and may not be manipulated
  (Session info: chrome=61.0.3163.100)
  (Driver info: chromedriver=2.33.506120 (e3e53437346286c0bc2d2dc9aa4915ba81d9023f),platform=Windows NT 10.0.15063 x86_64) (WARNING: The server did not provide any stacktrace information)
Command duration or timeout: 126 milliseconds
Build info: version: '2.53.0', revision: '35ae25b', time: '2016-03-15 17:00:58'
System info: host: 'Gituto-PC', ip: '192.168.1.113', os.name: 'Windows 10', os.arch: 'amd64', os.version: '10.0', java.version: '1.8.0_102'
Driver info: com.kms.katalon.selenium.driver.CChromeDriver
Capabilities [{applicationCacheEnabled=false, rotatable=false, mobileEmulationEnabled=false, networkConnectionEnabled=false, chrome={chromedriverVersion=2.33.506120 (e3e53437346286c0bc2d2dc9aa4915ba81d9023f), userDataDir=C:\Users\GITUTO~1\AppData\Local\Temp\scoped_dir13564_13754}, takesHeapSnapshot=true, pageLoadStrategy=normal, databaseEnabled=false, handlesAlerts=true, hasTouchScreen=false, version=61.0.3163.100, platform=XP, browserConnectionEnabled=false, nativeEvents=true, acceptSslCerts=true, locationContextEnabled=true, webStorageEnabled=true, browserName=chrome, takesScreenshot=true, javascriptEnabled=true, cssSelectorsEnabled=true, setWindowRect=true, unexpectedAlertBehaviour=}]
Session ID: 00fa8e3cc4b179d96375e709bceafc93)
[[ATTACHMENT|C:\\Users\\Gituto Nyawira\\git\\VSMS-Test-Automation\\Reports\\Calendar Management\\Edit Event\\20171103_152722\\1509712160470.png]]

2017-11-03 15:29:20 - [TEST_STEP][FAILED] - setText: Unable to set text '1300' of object 'Object Repository/Calendar Management/Add new Event/Start Time' (Root cause: org.openqa.selenium.InvalidElementStateException: invalid element state: Element is not currently interactable and may not be manipulated
  (Session info: chrome=61.0.3163.100)
  (Driver info: chromedriver=2.33.506120 (e3e53437346286c0bc2d2dc9aa4915ba81d9023f),platform=Windows NT 10.0.15063 x86_64) (WARNING: The server did not provide any stacktrace information)
Command duration or timeout: 64 milliseconds
Build info: version: '2.53.0', revision: '35ae25b', time: '2016-03-15 17:00:58'
System info: host: 'Gituto-PC', ip: '192.168.1.113', os.name: 'Windows 10', os.arch: 'amd64', os.version: '10.0', java.version: '1.8.0_102'
Driver info: com.kms.katalon.selenium.driver.CChromeDriver
Capabilities [{applicationCacheEnabled=false, rotatable=false, mobileEmulationEnabled=false, networkConnectionEnabled=false, chrome={chromedriverVersion=2.33.506120 (e3e53437346286c0bc2d2dc9aa4915ba81d9023f), userDataDir=C:\Users\GITUTO~1\AppData\Local\Temp\scoped_dir13564_13754}, takesHeapSnapshot=true, pageLoadStrategy=normal, databaseEnabled=false, handlesAlerts=true, hasTouchScreen=false, version=61.0.3163.100, platform=XP, browserConnectionEnabled=false, nativeEvents=true, acceptSslCerts=true, locationContextEnabled=true, webStorageEnabled=true, browserName=chrome, takesScreenshot=true, javascriptEnabled=true, cssSelectorsEnabled=true, setWindowRect=true, unexpectedAlertBehaviour=}]
Session ID: 00fa8e3cc4b179d96375e709bceafc93)

2017-11-03 15:29:21 - [MESSAGE][FAILED] - Unable to set text '1300' of object 'Object Repository/Calendar Management/Add new Event/Start Time' (Root cause: org.openqa.selenium.InvalidElementStateException: invalid element state: Element is not currently interactable and may not be manipulated
  (Session info: chrome=61.0.3163.100)
  (Driver info: chromedriver=2.33.506120 (e3e53437346286c0bc2d2dc9aa4915ba81d9023f),platform=Windows NT 10.0.15063 x86_64) (WARNING: The server did not provide any stacktrace information)
Command duration or timeout: 64 milliseconds
Build info: version: '2.53.0', revision: '35ae25b', time: '2016-03-15 17:00:58'
System info: host: 'Gituto-PC', ip: '192.168.1.113', os.name: 'Windows 10', os.arch: 'amd64', os.version: '10.0', java.version: '1.8.0_102'
Driver info: com.kms.katalon.selenium.driver.CChromeDriver
Capabilities [{applicationCacheEnabled=false, rotatable=false, mobileEmulationEnabled=false, networkConnectionEnabled=false, chrome={chromedriverVersion=2.33.506120 (e3e53437346286c0bc2d2dc9aa4915ba81d9023f), userDataDir=C:\Users\GITUTO~1\AppData\Local\Temp\scoped_dir13564_13754}, takesHeapSnapshot=true, pageLoadStrategy=normal, databaseEnabled=false, handlesAlerts=true, hasTouchScreen=false, version=61.0.3163.100, platform=XP, browserConnectionEnabled=false, nativeEvents=true, acceptSslCerts=true, locationContextEnabled=true, webStorageEnabled=true, browserName=chrome, takesScreenshot=true, javascriptEnabled=true, cssSelectorsEnabled=true, setWindowRect=true, unexpectedAlertBehaviour=}]
Session ID: 00fa8e3cc4b179d96375e709bceafc93)
[[ATTACHMENT|C:\\Users\\Gituto Nyawira\\git\\VSMS-Test-Automation\\Reports\\Calendar Management\\Edit Event\\20171103_152722\\1509712161308.png]]

2017-11-03 15:29:21 - [TEST_STEP][FAILED] - setText: Unable to set text '10/28/17' of object 'Object Repository/Calendar Management/Add new Event/End Date' (Root cause: org.openqa.selenium.InvalidElementStateException: invalid element state: Element is not currently interactable and may not be manipulated
  (Session info: chrome=61.0.3163.100)
  (Driver info: chromedriver=2.33.506120 (e3e53437346286c0bc2d2dc9aa4915ba81d9023f),platform=Windows NT 10.0.15063 x86_64) (WARNING: The server did not provide any stacktrace information)
Command duration or timeout: 108 milliseconds
Build info: version: '2.53.0', revision: '35ae25b', time: '2016-03-15 17:00:58'
System info: host: 'Gituto-PC', ip: '192.168.1.113', os.name: 'Windows 10', os.arch: 'amd64', os.version: '10.0', java.version: '1.8.0_102'
Driver info: com.kms.katalon.selenium.driver.CChromeDriver
Capabilities [{applicationCacheEnabled=false, rotatable=false, mobileEmulationEnabled=false, networkConnectionEnabled=false, chrome={chromedriverVersion=2.33.506120 (e3e53437346286c0bc2d2dc9aa4915ba81d9023f), userDataDir=C:\Users\GITUTO~1\AppData\Local\Temp\scoped_dir13564_13754}, takesHeapSnapshot=true, pageLoadStrategy=normal, databaseEnabled=false, handlesAlerts=true, hasTouchScreen=false, version=61.0.3163.100, platform=XP, browserConnectionEnabled=false, nativeEvents=true, acceptSslCerts=true, locationContextEnabled=true, webStorageEnabled=true, browserName=chrome, takesScreenshot=true, javascriptEnabled=true, cssSelectorsEnabled=true, setWindowRect=true, unexpectedAlertBehaviour=}]
Session ID: 00fa8e3cc4b179d96375e709bceafc93)

2017-11-03 15:29:22 - [MESSAGE][FAILED] - Unable to set text '10/28/17' of object 'Object Repository/Calendar Management/Add new Event/End Date' (Root cause: org.openqa.selenium.InvalidElementStateException: invalid element state: Element is not currently interactable and may not be manipulated
  (Session info: chrome=61.0.3163.100)
  (Driver info: chromedriver=2.33.506120 (e3e53437346286c0bc2d2dc9aa4915ba81d9023f),platform=Windows NT 10.0.15063 x86_64) (WARNING: The server did not provide any stacktrace information)
Command duration or timeout: 108 milliseconds
Build info: version: '2.53.0', revision: '35ae25b', time: '2016-03-15 17:00:58'
System info: host: 'Gituto-PC', ip: '192.168.1.113', os.name: 'Windows 10', os.arch: 'amd64', os.version: '10.0', java.version: '1.8.0_102'
Driver info: com.kms.katalon.selenium.driver.CChromeDriver
Capabilities [{applicationCacheEnabled=false, rotatable=false, mobileEmulationEnabled=false, networkConnectionEnabled=false, chrome={chromedriverVersion=2.33.506120 (e3e53437346286c0bc2d2dc9aa4915ba81d9023f), userDataDir=C:\Users\GITUTO~1\AppData\Local\Temp\scoped_dir13564_13754}, takesHeapSnapshot=true, pageLoadStrategy=normal, databaseEnabled=false, handlesAlerts=true, hasTouchScreen=false, version=61.0.3163.100, platform=XP, browserConnectionEnabled=false, nativeEvents=true, acceptSslCerts=true, locationContextEnabled=true, webStorageEnabled=true, browserName=chrome, takesScreenshot=true, javascriptEnabled=true, cssSelectorsEnabled=true, setWindowRect=true, unexpectedAlertBehaviour=}]
Session ID: 00fa8e3cc4b179d96375e709bceafc93)
[[ATTACHMENT|C:\\Users\\Gituto Nyawira\\git\\VSMS-Test-Automation\\Reports\\Calendar Management\\Edit Event\\20171103_152722\\1509712162148.png]]

2017-11-03 15:29:22 - [TEST_STEP][FAILED] - setText: Unable to set text '1800' of object 'Object Repository/Calendar Management/Add new Event/End Time' (Root cause: org.openqa.selenium.InvalidElementStateException: invalid element state: Element is not currently interactable and may not be manipulated
  (Session info: chrome=61.0.3163.100)
  (Driver info: chromedriver=2.33.506120 (e3e53437346286c0bc2d2dc9aa4915ba81d9023f),platform=Windows NT 10.0.15063 x86_64) (WARNING: The server did not provide any stacktrace information)
Command duration or timeout: 46 milliseconds
Build info: version: '2.53.0', revision: '35ae25b', time: '2016-03-15 17:00:58'
System info: host: 'Gituto-PC', ip: '192.168.1.113', os.name: 'Windows 10', os.arch: 'amd64', os.version: '10.0', java.version: '1.8.0_102'
Driver info: com.kms.katalon.selenium.driver.CChromeDriver
Capabilities [{applicationCacheEnabled=false, rotatable=false, mobileEmulationEnabled=false, networkConnectionEnabled=false, chrome={chromedriverVersion=2.33.506120 (e3e53437346286c0bc2d2dc9aa4915ba81d9023f), userDataDir=C:\Users\GITUTO~1\AppData\Local\Temp\scoped_dir13564_13754}, takesHeapSnapshot=true, pageLoadStrategy=normal, databaseEnabled=false, handlesAlerts=true, hasTouchScreen=false, version=61.0.3163.100, platform=XP, browserConnectionEnabled=false, nativeEvents=true, acceptSslCerts=true, locationContextEnabled=true, webStorageEnabled=true, browserName=chrome, takesScreenshot=true, javascriptEnabled=true, cssSelectorsEnabled=true, setWindowRect=true, unexpectedAlertBehaviour=}]
Session ID: 00fa8e3cc4b179d96375e709bceafc93)

2017-11-03 15:29:23 - [MESSAGE][FAILED] - Unable to set text '1800' of object 'Object Repository/Calendar Management/Add new Event/End Time' (Root cause: org.openqa.selenium.InvalidElementStateException: invalid element state: Element is not currently interactable and may not be manipulated
  (Session info: chrome=61.0.3163.100)
  (Driver info: chromedriver=2.33.506120 (e3e53437346286c0bc2d2dc9aa4915ba81d9023f),platform=Windows NT 10.0.15063 x86_64) (WARNING: The server did not provide any stacktrace information)
Command duration or timeout: 46 milliseconds
Build info: version: '2.53.0', revision: '35ae25b', time: '2016-03-15 17:00:58'
System info: host: 'Gituto-PC', ip: '192.168.1.113', os.name: 'Windows 10', os.arch: 'amd64', os.version: '10.0', java.version: '1.8.0_102'
Driver info: com.kms.katalon.selenium.driver.CChromeDriver
Capabilities [{applicationCacheEnabled=false, rotatable=false, mobileEmulationEnabled=false, networkConnectionEnabled=false, chrome={chromedriverVersion=2.33.506120 (e3e53437346286c0bc2d2dc9aa4915ba81d9023f), userDataDir=C:\Users\GITUTO~1\AppData\Local\Temp\scoped_dir13564_13754}, takesHeapSnapshot=true, pageLoadStrategy=normal, databaseEnabled=false, handlesAlerts=true, hasTouchScreen=false, version=61.0.3163.100, platform=XP, browserConnectionEnabled=false, nativeEvents=true, acceptSslCerts=true, locationContextEnabled=true, webStorageEnabled=true, browserName=chrome, takesScreenshot=true, javascriptEnabled=true, cssSelectorsEnabled=true, setWindowRect=true, unexpectedAlertBehaviour=}]
Session ID: 00fa8e3cc4b179d96375e709bceafc93)
[[ATTACHMENT|C:\\Users\\Gituto Nyawira\\git\\VSMS-Test-Automation\\Reports\\Calendar Management\\Edit Event\\20171103_152722\\1509712162875.png]]

2017-11-03 15:29:23 - [TEST_STEP][PASSED] - selectOptionByValue: All options with value '' are selected in object 'Object Repository/Calendar Management/Add new Event/Location' 

2017-11-03 15:29:23 - [MESSAGE][PASSED] - All options with value '' are selected in object 'Object Repository/Calendar Management/Add new Event/Location' 

2017-11-03 15:29:23 - [TEST_STEP][FAILED] - setText: Unable to set text 'Share-Holders Meeting' of object 'Object Repository/Calendar Management/Add new Event/Description' (Root cause: org.openqa.selenium.InvalidElementStateException: invalid element state: Element is not currently interactable and may not be manipulated
  (Session info: chrome=61.0.3163.100)
  (Driver info: chromedriver=2.33.506120 (e3e53437346286c0bc2d2dc9aa4915ba81d9023f),platform=Windows NT 10.0.15063 x86_64) (WARNING: The server did not provide any stacktrace information)
Command duration or timeout: 76 milliseconds
Build info: version: '2.53.0', revision: '35ae25b', time: '2016-03-15 17:00:58'
System info: host: 'Gituto-PC', ip: '192.168.1.113', os.name: 'Windows 10', os.arch: 'amd64', os.version: '10.0', java.version: '1.8.0_102'
Driver info: com.kms.katalon.selenium.driver.CChromeDriver
Capabilities [{applicationCacheEnabled=false, rotatable=false, mobileEmulationEnabled=false, networkConnectionEnabled=false, chrome={chromedriverVersion=2.33.506120 (e3e53437346286c0bc2d2dc9aa4915ba81d9023f), userDataDir=C:\Users\GITUTO~1\AppData\Local\Temp\scoped_dir13564_13754}, takesHeapSnapshot=true, pageLoadStrategy=normal, databaseEnabled=false, handlesAlerts=true, hasTouchScreen=false, version=61.0.3163.100, platform=XP, browserConnectionEnabled=false, nativeEvents=true, acceptSslCerts=true, locationContextEnabled=true, webStorageEnabled=true, browserName=chrome, takesScreenshot=true, javascriptEnabled=true, cssSelectorsEnabled=true, setWindowRect=true, unexpectedAlertBehaviour=}]
Session ID: 00fa8e3cc4b179d96375e709bceafc93)

2017-11-03 15:29:24 - [MESSAGE][FAILED] - Unable to set text 'Share-Holders Meeting' of object 'Object Repository/Calendar Management/Add new Event/Description' (Root cause: org.openqa.selenium.InvalidElementStateException: invalid element state: Element is not currently interactable and may not be manipulated
  (Session info: chrome=61.0.3163.100)
  (Driver info: chromedriver=2.33.506120 (e3e53437346286c0bc2d2dc9aa4915ba81d9023f),platform=Windows NT 10.0.15063 x86_64) (WARNING: The server did not provide any stacktrace information)
Command duration or timeout: 76 milliseconds
Build info: version: '2.53.0', revision: '35ae25b', time: '2016-03-15 17:00:58'
System info: host: 'Gituto-PC', ip: '192.168.1.113', os.name: 'Windows 10', os.arch: 'amd64', os.version: '10.0', java.version: '1.8.0_102'
Driver info: com.kms.katalon.selenium.driver.CChromeDriver
Capabilities [{applicationCacheEnabled=false, rotatable=false, mobileEmulationEnabled=false, networkConnectionEnabled=false, chrome={chromedriverVersion=2.33.506120 (e3e53437346286c0bc2d2dc9aa4915ba81d9023f), userDataDir=C:\Users\GITUTO~1\AppData\Local\Temp\scoped_dir13564_13754}, takesHeapSnapshot=true, pageLoadStrategy=normal, databaseEnabled=false, handlesAlerts=true, hasTouchScreen=false, version=61.0.3163.100, platform=XP, browserConnectionEnabled=false, nativeEvents=true, acceptSslCerts=true, locationContextEnabled=true, webStorageEnabled=true, browserName=chrome, takesScreenshot=true, javascriptEnabled=true, cssSelectorsEnabled=true, setWindowRect=true, unexpectedAlertBehaviour=}]
Session ID: 00fa8e3cc4b179d96375e709bceafc93)
[[ATTACHMENT|C:\\Users\\Gituto Nyawira\\git\\VSMS-Test-Automation\\Reports\\Calendar Management\\Edit Event\\20171103_152722\\1509712163836.png]]

2017-11-03 15:29:24 - [TEST_STEP][PASSED] - delay: Delayed 5 second(s)

2017-11-03 15:29:29 - [MESSAGE][PASSED] - Delayed 5 second(s)

2017-11-03 15:29:29 - [TEST_STEP][FAILED] - click: Unable to click on object 'Object Repository/Calendar Management/Update Event/button_Update Event' (Root cause: com.kms.katalon.core.webui.exception.WebElementNotFoundException: Web element with id: 'Object Repository/Calendar Management/Update Event/button_Update Event' located by 'By.xpath: //button[count(. | //*[@ng-show = 'updatebutton']) = count(//*[@ng-show = 'updatebutton'])][count(. | id("page-wrapper")/div[@class="col-lg-12"]/div[@class="hide_element"]/div[@class="hide_element"]/div[@class="row"]/div[@class="col-md-7"]/div[@class="panel panel-default"]/div[@class="panel-body"]/form[@class="form-horizontal ng-pristine ng-valid ng-valid-required"]/div[@class="form-group form-group-sm"]/div[@class="col-sm-offset-2 col-sm-10"]/button[@class="btn  btn-info"]) = count(id("page-wrapper")/div[@class="col-lg-12"]/div[@class="hide_element"]/div[@class="hide_element"]/div[@class="row"]/div[@class="col-md-7"]/div[@class="panel panel-default"]/div[@class="panel-body"]/form[@class="form-horizontal ng-pristine ng-valid ng-valid-required"]/div[@class="form-group form-group-sm"]/div[@class="col-sm-offset-2 col-sm-10"]/button[@class="btn  btn-info"])][count(. | //*[@ng-click = 'updateEvent(formdata.id, eventForm.$valid)']) = count(//*[@ng-click = 'updateEvent(formdata.id, eventForm.$valid)'])][count(. | //*[contains(.,'Update Event')]) = count(//*[contains(.,'Update Event')])][count(. | //*[@class = 'btn  btn-info']) = count(//*[@class = 'btn  btn-info'])]' not found)

2017-11-03 15:30:12 - [MESSAGE][FAILED] - Unable to click on object 'Object Repository/Calendar Management/Update Event/button_Update Event' (Root cause: com.kms.katalon.core.webui.exception.WebElementNotFoundException: Web element with id: 'Object Repository/Calendar Management/Update Event/button_Update Event' located by 'By.xpath: //button[count(. | //*[@ng-show = 'updatebutton']) = count(//*[@ng-show = 'updatebutton'])][count(. | id("page-wrapper")/div[@class="col-lg-12"]/div[@class="hide_element"]/div[@class="hide_element"]/div[@class="row"]/div[@class="col-md-7"]/div[@class="panel panel-default"]/div[@class="panel-body"]/form[@class="form-horizontal ng-pristine ng-valid ng-valid-required"]/div[@class="form-group form-group-sm"]/div[@class="col-sm-offset-2 col-sm-10"]/button[@class="btn  btn-info"]) = count(id("page-wrapper")/div[@class="col-lg-12"]/div[@class="hide_element"]/div[@class="hide_element"]/div[@class="row"]/div[@class="col-md-7"]/div[@class="panel panel-default"]/div[@class="panel-body"]/form[@class="form-horizontal ng-pristine ng-valid ng-valid-required"]/div[@class="form-group form-group-sm"]/div[@class="col-sm-offset-2 col-sm-10"]/button[@class="btn  btn-info"])][count(. | //*[@ng-click = 'updateEvent(formdata.id, eventForm.$valid)']) = count(//*[@ng-click = 'updateEvent(formdata.id, eventForm.$valid)'])][count(. | //*[contains(.,'Update Event')]) = count(//*[contains(.,'Update Event')])][count(. | //*[@class = 'btn  btn-info']) = count(//*[@class = 'btn  btn-info'])]' not found)
[[ATTACHMENT|C:\\Users\\Gituto Nyawira\\git\\VSMS-Test-Automation\\Reports\\Calendar Management\\Edit Event\\20171103_152722\\1509712211496.png]]

2017-11-03 15:30:12 - [TEST_STEP][PASSED] - delay: Delayed 3 second(s)

2017-11-03 15:30:15 - [MESSAGE][PASSED] - Delayed 3 second(s)

2017-11-03 15:30:15 - [TEST_STEP][FAILED] - verifyElementPresent: com.kms.katalon.core.webui.exception.WebElementNotFoundException: Web element with id: 'Object Repository/Calendar Management/Update Event/Verify Update Event/Verification Event updated successfully' located by 'By.xpath: //div[count(. | //*[@class = 'alert alert-success alert-dismissable fade in ng-binding']) = count(//*[@class = 'alert alert-success alert-dismissable fade in ng-binding'])][count(. | //*[@ng-show = 'successAlert']) = count(//*[@ng-show = 'successAlert'])][count(. | //*[text() = '
                    
                    Event updated successfully!
                ']) = count(//*[text() = '
                    
                    Event updated successfully!
                '])][count(. | id("page-wrapper")/div[@class="row"]/div[2]/div[@class="alert alert-success alert-dismissable fade in ng-binding"]) = count(id("page-wrapper")/div[@class="row"]/div[2]/div[@class="alert alert-success alert-dismissable fade in ng-binding"])]' not found

2017-11-03 15:30:15 - [MESSAGE][WARNING] - Timeout '0' is invalid. Using default page load timeout: '30'

2017-11-03 15:30:49 - [MESSAGE][FAILED] - com.kms.katalon.core.webui.exception.WebElementNotFoundException: Web element with id: 'Object Repository/Calendar Management/Update Event/Verify Update Event/Verification Event updated successfully' located by 'By.xpath: //div[count(. | //*[@class = 'alert alert-success alert-dismissable fade in ng-binding']) = count(//*[@class = 'alert alert-success alert-dismissable fade in ng-binding'])][count(. | //*[@ng-show = 'successAlert']) = count(//*[@ng-show = 'successAlert'])][count(. | //*[text() = '
                    
                    Event updated successfully!
                ']) = count(//*[text() = '
                    
                    Event updated successfully!
                '])][count(. | id("page-wrapper")/div[@class="row"]/div[2]/div[@class="alert alert-success alert-dismissable fade in ng-binding"]) = count(id("page-wrapper")/div[@class="row"]/div[2]/div[@class="alert alert-success alert-dismissable fade in ng-binding"])]' not found
[[ATTACHMENT|C:\\Users\\Gituto Nyawira\\git\\VSMS-Test-Automation\\Reports\\Calendar Management\\Edit Event\\20171103_152722\\1509712248852.png]]

2017-11-03 15:30:49 - [TEST_STEP][PASSED] - closeBrowser: Browser is closed

2017-11-03 15:30:52 - [MESSAGE][PASSED] - Browser is closed]]></system-out>
         <system-err><![CDATA[2017-11-03 15:27:32 - [TEST_CASE][FAILED] - Test Cases/Calendar Management/Update Event: Test Cases/Calendar Management/Update Event FAILED because (of) Unable to click on object 'Object Repository/Calendar Management/Update Event/Even to update' (Root cause: com.kms.katalon.core.webui.exception.WebElementNotFoundException: Web element with id: 'Object Repository/Calendar Management/Update Event/Even to update' located by 'By.xpath: //div[count(. | id("cal")/div[@class="fc-view-container"]/div[@class="fc-view fc-month-view fc-basic-view"]/table[1]/tbody[@class="fc-body"]/tr[1]/td[@class="fc-widget-content"]/div[@class="fc-day-grid-container"]/div[@class="fc-day-grid"]/div[@class="fc-row fc-week fc-widget-content"]/div[@class="fc-content-skeleton"]/table[1]/tbody[1]/tr[1]/td[@class="fc-event-container"]/a[@class="fc-day-grid-event fc-h-event fc-event fc-start fc-end fc-draggable ng-scope"]/div[@class="fc-content"]) = count(id("cal")/div[@class="fc-view-container"]/div[@class="fc-view fc-month-view fc-basic-view"]/table[1]/tbody[@class="fc-body"]/tr[1]/td[@class="fc-widget-content"]/div[@class="fc-day-grid-container"]/div[@class="fc-day-grid"]/div[@class="fc-row fc-week fc-widget-content"]/div[@class="fc-content-skeleton"]/table[1]/tbody[1]/tr[1]/td[@class="fc-event-container"]/a[@class="fc-day-grid-event fc-h-event fc-event fc-start fc-end fc-draggable ng-scope"]/div[@class="fc-content"])]' not found)]]></system-err>
      </testcase>
      <system-out><![CDATA[2017-11-03 15:27:30 - [TEST_SUITE][FAILED] - Edit Event: Test Cases/Calendar Management/Update Event FAILED because (of) Unable to click on object 'Object Repository/Calendar Management/Update Event/Even to update' (Root cause: com.kms.katalon.core.webui.exception.WebElementNotFoundException: Web element with id: 'Object Repository/Calendar Management/Update Event/Even to update' located by 'By.xpath: //div[count(. | id("cal")/div[@class="fc-view-container"]/div[@class="fc-view fc-month-view fc-basic-view"]/table[1]/tbody[@class="fc-body"]/tr[1]/td[@class="fc-widget-content"]/div[@class="fc-day-grid-container"]/div[@class="fc-day-grid"]/div[@class="fc-row fc-week fc-widget-content"]/div[@class="fc-content-skeleton"]/table[1]/tbody[1]/tr[1]/td[@class="fc-event-container"]/a[@class="fc-day-grid-event fc-h-event fc-event fc-start fc-end fc-draggable ng-scope"]/div[@class="fc-content"]) = count(id("cal")/div[@class="fc-view-container"]/div[@class="fc-view fc-month-view fc-basic-view"]/table[1]/tbody[@class="fc-body"]/tr[1]/td[@class="fc-widget-content"]/div[@class="fc-day-grid-container"]/div[@class="fc-day-grid"]/div[@class="fc-row fc-week fc-widget-content"]/div[@class="fc-content-skeleton"]/table[1]/tbody[1]/tr[1]/td[@class="fc-event-container"]/a[@class="fc-day-grid-event fc-h-event fc-event fc-start fc-end fc-draggable ng-scope"]/div[@class="fc-content"])]' not found)]]></system-out>
      <system-err><![CDATA[2017-11-03 15:27:30 - [TEST_SUITE][FAILED] - Edit Event: Test Cases/Calendar Management/Update Event FAILED because (of) Unable to click on object 'Object Repository/Calendar Management/Update Event/Even to update' (Root cause: com.kms.katalon.core.webui.exception.WebElementNotFoundException: Web element with id: 'Object Repository/Calendar Management/Update Event/Even to update' located by 'By.xpath: //div[count(. | id("cal")/div[@class="fc-view-container"]/div[@class="fc-view fc-month-view fc-basic-view"]/table[1]/tbody[@class="fc-body"]/tr[1]/td[@class="fc-widget-content"]/div[@class="fc-day-grid-container"]/div[@class="fc-day-grid"]/div[@class="fc-row fc-week fc-widget-content"]/div[@class="fc-content-skeleton"]/table[1]/tbody[1]/tr[1]/td[@class="fc-event-container"]/a[@class="fc-day-grid-event fc-h-event fc-event fc-start fc-end fc-draggable ng-scope"]/div[@class="fc-content"]) = count(id("cal")/div[@class="fc-view-container"]/div[@class="fc-view fc-month-view fc-basic-view"]/table[1]/tbody[@class="fc-body"]/tr[1]/td[@class="fc-widget-content"]/div[@class="fc-day-grid-container"]/div[@class="fc-day-grid"]/div[@class="fc-row fc-week fc-widget-content"]/div[@class="fc-content-skeleton"]/table[1]/tbody[1]/tr[1]/td[@class="fc-event-container"]/a[@class="fc-day-grid-event fc-h-event fc-event fc-start fc-end fc-draggable ng-scope"]/div[@class="fc-content"])]' not found)]]></system-err>
   </testsuite>
</testsuites>
