<?xml version="1.0" encoding="UTF-8"?>
<testsuites name="edit-update Visitor type" time="72" tests="1" failures="1" errors="0">
   <testsuite name="edit-update Visitor type" tests="1" failures="1" errors="0" time="72" timestamp="2017-10-04 16:58:56" hostname="Stella - STEGAHZ" id="Test Suites/edit-update Visitor type">
      <properties>
         <property name="deviceName" value=""/>
         <property name="devicePlatform" value=""/>
         <property name="logFolder" value="C:\\Users\\Stella\\git\\VSMS-Test-Automation\\Reports\\edit-update Visitor type\\20171004_165852"/>
         <property name="logFiles" value="C:\\Users\\Stella\\git\\VSMS-Test-Automation\\Reports\\edit-update Visitor type\\20171004_165852\\execution0.log"/>
         <property name="attachments" value="C:\\Users\\Stella\\git\\VSMS-Test-Automation\\Reports\\edit-update Visitor type\\20171004_165852\\1507125607889.png"/>
         <property name="hostName" value="Stella - STEGAHZ"/>
         <property name="os" value="Windows 8.1 64bit"/>
         <property name="katalonVersion" value="4.8.0.2"/>
         <property name="browser" value="Chrome 61.0.3163.100"/>
         <property name="hostAddress" value="192.168.56.1"/>
         <property name="sessionId" value="56c97ab81716fe5ed042b8cd428bdf93"/>
         <property name="seleniumVersion" value="2.53.0"/>
         <property name="proxyInformation" value="ProxyInformation{proxyOption=NO_PROXY, proxyServerType=, password=, proxyServerAddress=, proxyServerPort=0}"/>
         <property name="platform" value="Windows 8.1"/>
      </properties>
      <testcase name="Test Cases/LOGIN" classname="Test Cases/LOGIN" status="PASSED">
         <system-out><![CDATA[2017-10-04 16:58:57 - [TEST_CASE][PASSED] - Test Cases/LOGIN: Test Cases/LOGIN

2017-10-04 16:58:57 - [TEST_STEP][PASSED] - openBrowser: Browser is opened with url: 'https://sandbox.vsms.tezzasolutions.com/index'

2017-10-04 16:59:29 - [MESSAGE][PASSED] - Browser is opened with url: 'https://sandbox.vsms.tezzasolutions.com/index'

2017-10-04 16:59:29 - [TEST_STEP][PASSED] - click: Object: 'Object Repository/login/a_Log in' is clicked on

2017-10-04 16:59:33 - [MESSAGE][PASSED] - Object: 'Object Repository/login/a_Log in' is clicked on

2017-10-04 16:59:33 - [TEST_STEP][PASSED] - setText: Text 'stella.ireri@tezzasolutions.com' is set on object 'Object Repository/login/input_email'

2017-10-04 16:59:33 - [MESSAGE][PASSED] - Text 'stella.ireri@tezzasolutions.com' is set on object 'Object Repository/login/input_email'

2017-10-04 16:59:33 - [TEST_STEP][PASSED] - setText: Text 'adminPass' is set on object 'Object Repository/login/input_password'

2017-10-04 16:59:33 - [MESSAGE][PASSED] - Text 'adminPass' is set on object 'Object Repository/login/input_password'

2017-10-04 16:59:33 - [TEST_STEP][PASSED] - click: Object: 'Object Repository/login/button_Login' is clicked on

2017-10-04 16:59:39 - [MESSAGE][PASSED] - Object: 'Object Repository/login/button_Login' is clicked on]]></system-out>
         <system-err><![CDATA[]]></system-err>
      </testcase>
      <testcase name="Test Cases/Edit-Upadate Visitor Tpye" classname="Test Cases/Edit-Upadate Visitor Tpye" status="FAILED">
         <failure type="FAILED" message="Unable to click on object 'Object Repository/edit visitor types/button_Update' (Root cause: org.openqa.selenium.WebDriverException: unknown error: Element &lt;button class=&quot;btn tezzacolor4 btn-sm&quot; ng-show=&quot;btnupdateVisitor_type&quot; ng-click=&quot;updateVisitor_type(visitorTypeForm.$valid,id)&quot;>...&lt;/button> is not clickable at point (667, 449). Other element would receive the click: &lt;div class=&quot;tooltip-inner&quot;>...&lt;/div>
  (Session info: chrome=61.0.3163.100)
  (Driver info: chromedriver=2.31.488763 (092de99f48a300323ecf8c2a4e2e7cab51de5ba8),platform=Windows NT 6.3.9600 x86_64) (WARNING: The server did not provide any stacktrace information)
Command duration or timeout: 77 milliseconds
Build info: version: '2.53.0', revision: '35ae25b', time: '2016-03-15 17:00:58'
System info: host: 'STEGAHZ', ip: '192.168.56.1', os.name: 'Windows 8.1', os.arch: 'amd64', os.version: '6.3', java.version: '1.8.0_102'
Driver info: com.kms.katalon.selenium.driver.CChromeDriver
Capabilities [{applicationCacheEnabled=false, rotatable=false, mobileEmulationEnabled=false, networkConnectionEnabled=false, chrome={chromedriverVersion=2.31.488763 (092de99f48a300323ecf8c2a4e2e7cab51de5ba8), userDataDir=C:\Users\Stella\AppData\Local\Temp\scoped_dir8216_22575}, takesHeapSnapshot=true, pageLoadStrategy=normal, databaseEnabled=false, handlesAlerts=true, hasTouchScreen=false, version=61.0.3163.100, platform=WIN8_1, browserConnectionEnabled=false, nativeEvents=true, acceptSslCerts=true, locationContextEnabled=true, webStorageEnabled=true, browserName=chrome, takesScreenshot=true, javascriptEnabled=true, cssSelectorsEnabled=true, setWindowRect=true, unexpectedAlertBehaviour=}]
Session ID: 56c97ab81716fe5ed042b8cd428bdf93)"/>
         <system-out><![CDATA[2017-10-04 16:59:39 - [TEST_CASE][FAILED] - Test Cases/Edit-Upadate Visitor Tpye: Test Cases/Edit-Upadate Visitor Tpye FAILED because (of) Unable to click on object 'Object Repository/edit visitor types/button_Update' (Root cause: org.openqa.selenium.WebDriverException: unknown error: Element <button class="btn tezzacolor4 btn-sm" ng-show="btnupdateVisitor_type" ng-click="updateVisitor_type(visitorTypeForm.$valid,id)">...</button> is not clickable at point (667, 449). Other element would receive the click: <div class="tooltip-inner">...</div>
  (Session info: chrome=61.0.3163.100)
  (Driver info: chromedriver=2.31.488763 (092de99f48a300323ecf8c2a4e2e7cab51de5ba8),platform=Windows NT 6.3.9600 x86_64) (WARNING: The server did not provide any stacktrace information)
Command duration or timeout: 77 milliseconds
Build info: version: '2.53.0', revision: '35ae25b', time: '2016-03-15 17:00:58'
System info: host: 'STEGAHZ', ip: '192.168.56.1', os.name: 'Windows 8.1', os.arch: 'amd64', os.version: '6.3', java.version: '1.8.0_102'
Driver info: com.kms.katalon.selenium.driver.CChromeDriver
Capabilities [{applicationCacheEnabled=false, rotatable=false, mobileEmulationEnabled=false, networkConnectionEnabled=false, chrome={chromedriverVersion=2.31.488763 (092de99f48a300323ecf8c2a4e2e7cab51de5ba8), userDataDir=C:\Users\Stella\AppData\Local\Temp\scoped_dir8216_22575}, takesHeapSnapshot=true, pageLoadStrategy=normal, databaseEnabled=false, handlesAlerts=true, hasTouchScreen=false, version=61.0.3163.100, platform=WIN8_1, browserConnectionEnabled=false, nativeEvents=true, acceptSslCerts=true, locationContextEnabled=true, webStorageEnabled=true, browserName=chrome, takesScreenshot=true, javascriptEnabled=true, cssSelectorsEnabled=true, setWindowRect=true, unexpectedAlertBehaviour=}]
Session ID: 56c97ab81716fe5ed042b8cd428bdf93)

2017-10-04 16:59:39 - [TEST_STEP][PASSED] - callTestCase: Call Test Case 'Test Cases/LOGIN' successfully

2017-10-04 16:59:39 - [TEST_CASE][PASSED] - Test Cases/LOGIN: Test Cases/LOGIN

2017-10-04 16:59:40 - [TEST_STEP][PASSED] - openBrowser: Browser is opened with url: 'https://sandbox.vsms.tezzasolutions.com/index'

2017-10-04 16:59:40 - [MESSAGE][WARNING] - A browser is already opened. Closing browser and opening a new one

2017-10-04 16:59:57 - [MESSAGE][PASSED] - Browser is opened with url: 'https://sandbox.vsms.tezzasolutions.com/index'

2017-10-04 16:59:57 - [TEST_STEP][PASSED] - click: Object: 'Object Repository/login/a_Log in' is clicked on

2017-10-04 16:59:59 - [MESSAGE][PASSED] - Object: 'Object Repository/login/a_Log in' is clicked on

2017-10-04 16:59:59 - [TEST_STEP][PASSED] - setText: Text 'stella.ireri@tezzasolutions.com' is set on object 'Object Repository/login/input_email'

2017-10-04 17:00:00 - [MESSAGE][PASSED] - Text 'stella.ireri@tezzasolutions.com' is set on object 'Object Repository/login/input_email'

2017-10-04 17:00:00 - [TEST_STEP][PASSED] - setText: Text 'adminPass' is set on object 'Object Repository/login/input_password'

2017-10-04 17:00:00 - [MESSAGE][PASSED] - Text 'adminPass' is set on object 'Object Repository/login/input_password'

2017-10-04 17:00:00 - [TEST_STEP][PASSED] - click: Object: 'Object Repository/login/button_Login' is clicked on

2017-10-04 17:00:02 - [MESSAGE][PASSED] - Object: 'Object Repository/login/button_Login' is clicked on

2017-10-04 17:00:02 - [MESSAGE][PASSED] - Call Test Case 'Test Cases/LOGIN' successfully

2017-10-04 17:00:02 - [TEST_STEP][PASSED] - click: Object: 'Object Repository/Visitor Types/a_Modules' is clicked on

2017-10-04 17:00:03 - [MESSAGE][PASSED] - Object: 'Object Repository/Visitor Types/a_Modules' is clicked on

2017-10-04 17:00:03 - [TEST_STEP][PASSED] - click: Object: 'Object Repository/Visitor Types/a_User  Management' is clicked on

2017-10-04 17:00:03 - [MESSAGE][PASSED] - Object: 'Object Repository/Visitor Types/a_User  Management' is clicked on

2017-10-04 17:00:03 - [TEST_STEP][PASSED] - click: Object: 'Object Repository/Visitor Types/a_User Settings' is clicked on

2017-10-04 17:00:05 - [MESSAGE][PASSED] - Object: 'Object Repository/Visitor Types/a_User Settings' is clicked on

2017-10-04 17:00:05 - [TEST_STEP][PASSED] - maximizeWindow: Current window maximized

2017-10-04 17:00:06 - [MESSAGE][PASSED] - Current window maximized

2017-10-04 17:00:06 - [TEST_STEP][PASSED] - click: Object: 'Object Repository/Visitor Types/a_Manage Visitor Types' is clicked on

2017-10-04 17:00:06 - [MESSAGE][PASSED] - Object: 'Object Repository/Visitor Types/a_Manage Visitor Types' is clicked on

2017-10-04 17:00:06 - [TEST_STEP][PASSED] - verifyElementPresent: Object 'Object Repository/Visitor Types/legend_Visitor Types' is present

2017-10-04 17:00:06 - [MESSAGE][PASSED] - Object 'Object Repository/Visitor Types/legend_Visitor Types' is present

2017-10-04 17:00:06 - [TEST_STEP][PASSED] - click: Object: 'Object Repository/edit visitor types/i_editvisitorbtn' is clicked on

2017-10-04 17:00:07 - [MESSAGE][PASSED] - Object: 'Object Repository/edit visitor types/i_editvisitorbtn' is clicked on

2017-10-04 17:00:07 - [TEST_STEP][PASSED] - setText: Text 'existing' is set on object 'Object Repository/edit visitor types/input_name'

2017-10-04 17:00:07 - [MESSAGE][PASSED] - Text 'existing' is set on object 'Object Repository/edit visitor types/input_name'

2017-10-04 17:00:07 - [TEST_STEP][PASSED] - setText: Text 'existing visitors' is set on object 'Object Repository/edit visitor types/textarea_description'

2017-10-04 17:00:07 - [MESSAGE][PASSED] - Text 'existing visitors' is set on object 'Object Repository/edit visitor types/textarea_description'

2017-10-04 17:00:07 - [TEST_STEP][FAILED] - click: Unable to click on object 'Object Repository/edit visitor types/button_Update' (Root cause: org.openqa.selenium.WebDriverException: unknown error: Element <button class="btn tezzacolor4 btn-sm" ng-show="btnupdateVisitor_type" ng-click="updateVisitor_type(visitorTypeForm.$valid,id)">...</button> is not clickable at point (667, 449). Other element would receive the click: <div class="tooltip-inner">...</div>
  (Session info: chrome=61.0.3163.100)
  (Driver info: chromedriver=2.31.488763 (092de99f48a300323ecf8c2a4e2e7cab51de5ba8),platform=Windows NT 6.3.9600 x86_64) (WARNING: The server did not provide any stacktrace information)
Command duration or timeout: 77 milliseconds
Build info: version: '2.53.0', revision: '35ae25b', time: '2016-03-15 17:00:58'
System info: host: 'STEGAHZ', ip: '192.168.56.1', os.name: 'Windows 8.1', os.arch: 'amd64', os.version: '6.3', java.version: '1.8.0_102'
Driver info: com.kms.katalon.selenium.driver.CChromeDriver
Capabilities [{applicationCacheEnabled=false, rotatable=false, mobileEmulationEnabled=false, networkConnectionEnabled=false, chrome={chromedriverVersion=2.31.488763 (092de99f48a300323ecf8c2a4e2e7cab51de5ba8), userDataDir=C:\Users\Stella\AppData\Local\Temp\scoped_dir8216_22575}, takesHeapSnapshot=true, pageLoadStrategy=normal, databaseEnabled=false, handlesAlerts=true, hasTouchScreen=false, version=61.0.3163.100, platform=WIN8_1, browserConnectionEnabled=false, nativeEvents=true, acceptSslCerts=true, locationContextEnabled=true, webStorageEnabled=true, browserName=chrome, takesScreenshot=true, javascriptEnabled=true, cssSelectorsEnabled=true, setWindowRect=true, unexpectedAlertBehaviour=}]
Session ID: 56c97ab81716fe5ed042b8cd428bdf93)

2017-10-04 17:00:08 - [MESSAGE][FAILED] - Unable to click on object 'Object Repository/edit visitor types/button_Update' (Root cause: org.openqa.selenium.WebDriverException: unknown error: Element <button class="btn tezzacolor4 btn-sm" ng-show="btnupdateVisitor_type" ng-click="updateVisitor_type(visitorTypeForm.$valid,id)">...</button> is not clickable at point (667, 449). Other element would receive the click: <div class="tooltip-inner">...</div>
  (Session info: chrome=61.0.3163.100)
  (Driver info: chromedriver=2.31.488763 (092de99f48a300323ecf8c2a4e2e7cab51de5ba8),platform=Windows NT 6.3.9600 x86_64) (WARNING: The server did not provide any stacktrace information)
Command duration or timeout: 77 milliseconds
Build info: version: '2.53.0', revision: '35ae25b', time: '2016-03-15 17:00:58'
System info: host: 'STEGAHZ', ip: '192.168.56.1', os.name: 'Windows 8.1', os.arch: 'amd64', os.version: '6.3', java.version: '1.8.0_102'
Driver info: com.kms.katalon.selenium.driver.CChromeDriver
Capabilities [{applicationCacheEnabled=false, rotatable=false, mobileEmulationEnabled=false, networkConnectionEnabled=false, chrome={chromedriverVersion=2.31.488763 (092de99f48a300323ecf8c2a4e2e7cab51de5ba8), userDataDir=C:\Users\Stella\AppData\Local\Temp\scoped_dir8216_22575}, takesHeapSnapshot=true, pageLoadStrategy=normal, databaseEnabled=false, handlesAlerts=true, hasTouchScreen=false, version=61.0.3163.100, platform=WIN8_1, browserConnectionEnabled=false, nativeEvents=true, acceptSslCerts=true, locationContextEnabled=true, webStorageEnabled=true, browserName=chrome, takesScreenshot=true, javascriptEnabled=true, cssSelectorsEnabled=true, setWindowRect=true, unexpectedAlertBehaviour=}]
Session ID: 56c97ab81716fe5ed042b8cd428bdf93)
[[ATTACHMENT|C:\\Users\\Stella\\git\\VSMS-Test-Automation\\Reports\\edit-update Visitor type\\20171004_165852\\1507125607889.png]]]]></system-out>
         <system-err><![CDATA[2017-10-04 16:59:39 - [TEST_CASE][FAILED] - Test Cases/Edit-Upadate Visitor Tpye: Test Cases/Edit-Upadate Visitor Tpye FAILED because (of) Unable to click on object 'Object Repository/edit visitor types/button_Update' (Root cause: org.openqa.selenium.WebDriverException: unknown error: Element <button class="btn tezzacolor4 btn-sm" ng-show="btnupdateVisitor_type" ng-click="updateVisitor_type(visitorTypeForm.$valid,id)">...</button> is not clickable at point (667, 449). Other element would receive the click: <div class="tooltip-inner">...</div>
  (Session info: chrome=61.0.3163.100)
  (Driver info: chromedriver=2.31.488763 (092de99f48a300323ecf8c2a4e2e7cab51de5ba8),platform=Windows NT 6.3.9600 x86_64) (WARNING: The server did not provide any stacktrace information)
Command duration or timeout: 77 milliseconds
Build info: version: '2.53.0', revision: '35ae25b', time: '2016-03-15 17:00:58'
System info: host: 'STEGAHZ', ip: '192.168.56.1', os.name: 'Windows 8.1', os.arch: 'amd64', os.version: '6.3', java.version: '1.8.0_102'
Driver info: com.kms.katalon.selenium.driver.CChromeDriver
Capabilities [{applicationCacheEnabled=false, rotatable=false, mobileEmulationEnabled=false, networkConnectionEnabled=false, chrome={chromedriverVersion=2.31.488763 (092de99f48a300323ecf8c2a4e2e7cab51de5ba8), userDataDir=C:\Users\Stella\AppData\Local\Temp\scoped_dir8216_22575}, takesHeapSnapshot=true, pageLoadStrategy=normal, databaseEnabled=false, handlesAlerts=true, hasTouchScreen=false, version=61.0.3163.100, platform=WIN8_1, browserConnectionEnabled=false, nativeEvents=true, acceptSslCerts=true, locationContextEnabled=true, webStorageEnabled=true, browserName=chrome, takesScreenshot=true, javascriptEnabled=true, cssSelectorsEnabled=true, setWindowRect=true, unexpectedAlertBehaviour=}]
Session ID: 56c97ab81716fe5ed042b8cd428bdf93)]]></system-err>
      </testcase>
      <system-out><![CDATA[2017-10-04 16:58:56 - [TEST_SUITE][FAILED] - edit-update Visitor type: Test Cases/Edit-Upadate Visitor Tpye FAILED because (of) Unable to click on object 'Object Repository/edit visitor types/button_Update' (Root cause: org.openqa.selenium.WebDriverException: unknown error: Element <button class="btn tezzacolor4 btn-sm" ng-show="btnupdateVisitor_type" ng-click="updateVisitor_type(visitorTypeForm.$valid,id)">...</button> is not clickable at point (667, 449). Other element would receive the click: <div class="tooltip-inner">...</div>
  (Session info: chrome=61.0.3163.100)
  (Driver info: chromedriver=2.31.488763 (092de99f48a300323ecf8c2a4e2e7cab51de5ba8),platform=Windows NT 6.3.9600 x86_64) (WARNING: The server did not provide any stacktrace information)
Command duration or timeout: 77 milliseconds
Build info: version: '2.53.0', revision: '35ae25b', time: '2016-03-15 17:00:58'
System info: host: 'STEGAHZ', ip: '192.168.56.1', os.name: 'Windows 8.1', os.arch: 'amd64', os.version: '6.3', java.version: '1.8.0_102'
Driver info: com.kms.katalon.selenium.driver.CChromeDriver
Capabilities [{applicationCacheEnabled=false, rotatable=false, mobileEmulationEnabled=false, networkConnectionEnabled=false, chrome={chromedriverVersion=2.31.488763 (092de99f48a300323ecf8c2a4e2e7cab51de5ba8), userDataDir=C:\Users\Stella\AppData\Local\Temp\scoped_dir8216_22575}, takesHeapSnapshot=true, pageLoadStrategy=normal, databaseEnabled=false, handlesAlerts=true, hasTouchScreen=false, version=61.0.3163.100, platform=WIN8_1, browserConnectionEnabled=false, nativeEvents=true, acceptSslCerts=true, locationContextEnabled=true, webStorageEnabled=true, browserName=chrome, takesScreenshot=true, javascriptEnabled=true, cssSelectorsEnabled=true, setWindowRect=true, unexpectedAlertBehaviour=}]
Session ID: 56c97ab81716fe5ed042b8cd428bdf93)]]></system-out>
      <system-err><![CDATA[2017-10-04 16:58:56 - [TEST_SUITE][FAILED] - edit-update Visitor type: Test Cases/Edit-Upadate Visitor Tpye FAILED because (of) Unable to click on object 'Object Repository/edit visitor types/button_Update' (Root cause: org.openqa.selenium.WebDriverException: unknown error: Element <button class="btn tezzacolor4 btn-sm" ng-show="btnupdateVisitor_type" ng-click="updateVisitor_type(visitorTypeForm.$valid,id)">...</button> is not clickable at point (667, 449). Other element would receive the click: <div class="tooltip-inner">...</div>
  (Session info: chrome=61.0.3163.100)
  (Driver info: chromedriver=2.31.488763 (092de99f48a300323ecf8c2a4e2e7cab51de5ba8),platform=Windows NT 6.3.9600 x86_64) (WARNING: The server did not provide any stacktrace information)
Command duration or timeout: 77 milliseconds
Build info: version: '2.53.0', revision: '35ae25b', time: '2016-03-15 17:00:58'
System info: host: 'STEGAHZ', ip: '192.168.56.1', os.name: 'Windows 8.1', os.arch: 'amd64', os.version: '6.3', java.version: '1.8.0_102'
Driver info: com.kms.katalon.selenium.driver.CChromeDriver
Capabilities [{applicationCacheEnabled=false, rotatable=false, mobileEmulationEnabled=false, networkConnectionEnabled=false, chrome={chromedriverVersion=2.31.488763 (092de99f48a300323ecf8c2a4e2e7cab51de5ba8), userDataDir=C:\Users\Stella\AppData\Local\Temp\scoped_dir8216_22575}, takesHeapSnapshot=true, pageLoadStrategy=normal, databaseEnabled=false, handlesAlerts=true, hasTouchScreen=false, version=61.0.3163.100, platform=WIN8_1, browserConnectionEnabled=false, nativeEvents=true, acceptSslCerts=true, locationContextEnabled=true, webStorageEnabled=true, browserName=chrome, takesScreenshot=true, javascriptEnabled=true, cssSelectorsEnabled=true, setWindowRect=true, unexpectedAlertBehaviour=}]
Session ID: 56c97ab81716fe5ed042b8cd428bdf93)]]></system-err>
   </testsuite>
</testsuites>
