<?xml version="1.0" encoding="UTF-8"?>
<testsuites name="Sign Up" time="62" tests="1" failures="0" errors="0">
   <testsuite name="Sign Up" tests="1" failures="0" errors="0" time="62" timestamp="2017-10-03 21:00:28" hostname="ChweyaJnr - DESKTOP-QAVLP3L" id="Test Suites/Sign Up/Sign Up">
      <properties>
         <property name="deviceName" value=""/>
         <property name="devicePlatform" value=""/>
         <property name="logFolder" value="C:\\Users\\ChweyaJnr\\git\\VSMS-Test-Automation\\Reports\\Sign Up\\Sign Up\\20171003_210021"/>
         <property name="logFiles" value="C:\\Users\\ChweyaJnr\\git\\VSMS-Test-Automation\\Reports\\Sign Up\\Sign Up\\20171003_210021\\execution0.log"/>
         <property name="attachments" value=""/>
         <property name="hostName" value="ChweyaJnr - DESKTOP-QAVLP3L"/>
         <property name="os" value="Windows 10 64bit"/>
         <property name="katalonVersion" value="4.8.0.2"/>
         <property name="browser" value="Chrome 61.0.3163.100"/>
         <property name="hostAddress" value="192.168.56.1"/>
         <property name="sessionId" value="469c9f5499f1d66f081b8fb91597072a"/>
         <property name="seleniumVersion" value="2.53.0"/>
         <property name="proxyInformation" value="ProxyInformation{proxyOption=NO_PROXY, proxyServerType=HTTP, password=, proxyServerAddress=, proxyServerPort=0}"/>
         <property name="platform" value="Windows 10"/>
      </properties>
      <testcase name="Test Cases/Creating New Account/Sign Up" classname="Test Cases/Creating New Account/Sign Up" status="PASSED">
         <system-out><![CDATA[2017-10-03 21:00:28 - [TEST_CASE][PASSED] - Test Cases/Creating New Account/Sign Up: Test Cases/Creating New Account/Sign Up

2017-10-03 21:00:29 - [TEST_STEP][PASSED] - openBrowser: Browser is opened with url: ''

2017-10-03 21:00:33 - [MESSAGE][PASSED] - Browser is opened with url: ''

2017-10-03 21:00:33 - [TEST_STEP][PASSED] - navigateToUrl: Navigate to 'https://sandbox.vsms.tezzasolutions.com/index' successfully

2017-10-03 21:00:50 - [MESSAGE][PASSED] - Navigate to 'https://sandbox.vsms.tezzasolutions.com/index' successfully

2017-10-03 21:00:50 - [TEST_STEP][PASSED] - click: Object: 'Object Repository/Sign Up/Page_VSMS Overview/a_Log in' is clicked on

2017-10-03 21:00:54 - [MESSAGE][PASSED] - Object: 'Object Repository/Sign Up/Page_VSMS Overview/a_Log in' is clicked on

2017-10-03 21:00:54 - [TEST_STEP][PASSED] - maximizeWindow: Current window maximized

2017-10-03 21:00:55 - [MESSAGE][PASSED] - Current window maximized

2017-10-03 21:00:55 - [TEST_STEP][PASSED] - click: Object: 'Object Repository/Sign Up/Page_Visitor Security Management Sy/a_Dont have an account' is clicked on

2017-10-03 21:00:57 - [MESSAGE][PASSED] - Object: 'Object Repository/Sign Up/Page_Visitor Security Management Sy/a_Dont have an account' is clicked on

2017-10-03 21:00:57 - [TEST_STEP][PASSED] - click: Object: 'Object Repository/Sign Up/Page_VSMS Pricing/a_Subscribe' is clicked on

2017-10-03 21:01:14 - [MESSAGE][PASSED] - Object: 'Object Repository/Sign Up/Page_VSMS Pricing/a_Subscribe' is clicked on

2017-10-03 21:01:14 - [TEST_STEP][PASSED] - setText: Text 'Tezza Test' is set on object 'Object Repository/Sign Up/Page_VSMS VSMS Sign Up/input_tenant_name'

2017-10-03 21:01:15 - [MESSAGE][PASSED] - Text 'Tezza Test' is set on object 'Object Repository/Sign Up/Page_VSMS VSMS Sign Up/input_tenant_name'

2017-10-03 21:01:15 - [TEST_STEP][PASSED] - setText: Text 'Chweya' is set on object 'Object Repository/Sign Up/Page_VSMS VSMS Sign Up/input_first_name'

2017-10-03 21:01:15 - [MESSAGE][PASSED] - Text 'Chweya' is set on object 'Object Repository/Sign Up/Page_VSMS VSMS Sign Up/input_first_name'

2017-10-03 21:01:15 - [TEST_STEP][PASSED] - setText: Text 'Charles' is set on object 'Object Repository/Sign Up/Page_VSMS VSMS Sign Up/input_last_name'

2017-10-03 21:01:16 - [MESSAGE][PASSED] - Text 'Charles' is set on object 'Object Repository/Sign Up/Page_VSMS VSMS Sign Up/input_last_name'

2017-10-03 21:01:16 - [TEST_STEP][PASSED] - setText: Text 'charles.chweyaa@tezzasolutions.com' is set on object 'Object Repository/Sign Up/Page_VSMS VSMS Sign Up/input_tenant_email'

2017-10-03 21:01:16 - [MESSAGE][PASSED] - Text 'charles.chweyaa@tezzasolutions.com' is set on object 'Object Repository/Sign Up/Page_VSMS VSMS Sign Up/input_tenant_email'

2017-10-03 21:01:16 - [TEST_STEP][PASSED] - setText: Text '0725165219' is set on object 'Object Repository/Sign Up/Page_VSMS VSMS Sign Up/input_tenant_phone'

2017-10-03 21:01:17 - [MESSAGE][PASSED] - Text '0725165219' is set on object 'Object Repository/Sign Up/Page_VSMS VSMS Sign Up/input_tenant_phone'

2017-10-03 21:01:17 - [TEST_STEP][PASSED] - delay: Delayed 5 second(s)

2017-10-03 21:01:22 - [MESSAGE][PASSED] - Delayed 5 second(s)

2017-10-03 21:01:22 - [TEST_STEP][NOT_RUN] - click: NOT_RUN: click

2017-10-03 21:01:22 - [MESSAGE][NOT_RUN] - NOT_RUN: click

2017-10-03 21:01:22 - [TEST_STEP][NOT_RUN] - setText: NOT_RUN: setText

2017-10-03 21:01:22 - [MESSAGE][NOT_RUN] - NOT_RUN: setText

2017-10-03 21:01:22 - [TEST_STEP][PASSED] - selectOptionByValue: All options with value 'KES' are selected in object 'Object Repository/Sign Up/Page_VSMS VSMS Sign Up/select_currency'  using regular expression

2017-10-03 21:01:22 - [MESSAGE][PASSED] - All options with value 'KES' are selected in object 'Object Repository/Sign Up/Page_VSMS VSMS Sign Up/select_currency'  using regular expression

2017-10-03 21:01:22 - [TEST_STEP][NOT_RUN] - click: NOT_RUN: click

2017-10-03 21:01:22 - [MESSAGE][NOT_RUN] - NOT_RUN: click

2017-10-03 21:01:22 - [TEST_STEP][PASSED] - click: Object: 'Object Repository/Sign Up/Page_VSMS VSMS Sign Up/button_Subscribe' is clicked on

2017-10-03 21:01:23 - [MESSAGE][PASSED] - Object: 'Object Repository/Sign Up/Page_VSMS VSMS Sign Up/button_Subscribe' is clicked on

2017-10-03 21:01:23 - [TEST_STEP][PASSED] - delay: Delayed 6 second(s)

2017-10-03 21:01:29 - [MESSAGE][PASSED] - Delayed 6 second(s)

2017-10-03 21:01:29 - [TEST_STEP][PASSED] - closeBrowser: Browser is closed

2017-10-03 21:01:30 - [MESSAGE][PASSED] - Browser is closed]]></system-out>
         <system-err><![CDATA[]]></system-err>
      </testcase>
      <system-out><![CDATA[2017-10-03 21:00:28 - [TEST_SUITE][PASSED] - Sign Up: Test Cases/Creating New Account/Sign Up]]></system-out>
      <system-err><![CDATA[]]></system-err>
   </testsuite>
</testsuites>
