<?xml version="1.0" encoding="UTF-8"?>
<testsuites name="Login" time="57" tests="3" failures="0" errors="0">
   <testsuite name="Login" tests="3" failures="0" errors="0" time="57" timestamp="2017-10-19 09:56:36" hostname="ChweyaJnr - 192.168.56.1" id="Test Suites/Login/Login">
      <properties>
         <property name="deviceName" value=""/>
         <property name="devicePlatform" value=""/>
         <property name="logFolder" value="C:\\Users\\ChweyaJnr\\git\\VSMS-Test-Automation\\Reports\\Login\\Login\\20171019_095632"/>
         <property name="logFiles" value="C:\\Users\\ChweyaJnr\\git\\VSMS-Test-Automation\\Reports\\Login\\Login\\20171019_095632\\execution0.log"/>
         <property name="attachments" value=""/>
         <property name="hostName" value="ChweyaJnr - 192.168.56.1"/>
         <property name="os" value="Windows 10 64bit"/>
         <property name="katalonVersion" value="4.8.0.2"/>
         <property name="browser" value="Chrome 61.0.3163.100"/>
         <property name="hostAddress" value="192.168.56.1"/>
         <property name="sessionId" value="36c8566893e8d8812d090e981b359fb1"/>
         <property name="seleniumVersion" value="2.53.0"/>
         <property name="proxyInformation" value="ProxyInformation{proxyOption=NO_PROXY, proxyServerType=HTTP, password=, proxyServerAddress=, proxyServerPort=0}"/>
         <property name="platform" value="Windows 10"/>
      </properties>
      <testcase name="Test Cases/Login Module/LOGIN - Iteration 1" classname="Test Cases/Login Module/LOGIN" status="PASSED">
         <system-out><![CDATA[2017-10-19 09:56:37 - [TEST_CASE][PASSED] - Test Cases/Login Module/LOGIN - Iteration 1: Test Cases/Login Module/LOGIN

2017-10-19 09:56:38 - [TEST_STEP][PASSED] - openBrowser: Browser is opened with url: 'https://sandbox.vsms.tezzasolutions.com/index'

2017-10-19 09:56:54 - [MESSAGE][PASSED] - Browser is opened with url: 'https://sandbox.vsms.tezzasolutions.com/index'

2017-10-19 09:56:54 - [TEST_STEP][PASSED] - maximizeWindow: Current window maximized

2017-10-19 09:56:55 - [MESSAGE][PASSED] - Current window maximized

2017-10-19 09:56:55 - [TEST_STEP][PASSED] - click: Object: 'Object Repository/login/a_Log in' is clicked on

2017-10-19 09:56:57 - [MESSAGE][PASSED] - Object: 'Object Repository/login/a_Log in' is clicked on

2017-10-19 09:56:57 - [TEST_STEP][PASSED] - setText: Text 'clarinenyauncho@gmail.com' is set on object 'Object Repository/login/input_email'

2017-10-19 09:56:57 - [MESSAGE][PASSED] - Text 'clarinenyauncho@gmail.com' is set on object 'Object Repository/login/input_email'

2017-10-19 09:56:57 - [TEST_STEP][PASSED] - setText: Text 'changeme' is set on object 'Object Repository/login/input_password'

2017-10-19 09:56:58 - [MESSAGE][PASSED] - Text 'changeme' is set on object 'Object Repository/login/input_password'

2017-10-19 09:56:58 - [TEST_STEP][PASSED] - click: Object: 'Object Repository/login/button_Login' is clicked on

2017-10-19 09:57:00 - [MESSAGE][PASSED] - Object: 'Object Repository/login/button_Login' is clicked on]]></system-out>
         <system-err><![CDATA[]]></system-err>
      </testcase>
      <testcase name="Test Cases/Login Module/LOGIN - Iteration 2" classname="Test Cases/Login Module/LOGIN" status="PASSED">
         <system-out><![CDATA[2017-10-19 09:57:00 - [TEST_CASE][PASSED] - Test Cases/Login Module/LOGIN - Iteration 2: Test Cases/Login Module/LOGIN

2017-10-19 09:57:00 - [TEST_STEP][PASSED] - openBrowser: Browser is opened with url: 'https://sandbox.vsms.tezzasolutions.com/index'

2017-10-19 09:57:00 - [MESSAGE][WARNING] - A browser is already opened. Closing browser and opening a new one

2017-10-19 09:57:11 - [MESSAGE][PASSED] - Browser is opened with url: 'https://sandbox.vsms.tezzasolutions.com/index'

2017-10-19 09:57:11 - [TEST_STEP][PASSED] - maximizeWindow: Current window maximized

2017-10-19 09:57:12 - [MESSAGE][PASSED] - Current window maximized

2017-10-19 09:57:12 - [TEST_STEP][PASSED] - click: Object: 'Object Repository/login/a_Log in' is clicked on

2017-10-19 09:57:14 - [MESSAGE][PASSED] - Object: 'Object Repository/login/a_Log in' is clicked on

2017-10-19 09:57:14 - [TEST_STEP][PASSED] - setText: Text 'clarinenyauncho@gmail.com' is set on object 'Object Repository/login/input_email'

2017-10-19 09:57:14 - [MESSAGE][PASSED] - Text 'clarinenyauncho@gmail.com' is set on object 'Object Repository/login/input_email'

2017-10-19 09:57:14 - [TEST_STEP][PASSED] - setText: Text 'changeme' is set on object 'Object Repository/login/input_password'

2017-10-19 09:57:15 - [MESSAGE][PASSED] - Text 'changeme' is set on object 'Object Repository/login/input_password'

2017-10-19 09:57:15 - [TEST_STEP][PASSED] - click: Object: 'Object Repository/login/button_Login' is clicked on

2017-10-19 09:57:17 - [MESSAGE][PASSED] - Object: 'Object Repository/login/button_Login' is clicked on]]></system-out>
         <system-err><![CDATA[]]></system-err>
      </testcase>
      <testcase name="Test Cases/Login Module/LOGIN - Iteration 3" classname="Test Cases/Login Module/LOGIN" status="PASSED">
         <system-out><![CDATA[2017-10-19 09:57:17 - [TEST_CASE][PASSED] - Test Cases/Login Module/LOGIN - Iteration 3: Test Cases/Login Module/LOGIN

2017-10-19 09:57:17 - [TEST_STEP][PASSED] - openBrowser: Browser is opened with url: 'https://sandbox.vsms.tezzasolutions.com/index'

2017-10-19 09:57:17 - [MESSAGE][WARNING] - A browser is already opened. Closing browser and opening a new one

2017-10-19 09:57:26 - [MESSAGE][PASSED] - Browser is opened with url: 'https://sandbox.vsms.tezzasolutions.com/index'

2017-10-19 09:57:26 - [TEST_STEP][PASSED] - maximizeWindow: Current window maximized

2017-10-19 09:57:28 - [MESSAGE][PASSED] - Current window maximized

2017-10-19 09:57:28 - [TEST_STEP][PASSED] - click: Object: 'Object Repository/login/a_Log in' is clicked on

2017-10-19 09:57:29 - [MESSAGE][PASSED] - Object: 'Object Repository/login/a_Log in' is clicked on

2017-10-19 09:57:29 - [TEST_STEP][PASSED] - setText: Text 'clarinenyauncho@gmail.com' is set on object 'Object Repository/login/input_email'

2017-10-19 09:57:30 - [MESSAGE][PASSED] - Text 'clarinenyauncho@gmail.com' is set on object 'Object Repository/login/input_email'

2017-10-19 09:57:30 - [TEST_STEP][PASSED] - setText: Text 'changeme' is set on object 'Object Repository/login/input_password'

2017-10-19 09:57:30 - [MESSAGE][PASSED] - Text 'changeme' is set on object 'Object Repository/login/input_password'

2017-10-19 09:57:30 - [TEST_STEP][PASSED] - click: Object: 'Object Repository/login/button_Login' is clicked on

2017-10-19 09:57:32 - [MESSAGE][PASSED] - Object: 'Object Repository/login/button_Login' is clicked on]]></system-out>
         <system-err><![CDATA[]]></system-err>
      </testcase>
      <system-out><![CDATA[2017-10-19 09:56:36 - [TEST_SUITE][PASSED] - Login: Test Cases/Login Module/LOGIN]]></system-out>
      <system-err><![CDATA[]]></system-err>
   </testsuite>
</testsuites>
