<?xml version="1.0" encoding="UTF-8"?>
<testsuites name="Add New User" time="36" tests="0" failures="1" errors="0">
   <testsuite name="Add New User" tests="0" failures="1" errors="0" time="36" timestamp="2017-10-04 11:00:25" hostname="ChweyaJnr - 192.168.56.1" id="Test Suites/Add New User/Add New User">
      <properties>
         <property name="deviceName" value=""/>
         <property name="devicePlatform" value=""/>
         <property name="logFolder" value="C:\\Users\\ChweyaJnr\\git\\VSMS-Test-Automation\\Reports\\Add New User\\Add New User\\20171004_110023"/>
         <property name="logFiles" value="C:\\Users\\ChweyaJnr\\git\\VSMS-Test-Automation\\Reports\\Add New User\\Add New User\\20171004_110023\\execution0.log"/>
         <property name="attachments" value="C:\\Users\\ChweyaJnr\\git\\VSMS-Test-Automation\\Reports\\Add New User\\Add New User\\20171004_110023\\1507104060331.png"/>
         <property name="hostName" value="ChweyaJnr - 192.168.56.1"/>
         <property name="os" value="Windows 10 64bit"/>
         <property name="katalonVersion" value="4.8.0.2"/>
         <property name="browser" value="Chrome 61.0.3163.100"/>
         <property name="hostAddress" value="192.168.56.1"/>
         <property name="sessionId" value="3da379b2fcde97edaae60a075d395007"/>
         <property name="seleniumVersion" value="2.53.0"/>
         <property name="proxyInformation" value="ProxyInformation{proxyOption=NO_PROXY, proxyServerType=HTTP, password=, proxyServerAddress=, proxyServerPort=0}"/>
         <property name="platform" value="Windows 10"/>
      </properties>
      <testcase name="Test Cases/Add New User/New User" classname="Test Cases/Add New User/New User" status="FAILED">
         <failure type="FAILED" message="com.kms.katalon.core.webui.exception.WebElementNotFoundException: Web element with id: 'Object Repository/Create New User/Add New User Objects/p_New user has been added succ' located by 'By.xpath: //p[count(. | //*[contains(.,'New user has been added successfully!')]) = count(//*[contains(.,'New user has been added successfully!')])]' not found"/>
         <system-out><![CDATA[2017-10-04 11:00:26 - [TEST_CASE][FAILED] - Test Cases/Add New User/New User: Test Cases/Add New User/New User FAILED because (of) com.kms.katalon.core.webui.exception.WebElementNotFoundException: Web element with id: 'Object Repository/Create New User/Add New User Objects/p_New user has been added succ' located by 'By.xpath: //p[count(. | //*[contains(.,'New user has been added successfully!')]) = count(//*[contains(.,'New user has been added successfully!')])]' not found

2017-10-04 11:00:27 - [TEST_STEP][PASSED] - openBrowser: Browser is opened with url: ''

2017-10-04 11:00:30 - [MESSAGE][PASSED] - Browser is opened with url: ''

2017-10-04 11:00:30 - [TEST_STEP][PASSED] - navigateToUrl: Navigate to 'https://sandbox.vsms.tezzasolutions.com/index' successfully

2017-10-04 11:00:36 - [MESSAGE][PASSED] - Navigate to 'https://sandbox.vsms.tezzasolutions.com/index' successfully

2017-10-04 11:00:36 - [TEST_STEP][PASSED] - click: Object: 'Object Repository/Create New User/Login Page Objects/a_Log in' is clicked on

2017-10-04 11:00:38 - [MESSAGE][PASSED] - Object: 'Object Repository/Create New User/Login Page Objects/a_Log in' is clicked on

2017-10-04 11:00:38 - [TEST_STEP][PASSED] - setText: Text 'clarinenyauncho@gmail.com' is set on object 'Object Repository/Create New User/Login Page Objects/input_email'

2017-10-04 11:00:39 - [MESSAGE][PASSED] - Text 'clarinenyauncho@gmail.com' is set on object 'Object Repository/Create New User/Login Page Objects/input_email'

2017-10-04 11:00:39 - [TEST_STEP][PASSED] - setText: Text 'changeme' is set on object 'Object Repository/Create New User/Login Page Objects/input_password'

2017-10-04 11:00:39 - [MESSAGE][PASSED] - Text 'changeme' is set on object 'Object Repository/Create New User/Login Page Objects/input_password'

2017-10-04 11:00:39 - [TEST_STEP][PASSED] - click: Object: 'Object Repository/Create New User/Login Page Objects/button_Login' is clicked on

2017-10-04 11:00:41 - [MESSAGE][PASSED] - Object: 'Object Repository/Create New User/Login Page Objects/button_Login' is clicked on

2017-10-04 11:00:41 - [TEST_STEP][PASSED] - click: Object: 'Object Repository/Create New User/Module Dropdown Objects/Modules dropdown' is clicked on

2017-10-04 11:00:41 - [MESSAGE][PASSED] - Object: 'Object Repository/Create New User/Module Dropdown Objects/Modules dropdown' is clicked on

2017-10-04 11:00:41 - [TEST_STEP][PASSED] - click: Object: 'Object Repository/Create New User/Module Dropdown Objects/User Management Dropdown' is clicked on

2017-10-04 11:00:42 - [MESSAGE][PASSED] - Object: 'Object Repository/Create New User/Module Dropdown Objects/User Management Dropdown' is clicked on

2017-10-04 11:00:42 - [TEST_STEP][PASSED] - click: Object: 'Object Repository/Create New User/Module Dropdown Objects/a_User' is clicked on

2017-10-04 11:00:43 - [MESSAGE][PASSED] - Object: 'Object Repository/Create New User/Module Dropdown Objects/a_User' is clicked on

2017-10-04 11:00:43 - [TEST_STEP][PASSED] - maximizeWindow: Current window maximized

2017-10-04 11:00:44 - [MESSAGE][PASSED] - Current window maximized

2017-10-04 11:00:44 - [TEST_STEP][PASSED] - click: Object: 'Object Repository/Create New User/Add New User Objects/a_Add New' is clicked on

2017-10-04 11:00:44 - [MESSAGE][PASSED] - Object: 'Object Repository/Create New User/Add New User Objects/a_Add New' is clicked on

2017-10-04 11:00:44 - [TEST_STEP][PASSED] - delay: Delayed 5 second(s)

2017-10-04 11:00:49 - [MESSAGE][PASSED] - Delayed 5 second(s)

2017-10-04 11:00:49 - [TEST_STEP][PASSED] - setText: Text 'Chalo' is set on object 'Object Repository/Create New User/Add New User Objects/input_firstname'

2017-10-04 11:00:50 - [MESSAGE][PASSED] - Text 'Chalo' is set on object 'Object Repository/Create New User/Add New User Objects/input_firstname'

2017-10-04 11:00:50 - [TEST_STEP][PASSED] - setText: Text 'Chweya' is set on object 'Object Repository/Create New User/Add New User Objects/input_lastname'

2017-10-04 11:00:50 - [MESSAGE][PASSED] - Text 'Chweya' is set on object 'Object Repository/Create New User/Add New User Objects/input_lastname'

2017-10-04 11:00:50 - [TEST_STEP][PASSED] - setText: Text 'Chweya' is set on object 'Object Repository/Create New User/Add New User Objects/input_job_title'

2017-10-04 11:00:50 - [MESSAGE][PASSED] - Text 'Chweya' is set on object 'Object Repository/Create New User/Add New User Objects/input_job_title'

2017-10-04 11:00:50 - [TEST_STEP][PASSED] - selectOptionByValue: All options with value 'number:71' are selected in object 'Object Repository/Create New User/Add New User Objects/select_department_id'  using regular expression

2017-10-04 11:00:51 - [MESSAGE][PASSED] - All options with value 'number:71' are selected in object 'Object Repository/Create New User/Add New User Objects/select_department_id'  using regular expression

2017-10-04 11:00:51 - [TEST_STEP][PASSED] - setText: Text 'chweyaacharles@gmail.com' is set on object 'Object Repository/Create New User/Add New User Objects/input_email (3)'

2017-10-04 11:00:51 - [MESSAGE][PASSED] - Text 'chweyaacharles@gmail.com' is set on object 'Object Repository/Create New User/Add New User Objects/input_email (3)'

2017-10-04 11:00:51 - [TEST_STEP][PASSED] - click: Object: 'Object Repository/Create New User/Add New User Objects/div_selected-flag' is clicked on

2017-10-04 11:00:52 - [MESSAGE][PASSED] - Object: 'Object Repository/Create New User/Add New User Objects/div_selected-flag' is clicked on

2017-10-04 11:00:52 - [TEST_STEP][PASSED] - click: Object: 'Object Repository/Create New User/Add New User Objects/li_country highlight' is clicked on

2017-10-04 11:00:52 - [MESSAGE][PASSED] - Object: 'Object Repository/Create New User/Add New User Objects/li_country highlight' is clicked on

2017-10-04 11:00:52 - [TEST_STEP][PASSED] - setText: Text '0725165229' is set on object 'Object Repository/Create New User/Add New User Objects/input_phone'

2017-10-04 11:00:53 - [MESSAGE][PASSED] - Text '0725165229' is set on object 'Object Repository/Create New User/Add New User Objects/input_phone'

2017-10-04 11:00:53 - [TEST_STEP][PASSED] - click: Object: 'Object Repository/Create New User/Add New User Objects/input_is_staff' is clicked on

2017-10-04 11:00:53 - [MESSAGE][PASSED] - Object: 'Object Repository/Create New User/Add New User Objects/input_is_staff' is clicked on

2017-10-04 11:00:53 - [TEST_STEP][PASSED] - click: Object: 'Object Repository/Create New User/Add New User Objects/input_IsEnabled' is clicked on

2017-10-04 11:00:53 - [MESSAGE][PASSED] - Object: 'Object Repository/Create New User/Add New User Objects/input_IsEnabled' is clicked on

2017-10-04 11:00:53 - [TEST_STEP][PASSED] - click: Object: 'Object Repository/Create New User/Add New User Objects/button_Create User' is clicked on

2017-10-04 11:00:53 - [MESSAGE][PASSED] - Object: 'Object Repository/Create New User/Add New User Objects/button_Create User' is clicked on

2017-10-04 11:00:53 - [TEST_STEP][FAILED] - verifyElementPresent: com.kms.katalon.core.webui.exception.WebElementNotFoundException: Web element with id: 'Object Repository/Create New User/Add New User Objects/p_New user has been added succ' located by 'By.xpath: //p[count(. | //*[contains(.,'New user has been added successfully!')]) = count(//*[contains(.,'New user has been added successfully!')])]' not found

2017-10-04 11:01:00 - [MESSAGE][FAILED] - com.kms.katalon.core.webui.exception.WebElementNotFoundException: Web element with id: 'Object Repository/Create New User/Add New User Objects/p_New user has been added succ' located by 'By.xpath: //p[count(. | //*[contains(.,'New user has been added successfully!')]) = count(//*[contains(.,'New user has been added successfully!')])]' not found
[[ATTACHMENT|C:\\Users\\ChweyaJnr\\git\\VSMS-Test-Automation\\Reports\\Add New User\\Add New User\\20171004_110023\\1507104060331.png]]

2017-10-04 11:01:00 - [TEST_STEP][PASSED] - closeBrowser: Browser is closed

2017-10-04 11:01:02 - [MESSAGE][PASSED] - Browser is closed]]></system-out>
         <system-err><![CDATA[2017-10-04 11:00:26 - [TEST_CASE][FAILED] - Test Cases/Add New User/New User: Test Cases/Add New User/New User FAILED because (of) com.kms.katalon.core.webui.exception.WebElementNotFoundException: Web element with id: 'Object Repository/Create New User/Add New User Objects/p_New user has been added succ' located by 'By.xpath: //p[count(. | //*[contains(.,'New user has been added successfully!')]) = count(//*[contains(.,'New user has been added successfully!')])]' not found]]></system-err>
      </testcase>
      <system-out><![CDATA[2017-10-04 11:00:25 - [TEST_SUITE][FAILED] - Add New User: Test Cases/Add New User/New User FAILED because (of) com.kms.katalon.core.webui.exception.WebElementNotFoundException: Web element with id: 'Object Repository/Create New User/Add New User Objects/p_New user has been added succ' located by 'By.xpath: //p[count(. | //*[contains(.,'New user has been added successfully!')]) = count(//*[contains(.,'New user has been added successfully!')])]' not found]]></system-out>
      <system-err><![CDATA[2017-10-04 11:00:25 - [TEST_SUITE][FAILED] - Add New User: Test Cases/Add New User/New User FAILED because (of) com.kms.katalon.core.webui.exception.WebElementNotFoundException: Web element with id: 'Object Repository/Create New User/Add New User Objects/p_New user has been added succ' located by 'By.xpath: //p[count(. | //*[contains(.,'New user has been added successfully!')]) = count(//*[contains(.,'New user has been added successfully!')])]' not found]]></system-err>
   </testsuite>
</testsuites>
