<?xml version="1.0" encoding="UTF-8"?>
<testsuites name="Forgot Password" time="24" tests="0" failures="1" errors="0">
   <testsuite name="Forgot Password" tests="0" failures="1" errors="0" time="24" timestamp="2017-10-04 13:21:23" hostname="ChweyaJnr - 192.168.56.1" id="Test Suites/Forgot Password/Forgot Password">
      <properties>
         <property name="deviceName" value=""/>
         <property name="devicePlatform" value=""/>
         <property name="logFolder" value="C:\\Users\\ChweyaJnr\\git\\VSMS-Test-Automation\\Reports\\Forgot Password\\Forgot Password\\20171004_132121"/>
         <property name="logFiles" value="C:\\Users\\ChweyaJnr\\git\\VSMS-Test-Automation\\Reports\\Forgot Password\\Forgot Password\\20171004_132121\\execution0.log"/>
         <property name="attachments" value="C:\\Users\\ChweyaJnr\\git\\VSMS-Test-Automation\\Reports\\Forgot Password\\Forgot Password\\20171004_132121\\1507112506542.png"/>
         <property name="hostName" value="ChweyaJnr - 192.168.56.1"/>
         <property name="os" value="Windows 10 64bit"/>
         <property name="katalonVersion" value="4.8.0.2"/>
         <property name="browser" value="Chrome 61.0.3163.100"/>
         <property name="hostAddress" value="192.168.56.1"/>
         <property name="sessionId" value="a6396e3df79fe3d423f9814a45293e55"/>
         <property name="seleniumVersion" value="2.53.0"/>
         <property name="proxyInformation" value="ProxyInformation{proxyOption=NO_PROXY, proxyServerType=HTTP, password=, proxyServerAddress=, proxyServerPort=0}"/>
         <property name="platform" value="Windows 10"/>
      </properties>
      <testcase name="Test Cases/ForgotReset Password/Forgot Password" classname="Test Cases/ForgotReset Password/Forgot Password" status="FAILED">
         <failure type="FAILED" message="com.kms.katalon.core.webui.exception.WebElementNotFoundException: Web element with id: 'Object Repository/Forgot Password/Password Reset/div_We have e-mailed your pass' located by 'By.xpath: //div[count(. | //*[contains(.,'We have e-mailed your password reset link!')]) = count(//*[contains(.,'We have e-mailed your password reset link!')])]' not found"/>
         <system-out><![CDATA[2017-10-04 13:21:24 - [TEST_CASE][FAILED] - Test Cases/ForgotReset Password/Forgot Password: Test Cases/ForgotReset Password/Forgot Password FAILED because (of) com.kms.katalon.core.webui.exception.WebElementNotFoundException: Web element with id: 'Object Repository/Forgot Password/Password Reset/div_We have e-mailed your pass' located by 'By.xpath: //div[count(. | //*[contains(.,'We have e-mailed your password reset link!')]) = count(//*[contains(.,'We have e-mailed your password reset link!')])]' not found

2017-10-04 13:21:25 - [TEST_STEP][PASSED] - openBrowser: Browser is opened with url: ''

2017-10-04 13:21:29 - [MESSAGE][PASSED] - Browser is opened with url: ''

2017-10-04 13:21:29 - [TEST_STEP][PASSED] - navigateToUrl: Navigate to 'https://sandbox.vsms.tezzasolutions.com/index' successfully

2017-10-04 13:21:35 - [MESSAGE][PASSED] - Navigate to 'https://sandbox.vsms.tezzasolutions.com/index' successfully

2017-10-04 13:21:35 - [TEST_STEP][PASSED] - click: Object: 'Object Repository/Forgot Password/Forgot Password Link/a_Log in' is clicked on

2017-10-04 13:21:36 - [MESSAGE][PASSED] - Object: 'Object Repository/Forgot Password/Forgot Password Link/a_Log in' is clicked on

2017-10-04 13:21:36 - [TEST_STEP][PASSED] - click: Object: 'Object Repository/Forgot Password/Forgot Password Link/a_Forgot your password' is clicked on

2017-10-04 13:21:40 - [MESSAGE][PASSED] - Object: 'Object Repository/Forgot Password/Forgot Password Link/a_Forgot your password' is clicked on

2017-10-04 13:21:40 - [TEST_STEP][PASSED] - maximizeWindow: Current window maximized

2017-10-04 13:21:41 - [MESSAGE][PASSED] - Current window maximized

2017-10-04 13:21:41 - [TEST_STEP][PASSED] - setText: Text 'change@gmail.com' is set on object 'Object Repository/Forgot Password/Password Reset/input_email'

2017-10-04 13:21:41 - [MESSAGE][PASSED] - Text 'change@gmail.com' is set on object 'Object Repository/Forgot Password/Password Reset/input_email'

2017-10-04 13:21:41 - [TEST_STEP][PASSED] - click: Object: 'Object Repository/Forgot Password/Password Reset/button_Send Password Reset Lin' is clicked on

2017-10-04 13:21:44 - [MESSAGE][PASSED] - Object: 'Object Repository/Forgot Password/Password Reset/button_Send Password Reset Lin' is clicked on

2017-10-04 13:21:44 - [TEST_STEP][PASSED] - verifyElementPresent: Object 'Object Repository/Forgot Password/Password Reset/div_We cant find a user with t' is present

2017-10-04 13:21:44 - [MESSAGE][PASSED] - Object 'Object Repository/Forgot Password/Password Reset/div_We cant find a user with t' is present

2017-10-04 13:21:44 - [TEST_STEP][FAILED] - verifyElementPresent: com.kms.katalon.core.webui.exception.WebElementNotFoundException: Web element with id: 'Object Repository/Forgot Password/Password Reset/div_We have e-mailed your pass' located by 'By.xpath: //div[count(. | //*[contains(.,'We have e-mailed your password reset link!')]) = count(//*[contains(.,'We have e-mailed your password reset link!')])]' not found

2017-10-04 13:21:46 - [MESSAGE][FAILED] - com.kms.katalon.core.webui.exception.WebElementNotFoundException: Web element with id: 'Object Repository/Forgot Password/Password Reset/div_We have e-mailed your pass' located by 'By.xpath: //div[count(. | //*[contains(.,'We have e-mailed your password reset link!')]) = count(//*[contains(.,'We have e-mailed your password reset link!')])]' not found
[[ATTACHMENT|C:\\Users\\ChweyaJnr\\git\\VSMS-Test-Automation\\Reports\\Forgot Password\\Forgot Password\\20171004_132121\\1507112506542.png]]

2017-10-04 13:21:46 - [TEST_STEP][PASSED] - closeBrowser: Browser is closed

2017-10-04 13:21:48 - [MESSAGE][PASSED] - Browser is closed]]></system-out>
         <system-err><![CDATA[2017-10-04 13:21:24 - [TEST_CASE][FAILED] - Test Cases/ForgotReset Password/Forgot Password: Test Cases/ForgotReset Password/Forgot Password FAILED because (of) com.kms.katalon.core.webui.exception.WebElementNotFoundException: Web element with id: 'Object Repository/Forgot Password/Password Reset/div_We have e-mailed your pass' located by 'By.xpath: //div[count(. | //*[contains(.,'We have e-mailed your password reset link!')]) = count(//*[contains(.,'We have e-mailed your password reset link!')])]' not found]]></system-err>
      </testcase>
      <system-out><![CDATA[2017-10-04 13:21:23 - [TEST_SUITE][FAILED] - Forgot Password: Test Cases/ForgotReset Password/Forgot Password FAILED because (of) com.kms.katalon.core.webui.exception.WebElementNotFoundException: Web element with id: 'Object Repository/Forgot Password/Password Reset/div_We have e-mailed your pass' located by 'By.xpath: //div[count(. | //*[contains(.,'We have e-mailed your password reset link!')]) = count(//*[contains(.,'We have e-mailed your password reset link!')])]' not found]]></system-out>
      <system-err><![CDATA[2017-10-04 13:21:23 - [TEST_SUITE][FAILED] - Forgot Password: Test Cases/ForgotReset Password/Forgot Password FAILED because (of) com.kms.katalon.core.webui.exception.WebElementNotFoundException: Web element with id: 'Object Repository/Forgot Password/Password Reset/div_We have e-mailed your pass' located by 'By.xpath: //div[count(. | //*[contains(.,'We have e-mailed your password reset link!')]) = count(//*[contains(.,'We have e-mailed your password reset link!')])]' not found]]></system-err>
   </testsuite>
</testsuites>
