<?xml version="1.0" encoding="UTF-8"?>
<testsuites name="Add New User" time="37" tests="0" failures="1" errors="0">
   <testsuite name="Add New User" tests="0" failures="1" errors="0" time="37" timestamp="2017-10-13 12:21:22" hostname="ChweyaJnr - 192.168.56.1" id="Test Suites/User Management/User Module/Add New User">
      <properties>
         <property name="deviceName" value=""/>
         <property name="devicePlatform" value=""/>
         <property name="logFolder" value="C:\\Users\\ChweyaJnr\\git\\VSMS-Test-Automation\\Reports\\User Management\\User Module\\Add New User\\20171013_122119"/>
         <property name="logFiles" value="C:\\Users\\ChweyaJnr\\git\\VSMS-Test-Automation\\Reports\\User Management\\User Module\\Add New User\\20171013_122119\\execution0.log"/>
         <property name="attachments" value="C:\\Users\\ChweyaJnr\\git\\VSMS-Test-Automation\\Reports\\User Management\\User Module\\Add New User\\20171013_122119\\1507886518089.png"/>
         <property name="hostName" value="ChweyaJnr - 192.168.56.1"/>
         <property name="os" value="Windows 10 64bit"/>
         <property name="katalonVersion" value="4.8.0.2"/>
         <property name="browser" value="Chrome 61.0.3163.100"/>
         <property name="hostAddress" value="192.168.56.1"/>
         <property name="sessionId" value="237a294f1f178d8e805982f88b4918da"/>
         <property name="seleniumVersion" value="2.53.0"/>
         <property name="proxyInformation" value="ProxyInformation{proxyOption=NO_PROXY, proxyServerType=HTTP, password=, proxyServerAddress=, proxyServerPort=0}"/>
         <property name="platform" value="Windows 10"/>
      </properties>
      <testcase name="Test Cases/User Management/User Module/New User" classname="Test Cases/User Management/User Module/New User" status="FAILED">
         <failure type="FAILED" message="com.kms.katalon.core.webui.exception.WebElementNotFoundException: Web element with id: 'Object Repository/User Management/Add New User/Add New User Objects/New user has been added successfully' located by 'By.xpath: //p[count(. | //*[contains(.,'New user has been added successfully!')]) = count(//*[contains(.,'New user has been added successfully!')])]' not found"/>
         <system-out><![CDATA[2017-10-13 12:21:22 - [TEST_CASE][FAILED] - Test Cases/User Management/User Module/New User: Test Cases/User Management/User Module/New User FAILED because (of) com.kms.katalon.core.webui.exception.WebElementNotFoundException: Web element with id: 'Object Repository/User Management/Add New User/Add New User Objects/New user has been added successfully' located by 'By.xpath: //p[count(. | //*[contains(.,'New user has been added successfully!')]) = count(//*[contains(.,'New user has been added successfully!')])]' not found

2017-10-13 12:21:23 - [TEST_STEP][PASSED] - callTestCase: Call Test Case 'Test Cases/LOGIN' successfully

2017-10-13 12:21:23 - [TEST_CASE][PASSED] - Test Cases/LOGIN: Test Cases/LOGIN

2017-10-13 12:21:24 - [TEST_STEP][PASSED] - openBrowser: Browser is opened with url: 'https://sandbox.vsms.tezzasolutions.com/index'

2017-10-13 12:21:33 - [MESSAGE][PASSED] - Browser is opened with url: 'https://sandbox.vsms.tezzasolutions.com/index'

2017-10-13 12:21:33 - [TEST_STEP][PASSED] - click: Object: 'Object Repository/login/a_Log in' is clicked on

2017-10-13 12:21:35 - [MESSAGE][PASSED] - Object: 'Object Repository/login/a_Log in' is clicked on

2017-10-13 12:21:35 - [TEST_STEP][PASSED] - setText: Text 'clarinenyauncho@gmail.com' is set on object 'Object Repository/login/input_email'

2017-10-13 12:21:36 - [MESSAGE][PASSED] - Text 'clarinenyauncho@gmail.com' is set on object 'Object Repository/login/input_email'

2017-10-13 12:21:36 - [TEST_STEP][PASSED] - setText: Text 'changeme' is set on object 'Object Repository/login/input_password'

2017-10-13 12:21:36 - [MESSAGE][PASSED] - Text 'changeme' is set on object 'Object Repository/login/input_password'

2017-10-13 12:21:36 - [TEST_STEP][PASSED] - click: Object: 'Object Repository/login/button_Login' is clicked on

2017-10-13 12:21:38 - [MESSAGE][PASSED] - Object: 'Object Repository/login/button_Login' is clicked on

2017-10-13 12:21:38 - [MESSAGE][PASSED] - Call Test Case 'Test Cases/LOGIN' successfully

2017-10-13 12:21:38 - [TEST_STEP][PASSED] - click: Object: 'Object Repository/User Management/Add New User/Module Dropdown Objects/Modules dropdown' is clicked on

2017-10-13 12:21:38 - [MESSAGE][PASSED] - Object: 'Object Repository/User Management/Add New User/Module Dropdown Objects/Modules dropdown' is clicked on

2017-10-13 12:21:38 - [TEST_STEP][PASSED] - click: Object: 'Object Repository/User Management/Add New User/Module Dropdown Objects/User Management Dropdown' is clicked on

2017-10-13 12:21:39 - [MESSAGE][PASSED] - Object: 'Object Repository/User Management/Add New User/Module Dropdown Objects/User Management Dropdown' is clicked on

2017-10-13 12:21:39 - [TEST_STEP][PASSED] - click: Object: 'Object Repository/User Management/Add New User/Module Dropdown Objects/User Link' is clicked on

2017-10-13 12:21:40 - [MESSAGE][PASSED] - Object: 'Object Repository/User Management/Add New User/Module Dropdown Objects/User Link' is clicked on

2017-10-13 12:21:40 - [TEST_STEP][PASSED] - maximizeWindow: Current window maximized

2017-10-13 12:21:41 - [MESSAGE][PASSED] - Current window maximized

2017-10-13 12:21:41 - [TEST_STEP][PASSED] - click: Object: 'Object Repository/User Management/Add New User/Add New User Objects/Add New Button' is clicked on

2017-10-13 12:21:41 - [MESSAGE][PASSED] - Object: 'Object Repository/User Management/Add New User/Add New User Objects/Add New Button' is clicked on

2017-10-13 12:21:41 - [TEST_STEP][PASSED] - delay: Delayed 5 second(s)

2017-10-13 12:21:46 - [MESSAGE][PASSED] - Delayed 5 second(s)

2017-10-13 12:21:46 - [TEST_STEP][PASSED] - setText: Text 'Chalo7' is set on object 'Object Repository/User Management/Add New User/Add New User Objects/input_firstname'

2017-10-13 12:21:47 - [MESSAGE][PASSED] - Text 'Chalo7' is set on object 'Object Repository/User Management/Add New User/Add New User Objects/input_firstname'

2017-10-13 12:21:47 - [TEST_STEP][PASSED] - setText: Text 'Chweya' is set on object 'Object Repository/User Management/Add New User/Add New User Objects/input_lastname'

2017-10-13 12:21:47 - [MESSAGE][PASSED] - Text 'Chweya' is set on object 'Object Repository/User Management/Add New User/Add New User Objects/input_lastname'

2017-10-13 12:21:47 - [TEST_STEP][PASSED] - setText: Text 'Tester' is set on object 'Object Repository/User Management/Add New User/Add New User Objects/input_job_title'

2017-10-13 12:21:47 - [MESSAGE][PASSED] - Text 'Tester' is set on object 'Object Repository/User Management/Add New User/Add New User Objects/input_job_title'

2017-10-13 12:21:47 - [TEST_STEP][PASSED] - selectOptionByValue: All options with value 'number:102' are selected in object 'Object Repository/User Management/Add New User/Add New User Objects/select_department_id'  using regular expression

2017-10-13 12:21:48 - [MESSAGE][PASSED] - All options with value 'number:102' are selected in object 'Object Repository/User Management/Add New User/Add New User Objects/select_department_id'  using regular expression

2017-10-13 12:21:48 - [TEST_STEP][PASSED] - setText: Text 'chweyaacharles@gmail.com' is set on object 'Object Repository/User Management/Add New User/Add New User Objects/input_email3'

2017-10-13 12:21:48 - [MESSAGE][PASSED] - Text 'chweyaacharles@gmail.com' is set on object 'Object Repository/User Management/Add New User/Add New User Objects/input_email3'

2017-10-13 12:21:48 - [TEST_STEP][PASSED] - click: Object: 'Object Repository/User Management/Add New User/Add New User Objects/div_selected-flag' is clicked on

2017-10-13 12:21:50 - [MESSAGE][PASSED] - Object: 'Object Repository/User Management/Add New User/Add New User Objects/div_selected-flag' is clicked on

2017-10-13 12:21:50 - [TEST_STEP][PASSED] - click: Object: 'Object Repository/User Management/Add New User/Add New User Objects/li_country highlight' is clicked on

2017-10-13 12:21:50 - [MESSAGE][PASSED] - Object: 'Object Repository/User Management/Add New User/Add New User Objects/li_country highlight' is clicked on

2017-10-13 12:21:50 - [TEST_STEP][PASSED] - setText: Text '0725165229' is set on object 'Object Repository/User Management/Add New User/Add New User Objects/input_phone'

2017-10-13 12:21:51 - [MESSAGE][PASSED] - Text '0725165229' is set on object 'Object Repository/User Management/Add New User/Add New User Objects/input_phone'

2017-10-13 12:21:51 - [TEST_STEP][PASSED] - click: Object: 'Object Repository/User Management/Add New User/Add New User Objects/input_is_staff' is clicked on

2017-10-13 12:21:51 - [MESSAGE][PASSED] - Object: 'Object Repository/User Management/Add New User/Add New User Objects/input_is_staff' is clicked on

2017-10-13 12:21:51 - [TEST_STEP][PASSED] - click: Object: 'Object Repository/User Management/Add New User/Add New User Objects/input_IsEnabled' is clicked on

2017-10-13 12:21:51 - [MESSAGE][PASSED] - Object: 'Object Repository/User Management/Add New User/Add New User Objects/input_IsEnabled' is clicked on

2017-10-13 12:21:51 - [TEST_STEP][PASSED] - click: Object: 'Object Repository/User Management/Add New User/Add New User Objects/button_Create User' is clicked on

2017-10-13 12:21:51 - [MESSAGE][PASSED] - Object: 'Object Repository/User Management/Add New User/Add New User Objects/button_Create User' is clicked on

2017-10-13 12:21:51 - [TEST_STEP][FAILED] - verifyElementPresent: com.kms.katalon.core.webui.exception.WebElementNotFoundException: Web element with id: 'Object Repository/User Management/Add New User/Add New User Objects/New user has been added successfully' located by 'By.xpath: //p[count(. | //*[contains(.,'New user has been added successfully!')]) = count(//*[contains(.,'New user has been added successfully!')])]' not found

2017-10-13 12:21:58 - [MESSAGE][FAILED] - com.kms.katalon.core.webui.exception.WebElementNotFoundException: Web element with id: 'Object Repository/User Management/Add New User/Add New User Objects/New user has been added successfully' located by 'By.xpath: //p[count(. | //*[contains(.,'New user has been added successfully!')]) = count(//*[contains(.,'New user has been added successfully!')])]' not found
[[ATTACHMENT|C:\\Users\\ChweyaJnr\\git\\VSMS-Test-Automation\\Reports\\User Management\\User Module\\Add New User\\20171013_122119\\1507886518089.png]]

2017-10-13 12:21:58 - [TEST_STEP][PASSED] - closeBrowser: Browser is closed

2017-10-13 12:21:59 - [MESSAGE][PASSED] - Browser is closed]]></system-out>
         <system-err><![CDATA[2017-10-13 12:21:22 - [TEST_CASE][FAILED] - Test Cases/User Management/User Module/New User: Test Cases/User Management/User Module/New User FAILED because (of) com.kms.katalon.core.webui.exception.WebElementNotFoundException: Web element with id: 'Object Repository/User Management/Add New User/Add New User Objects/New user has been added successfully' located by 'By.xpath: //p[count(. | //*[contains(.,'New user has been added successfully!')]) = count(//*[contains(.,'New user has been added successfully!')])]' not found]]></system-err>
      </testcase>
      <system-out><![CDATA[2017-10-13 12:21:22 - [TEST_SUITE][FAILED] - Add New User: Test Cases/User Management/User Module/New User FAILED because (of) com.kms.katalon.core.webui.exception.WebElementNotFoundException: Web element with id: 'Object Repository/User Management/Add New User/Add New User Objects/New user has been added successfully' located by 'By.xpath: //p[count(. | //*[contains(.,'New user has been added successfully!')]) = count(//*[contains(.,'New user has been added successfully!')])]' not found]]></system-out>
      <system-err><![CDATA[2017-10-13 12:21:22 - [TEST_SUITE][FAILED] - Add New User: Test Cases/User Management/User Module/New User FAILED because (of) com.kms.katalon.core.webui.exception.WebElementNotFoundException: Web element with id: 'Object Repository/User Management/Add New User/Add New User Objects/New user has been added successfully' located by 'By.xpath: //p[count(. | //*[contains(.,'New user has been added successfully!')]) = count(//*[contains(.,'New user has been added successfully!')])]' not found]]></system-err>
   </testsuite>
</testsuites>
