<?xml version="1.0" encoding="UTF-8"?>
<testsuites name="Add New User" time="33" tests="0" failures="1" errors="0">
   <testsuite name="Add New User" tests="0" failures="1" errors="0" time="33" timestamp="2017-10-06 10:38:47" hostname="ChweyaJnr - 192.168.56.1" id="Test Suites/User Management/Add New User/Add New User">
      <properties>
         <property name="deviceName" value=""/>
         <property name="devicePlatform" value=""/>
         <property name="logFolder" value="C:\\Users\\ChweyaJnr\\git\\VSMS-Test-Automation\\Reports\\User Management\\Add New User\\Add New User\\20171006_103844"/>
         <property name="logFiles" value="C:\\Users\\ChweyaJnr\\git\\VSMS-Test-Automation\\Reports\\User Management\\Add New User\\Add New User\\20171006_103844\\execution0.log"/>
         <property name="attachments" value=""/>
         <property name="hostName" value="ChweyaJnr - 192.168.56.1"/>
         <property name="os" value="Windows 10 64bit"/>
         <property name="katalonVersion" value="4.8.0.2"/>
         <property name="browser" value="Chrome 61.0.3163.100"/>
         <property name="hostAddress" value="192.168.56.1"/>
         <property name="sessionId" value="b1b87bdfb1e01f76dc8236718a8fc158"/>
         <property name="seleniumVersion" value="2.53.0"/>
         <property name="proxyInformation" value="ProxyInformation{proxyOption=NO_PROXY, proxyServerType=HTTP, password=, proxyServerAddress=, proxyServerPort=0}"/>
         <property name="platform" value="Windows 10"/>
      </properties>
      <testcase name="Test Cases/User Management/Add New User/New User" classname="Test Cases/User Management/Add New User/New User" status="FAILED">
         <failure type="FAILED" message="Unable to verify object 'Object Repository/User Management/Add New User/Add New User Objects/p_New user has been added succ' is present (Root cause: java.lang.NullPointerException)"/>
         <system-out><![CDATA[2017-10-06 10:38:47 - [TEST_CASE][FAILED] - Test Cases/User Management/Add New User/New User: Test Cases/User Management/Add New User/New User FAILED because (of) Unable to verify object 'Object Repository/User Management/Add New User/Add New User Objects/p_New user has been added succ' is present (Root cause: java.lang.NullPointerException)

2017-10-06 10:38:48 - [TEST_STEP][PASSED] - openBrowser: Browser is opened with url: ''

2017-10-06 10:38:52 - [MESSAGE][PASSED] - Browser is opened with url: ''

2017-10-06 10:38:52 - [TEST_STEP][PASSED] - navigateToUrl: Navigate to 'https://sandbox.vsms.tezzasolutions.com/index' successfully

2017-10-06 10:38:57 - [MESSAGE][PASSED] - Navigate to 'https://sandbox.vsms.tezzasolutions.com/index' successfully

2017-10-06 10:38:57 - [TEST_STEP][PASSED] - click: Object: 'Object Repository/User Management/Add New User/Login Page Objects/a_Log in' is clicked on

2017-10-06 10:38:59 - [MESSAGE][PASSED] - Object: 'Object Repository/User Management/Add New User/Login Page Objects/a_Log in' is clicked on

2017-10-06 10:38:59 - [TEST_STEP][PASSED] - setText: Text 'clarinenyauncho@gmail.com' is set on object 'Object Repository/User Management/Add New User/Login Page Objects/input_email'

2017-10-06 10:38:59 - [MESSAGE][PASSED] - Text 'clarinenyauncho@gmail.com' is set on object 'Object Repository/User Management/Add New User/Login Page Objects/input_email'

2017-10-06 10:38:59 - [TEST_STEP][PASSED] - setText: Text 'changeme' is set on object 'Object Repository/User Management/Add New User/Login Page Objects/input_password'

2017-10-06 10:39:00 - [MESSAGE][PASSED] - Text 'changeme' is set on object 'Object Repository/User Management/Add New User/Login Page Objects/input_password'

2017-10-06 10:39:00 - [TEST_STEP][PASSED] - click: Object: 'Object Repository/User Management/Add New User/Login Page Objects/button_Login' is clicked on

2017-10-06 10:39:02 - [MESSAGE][PASSED] - Object: 'Object Repository/User Management/Add New User/Login Page Objects/button_Login' is clicked on

2017-10-06 10:39:02 - [TEST_STEP][PASSED] - click: Object: 'Object Repository/User Management/Add New User/Module Dropdown Objects/Modules dropdown' is clicked on

2017-10-06 10:39:02 - [MESSAGE][PASSED] - Object: 'Object Repository/User Management/Add New User/Module Dropdown Objects/Modules dropdown' is clicked on

2017-10-06 10:39:02 - [TEST_STEP][PASSED] - click: Object: 'Object Repository/User Management/Add New User/Module Dropdown Objects/User Management Dropdown' is clicked on

2017-10-06 10:39:02 - [MESSAGE][PASSED] - Object: 'Object Repository/User Management/Add New User/Module Dropdown Objects/User Management Dropdown' is clicked on

2017-10-06 10:39:02 - [TEST_STEP][PASSED] - click: Object: 'Object Repository/User Management/Add New User/Module Dropdown Objects/a_User' is clicked on

2017-10-06 10:39:03 - [MESSAGE][PASSED] - Object: 'Object Repository/User Management/Add New User/Module Dropdown Objects/a_User' is clicked on

2017-10-06 10:39:03 - [TEST_STEP][PASSED] - maximizeWindow: Current window maximized

2017-10-06 10:39:05 - [MESSAGE][PASSED] - Current window maximized

2017-10-06 10:39:05 - [TEST_STEP][PASSED] - click: Object: 'Object Repository/User Management/Add New User/Add New User Objects/a_Add New' is clicked on

2017-10-06 10:39:05 - [MESSAGE][PASSED] - Object: 'Object Repository/User Management/Add New User/Add New User Objects/a_Add New' is clicked on

2017-10-06 10:39:05 - [TEST_STEP][PASSED] - delay: Delayed 5 second(s)

2017-10-06 10:39:10 - [MESSAGE][PASSED] - Delayed 5 second(s)

2017-10-06 10:39:10 - [TEST_STEP][PASSED] - setText: Text 'Chalo' is set on object 'Object Repository/User Management/Add New User/Add New User Objects/input_firstname'

2017-10-06 10:39:10 - [MESSAGE][PASSED] - Text 'Chalo' is set on object 'Object Repository/User Management/Add New User/Add New User Objects/input_firstname'

2017-10-06 10:39:10 - [TEST_STEP][PASSED] - setText: Text 'Chweya' is set on object 'Object Repository/User Management/Add New User/Add New User Objects/input_lastname'

2017-10-06 10:39:10 - [MESSAGE][PASSED] - Text 'Chweya' is set on object 'Object Repository/User Management/Add New User/Add New User Objects/input_lastname'

2017-10-06 10:39:10 - [TEST_STEP][PASSED] - setText: Text 'Tester' is set on object 'Object Repository/User Management/Add New User/Add New User Objects/input_job_title'

2017-10-06 10:39:11 - [MESSAGE][PASSED] - Text 'Tester' is set on object 'Object Repository/User Management/Add New User/Add New User Objects/input_job_title'

2017-10-06 10:39:11 - [TEST_STEP][PASSED] - selectOptionByValue: All options with value 'number:71' are selected in object 'Object Repository/User Management/Add New User/Add New User Objects/select_department_id'  using regular expression

2017-10-06 10:39:11 - [MESSAGE][PASSED] - All options with value 'number:71' are selected in object 'Object Repository/User Management/Add New User/Add New User Objects/select_department_id'  using regular expression

2017-10-06 10:39:11 - [TEST_STEP][PASSED] - setText: Text 'chweyaacharles@gmail.com' is set on object 'Object Repository/User Management/Add New User/Add New User Objects/input_email (3)'

2017-10-06 10:39:11 - [MESSAGE][PASSED] - Text 'chweyaacharles@gmail.com' is set on object 'Object Repository/User Management/Add New User/Add New User Objects/input_email (3)'

2017-10-06 10:39:11 - [TEST_STEP][PASSED] - click: Object: 'Object Repository/User Management/Add New User/Add New User Objects/div_selected-flag' is clicked on

2017-10-06 10:39:12 - [MESSAGE][PASSED] - Object: 'Object Repository/User Management/Add New User/Add New User Objects/div_selected-flag' is clicked on

2017-10-06 10:39:12 - [TEST_STEP][PASSED] - click: Object: 'Object Repository/User Management/Add New User/Add New User Objects/li_country highlight' is clicked on

2017-10-06 10:39:13 - [MESSAGE][PASSED] - Object: 'Object Repository/User Management/Add New User/Add New User Objects/li_country highlight' is clicked on

2017-10-06 10:39:13 - [TEST_STEP][PASSED] - setText: Text '0725165229' is set on object 'Object Repository/User Management/Add New User/Add New User Objects/input_phone'

2017-10-06 10:39:13 - [MESSAGE][PASSED] - Text '0725165229' is set on object 'Object Repository/User Management/Add New User/Add New User Objects/input_phone'

2017-10-06 10:39:13 - [TEST_STEP][PASSED] - click: Object: 'Object Repository/User Management/Add New User/Add New User Objects/input_is_staff' is clicked on

2017-10-06 10:39:13 - [MESSAGE][PASSED] - Object: 'Object Repository/User Management/Add New User/Add New User Objects/input_is_staff' is clicked on

2017-10-06 10:39:13 - [TEST_STEP][PASSED] - click: Object: 'Object Repository/User Management/Add New User/Add New User Objects/input_IsEnabled' is clicked on

2017-10-06 10:39:13 - [MESSAGE][PASSED] - Object: 'Object Repository/User Management/Add New User/Add New User Objects/input_IsEnabled' is clicked on

2017-10-06 10:39:13 - [TEST_STEP][PASSED] - click: Object: 'Object Repository/User Management/Add New User/Add New User Objects/button_Create User' is clicked on

2017-10-06 10:39:14 - [MESSAGE][PASSED] - Object: 'Object Repository/User Management/Add New User/Add New User Objects/button_Create User' is clicked on

2017-10-06 10:39:14 - [TEST_STEP][FAILED] - verifyElementPresent: Unable to verify object 'Object Repository/User Management/Add New User/Add New User Objects/p_New user has been added succ' is present (Root cause: java.lang.NullPointerException)

2017-10-06 10:39:19 - [MESSAGE][WARNING] - Cannot take screenshot

2017-10-06 10:39:19 - [MESSAGE][FAILED] - Unable to verify object 'Object Repository/User Management/Add New User/Add New User Objects/p_New user has been added succ' is present (Root cause: java.lang.NullPointerException)

2017-10-06 10:39:19 - [TEST_STEP][PASSED] - closeBrowser: Browser is closed

2017-10-06 10:39:20 - [MESSAGE][PASSED] - Browser is closed]]></system-out>
         <system-err><![CDATA[2017-10-06 10:38:47 - [TEST_CASE][FAILED] - Test Cases/User Management/Add New User/New User: Test Cases/User Management/Add New User/New User FAILED because (of) Unable to verify object 'Object Repository/User Management/Add New User/Add New User Objects/p_New user has been added succ' is present (Root cause: java.lang.NullPointerException)]]></system-err>
      </testcase>
      <system-out><![CDATA[2017-10-06 10:38:47 - [TEST_SUITE][FAILED] - Add New User: Test Cases/User Management/Add New User/New User FAILED because (of) Unable to verify object 'Object Repository/User Management/Add New User/Add New User Objects/p_New user has been added succ' is present (Root cause: java.lang.NullPointerException)]]></system-out>
      <system-err><![CDATA[2017-10-06 10:38:47 - [TEST_SUITE][FAILED] - Add New User: Test Cases/User Management/Add New User/New User FAILED because (of) Unable to verify object 'Object Repository/User Management/Add New User/Add New User Objects/p_New user has been added succ' is present (Root cause: java.lang.NullPointerException)]]></system-err>
   </testsuite>
</testsuites>
