<?xml version="1.0" encoding="UTF-8"?>
<testsuites name="Login and Request a Meeting" time="69" tests="1" failures="0" errors="0">
   <testsuite name="Login and Request a Meeting" tests="1" failures="0" errors="0" time="69" timestamp="2017-12-05 11:15:24" hostname="Dennis Gituto - DESKTOP-IA8CIQG" id="Test Suites/Request Meeting/Login and Request a Meeting">
      <properties>
         <property name="deviceName" value=""/>
         <property name="devicePlatform" value=""/>
         <property name="logFolder" value="C:\\Users\\Dennis Gituto\\git\\VSMS-Test-Automation\\Reports\\Request Meeting\\Login and Request a Meeting\\20171205_111522"/>
         <property name="logFiles" value="C:\\Users\\Dennis Gituto\\git\\VSMS-Test-Automation\\Reports\\Request Meeting\\Login and Request a Meeting\\20171205_111522\\execution0.log"/>
         <property name="attachments" value=""/>
         <property name="hostName" value="Dennis Gituto - DESKTOP-IA8CIQG"/>
         <property name="os" value="Windows 10 64bit"/>
         <property name="katalonVersion" value="5.1.0.1"/>
         <property name="browser" value="Chrome 62.0.3202.94"/>
         <property name="hostAddress" value="192.168.1.101"/>
         <property name="sessionId" value="a509c94867db1d802cd8824b7151f830"/>
         <property name="seleniumVersion" value="3.7.1"/>
         <property name="proxyInformation" value="ProxyInformation{proxyOption=NO_PROXY, proxyServerType=HTTP, password=, proxyServerAddress=, proxyServerPort=0}"/>
         <property name="platform" value="Windows 10"/>
      </properties>
      <testcase name="Test Cases/Request A Meeting/Login and Request for a Meeting" classname="Test Cases/Request A Meeting/Login and Request for a Meeting" status="PASSED">
         <system-out><![CDATA[2017-12-05 11:15:24 - [TEST_CASE][PASSED] - Test Cases/Request A Meeting/Login and Request for a Meeting: Test Cases/Request A Meeting/Login and Request for a Meeting

2017-12-05 11:15:25 - [TEST_STEP][PASSED] - callTestCase: Call Test Case 'Test Cases/Request A Meeting/Request a Meeting Menu' successfully

2017-12-05 11:15:26 - [TEST_CASE][PASSED] - Test Cases/Request A Meeting/Request a Meeting Menu: Test Cases/Request A Meeting/Request a Meeting Menu

2017-12-05 11:15:26 - [TEST_STEP][PASSED] - openBrowser: Browser is opened with url: ''

2017-12-05 11:15:29 - [MESSAGE][PASSED] - Browser is opened with url: ''

2017-12-05 11:15:29 - [TEST_STEP][PASSED] - navigateToUrl: Navigate to 'https://sandbox.vsms.tezzasolutions.com/index' successfully

2017-12-05 11:16:06 - [MESSAGE][PASSED] - Navigate to 'https://sandbox.vsms.tezzasolutions.com/index' successfully

2017-12-05 11:16:06 - [TEST_STEP][PASSED] - maximizeWindow: Current window maximized

2017-12-05 11:16:08 - [MESSAGE][PASSED] - Current window maximized

2017-12-05 11:16:08 - [TEST_STEP][PASSED] - click: Object: 'Object Repository/Request A meeting/Request meeting Page/button_REQUEST A MEETING' is clicked on

2017-12-05 11:16:08 - [MESSAGE][PASSED] - Object: 'Object Repository/Request A meeting/Request meeting Page/button_REQUEST A MEETING' is clicked on

2017-12-05 11:16:08 - [TEST_STEP][PASSED] - delay: Delayed 5 second(s)

2017-12-05 11:16:13 - [MESSAGE][PASSED] - Delayed 5 second(s)

2017-12-05 11:16:13 - [MESSAGE][PASSED] - Call Test Case 'Test Cases/Request A Meeting/Request a Meeting Menu' successfully

2017-12-05 11:16:13 - [TEST_STEP][PASSED] - selectOptionByValue: All options with value '14' are selected in object 'Object Repository/Request A meeting/Login and Request Meeting/Login/Company Name' 

2017-12-05 11:16:13 - [MESSAGE][PASSED] - All options with value '14' are selected in object 'Object Repository/Request A meeting/Login and Request Meeting/Login/Company Name' 

2017-12-05 11:16:13 - [TEST_STEP][PASSED] - setText: Text 'dennisgituto@yahoo.com' is set on object 'Object Repository/Request A meeting/Login and Request Meeting/Login/Email address'

2017-12-05 11:16:14 - [MESSAGE][PASSED] - Text 'dennisgituto@yahoo.com' is set on object 'Object Repository/Request A meeting/Login and Request Meeting/Login/Email address'

2017-12-05 11:16:14 - [TEST_STEP][PASSED] - setText: Text 'desteg' is set on object 'Object Repository/Request A meeting/Login and Request Meeting/Login/Password'

2017-12-05 11:16:14 - [MESSAGE][PASSED] - Text 'desteg' is set on object 'Object Repository/Request A meeting/Login and Request Meeting/Login/Password'

2017-12-05 11:16:14 - [TEST_STEP][PASSED] - click: Object: 'Object Repository/Request A meeting/Login and Request Meeting/Login/Login Button' is clicked on

2017-12-05 11:16:14 - [MESSAGE][PASSED] - Object: 'Object Repository/Request A meeting/Login and Request Meeting/Login/Login Button' is clicked on

2017-12-05 11:16:14 - [TEST_STEP][PASSED] - delay: Delayed 5 second(s)

2017-12-05 11:16:19 - [MESSAGE][PASSED] - Delayed 5 second(s)

2017-12-05 11:16:19 - [TEST_STEP][PASSED] - setText: Text 'Mr' is set on object 'Object Repository/Request A meeting/Login and Request Meeting/Requesting the Meeting/Staff Title'

2017-12-05 11:16:20 - [MESSAGE][PASSED] - Text 'Mr' is set on object 'Object Repository/Request A meeting/Login and Request Meeting/Requesting the Meeting/Staff Title'

2017-12-05 11:16:20 - [TEST_STEP][PASSED] - setText: Text 'Denno' is set on object 'Object Repository/Request A meeting/Login and Request Meeting/Requesting the Meeting/Staff Firstname'

2017-12-05 11:16:20 - [MESSAGE][PASSED] - Text 'Denno' is set on object 'Object Repository/Request A meeting/Login and Request Meeting/Requesting the Meeting/Staff Firstname'

2017-12-05 11:16:20 - [TEST_STEP][PASSED] - setText: Text 'Gituto' is set on object 'Object Repository/Request A meeting/Login and Request Meeting/Requesting the Meeting/Staff Lastname'

2017-12-05 11:16:20 - [MESSAGE][PASSED] - Text 'Gituto' is set on object 'Object Repository/Request A meeting/Login and Request Meeting/Requesting the Meeting/Staff Lastname'

2017-12-05 11:16:20 - [TEST_STEP][PASSED] - setText: Text 'Developer' is set on object 'Object Repository/Request A meeting/Login and Request Meeting/Requesting the Meeting/Staff JobTitle'

2017-12-05 11:16:20 - [MESSAGE][PASSED] - Text 'Developer' is set on object 'Object Repository/Request A meeting/Login and Request Meeting/Requesting the Meeting/Staff JobTitle'

2017-12-05 11:16:20 - [TEST_STEP][PASSED] - setText: Text 'An Appointment with him' is set on object 'Object Repository/Request A meeting/Login and Request Meeting/Requesting the Meeting/Visit Purpose'

2017-12-05 11:16:21 - [MESSAGE][PASSED] - Text 'An Appointment with him' is set on object 'Object Repository/Request A meeting/Login and Request Meeting/Requesting the Meeting/Visit Purpose'

2017-12-05 11:16:21 - [TEST_STEP][PASSED] - delay: Delayed 5 second(s)

2017-12-05 11:16:26 - [MESSAGE][PASSED] - Delayed 5 second(s)

2017-12-05 11:16:26 - [TEST_STEP][PASSED] - click: Object: 'Object Repository/Request A meeting/Login and Request Meeting/Requesting the Meeting/Send Button' is clicked on

2017-12-05 11:16:26 - [MESSAGE][PASSED] - Object: 'Object Repository/Request A meeting/Login and Request Meeting/Requesting the Meeting/Send Button' is clicked on

2017-12-05 11:16:26 - [TEST_STEP][PASSED] - delay: Delayed 3 second(s)

2017-12-05 11:16:29 - [MESSAGE][PASSED] - Delayed 3 second(s)

2017-12-05 11:16:29 - [TEST_STEP][PASSED] - verifyElementVisible: Object 'Object Repository/Request A meeting/Login and Request Meeting/Success Message/Success Message Meeting Request succesful' is visible

2017-12-05 11:16:29 - [MESSAGE][PASSED] - Object 'Object Repository/Request A meeting/Login and Request Meeting/Success Message/Success Message Meeting Request succesful' is visible

2017-12-05 11:16:29 - [TEST_STEP][PASSED] - delay: Delayed 3 second(s)

2017-12-05 11:16:32 - [MESSAGE][PASSED] - Delayed 3 second(s)

2017-12-05 11:16:32 - [TEST_STEP][PASSED] - closeBrowser: Browser is closed

2017-12-05 11:16:33 - [MESSAGE][PASSED] - Browser is closed]]></system-out>
         <system-err><![CDATA[]]></system-err>
      </testcase>
      <system-out><![CDATA[2017-12-05 11:15:24 - [TEST_SUITE][PASSED] - Login and Request a Meeting: Test Cases/Request A Meeting/Login and Request for a Meeting]]></system-out>
      <system-err><![CDATA[]]></system-err>
   </testsuite>
</testsuites>
