<?xml version="1.0" encoding="UTF-8"?>
<testsuites name="Edit Department" time="581" tests="1" failures="0" errors="0">
   <testsuite name="Edit Department" tests="1" failures="0" errors="0" time="581" timestamp="2017-11-03 13:08:27" hostname="Stella - STEGAHZ" id="Test Suites/User Management/Department/Edit Department">
      <properties>
         <property name="deviceName" value=""/>
         <property name="devicePlatform" value=""/>
         <property name="logFolder" value="C:\\Users\\Stella\\git\\VSMS-Test-Automation\\Reports\\User Management\\Department\\Edit Department\\20171103_130812"/>
         <property name="logFiles" value="C:\\Users\\Stella\\git\\VSMS-Test-Automation\\Reports\\User Management\\Department\\Edit Department\\20171103_130812\\execution0.log"/>
         <property name="attachments" value=""/>
         <property name="hostName" value="Stella - STEGAHZ"/>
         <property name="os" value="Windows 8.1 64bit"/>
         <property name="katalonVersion" value="5.0.0.1"/>
         <property name="browser" value="Firefox 52.0"/>
         <property name="hostAddress" value="192.168.56.1"/>
         <property name="sessionId" value="143a631d-0979-4bd8-bb45-5a88ff36f143"/>
         <property name="seleniumVersion" value="2.53.0"/>
         <property name="proxyInformation" value="ProxyInformation{proxyOption=NO_PROXY, proxyServerType=, password=, proxyServerAddress=, proxyServerPort=0}"/>
         <property name="platform" value="Windows 8.1"/>
      </properties>
      <testcase name="Test Cases/User Management/Department/Edit Department" classname="Test Cases/User Management/Department/Edit Department" status="PASSED">
         <system-out><![CDATA[2017-11-03 13:08:28 - [TEST_CASE][PASSED] - Test Cases/User Management/Department/Edit Department: Test Cases/User Management/Department/Edit Department

2017-11-03 13:08:29 - [TEST_STEP][PASSED] - callTestCase: Call Test Case 'Test Cases/Common/User Login' successfully

2017-11-03 13:08:29 - [TEST_CASE][PASSED] - Test Cases/Common/User Login: Test Cases/Common/User Login

2017-11-03 13:08:29 - [TEST_STEP][PASSED] - openBrowser: Browser is opened with url: 'https://sandbox.vsms.tezzasolutions.com/index'

2017-11-03 13:11:41 - [MESSAGE][PASSED] - Browser is opened with url: 'https://sandbox.vsms.tezzasolutions.com/index'

2017-11-03 13:11:41 - [TEST_STEP][PASSED] - maximizeWindow: Current window maximized

2017-11-03 13:11:41 - [MESSAGE][PASSED] - Current window maximized

2017-11-03 13:11:41 - [TEST_STEP][PASSED] - click: Object: 'Object Repository/login/a_Log in' is clicked on

2017-11-03 13:11:42 - [MESSAGE][PASSED] - Object: 'Object Repository/login/a_Log in' is clicked on

2017-11-03 13:11:42 - [TEST_STEP][PASSED] - setText: Text 'clarinenyauncho@gmail.com' is set on object 'Object Repository/login/input_email'

2017-11-03 13:13:44 - [MESSAGE][PASSED] - Text 'clarinenyauncho@gmail.com' is set on object 'Object Repository/login/input_email'

2017-11-03 13:13:44 - [TEST_STEP][PASSED] - verifyElementPresent: Object 'Object Repository/Page_Visitor Security Management Sy/VSMS  Sign In' is present

2017-11-03 13:13:45 - [MESSAGE][PASSED] - Object 'Object Repository/Page_Visitor Security Management Sy/VSMS  Sign In' is present

2017-11-03 13:13:45 - [TEST_STEP][PASSED] - setText: Text 'changeme' is set on object 'Object Repository/login/input_password'

2017-11-03 13:13:45 - [MESSAGE][PASSED] - Text 'changeme' is set on object 'Object Repository/login/input_password'

2017-11-03 13:13:45 - [TEST_STEP][PASSED] - verifyElementClickable: Object 'Object Repository/login/button_Login' is clickable

2017-11-03 13:13:46 - [MESSAGE][PASSED] - Object 'Object Repository/login/button_Login' is clickable

2017-11-03 13:13:46 - [TEST_STEP][PASSED] - click: Object: 'Object Repository/login/button_Login' is clicked on

2017-11-03 13:14:36 - [MESSAGE][PASSED] - Object: 'Object Repository/login/button_Login' is clicked on

2017-11-03 13:14:36 - [MESSAGE][PASSED] - Call Test Case 'Test Cases/Common/User Login' successfully

2017-11-03 13:14:36 - [TEST_STEP][PASSED] - click: Object: 'Object Repository/User Management/Add New User/Module Dropdown Objects/Modules dropdown' is clicked on

2017-11-03 13:15:24 - [MESSAGE][PASSED] - Object: 'Object Repository/User Management/Add New User/Module Dropdown Objects/Modules dropdown' is clicked on

2017-11-03 13:15:24 - [TEST_STEP][PASSED] - click: Object: 'Object Repository/User Management/Add New User/Module Dropdown Objects/User Management Dropdown' is clicked on

2017-11-03 13:15:24 - [MESSAGE][PASSED] - Object: 'Object Repository/User Management/Add New User/Module Dropdown Objects/User Management Dropdown' is clicked on

2017-11-03 13:15:24 - [TEST_STEP][PASSED] - delay: Delayed 5 second(s)

2017-11-03 13:15:29 - [MESSAGE][PASSED] - Delayed 5 second(s)

2017-11-03 13:15:29 - [TEST_STEP][PASSED] - click: Object: 'Object Repository/User Management/Edit Department/User Settings Link/User Settings' is clicked on

2017-11-03 13:15:30 - [MESSAGE][PASSED] - Object: 'Object Repository/User Management/Edit Department/User Settings Link/User Settings' is clicked on

2017-11-03 13:15:30 - [TEST_STEP][PASSED] - maximizeWindow: Current window maximized

2017-11-03 13:17:16 - [MESSAGE][PASSED] - Current window maximized

2017-11-03 13:17:16 - [TEST_STEP][PASSED] - click: Object: 'Object Repository/User Management/Edit Department/Edit Department Details/Manage Departments Link' is clicked on

2017-11-03 13:17:19 - [MESSAGE][PASSED] - Object: 'Object Repository/User Management/Edit Department/Edit Department Details/Manage Departments Link' is clicked on

2017-11-03 13:17:19 - [TEST_STEP][PASSED] - setText: Text 'Trial' is set on object 'Object Repository/User Management/Edit Department/Edit Department Details/Search Department Input Field'

2017-11-03 13:17:21 - [MESSAGE][PASSED] - Text 'Trial' is set on object 'Object Repository/User Management/Edit Department/Edit Department Details/Search Department Input Field'

2017-11-03 13:17:21 - [TEST_STEP][PASSED] - delay: Delayed 10 second(s)

2017-11-03 13:17:31 - [MESSAGE][PASSED] - Delayed 10 second(s)

2017-11-03 13:17:31 - [TEST_STEP][PASSED] - click: Object: 'Object Repository/User Management/Edit Department/Edit Department Details/Edit button' is clicked on

2017-11-03 13:17:32 - [MESSAGE][PASSED] - Object: 'Object Repository/User Management/Edit Department/Edit Department Details/Edit button' is clicked on

2017-11-03 13:17:32 - [TEST_STEP][PASSED] - delay: Delayed 5 second(s)

2017-11-03 13:17:37 - [MESSAGE][PASSED] - Delayed 5 second(s)

2017-11-03 13:17:37 - [TEST_STEP][PASSED] - setText: Text 'Trial1' is set on object 'Object Repository/User Management/Edit Department/Edit Department Details/Department Name field'

2017-11-03 13:17:38 - [MESSAGE][PASSED] - Text 'Trial1' is set on object 'Object Repository/User Management/Edit Department/Edit Department Details/Department Name field'

2017-11-03 13:17:38 - [TEST_STEP][PASSED] - click: Object: 'Object Repository/User Management/Edit Department/Edit Department Details/button_Update' is clicked on

2017-11-03 13:17:38 - [MESSAGE][PASSED] - Object: 'Object Repository/User Management/Edit Department/Edit Department Details/button_Update' is clicked on

2017-11-03 13:17:38 - [TEST_STEP][PASSED] - delay: Delayed 5 second(s)

2017-11-03 13:17:43 - [MESSAGE][PASSED] - Delayed 5 second(s)

2017-11-03 13:17:43 - [TEST_STEP][PASSED] - click: Object: 'Object Repository/User Management/Edit Department/Edit Department Details/Trial1 updated successfully' is clicked on

2017-11-03 13:18:00 - [MESSAGE][PASSED] - Object: 'Object Repository/User Management/Edit Department/Edit Department Details/Trial1 updated successfully' is clicked on

2017-11-03 13:18:00 - [TEST_STEP][PASSED] - closeBrowser: Browser is closed

2017-11-03 13:18:09 - [MESSAGE][PASSED] - Browser is closed]]></system-out>
         <system-err><![CDATA[]]></system-err>
      </testcase>
      <system-out><![CDATA[2017-11-03 13:08:27 - [TEST_SUITE][PASSED] - Edit Department: Test Cases/User Management/Department/Edit Department]]></system-out>
      <system-err><![CDATA[]]></system-err>
   </testsuite>
</testsuites>
