<?xml version="1.0" encoding="UTF-8"?>
<testsuites name="Sign Up" time="23" tests="0" failures="1" errors="0">
   <testsuite name="Sign Up" tests="0" failures="1" errors="0" time="23" timestamp="2017-10-03 12:43:10" hostname="ChweyaJnr - DESKTOP-QAVLP3L" id="Test Suites/Sign Up/Sign Up">
      <properties>
         <property name="deviceName" value=""/>
         <property name="devicePlatform" value=""/>
         <property name="logFolder" value="C:\\Users\\ChweyaJnr\\git\\VSMS-Test-Automation\\Reports\\Sign Up\\Sign Up\\20171003_124307"/>
         <property name="logFiles" value="C:\\Users\\ChweyaJnr\\git\\VSMS-Test-Automation\\Reports\\Sign Up\\Sign Up\\20171003_124307\\execution0.log"/>
         <property name="attachments" value=""/>
         <property name="hostName" value="ChweyaJnr - DESKTOP-QAVLP3L"/>
         <property name="os" value="Windows 10 64bit"/>
         <property name="katalonVersion" value="4.8.0.2"/>
         <property name="browser" value="Chrome 61.0.3163.100"/>
         <property name="hostAddress" value="192.168.56.1"/>
         <property name="sessionId" value="62b0cdd461f58aaac9782515f3a5e28b"/>
         <property name="seleniumVersion" value="2.53.0"/>
         <property name="proxyInformation" value="ProxyInformation{proxyOption=NO_PROXY, proxyServerType=HTTP, password=, proxyServerAddress=, proxyServerPort=0}"/>
         <property name="platform" value="Windows 10"/>
      </properties>
      <testcase name="Test Cases/Creating New Account/Creating New User Account" classname="Test Cases/Creating New Account/Creating New User Account" status="FAILED">
         <failure type="FAILED" message="Unable to click on object 'Object Repository/New Account/Page_Visitor Security Management Sy/a_Dont have an account' (Root cause: java.lang.NullPointerException)"/>
         <system-out><![CDATA[2017-10-03 12:43:11 - [TEST_CASE][FAILED] - Test Cases/Creating New Account/Creating New User Account: Test Cases/Creating New Account/Creating New User Account FAILED because (of) Unable to click on object 'Object Repository/New Account/Page_Visitor Security Management Sy/a_Dont have an account' (Root cause: java.lang.NullPointerException)

2017-10-03 12:43:12 - [TEST_STEP][PASSED] - openBrowser: Browser is opened with url: ''

2017-10-03 12:43:16 - [MESSAGE][PASSED] - Browser is opened with url: ''

2017-10-03 12:43:16 - [TEST_STEP][PASSED] - navigateToUrl: Navigate to 'https://sandbox.vsms.tezzasolutions.com/index' successfully

2017-10-03 12:43:23 - [MESSAGE][PASSED] - Navigate to 'https://sandbox.vsms.tezzasolutions.com/index' successfully

2017-10-03 12:43:23 - [TEST_STEP][PASSED] - click: Object: 'Object Repository/New Account/Page_VSMS Overview/a_Log in' is clicked on

2017-10-03 12:43:25 - [MESSAGE][PASSED] - Object: 'Object Repository/New Account/Page_VSMS Overview/a_Log in' is clicked on

2017-10-03 12:43:25 - [TEST_STEP][FAILED] - click: Unable to click on object 'Object Repository/New Account/Page_Visitor Security Management Sy/a_Dont have an account' (Root cause: java.lang.NullPointerException)

2017-10-03 12:43:32 - [MESSAGE][WARNING] - Cannot take screenshot

2017-10-03 12:43:32 - [MESSAGE][FAILED] - Unable to click on object 'Object Repository/New Account/Page_Visitor Security Management Sy/a_Dont have an account' (Root cause: java.lang.NullPointerException)]]></system-out>
         <system-err><![CDATA[2017-10-03 12:43:11 - [TEST_CASE][FAILED] - Test Cases/Creating New Account/Creating New User Account: Test Cases/Creating New Account/Creating New User Account FAILED because (of) Unable to click on object 'Object Repository/New Account/Page_Visitor Security Management Sy/a_Dont have an account' (Root cause: java.lang.NullPointerException)]]></system-err>
      </testcase>
      <system-out><![CDATA[2017-10-03 12:43:10 - [TEST_SUITE][FAILED] - Sign Up: Test Cases/Creating New Account/Creating New User Account FAILED because (of) Unable to click on object 'Object Repository/New Account/Page_Visitor Security Management Sy/a_Dont have an account' (Root cause: java.lang.NullPointerException)]]></system-out>
      <system-err><![CDATA[2017-10-03 12:43:10 - [TEST_SUITE][FAILED] - Sign Up: Test Cases/Creating New Account/Creating New User Account FAILED because (of) Unable to click on object 'Object Repository/New Account/Page_Visitor Security Management Sy/a_Dont have an account' (Root cause: java.lang.NullPointerException)]]></system-err>
   </testsuite>
</testsuites>
