<?xml version="1.0" encoding="UTF-8"?>
<testsuites name="Edit Department" time="42" tests="1" failures="0" errors="0">
   <testsuite name="Edit Department" tests="1" failures="0" errors="0" time="42" timestamp="2017-10-11 14:35:55" hostname="ChweyaJnr - DESKTOP-QAVLP3L" id="Test Suites/User Management/Department/Edit Department">
      <properties>
         <property name="deviceName" value=""/>
         <property name="devicePlatform" value=""/>
         <property name="logFolder" value="C:\\Users\\ChweyaJnr\\git\\VSMS-Test-Automation\\Reports\\User Management\\Department\\Edit Department\\20171011_143547"/>
         <property name="logFiles" value="C:\\Users\\ChweyaJnr\\git\\VSMS-Test-Automation\\Reports\\User Management\\Department\\Edit Department\\20171011_143547\\execution0.log"/>
         <property name="attachments" value=""/>
         <property name="hostName" value="ChweyaJnr - DESKTOP-QAVLP3L"/>
         <property name="os" value="Windows 10 64bit"/>
         <property name="katalonVersion" value="4.8.0.2"/>
         <property name="browser" value="Firefox 39.0"/>
         <property name="hostAddress" value="192.168.56.1"/>
         <property name="sessionId" value="5b105874-bc3e-4a65-9b45-4f3b6d5b8ad4"/>
         <property name="seleniumVersion" value="2.53.0"/>
         <property name="proxyInformation" value="ProxyInformation{proxyOption=NO_PROXY, proxyServerType=HTTP, password=, proxyServerAddress=, proxyServerPort=0}"/>
         <property name="platform" value="Windows 10"/>
      </properties>
      <testcase name="Test Cases/User Management/Department/Edit Department" classname="Test Cases/User Management/Department/Edit Department" status="PASSED">
         <system-out><![CDATA[2017-10-11 14:35:56 - [TEST_CASE][PASSED] - Test Cases/User Management/Department/Edit Department: Test Cases/User Management/Department/Edit Department

2017-10-11 14:35:56 - [TEST_STEP][PASSED] - callTestCase: Call Test Case 'Test Cases/LOGIN' successfully

2017-10-11 14:35:57 - [TEST_CASE][PASSED] - Test Cases/LOGIN: Test Cases/LOGIN

2017-10-11 14:35:57 - [TEST_STEP][PASSED] - openBrowser: Browser is opened with url: 'https://sandbox.vsms.tezzasolutions.com/index'

2017-10-11 14:36:10 - [MESSAGE][PASSED] - Browser is opened with url: 'https://sandbox.vsms.tezzasolutions.com/index'

2017-10-11 14:36:10 - [TEST_STEP][PASSED] - click: Object: 'Object Repository/login/a_Log in' is clicked on

2017-10-11 14:36:11 - [MESSAGE][PASSED] - Object: 'Object Repository/login/a_Log in' is clicked on

2017-10-11 14:36:11 - [TEST_STEP][PASSED] - setText: Text 'clarinenyauncho@gmail.com' is set on object 'Object Repository/login/input_email'

2017-10-11 14:36:13 - [MESSAGE][PASSED] - Text 'clarinenyauncho@gmail.com' is set on object 'Object Repository/login/input_email'

2017-10-11 14:36:13 - [TEST_STEP][PASSED] - setText: Text 'changeme' is set on object 'Object Repository/login/input_password'

2017-10-11 14:36:13 - [MESSAGE][PASSED] - Text 'changeme' is set on object 'Object Repository/login/input_password'

2017-10-11 14:36:13 - [TEST_STEP][PASSED] - click: Object: 'Object Repository/login/button_Login' is clicked on

2017-10-11 14:36:15 - [MESSAGE][PASSED] - Object: 'Object Repository/login/button_Login' is clicked on

2017-10-11 14:36:15 - [MESSAGE][PASSED] - Call Test Case 'Test Cases/LOGIN' successfully

2017-10-11 14:36:15 - [TEST_STEP][PASSED] - click: Object: 'Object Repository/User Management/Add New User/Module Dropdown Objects/Modules dropdown' is clicked on

2017-10-11 14:36:15 - [MESSAGE][PASSED] - Object: 'Object Repository/User Management/Add New User/Module Dropdown Objects/Modules dropdown' is clicked on

2017-10-11 14:36:15 - [TEST_STEP][PASSED] - click: Object: 'Object Repository/User Management/Add New User/Module Dropdown Objects/User Management Dropdown' is clicked on

2017-10-11 14:36:16 - [MESSAGE][PASSED] - Object: 'Object Repository/User Management/Add New User/Module Dropdown Objects/User Management Dropdown' is clicked on

2017-10-11 14:36:16 - [TEST_STEP][PASSED] - delay: Delayed 5 second(s)

2017-10-11 14:36:21 - [MESSAGE][PASSED] - Delayed 5 second(s)

2017-10-11 14:36:21 - [TEST_STEP][PASSED] - click: Object: 'Object Repository/User Management/Edit Department/User Settings Link/User Settings' is clicked on

2017-10-11 14:36:23 - [MESSAGE][PASSED] - Object: 'Object Repository/User Management/Edit Department/User Settings Link/User Settings' is clicked on

2017-10-11 14:36:23 - [TEST_STEP][PASSED] - maximizeWindow: Current window maximized

2017-10-11 14:36:23 - [MESSAGE][PASSED] - Current window maximized

2017-10-11 14:36:23 - [TEST_STEP][PASSED] - click: Object: 'Object Repository/User Management/Edit Department/Edit Department Details/Manage Departments Link' is clicked on

2017-10-11 14:36:24 - [MESSAGE][PASSED] - Object: 'Object Repository/User Management/Edit Department/Edit Department Details/Manage Departments Link' is clicked on

2017-10-11 14:36:24 - [TEST_STEP][PASSED] - setText: Text 'Trial' is set on object 'Object Repository/User Management/Edit Department/Edit Department Details/Search Department Input Field'

2017-10-11 14:36:25 - [MESSAGE][PASSED] - Text 'Trial' is set on object 'Object Repository/User Management/Edit Department/Edit Department Details/Search Department Input Field'

2017-10-11 14:36:25 - [TEST_STEP][PASSED] - click: Object: 'Object Repository/User Management/Edit Department/Edit Department Details/Edit button' is clicked on

2017-10-11 14:36:25 - [MESSAGE][PASSED] - Object: 'Object Repository/User Management/Edit Department/Edit Department Details/Edit button' is clicked on

2017-10-11 14:36:25 - [TEST_STEP][PASSED] - delay: Delayed 5 second(s)

2017-10-11 14:36:30 - [MESSAGE][PASSED] - Delayed 5 second(s)

2017-10-11 14:36:30 - [TEST_STEP][PASSED] - setText: Text 'Trial1' is set on object 'Object Repository/User Management/Edit Department/Edit Department Details/Department Name field'

2017-10-11 14:36:31 - [MESSAGE][PASSED] - Text 'Trial1' is set on object 'Object Repository/User Management/Edit Department/Edit Department Details/Department Name field'

2017-10-11 14:36:31 - [TEST_STEP][PASSED] - click: Object: 'Object Repository/User Management/Edit Department/Edit Department Details/button_Update' is clicked on

2017-10-11 14:36:31 - [MESSAGE][PASSED] - Object: 'Object Repository/User Management/Edit Department/Edit Department Details/button_Update' is clicked on

2017-10-11 14:36:31 - [TEST_STEP][PASSED] - delay: Delayed 5 second(s)

2017-10-11 14:36:36 - [MESSAGE][PASSED] - Delayed 5 second(s)

2017-10-11 14:36:36 - [TEST_STEP][PASSED] - click: Object: 'Object Repository/User Management/Edit Department/Edit Department Details/Trial1 updated successfully' is clicked on

2017-10-11 14:36:37 - [MESSAGE][PASSED] - Object: 'Object Repository/User Management/Edit Department/Edit Department Details/Trial1 updated successfully' is clicked on

2017-10-11 14:36:37 - [TEST_STEP][PASSED] - closeBrowser: Browser is closed

2017-10-11 14:36:37 - [MESSAGE][PASSED] - Browser is closed]]></system-out>
         <system-err><![CDATA[]]></system-err>
      </testcase>
      <system-out><![CDATA[2017-10-11 14:35:55 - [TEST_SUITE][PASSED] - Edit Department: Test Cases/User Management/Department/Edit Department]]></system-out>
      <system-err><![CDATA[]]></system-err>
   </testsuite>
</testsuites>
