<?xml version="1.0" encoding="UTF-8"?>
<testsuites name="leave a messsage" time="149" tests="1" failures="0" errors="0">
   <testsuite name="leave a messsage" tests="1" failures="0" errors="0" time="149" timestamp="2017-11-03 12:17:20" hostname="Gituto Nyawira - Gituto-PC" id="Test Suites/Unscheduled Visit/Leave A message/leave a messsage">
      <properties>
         <property name="deviceName" value=""/>
         <property name="devicePlatform" value=""/>
         <property name="logFolder" value="C:\\Users\\Gituto Nyawira\\git\\VSMS-Test-Automation\\Reports\\Unscheduled Visit\\Leave A message\\leave a messsage\\20171103_121706"/>
         <property name="logFiles" value="C:\\Users\\Gituto Nyawira\\git\\VSMS-Test-Automation\\Reports\\Unscheduled Visit\\Leave A message\\leave a messsage\\20171103_121706\\execution0.log"/>
         <property name="attachments" value=""/>
         <property name="hostName" value="Gituto Nyawira - Gituto-PC"/>
         <property name="os" value="Windows 10 64bit"/>
         <property name="katalonVersion" value="5.0.0.1"/>
         <property name="browser" value="Chrome 61.0.3163.100"/>
         <property name="hostAddress" value="192.168.1.127"/>
         <property name="sessionId" value="bb0789af1de017d28b74e9b327a97ba0"/>
         <property name="seleniumVersion" value="2.53.0"/>
         <property name="proxyInformation" value="ProxyInformation{proxyOption=NO_PROXY, proxyServerType=HTTP, password=, proxyServerAddress=, proxyServerPort=0}"/>
         <property name="platform" value="Windows 10"/>
      </properties>
      <testcase name="Test Cases/Self-Service Management/UnScheduled Visit/Leave Message in Unscheduled Visit" classname="Test Cases/Self-Service Management/UnScheduled Visit/Leave Message in Unscheduled Visit" status="PASSED">
         <system-out><![CDATA[2017-11-03 12:17:23 - [TEST_CASE][PASSED] - Test Cases/Self-Service Management/UnScheduled Visit/Leave Message in Unscheduled Visit: Test Cases/Self-Service Management/UnScheduled Visit/Leave Message in Unscheduled Visit

2017-11-03 12:17:25 - [TEST_STEP][PASSED] - callTestCase: Call Test Case 'Test Cases/Common/User Login' successfully

2017-11-03 12:17:25 - [TEST_CASE][PASSED] - Test Cases/Common/User Login: Test Cases/Common/User Login

2017-11-03 12:17:26 - [TEST_STEP][PASSED] - openBrowser: Browser is opened with url: 'https://sandbox.vsms.tezzasolutions.com/index'

2017-11-03 12:18:50 - [MESSAGE][PASSED] - Browser is opened with url: 'https://sandbox.vsms.tezzasolutions.com/index'

2017-11-03 12:18:50 - [TEST_STEP][PASSED] - maximizeWindow: Current window maximized

2017-11-03 12:18:51 - [MESSAGE][PASSED] - Current window maximized

2017-11-03 12:18:51 - [TEST_STEP][PASSED] - click: Object: 'Object Repository/login/a_Log in' is clicked on

2017-11-03 12:19:02 - [MESSAGE][PASSED] - Object: 'Object Repository/login/a_Log in' is clicked on

2017-11-03 12:19:02 - [TEST_STEP][PASSED] - setText: Text 'clarinenyauncho@gmail.com' is set on object 'Object Repository/login/input_email'

2017-11-03 12:19:04 - [MESSAGE][PASSED] - Text 'clarinenyauncho@gmail.com' is set on object 'Object Repository/login/input_email'

2017-11-03 12:19:04 - [TEST_STEP][PASSED] - setText: Text 'changeme' is set on object 'Object Repository/login/input_password'

2017-11-03 12:19:05 - [MESSAGE][PASSED] - Text 'changeme' is set on object 'Object Repository/login/input_password'

2017-11-03 12:19:05 - [TEST_STEP][PASSED] - click: Object: 'Object Repository/login/button_Login' is clicked on

2017-11-03 12:19:16 - [MESSAGE][PASSED] - Object: 'Object Repository/login/button_Login' is clicked on

2017-11-03 12:19:16 - [MESSAGE][PASSED] - Call Test Case 'Test Cases/Common/User Login' successfully

2017-11-03 12:19:16 - [TEST_STEP][PASSED] - maximizeWindow: Current window maximized

2017-11-03 12:19:16 - [MESSAGE][PASSED] - Current window maximized

2017-11-03 12:19:16 - [TEST_STEP][PASSED] - callTestCase: Call Test Case 'Test Cases/Self-Service Management/UnScheduled Visit/Self-Service Menu' successfully

2017-11-03 12:19:16 - [TEST_CASE][PASSED] - Test Cases/Self-Service Management/UnScheduled Visit/Self-Service Menu: Test Cases/Self-Service Management/UnScheduled Visit/Self-Service Menu

2017-11-03 12:19:18 - [TEST_STEP][PASSED] - click: Object: 'Object Repository/Dashboard Page/a_Modules' is clicked on

2017-11-03 12:19:18 - [MESSAGE][PASSED] - Object: 'Object Repository/Dashboard Page/a_Modules' is clicked on

2017-11-03 12:19:18 - [TEST_STEP][PASSED] - click: Object: 'Object Repository/Dashboard Page/a_Self-Service Management' is clicked on

2017-11-03 12:19:19 - [MESSAGE][PASSED] - Object: 'Object Repository/Dashboard Page/a_Self-Service Management' is clicked on

2017-11-03 12:19:19 - [TEST_STEP][PASSED] - click: Object: 'Object Repository/Dashboard Page/a_Self-Service' is clicked on

2017-11-03 12:19:24 - [MESSAGE][PASSED] - Object: 'Object Repository/Dashboard Page/a_Self-Service' is clicked on

2017-11-03 12:19:24 - [MESSAGE][PASSED] - Call Test Case 'Test Cases/Self-Service Management/UnScheduled Visit/Self-Service Menu' successfully

2017-11-03 12:19:24 - [TEST_STEP][PASSED] - click: Object: 'Object Repository/Self Service Management/Self-Service Page/Unscheduled Button' is clicked on

2017-11-03 12:19:28 - [MESSAGE][PASSED] - Object: 'Object Repository/Self Service Management/Self-Service Page/Unscheduled Button' is clicked on

2017-11-03 12:19:28 - [TEST_STEP][PASSED] - click: Object: 'Object Repository/Self Service Management/Leave a message Page/Leave Message Button' is clicked on

2017-11-03 12:19:29 - [MESSAGE][PASSED] - Object: 'Object Repository/Self Service Management/Leave a message Page/Leave Message Button' is clicked on

2017-11-03 12:19:29 - [TEST_STEP][PASSED] - setText: Text 'Shila' is set on object 'Object Repository/Self Service Management/Leave a message Page/input_first_name'

2017-11-03 12:19:30 - [MESSAGE][PASSED] - Text 'Shila' is set on object 'Object Repository/Self Service Management/Leave a message Page/input_first_name'

2017-11-03 12:19:30 - [TEST_STEP][PASSED] - setText: Text 'Zahra' is set on object 'Object Repository/Self Service Management/Leave a message Page/input_last_name'

2017-11-03 12:19:30 - [MESSAGE][PASSED] - Text 'Zahra' is set on object 'Object Repository/Self Service Management/Leave a message Page/input_last_name'

2017-11-03 12:19:30 - [TEST_STEP][PASSED] - setText: Text 'millicentkimwaki@gmail.com' is set on object 'Object Repository/Self Service Management/Leave a message Page/input_email'

2017-11-03 12:19:31 - [MESSAGE][PASSED] - Text 'millicentkimwaki@gmail.com' is set on object 'Object Repository/Self Service Management/Leave a message Page/input_email'

2017-11-03 12:19:31 - [TEST_STEP][PASSED] - setText: Text 'Shila Zahra' is set on object 'Object Repository/Self Service Management/Leave a message Page/input_staff_name'

2017-11-03 12:19:32 - [MESSAGE][PASSED] - Text 'Shila Zahra' is set on object 'Object Repository/Self Service Management/Leave a message Page/input_staff_name'

2017-11-03 12:19:32 - [TEST_STEP][PASSED] - setText: Text 'I was at your office we had the date set for today' is set on object 'Object Repository/Self Service Management/Leave a message Page/textarea_comment'

2017-11-03 12:19:33 - [MESSAGE][PASSED] - Text 'I was at your office we had the date set for today' is set on object 'Object Repository/Self Service Management/Leave a message Page/textarea_comment'

2017-11-03 12:19:33 - [TEST_STEP][PASSED] - delay: Delayed 5 second(s)

2017-11-03 12:19:38 - [MESSAGE][PASSED] - Delayed 5 second(s)

2017-11-03 12:19:38 - [TEST_STEP][PASSED] - click: Object: 'Object Repository/Self Service Management/Leave a message Page/button_Submit' is clicked on

2017-11-03 12:19:39 - [MESSAGE][PASSED] - Object: 'Object Repository/Self Service Management/Leave a message Page/button_Submit' is clicked on

2017-11-03 12:19:39 - [TEST_STEP][PASSED] - verifyElementNotPresent: Web element with id: 'Object Repository/Self Service Management/Leave a message Page/Verify Leave Message/Verify Leave Message  has been sent' located by 'By.xpath: //p[count(. | //*[@ng-bind = 'parentobj.msg']) = count(//*[@ng-bind = 'parentobj.msg'])][count(. | //*[@class = 'alert alert-info ng-binding']) = count(//*[@class = 'alert alert-info ng-binding'])][count(. | //*[@ng-show = 'parentobj.successAlert']) = count(//*[@ng-show = 'parentobj.successAlert'])][count(. | //*[text() = 'Your message has been sent! Redirecting back to homepage...']) = count(//*[text() = 'Your message has been sent! Redirecting back to homepage...'])][count(. | id("wrapper")/div[@class="container"]/div[@class="row ng-scope"]/div[@class="alert-dismissable fade in"]/p[@class="alert alert-info ng-binding"]) = count(id("wrapper")/div[@class="container"]/div[@class="row ng-scope"]/div[@class="alert-dismissable fade in"]/p[@class="alert alert-info ng-binding"])]' is not present after '3' second(s)

2017-11-03 12:19:40 - [MESSAGE][PASSED] - Web element with id: 'Object Repository/Self Service Management/Leave a message Page/Verify Leave Message/Verify Leave Message  has been sent' located by 'By.xpath: //p[count(. | //*[@ng-bind = 'parentobj.msg']) = count(//*[@ng-bind = 'parentobj.msg'])][count(. | //*[@class = 'alert alert-info ng-binding']) = count(//*[@class = 'alert alert-info ng-binding'])][count(. | //*[@ng-show = 'parentobj.successAlert']) = count(//*[@ng-show = 'parentobj.successAlert'])][count(. | //*[text() = 'Your message has been sent! Redirecting back to homepage...']) = count(//*[text() = 'Your message has been sent! Redirecting back to homepage...'])][count(. | id("wrapper")/div[@class="container"]/div[@class="row ng-scope"]/div[@class="alert-dismissable fade in"]/p[@class="alert alert-info ng-binding"]) = count(id("wrapper")/div[@class="container"]/div[@class="row ng-scope"]/div[@class="alert-dismissable fade in"]/p[@class="alert alert-info ng-binding"])]' is not present after '3' second(s)

2017-11-03 12:19:40 - [TEST_STEP][PASSED] - delay: Delayed 3 second(s)

2017-11-03 12:19:43 - [MESSAGE][PASSED] - Delayed 3 second(s)

2017-11-03 12:19:43 - [TEST_STEP][PASSED] - closeBrowser: Browser is closed

2017-11-03 12:19:50 - [MESSAGE][PASSED] - Browser is closed]]></system-out>
         <system-err><![CDATA[]]></system-err>
      </testcase>
      <system-out><![CDATA[2017-11-03 12:17:20 - [TEST_SUITE][PASSED] - leave a messsage: Test Cases/Self-Service Management/UnScheduled Visit/Leave Message in Unscheduled Visit]]></system-out>
      <system-err><![CDATA[]]></system-err>
   </testsuite>
</testsuites>
