<?xml version="1.0" encoding="UTF-8"?>
<testsuites name="Login" time="47" tests="3" failures="0" errors="0">
   <testsuite name="Login" tests="3" failures="0" errors="0" time="47" timestamp="2017-10-19 09:58:58" hostname="ChweyaJnr - 192.168.56.1" id="Test Suites/Login/Login">
      <properties>
         <property name="deviceName" value=""/>
         <property name="devicePlatform" value=""/>
         <property name="logFolder" value="C:\\Users\\ChweyaJnr\\git\\VSMS-Test-Automation\\Reports\\Login\\Login\\20171019_095855"/>
         <property name="logFiles" value="C:\\Users\\ChweyaJnr\\git\\VSMS-Test-Automation\\Reports\\Login\\Login\\20171019_095855\\execution0.log"/>
         <property name="attachments" value=""/>
         <property name="hostName" value="ChweyaJnr - 192.168.56.1"/>
         <property name="os" value="Windows 10 64bit"/>
         <property name="katalonVersion" value="4.8.0.2"/>
         <property name="browser" value="Chrome 61.0.3163.100"/>
         <property name="hostAddress" value="192.168.56.1"/>
         <property name="sessionId" value="88846144aa1599b488d9ca4dba78f799"/>
         <property name="seleniumVersion" value="2.53.0"/>
         <property name="proxyInformation" value="ProxyInformation{proxyOption=NO_PROXY, proxyServerType=HTTP, password=, proxyServerAddress=, proxyServerPort=0}"/>
         <property name="platform" value="Windows 10"/>
      </properties>
      <testcase name="Test Cases/Login Module/LOGIN - Iteration 1" classname="Test Cases/Login Module/LOGIN" status="PASSED">
         <system-out><![CDATA[2017-10-19 09:58:59 - [TEST_CASE][PASSED] - Test Cases/Login Module/LOGIN - Iteration 1: Test Cases/Login Module/LOGIN

2017-10-19 09:59:00 - [TEST_STEP][PASSED] - openBrowser: Browser is opened with url: 'https://sandbox.vsms.tezzasolutions.com/index'

2017-10-19 09:59:10 - [MESSAGE][PASSED] - Browser is opened with url: 'https://sandbox.vsms.tezzasolutions.com/index'

2017-10-19 09:59:10 - [TEST_STEP][PASSED] - maximizeWindow: Current window maximized

2017-10-19 09:59:11 - [MESSAGE][PASSED] - Current window maximized

2017-10-19 09:59:11 - [TEST_STEP][PASSED] - click: Object: 'Object Repository/login/a_Log in' is clicked on

2017-10-19 09:59:13 - [MESSAGE][PASSED] - Object: 'Object Repository/login/a_Log in' is clicked on

2017-10-19 09:59:13 - [TEST_STEP][PASSED] - setText: Text 'changeme@gmail.com' is set on object 'Object Repository/login/input_email'

2017-10-19 09:59:14 - [MESSAGE][PASSED] - Text 'changeme@gmail.com' is set on object 'Object Repository/login/input_email'

2017-10-19 09:59:14 - [TEST_STEP][PASSED] - setText: Text 'changeme' is set on object 'Object Repository/login/input_password'

2017-10-19 09:59:14 - [MESSAGE][PASSED] - Text 'changeme' is set on object 'Object Repository/login/input_password'

2017-10-19 09:59:14 - [TEST_STEP][PASSED] - click: Object: 'Object Repository/login/button_Login' is clicked on

2017-10-19 09:59:15 - [MESSAGE][PASSED] - Object: 'Object Repository/login/button_Login' is clicked on]]></system-out>
         <system-err><![CDATA[]]></system-err>
      </testcase>
      <testcase name="Test Cases/Login Module/LOGIN - Iteration 2" classname="Test Cases/Login Module/LOGIN" status="PASSED">
         <system-out><![CDATA[2017-10-19 09:59:15 - [TEST_CASE][PASSED] - Test Cases/Login Module/LOGIN - Iteration 2: Test Cases/Login Module/LOGIN

2017-10-19 09:59:15 - [TEST_STEP][PASSED] - openBrowser: Browser is opened with url: 'https://sandbox.vsms.tezzasolutions.com/index'

2017-10-19 09:59:15 - [MESSAGE][WARNING] - A browser is already opened. Closing browser and opening a new one

2017-10-19 09:59:25 - [MESSAGE][PASSED] - Browser is opened with url: 'https://sandbox.vsms.tezzasolutions.com/index'

2017-10-19 09:59:25 - [TEST_STEP][PASSED] - maximizeWindow: Current window maximized

2017-10-19 09:59:26 - [MESSAGE][PASSED] - Current window maximized

2017-10-19 09:59:26 - [TEST_STEP][PASSED] - click: Object: 'Object Repository/login/a_Log in' is clicked on

2017-10-19 09:59:28 - [MESSAGE][PASSED] - Object: 'Object Repository/login/a_Log in' is clicked on

2017-10-19 09:59:28 - [TEST_STEP][PASSED] - setText: Text 'clarinenyauncho@gmail.com' is set on object 'Object Repository/login/input_email'

2017-10-19 09:59:28 - [MESSAGE][PASSED] - Text 'clarinenyauncho@gmail.com' is set on object 'Object Repository/login/input_email'

2017-10-19 09:59:28 - [TEST_STEP][PASSED] - setText: Text 'wrongpass' is set on object 'Object Repository/login/input_password'

2017-10-19 09:59:28 - [MESSAGE][PASSED] - Text 'wrongpass' is set on object 'Object Repository/login/input_password'

2017-10-19 09:59:28 - [TEST_STEP][PASSED] - click: Object: 'Object Repository/login/button_Login' is clicked on

2017-10-19 09:59:29 - [MESSAGE][PASSED] - Object: 'Object Repository/login/button_Login' is clicked on]]></system-out>
         <system-err><![CDATA[]]></system-err>
      </testcase>
      <testcase name="Test Cases/Login Module/LOGIN - Iteration 3" classname="Test Cases/Login Module/LOGIN" status="PASSED">
         <system-out><![CDATA[2017-10-19 09:59:29 - [TEST_CASE][PASSED] - Test Cases/Login Module/LOGIN - Iteration 3: Test Cases/Login Module/LOGIN

2017-10-19 09:59:29 - [TEST_STEP][PASSED] - openBrowser: Browser is opened with url: 'https://sandbox.vsms.tezzasolutions.com/index'

2017-10-19 09:59:29 - [MESSAGE][WARNING] - A browser is already opened. Closing browser and opening a new one

2017-10-19 09:59:38 - [MESSAGE][PASSED] - Browser is opened with url: 'https://sandbox.vsms.tezzasolutions.com/index'

2017-10-19 09:59:38 - [TEST_STEP][PASSED] - maximizeWindow: Current window maximized

2017-10-19 09:59:39 - [MESSAGE][PASSED] - Current window maximized

2017-10-19 09:59:39 - [TEST_STEP][PASSED] - click: Object: 'Object Repository/login/a_Log in' is clicked on

2017-10-19 09:59:41 - [MESSAGE][PASSED] - Object: 'Object Repository/login/a_Log in' is clicked on

2017-10-19 09:59:41 - [TEST_STEP][PASSED] - setText: Text 'clarinenyauncho@gmail.com' is set on object 'Object Repository/login/input_email'

2017-10-19 09:59:41 - [MESSAGE][PASSED] - Text 'clarinenyauncho@gmail.com' is set on object 'Object Repository/login/input_email'

2017-10-19 09:59:41 - [TEST_STEP][PASSED] - setText: Text 'changeme' is set on object 'Object Repository/login/input_password'

2017-10-19 09:59:42 - [MESSAGE][PASSED] - Text 'changeme' is set on object 'Object Repository/login/input_password'

2017-10-19 09:59:42 - [TEST_STEP][PASSED] - click: Object: 'Object Repository/login/button_Login' is clicked on

2017-10-19 09:59:44 - [MESSAGE][PASSED] - Object: 'Object Repository/login/button_Login' is clicked on]]></system-out>
         <system-err><![CDATA[]]></system-err>
      </testcase>
      <system-out><![CDATA[2017-10-19 09:58:58 - [TEST_SUITE][PASSED] - Login: Test Cases/Login Module/LOGIN]]></system-out>
      <system-err><![CDATA[]]></system-err>
   </testsuite>
</testsuites>
