<?xml version="1.0" encoding="UTF-8"?>
<testsuites name="Edit Event" time="115" tests="0" failures="1" errors="0">
   <testsuite name="Edit Event" tests="0" failures="1" errors="0" time="115" timestamp="2017-12-04 14:00:06" hostname="Dennis Gituto - DESKTOP-IA8CIQG" id="Test Suites/Calendar Management/Edit Event">
      <properties>
         <property name="deviceName" value=""/>
         <property name="devicePlatform" value=""/>
         <property name="logFolder" value="C:\\Users\\Dennis Gituto\\git\\VSMS-Test-Automation\\Reports\\Calendar Management\\Edit Event\\20171204_140005"/>
         <property name="logFiles" value="C:\\Users\\Dennis Gituto\\git\\VSMS-Test-Automation\\Reports\\Calendar Management\\Edit Event\\20171204_140005\\execution0.log"/>
         <property name="attachments" value="C:\\Users\\Dennis Gituto\\git\\VSMS-Test-Automation\\Reports\\Calendar Management\\Edit Event\\20171204_140005\\1512385286445.png, C:\\Users\\Dennis Gituto\\git\\VSMS-Test-Automation\\Reports\\Calendar Management\\Edit Event\\20171204_140005\\1512385321541.png"/>
         <property name="hostName" value="Dennis Gituto - DESKTOP-IA8CIQG"/>
         <property name="os" value="Windows 10 64bit"/>
         <property name="katalonVersion" value="5.1.0.1"/>
         <property name="browser" value="Chrome 62.0.3202.94"/>
         <property name="hostAddress" value="192.168.1.101"/>
         <property name="sessionId" value="1138c8d9734e4a1e6f3a0bd4088fd41f"/>
         <property name="seleniumVersion" value="3.7.1"/>
         <property name="proxyInformation" value="ProxyInformation{proxyOption=NO_PROXY, proxyServerType=HTTP, password=, proxyServerAddress=, proxyServerPort=0}"/>
         <property name="platform" value="Windows 10"/>
      </properties>
      <testcase name="Test Cases/Calendar Management/Update Event" classname="Test Cases/Calendar Management/Update Event" status="FAILED">
         <failure type="FAILED" message="Unable to click on object 'Object Repository/Calendar Management/Update Event/button_Update Event' (Root cause: com.kms.katalon.core.webui.exception.WebElementNotFoundException: Web element with id: 'Object Repository/Calendar Management/Update Event/button_Update Event' located by 'By.xpath: //button[count(. | //*[@ng-show = 'updatebutton']) = count(//*[@ng-show = 'updatebutton'])][count(. | id(&quot;page-wrapper&quot;)/div[@class=&quot;col-lg-12&quot;]/div[@class=&quot;hide_element&quot;]/div[@class=&quot;hide_element&quot;]/div[@class=&quot;row&quot;]/div[@class=&quot;col-md-7&quot;]/div[@class=&quot;panel panel-default&quot;]/div[@class=&quot;panel-body&quot;]/form[@class=&quot;form-horizontal ng-pristine ng-valid ng-valid-required&quot;]/div[@class=&quot;form-group form-group-sm&quot;]/div[@class=&quot;col-sm-offset-2 col-sm-10&quot;]/button[@class=&quot;btn  btn-info&quot;]) = count(id(&quot;page-wrapper&quot;)/div[@class=&quot;col-lg-12&quot;]/div[@class=&quot;hide_element&quot;]/div[@class=&quot;hide_element&quot;]/div[@class=&quot;row&quot;]/div[@class=&quot;col-md-7&quot;]/div[@class=&quot;panel panel-default&quot;]/div[@class=&quot;panel-body&quot;]/form[@class=&quot;form-horizontal ng-pristine ng-valid ng-valid-required&quot;]/div[@class=&quot;form-group form-group-sm&quot;]/div[@class=&quot;col-sm-offset-2 col-sm-10&quot;]/button[@class=&quot;btn  btn-info&quot;])][count(. | //*[@ng-click = 'updateEvent(formdata.id, eventForm.$valid)']) = count(//*[@ng-click = 'updateEvent(formdata.id, eventForm.$valid)'])][count(. | //*[contains(.,'Update Event')]) = count(//*[contains(.,'Update Event')])][count(. | //*[@class = 'btn  btn-info']) = count(//*[@class = 'btn  btn-info'])]' not found)"/>
         <system-out><![CDATA[2017-12-04 14:00:07 - [TEST_CASE][FAILED] - Test Cases/Calendar Management/Update Event: Test Cases/Calendar Management/Update Event FAILED because (of) Unable to click on object 'Object Repository/Calendar Management/Update Event/button_Update Event' (Root cause: com.kms.katalon.core.webui.exception.WebElementNotFoundException: Web element with id: 'Object Repository/Calendar Management/Update Event/button_Update Event' located by 'By.xpath: //button[count(. | //*[@ng-show = 'updatebutton']) = count(//*[@ng-show = 'updatebutton'])][count(. | id("page-wrapper")/div[@class="col-lg-12"]/div[@class="hide_element"]/div[@class="hide_element"]/div[@class="row"]/div[@class="col-md-7"]/div[@class="panel panel-default"]/div[@class="panel-body"]/form[@class="form-horizontal ng-pristine ng-valid ng-valid-required"]/div[@class="form-group form-group-sm"]/div[@class="col-sm-offset-2 col-sm-10"]/button[@class="btn  btn-info"]) = count(id("page-wrapper")/div[@class="col-lg-12"]/div[@class="hide_element"]/div[@class="hide_element"]/div[@class="row"]/div[@class="col-md-7"]/div[@class="panel panel-default"]/div[@class="panel-body"]/form[@class="form-horizontal ng-pristine ng-valid ng-valid-required"]/div[@class="form-group form-group-sm"]/div[@class="col-sm-offset-2 col-sm-10"]/button[@class="btn  btn-info"])][count(. | //*[@ng-click = 'updateEvent(formdata.id, eventForm.$valid)']) = count(//*[@ng-click = 'updateEvent(formdata.id, eventForm.$valid)'])][count(. | //*[contains(.,'Update Event')]) = count(//*[contains(.,'Update Event')])][count(. | //*[@class = 'btn  btn-info']) = count(//*[@class = 'btn  btn-info'])]' not found)

2017-12-04 14:00:07 - [TEST_STEP][PASSED] - callTestCase: Call Test Case 'Test Cases/Common/User Login' successfully

2017-12-04 14:00:07 - [TEST_CASE][PASSED] - Test Cases/Common/User Login: Test Cases/Common/User Login

2017-12-04 14:00:09 - [TEST_STEP][PASSED] - openBrowser: Browser is opened with url: 'https://sandbox.vsms.tezzasolutions.com/index'

2017-12-04 14:00:23 - [MESSAGE][PASSED] - Browser is opened with url: 'https://sandbox.vsms.tezzasolutions.com/index'

2017-12-04 14:00:23 - [TEST_STEP][PASSED] - maximizeWindow: Current window maximized

2017-12-04 14:00:24 - [MESSAGE][PASSED] - Current window maximized

2017-12-04 14:00:24 - [TEST_STEP][PASSED] - click: Object: 'Object Repository/login/a_Log in' is clicked on

2017-12-04 14:00:31 - [MESSAGE][PASSED] - Object: 'Object Repository/login/a_Log in' is clicked on

2017-12-04 14:00:31 - [TEST_STEP][PASSED] - setText: Text 'stella.ireri@tezzasolutions.com' is set on object 'Object Repository/login/input_email'

2017-12-04 14:00:31 - [MESSAGE][PASSED] - Text 'stella.ireri@tezzasolutions.com' is set on object 'Object Repository/login/input_email'

2017-12-04 14:00:31 - [TEST_STEP][PASSED] - verifyElementPresent: Object 'Object Repository/Page_Visitor Security Management Sy/VSMS  Sign In' is present

2017-12-04 14:00:31 - [MESSAGE][PASSED] - Object 'Object Repository/Page_Visitor Security Management Sy/VSMS  Sign In' is present

2017-12-04 14:00:31 - [TEST_STEP][PASSED] - setText: Text '!qwerty123' is set on object 'Object Repository/login/input_password'

2017-12-04 14:00:31 - [MESSAGE][PASSED] - Text '!qwerty123' is set on object 'Object Repository/login/input_password'

2017-12-04 14:00:31 - [TEST_STEP][PASSED] - verifyElementClickable: Object 'Object Repository/login/button_Login' is clickable

2017-12-04 14:00:32 - [MESSAGE][PASSED] - Object 'Object Repository/login/button_Login' is clickable

2017-12-04 14:00:32 - [TEST_STEP][PASSED] - click: Object: 'Object Repository/login/button_Login' is clicked on

2017-12-04 14:00:40 - [MESSAGE][PASSED] - Object: 'Object Repository/login/button_Login' is clicked on

2017-12-04 14:00:40 - [MESSAGE][PASSED] - Call Test Case 'Test Cases/Common/User Login' successfully

2017-12-04 14:00:40 - [TEST_STEP][PASSED] - maximizeWindow: Current window maximized

2017-12-04 14:00:40 - [MESSAGE][PASSED] - Current window maximized

2017-12-04 14:00:40 - [TEST_STEP][PASSED] - callTestCase: Call Test Case 'Test Cases/Calendar Management/Calendar Menu' successfully

2017-12-04 14:00:40 - [TEST_CASE][PASSED] - Test Cases/Calendar Management/Calendar Menu: Test Cases/Calendar Management/Calendar Menu

2017-12-04 14:00:40 - [TEST_STEP][PASSED] - click: Object: 'Object Repository/Dashboard Page/a_Modules' is clicked on

2017-12-04 14:00:41 - [MESSAGE][PASSED] - Object: 'Object Repository/Dashboard Page/a_Modules' is clicked on

2017-12-04 14:00:41 - [TEST_STEP][PASSED] - click: Object: 'Object Repository/Dashboard Page/a_Calendar Management' is clicked on

2017-12-04 14:00:41 - [MESSAGE][PASSED] - Object: 'Object Repository/Dashboard Page/a_Calendar Management' is clicked on

2017-12-04 14:00:41 - [TEST_STEP][PASSED] - click: Object: 'Object Repository/Dashboard Page/a_Calendar' is clicked on

2017-12-04 14:00:45 - [MESSAGE][PASSED] - Object: 'Object Repository/Dashboard Page/a_Calendar' is clicked on

2017-12-04 14:00:45 - [MESSAGE][PASSED] - Call Test Case 'Test Cases/Calendar Management/Calendar Menu' successfully

2017-12-04 14:00:45 - [TEST_STEP][PASSED] - click: Object: 'Object Repository/Calendar Management/Update Event/Event to Update' is clicked on

2017-12-04 14:00:46 - [MESSAGE][PASSED] - Object: 'Object Repository/Calendar Management/Update Event/Event to Update' is clicked on

2017-12-04 14:00:46 - [TEST_STEP][PASSED] - setText: Text 'Board Meetings' is set on object 'Object Repository/Calendar Management/Add new Event/Title'

2017-12-04 14:00:46 - [MESSAGE][PASSED] - Text 'Board Meetings' is set on object 'Object Repository/Calendar Management/Add new Event/Title'

2017-12-04 14:00:46 - [TEST_STEP][PASSED] - setText: Text '10/28/17' is set on object 'Object Repository/Calendar Management/Add new Event/Start Date'

2017-12-04 14:00:46 - [MESSAGE][PASSED] - Text '10/28/17' is set on object 'Object Repository/Calendar Management/Add new Event/Start Date'

2017-12-04 14:00:46 - [TEST_STEP][PASSED] - setText: Text '1300' is set on object 'Object Repository/Calendar Management/Add new Event/Start Time'

2017-12-04 14:00:47 - [MESSAGE][PASSED] - Text '1300' is set on object 'Object Repository/Calendar Management/Add new Event/Start Time'

2017-12-04 14:00:47 - [TEST_STEP][PASSED] - setText: Text '10/28/17' is set on object 'Object Repository/Calendar Management/Add new Event/End Date'

2017-12-04 14:00:47 - [MESSAGE][PASSED] - Text '10/28/17' is set on object 'Object Repository/Calendar Management/Add new Event/End Date'

2017-12-04 14:00:47 - [TEST_STEP][PASSED] - setText: Text '1800' is set on object 'Object Repository/Calendar Management/Add new Event/End Time'

2017-12-04 14:00:47 - [MESSAGE][PASSED] - Text '1800' is set on object 'Object Repository/Calendar Management/Add new Event/End Time'

2017-12-04 14:00:47 - [TEST_STEP][PASSED] - selectOptionByValue: All options with value '' are selected in object 'Object Repository/Calendar Management/Add new Event/Location' 

2017-12-04 14:00:47 - [MESSAGE][PASSED] - All options with value '' are selected in object 'Object Repository/Calendar Management/Add new Event/Location' 

2017-12-04 14:00:47 - [TEST_STEP][PASSED] - setText: Text 'Share-Holders Meeting' is set on object 'Object Repository/Calendar Management/Add new Event/Description'

2017-12-04 14:00:48 - [MESSAGE][PASSED] - Text 'Share-Holders Meeting' is set on object 'Object Repository/Calendar Management/Add new Event/Description'

2017-12-04 14:00:48 - [TEST_STEP][PASSED] - delay: Delayed 5 second(s)

2017-12-04 14:00:53 - [MESSAGE][PASSED] - Delayed 5 second(s)

2017-12-04 14:00:53 - [TEST_STEP][FAILED] - click: Unable to click on object 'Object Repository/Calendar Management/Update Event/button_Update Event' (Root cause: com.kms.katalon.core.webui.exception.WebElementNotFoundException: Web element with id: 'Object Repository/Calendar Management/Update Event/button_Update Event' located by 'By.xpath: //button[count(. | //*[@ng-show = 'updatebutton']) = count(//*[@ng-show = 'updatebutton'])][count(. | id("page-wrapper")/div[@class="col-lg-12"]/div[@class="hide_element"]/div[@class="hide_element"]/div[@class="row"]/div[@class="col-md-7"]/div[@class="panel panel-default"]/div[@class="panel-body"]/form[@class="form-horizontal ng-pristine ng-valid ng-valid-required"]/div[@class="form-group form-group-sm"]/div[@class="col-sm-offset-2 col-sm-10"]/button[@class="btn  btn-info"]) = count(id("page-wrapper")/div[@class="col-lg-12"]/div[@class="hide_element"]/div[@class="hide_element"]/div[@class="row"]/div[@class="col-md-7"]/div[@class="panel panel-default"]/div[@class="panel-body"]/form[@class="form-horizontal ng-pristine ng-valid ng-valid-required"]/div[@class="form-group form-group-sm"]/div[@class="col-sm-offset-2 col-sm-10"]/button[@class="btn  btn-info"])][count(. | //*[@ng-click = 'updateEvent(formdata.id, eventForm.$valid)']) = count(//*[@ng-click = 'updateEvent(formdata.id, eventForm.$valid)'])][count(. | //*[contains(.,'Update Event')]) = count(//*[contains(.,'Update Event')])][count(. | //*[@class = 'btn  btn-info']) = count(//*[@class = 'btn  btn-info'])]' not found)

2017-12-04 14:01:26 - [MESSAGE][FAILED] - Unable to click on object 'Object Repository/Calendar Management/Update Event/button_Update Event' (Root cause: com.kms.katalon.core.webui.exception.WebElementNotFoundException: Web element with id: 'Object Repository/Calendar Management/Update Event/button_Update Event' located by 'By.xpath: //button[count(. | //*[@ng-show = 'updatebutton']) = count(//*[@ng-show = 'updatebutton'])][count(. | id("page-wrapper")/div[@class="col-lg-12"]/div[@class="hide_element"]/div[@class="hide_element"]/div[@class="row"]/div[@class="col-md-7"]/div[@class="panel panel-default"]/div[@class="panel-body"]/form[@class="form-horizontal ng-pristine ng-valid ng-valid-required"]/div[@class="form-group form-group-sm"]/div[@class="col-sm-offset-2 col-sm-10"]/button[@class="btn  btn-info"]) = count(id("page-wrapper")/div[@class="col-lg-12"]/div[@class="hide_element"]/div[@class="hide_element"]/div[@class="row"]/div[@class="col-md-7"]/div[@class="panel panel-default"]/div[@class="panel-body"]/form[@class="form-horizontal ng-pristine ng-valid ng-valid-required"]/div[@class="form-group form-group-sm"]/div[@class="col-sm-offset-2 col-sm-10"]/button[@class="btn  btn-info"])][count(. | //*[@ng-click = 'updateEvent(formdata.id, eventForm.$valid)']) = count(//*[@ng-click = 'updateEvent(formdata.id, eventForm.$valid)'])][count(. | //*[contains(.,'Update Event')]) = count(//*[contains(.,'Update Event')])][count(. | //*[@class = 'btn  btn-info']) = count(//*[@class = 'btn  btn-info'])]' not found)
[[ATTACHMENT|C:\\Users\\Dennis Gituto\\git\\VSMS-Test-Automation\\Reports\\Calendar Management\\Edit Event\\20171204_140005\\1512385286445.png]]

2017-12-04 14:01:26 - [TEST_STEP][PASSED] - delay: Delayed 3 second(s)

2017-12-04 14:01:29 - [MESSAGE][PASSED] - Delayed 3 second(s)

2017-12-04 14:01:29 - [TEST_STEP][FAILED] - verifyElementPresent: com.kms.katalon.core.webui.exception.WebElementNotFoundException: Web element with id: 'Object Repository/Calendar Management/Update Event/Verify Update Event/Verification Event updated successfully' located by 'By.xpath: ' not found

2017-12-04 14:01:29 - [MESSAGE][WARNING] - Timeout '0' is invalid. Using default page load timeout: '30'

2017-12-04 14:02:01 - [MESSAGE][FAILED] - com.kms.katalon.core.webui.exception.WebElementNotFoundException: Web element with id: 'Object Repository/Calendar Management/Update Event/Verify Update Event/Verification Event updated successfully' located by 'By.xpath: ' not found
[[ATTACHMENT|C:\\Users\\Dennis Gituto\\git\\VSMS-Test-Automation\\Reports\\Calendar Management\\Edit Event\\20171204_140005\\1512385321541.png]]

2017-12-04 14:02:01 - [TEST_STEP][PASSED] - closeBrowser: Browser is closed

2017-12-04 14:02:02 - [MESSAGE][PASSED] - Browser is closed]]></system-out>
         <system-err><![CDATA[2017-12-04 14:00:07 - [TEST_CASE][FAILED] - Test Cases/Calendar Management/Update Event: Test Cases/Calendar Management/Update Event FAILED because (of) Unable to click on object 'Object Repository/Calendar Management/Update Event/button_Update Event' (Root cause: com.kms.katalon.core.webui.exception.WebElementNotFoundException: Web element with id: 'Object Repository/Calendar Management/Update Event/button_Update Event' located by 'By.xpath: //button[count(. | //*[@ng-show = 'updatebutton']) = count(//*[@ng-show = 'updatebutton'])][count(. | id("page-wrapper")/div[@class="col-lg-12"]/div[@class="hide_element"]/div[@class="hide_element"]/div[@class="row"]/div[@class="col-md-7"]/div[@class="panel panel-default"]/div[@class="panel-body"]/form[@class="form-horizontal ng-pristine ng-valid ng-valid-required"]/div[@class="form-group form-group-sm"]/div[@class="col-sm-offset-2 col-sm-10"]/button[@class="btn  btn-info"]) = count(id("page-wrapper")/div[@class="col-lg-12"]/div[@class="hide_element"]/div[@class="hide_element"]/div[@class="row"]/div[@class="col-md-7"]/div[@class="panel panel-default"]/div[@class="panel-body"]/form[@class="form-horizontal ng-pristine ng-valid ng-valid-required"]/div[@class="form-group form-group-sm"]/div[@class="col-sm-offset-2 col-sm-10"]/button[@class="btn  btn-info"])][count(. | //*[@ng-click = 'updateEvent(formdata.id, eventForm.$valid)']) = count(//*[@ng-click = 'updateEvent(formdata.id, eventForm.$valid)'])][count(. | //*[contains(.,'Update Event')]) = count(//*[contains(.,'Update Event')])][count(. | //*[@class = 'btn  btn-info']) = count(//*[@class = 'btn  btn-info'])]' not found)]]></system-err>
      </testcase>
      <system-out><![CDATA[2017-12-04 14:00:06 - [TEST_SUITE][FAILED] - Edit Event: Test Cases/Calendar Management/Update Event FAILED because (of) Unable to click on object 'Object Repository/Calendar Management/Update Event/button_Update Event' (Root cause: com.kms.katalon.core.webui.exception.WebElementNotFoundException: Web element with id: 'Object Repository/Calendar Management/Update Event/button_Update Event' located by 'By.xpath: //button[count(. | //*[@ng-show = 'updatebutton']) = count(//*[@ng-show = 'updatebutton'])][count(. | id("page-wrapper")/div[@class="col-lg-12"]/div[@class="hide_element"]/div[@class="hide_element"]/div[@class="row"]/div[@class="col-md-7"]/div[@class="panel panel-default"]/div[@class="panel-body"]/form[@class="form-horizontal ng-pristine ng-valid ng-valid-required"]/div[@class="form-group form-group-sm"]/div[@class="col-sm-offset-2 col-sm-10"]/button[@class="btn  btn-info"]) = count(id("page-wrapper")/div[@class="col-lg-12"]/div[@class="hide_element"]/div[@class="hide_element"]/div[@class="row"]/div[@class="col-md-7"]/div[@class="panel panel-default"]/div[@class="panel-body"]/form[@class="form-horizontal ng-pristine ng-valid ng-valid-required"]/div[@class="form-group form-group-sm"]/div[@class="col-sm-offset-2 col-sm-10"]/button[@class="btn  btn-info"])][count(. | //*[@ng-click = 'updateEvent(formdata.id, eventForm.$valid)']) = count(//*[@ng-click = 'updateEvent(formdata.id, eventForm.$valid)'])][count(. | //*[contains(.,'Update Event')]) = count(//*[contains(.,'Update Event')])][count(. | //*[@class = 'btn  btn-info']) = count(//*[@class = 'btn  btn-info'])]' not found)]]></system-out>
      <system-err><![CDATA[2017-12-04 14:00:06 - [TEST_SUITE][FAILED] - Edit Event: Test Cases/Calendar Management/Update Event FAILED because (of) Unable to click on object 'Object Repository/Calendar Management/Update Event/button_Update Event' (Root cause: com.kms.katalon.core.webui.exception.WebElementNotFoundException: Web element with id: 'Object Repository/Calendar Management/Update Event/button_Update Event' located by 'By.xpath: //button[count(. | //*[@ng-show = 'updatebutton']) = count(//*[@ng-show = 'updatebutton'])][count(. | id("page-wrapper")/div[@class="col-lg-12"]/div[@class="hide_element"]/div[@class="hide_element"]/div[@class="row"]/div[@class="col-md-7"]/div[@class="panel panel-default"]/div[@class="panel-body"]/form[@class="form-horizontal ng-pristine ng-valid ng-valid-required"]/div[@class="form-group form-group-sm"]/div[@class="col-sm-offset-2 col-sm-10"]/button[@class="btn  btn-info"]) = count(id("page-wrapper")/div[@class="col-lg-12"]/div[@class="hide_element"]/div[@class="hide_element"]/div[@class="row"]/div[@class="col-md-7"]/div[@class="panel panel-default"]/div[@class="panel-body"]/form[@class="form-horizontal ng-pristine ng-valid ng-valid-required"]/div[@class="form-group form-group-sm"]/div[@class="col-sm-offset-2 col-sm-10"]/button[@class="btn  btn-info"])][count(. | //*[@ng-click = 'updateEvent(formdata.id, eventForm.$valid)']) = count(//*[@ng-click = 'updateEvent(formdata.id, eventForm.$valid)'])][count(. | //*[contains(.,'Update Event')]) = count(//*[contains(.,'Update Event')])][count(. | //*[@class = 'btn  btn-info']) = count(//*[@class = 'btn  btn-info'])]' not found)]]></system-err>
   </testsuite>
</testsuites>
