<?xml version="1.0" encoding="UTF-8"?>
<testsuites name="Add Visitor" time="39" tests="2" failures="0" errors="0">
   <testsuite name="Add Visitor" tests="2" failures="0" errors="0" time="39" timestamp="2017-10-06 12:10:14" hostname="Gituto Nyawira - Gituto-PC" id="Test Suites/Add Visitor">
      <properties>
         <property name="deviceName" value=""/>
         <property name="devicePlatform" value=""/>
         <property name="logFolder" value="C:\\Users\\Gituto Nyawira\\git\\VSMS-Test-Automation\\Reports\\Add Visitor\\20171006_121010"/>
         <property name="logFiles" value="C:\\Users\\Gituto Nyawira\\git\\VSMS-Test-Automation\\Reports\\Add Visitor\\20171006_121010\\execution0.log"/>
         <property name="attachments" value=""/>
         <property name="hostName" value="Gituto Nyawira - Gituto-PC"/>
         <property name="os" value="Windows 10 64bit"/>
         <property name="katalonVersion" value="4.8.0.2"/>
         <property name="browser" value="Chrome 61.0.3163.100"/>
         <property name="hostAddress" value="192.168.43.189"/>
         <property name="sessionId" value="dcb65b7ffce27ab3ad32f984b7912b60"/>
         <property name="seleniumVersion" value="2.53.0"/>
         <property name="proxyInformation" value="ProxyInformation{proxyOption=NO_PROXY, proxyServerType=HTTP, password=, proxyServerAddress=, proxyServerPort=0}"/>
         <property name="platform" value="Windows 10"/>
      </properties>
      <testcase name="Test Cases/Login Test case" classname="Test Cases/Login Test case" status="PASSED">
         <system-out><![CDATA[2017-10-06 12:10:15 - [TEST_CASE][PASSED] - Test Cases/Login Test case: Test Cases/Login Test case

2017-10-06 12:10:16 - [TEST_STEP][PASSED] - openBrowser: Browser is opened with url: ''

2017-10-06 12:10:23 - [MESSAGE][PASSED] - Browser is opened with url: ''

2017-10-06 12:10:23 - [TEST_STEP][PASSED] - navigateToUrl: Navigate to 'https://sandbox.vsms.tezzasolutions.com/index' successfully

2017-10-06 12:10:29 - [MESSAGE][PASSED] - Navigate to 'https://sandbox.vsms.tezzasolutions.com/index' successfully

2017-10-06 12:10:29 - [TEST_STEP][PASSED] - click: Object: 'Object Repository/Overview Page/a_Log in' is clicked on

2017-10-06 12:10:34 - [MESSAGE][PASSED] - Object: 'Object Repository/Overview Page/a_Log in' is clicked on

2017-10-06 12:10:34 - [TEST_STEP][PASSED] - setText: Text 'dennis.gituto@tezzasolutions.com' is set on object 'Object Repository/Login Page/input_email'

2017-10-06 12:10:35 - [MESSAGE][PASSED] - Text 'dennis.gituto@tezzasolutions.com' is set on object 'Object Repository/Login Page/input_email'

2017-10-06 12:10:35 - [TEST_STEP][PASSED] - setText: Text 'Desteg@3871' is set on object 'Object Repository/Login Page/input_password'

2017-10-06 12:10:36 - [MESSAGE][PASSED] - Text 'Desteg@3871' is set on object 'Object Repository/Login Page/input_password'

2017-10-06 12:10:36 - [TEST_STEP][PASSED] - click: Object: 'Object Repository/Login Page/button_Login' is clicked on

2017-10-06 12:10:40 - [MESSAGE][PASSED] - Object: 'Object Repository/Login Page/button_Login' is clicked on]]></system-out>
         <system-err><![CDATA[]]></system-err>
      </testcase>
      <testcase name="Test Cases/Add new Visitor in Security Management Module" classname="Test Cases/Add new Visitor in Security Management Module" status="PASSED">
         <system-out><![CDATA[2017-10-06 12:10:40 - [TEST_CASE][PASSED] - Test Cases/Add new Visitor in Security Management Module: Test Cases/Add new Visitor in Security Management Module

2017-10-06 12:10:41 - [TEST_STEP][PASSED] - click: Object: 'Object Repository/Dashboard Page/a_Modules' is clicked on

2017-10-06 12:10:41 - [MESSAGE][PASSED] - Object: 'Object Repository/Dashboard Page/a_Modules' is clicked on

2017-10-06 12:10:41 - [TEST_STEP][PASSED] - click: Object: 'Object Repository/Dashboard Page/a_Security Management' is clicked on

2017-10-06 12:10:42 - [MESSAGE][PASSED] - Object: 'Object Repository/Dashboard Page/a_Security Management' is clicked on

2017-10-06 12:10:42 - [TEST_STEP][PASSED] - click: Object: 'Object Repository/Dashboard Page/a_Security' is clicked on

2017-10-06 12:10:46 - [MESSAGE][PASSED] - Object: 'Object Repository/Dashboard Page/a_Security' is clicked on

2017-10-06 12:10:46 - [TEST_STEP][PASSED] - click: Object: 'Object Repository/Add Visitor Page/New Visitor Button' is clicked on

2017-10-06 12:10:47 - [MESSAGE][PASSED] - Object: 'Object Repository/Add Visitor Page/New Visitor Button' is clicked on

2017-10-06 12:10:47 - [TEST_STEP][PASSED] - setText: Text 'jamesmaina@gmail.com' is set on object 'Object Repository/Add Visitor Page/input_email'

2017-10-06 12:10:49 - [MESSAGE][PASSED] - Text 'jamesmaina@gmail.com' is set on object 'Object Repository/Add Visitor Page/input_email'

2017-10-06 12:10:49 - [TEST_STEP][PASSED] - setText: Text 'James' is set on object 'Object Repository/Add Visitor Page/input_first_name'

2017-10-06 12:10:50 - [MESSAGE][PASSED] - Text 'James' is set on object 'Object Repository/Add Visitor Page/input_first_name'

2017-10-06 12:10:50 - [TEST_STEP][PASSED] - setText: Text 'Maina' is set on object 'Object Repository/Add Visitor Page/input_last_name'

2017-10-06 12:10:50 - [MESSAGE][PASSED] - Text 'Maina' is set on object 'Object Repository/Add Visitor Page/input_last_name'

2017-10-06 12:10:50 - [TEST_STEP][PASSED] - setText: Text '0715532566' is set on object 'Object Repository/Add Visitor Page/input_phone'

2017-10-06 12:10:51 - [MESSAGE][PASSED] - Text '0715532566' is set on object 'Object Repository/Add Visitor Page/input_phone'

2017-10-06 12:10:51 - [TEST_STEP][PASSED] - click: Object: 'Object Repository/Add Visitor Page/button_Add Visitor' is clicked on

2017-10-06 12:10:51 - [MESSAGE][PASSED] - Object: 'Object Repository/Add Visitor Page/button_Add Visitor' is clicked on

2017-10-06 12:10:51 - [TEST_STEP][PASSED] - closeBrowser: Browser is closed

2017-10-06 12:10:53 - [MESSAGE][PASSED] - Browser is closed]]></system-out>
         <system-err><![CDATA[]]></system-err>
      </testcase>
      <system-out><![CDATA[2017-10-06 12:10:14 - [TEST_SUITE][PASSED] - Add Visitor: Test Cases/Add new Visitor in Security Management Module]]></system-out>
      <system-err><![CDATA[]]></system-err>
   </testsuite>
</testsuites>
