<?xml version="1.0" encoding="UTF-8"?>
<testsuites name="Add New Group" time="31" tests="0" failures="1" errors="0">
   <testsuite name="Add New Group" tests="0" failures="1" errors="0" time="31" timestamp="2017-10-06 12:42:01" hostname="ChweyaJnr - 192.168.56.1" id="Test Suites/User Management/Add New Group/Add New Group">
      <properties>
         <property name="deviceName" value=""/>
         <property name="devicePlatform" value=""/>
         <property name="logFolder" value="C:\\Users\\ChweyaJnr\\git\\VSMS-Test-Automation\\Reports\\User Management\\Add New Group\\Add New Group\\20171006_124158"/>
         <property name="logFiles" value="C:\\Users\\ChweyaJnr\\git\\VSMS-Test-Automation\\Reports\\User Management\\Add New Group\\Add New Group\\20171006_124158\\execution0.log"/>
         <property name="attachments" value="C:\\Users\\ChweyaJnr\\git\\VSMS-Test-Automation\\Reports\\User Management\\Add New Group\\Add New Group\\20171006_124158\\1507282951290.png"/>
         <property name="hostName" value="ChweyaJnr - 192.168.56.1"/>
         <property name="os" value="Windows 10 64bit"/>
         <property name="katalonVersion" value="4.8.0.2"/>
         <property name="browser" value="Chrome 61.0.3163.100"/>
         <property name="hostAddress" value="192.168.56.1"/>
         <property name="sessionId" value="4b9117a8661260e1f47a956d037b3910"/>
         <property name="seleniumVersion" value="2.53.0"/>
         <property name="proxyInformation" value="ProxyInformation{proxyOption=NO_PROXY, proxyServerType=HTTP, password=, proxyServerAddress=, proxyServerPort=0}"/>
         <property name="platform" value="Windows 10"/>
      </properties>
      <testcase name="Test Cases/User Management/Add New Group/Add New Group" classname="Test Cases/User Management/Add New Group/Add New Group" status="FAILED">
         <failure type="FAILED" message="com.kms.katalon.core.webui.exception.WebElementNotFoundException: Web element with id: 'Object Repository/User Management/Add New Group/Add New Group Objects/New Group Has been Added ' located by 'By.xpath: //p[count(. | //*[contains(.,'New group has been added successfully!')]) = count(//*[contains(.,'New group has been added successfully!')])]' not found"/>
         <system-out><![CDATA[2017-10-06 12:42:02 - [TEST_CASE][FAILED] - Test Cases/User Management/Add New Group/Add New Group: Test Cases/User Management/Add New Group/Add New Group FAILED because (of) com.kms.katalon.core.webui.exception.WebElementNotFoundException: Web element with id: 'Object Repository/User Management/Add New Group/Add New Group Objects/New Group Has been Added ' located by 'By.xpath: //p[count(. | //*[contains(.,'New group has been added successfully!')]) = count(//*[contains(.,'New group has been added successfully!')])]' not found

2017-10-06 12:42:03 - [TEST_STEP][PASSED] - openBrowser: Browser is opened with url: ''

2017-10-06 12:42:07 - [MESSAGE][PASSED] - Browser is opened with url: ''

2017-10-06 12:42:07 - [TEST_STEP][PASSED] - navigateToUrl: Navigate to 'https://sandbox.vsms.tezzasolutions.com/index' successfully

2017-10-06 12:42:13 - [MESSAGE][PASSED] - Navigate to 'https://sandbox.vsms.tezzasolutions.com/index' successfully

2017-10-06 12:42:13 - [TEST_STEP][PASSED] - click: Object: 'Object Repository/User Management/Add New User/Login Page Objects/a_Log in' is clicked on

2017-10-06 12:42:15 - [MESSAGE][PASSED] - Object: 'Object Repository/User Management/Add New User/Login Page Objects/a_Log in' is clicked on

2017-10-06 12:42:15 - [TEST_STEP][PASSED] - setText: Text 'clarinenyauncho@gmail.com' is set on object 'Object Repository/User Management/Add New User/Login Page Objects/input_email'

2017-10-06 12:42:16 - [MESSAGE][PASSED] - Text 'clarinenyauncho@gmail.com' is set on object 'Object Repository/User Management/Add New User/Login Page Objects/input_email'

2017-10-06 12:42:16 - [TEST_STEP][PASSED] - setText: Text 'changeme' is set on object 'Object Repository/User Management/Add New User/Login Page Objects/input_password'

2017-10-06 12:42:16 - [MESSAGE][PASSED] - Text 'changeme' is set on object 'Object Repository/User Management/Add New User/Login Page Objects/input_password'

2017-10-06 12:42:16 - [TEST_STEP][PASSED] - click: Object: 'Object Repository/User Management/Add New User/Login Page Objects/button_Login' is clicked on

2017-10-06 12:42:18 - [MESSAGE][PASSED] - Object: 'Object Repository/User Management/Add New User/Login Page Objects/button_Login' is clicked on

2017-10-06 12:42:18 - [TEST_STEP][PASSED] - click: Object: 'Object Repository/User Management/Add New User/Module Dropdown Objects/Modules dropdown' is clicked on

2017-10-06 12:42:18 - [MESSAGE][PASSED] - Object: 'Object Repository/User Management/Add New User/Module Dropdown Objects/Modules dropdown' is clicked on

2017-10-06 12:42:18 - [TEST_STEP][PASSED] - click: Object: 'Object Repository/User Management/Add New User/Module Dropdown Objects/User Management Dropdown' is clicked on

2017-10-06 12:42:19 - [MESSAGE][PASSED] - Object: 'Object Repository/User Management/Add New User/Module Dropdown Objects/User Management Dropdown' is clicked on

2017-10-06 12:42:19 - [TEST_STEP][PASSED] - click: Object: 'Object Repository/User Management/Add New Group/Group Module Selection/a_Group' is clicked on

2017-10-06 12:42:20 - [MESSAGE][PASSED] - Object: 'Object Repository/User Management/Add New Group/Group Module Selection/a_Group' is clicked on

2017-10-06 12:42:20 - [TEST_STEP][PASSED] - maximizeWindow: Current window maximized

2017-10-06 12:42:21 - [MESSAGE][PASSED] - Current window maximized

2017-10-06 12:42:21 - [TEST_STEP][PASSED] - delay: Delayed 3 second(s)

2017-10-06 12:42:24 - [MESSAGE][PASSED] - Delayed 3 second(s)

2017-10-06 12:42:24 - [TEST_STEP][PASSED] - click: Object: 'Object Repository/User Management/Add New Group/Add New Group Objects/a_Add New' is clicked on

2017-10-06 12:42:25 - [MESSAGE][PASSED] - Object: 'Object Repository/User Management/Add New Group/Add New Group Objects/a_Add New' is clicked on

2017-10-06 12:42:25 - [TEST_STEP][PASSED] - delay: Delayed 3 second(s)

2017-10-06 12:42:28 - [MESSAGE][PASSED] - Delayed 3 second(s)

2017-10-06 12:42:28 - [TEST_STEP][PASSED] - setText: Text 'Automation' is set on object 'Object Repository/User Management/Add New Group/Add New Group Objects/input_groupname'

2017-10-06 12:42:28 - [MESSAGE][PASSED] - Text 'Automation' is set on object 'Object Repository/User Management/Add New Group/Add New Group Objects/input_groupname'

2017-10-06 12:42:28 - [TEST_STEP][PASSED] - setText: Text 'Automation' is set on object 'Object Repository/User Management/Add New Group/Add New Group Objects/textarea_groupdescription'

2017-10-06 12:42:28 - [MESSAGE][PASSED] - Text 'Automation' is set on object 'Object Repository/User Management/Add New Group/Add New Group Objects/textarea_groupdescription'

2017-10-06 12:42:28 - [TEST_STEP][PASSED] - click: Object: 'Object Repository/User Management/Add New Group/Add New Group Objects/button_Save' is clicked on

2017-10-06 12:42:28 - [MESSAGE][PASSED] - Object: 'Object Repository/User Management/Add New Group/Add New Group Objects/button_Save' is clicked on

2017-10-06 12:42:28 - [TEST_STEP][FAILED] - verifyElementPresent: com.kms.katalon.core.webui.exception.WebElementNotFoundException: Web element with id: 'Object Repository/User Management/Add New Group/Add New Group Objects/New Group Has been Added ' located by 'By.xpath: //p[count(. | //*[contains(.,'New group has been added successfully!')]) = count(//*[contains(.,'New group has been added successfully!')])]' not found

2017-10-06 12:42:31 - [MESSAGE][FAILED] - com.kms.katalon.core.webui.exception.WebElementNotFoundException: Web element with id: 'Object Repository/User Management/Add New Group/Add New Group Objects/New Group Has been Added ' located by 'By.xpath: //p[count(. | //*[contains(.,'New group has been added successfully!')]) = count(//*[contains(.,'New group has been added successfully!')])]' not found
[[ATTACHMENT|C:\\Users\\ChweyaJnr\\git\\VSMS-Test-Automation\\Reports\\User Management\\Add New Group\\Add New Group\\20171006_124158\\1507282951290.png]]

2017-10-06 12:42:31 - [TEST_STEP][PASSED] - closeBrowser: Browser is closed

2017-10-06 12:42:33 - [MESSAGE][PASSED] - Browser is closed]]></system-out>
         <system-err><![CDATA[2017-10-06 12:42:02 - [TEST_CASE][FAILED] - Test Cases/User Management/Add New Group/Add New Group: Test Cases/User Management/Add New Group/Add New Group FAILED because (of) com.kms.katalon.core.webui.exception.WebElementNotFoundException: Web element with id: 'Object Repository/User Management/Add New Group/Add New Group Objects/New Group Has been Added ' located by 'By.xpath: //p[count(. | //*[contains(.,'New group has been added successfully!')]) = count(//*[contains(.,'New group has been added successfully!')])]' not found]]></system-err>
      </testcase>
      <system-out><![CDATA[2017-10-06 12:42:01 - [TEST_SUITE][FAILED] - Add New Group: Test Cases/User Management/Add New Group/Add New Group FAILED because (of) com.kms.katalon.core.webui.exception.WebElementNotFoundException: Web element with id: 'Object Repository/User Management/Add New Group/Add New Group Objects/New Group Has been Added ' located by 'By.xpath: //p[count(. | //*[contains(.,'New group has been added successfully!')]) = count(//*[contains(.,'New group has been added successfully!')])]' not found]]></system-out>
      <system-err><![CDATA[2017-10-06 12:42:01 - [TEST_SUITE][FAILED] - Add New Group: Test Cases/User Management/Add New Group/Add New Group FAILED because (of) com.kms.katalon.core.webui.exception.WebElementNotFoundException: Web element with id: 'Object Repository/User Management/Add New Group/Add New Group Objects/New Group Has been Added ' located by 'By.xpath: //p[count(. | //*[contains(.,'New group has been added successfully!')]) = count(//*[contains(.,'New group has been added successfully!')])]' not found]]></system-err>
   </testsuite>
</testsuites>
