<?xml version="1.0" encoding="UTF-8"?>
<testsuites name="Forgot Password" time="44" tests="1" failures="1" errors="0">
   <testsuite name="Forgot Password" tests="1" failures="1" errors="0" time="44" timestamp="2017-10-11 11:37:03" hostname="ChweyaJnr - 192.168.56.1" id="Test Suites/Forgot Password/Forgot Password">
      <properties>
         <property name="deviceName" value=""/>
         <property name="devicePlatform" value=""/>
         <property name="logFolder" value="C:\\Users\\ChweyaJnr\\git\\VSMS-Test-Automation\\Reports\\Forgot Password\\Forgot Password\\20171011_113700"/>
         <property name="logFiles" value="C:\\Users\\ChweyaJnr\\git\\VSMS-Test-Automation\\Reports\\Forgot Password\\Forgot Password\\20171011_113700\\execution0.log"/>
         <property name="attachments" value="C:\\Users\\ChweyaJnr\\git\\VSMS-Test-Automation\\Reports\\Forgot Password\\Forgot Password\\20171011_113700\\1507711044540.png, C:\\Users\\ChweyaJnr\\git\\VSMS-Test-Automation\\Reports\\Forgot Password\\Forgot Password\\20171011_113700\\1507711067065.png, C:\\Users\\ChweyaJnr\\git\\VSMS-Test-Automation\\Reports\\Forgot Password\\Forgot Password\\20171011_113700\\1507711067467.png"/>
         <property name="hostName" value="ChweyaJnr - 192.168.56.1"/>
         <property name="os" value="Windows 10 64bit"/>
         <property name="katalonVersion" value="4.8.0.2"/>
         <property name="browser" value="Chrome 61.0.3163.100"/>
         <property name="hostAddress" value="192.168.56.1"/>
         <property name="sessionId" value="5cce27447609b5dcd52b33e8943eb449"/>
         <property name="seleniumVersion" value="2.53.0"/>
         <property name="proxyInformation" value="ProxyInformation{proxyOption=NO_PROXY, proxyServerType=HTTP, password=, proxyServerAddress=, proxyServerPort=0}"/>
         <property name="platform" value="Windows 10"/>
      </properties>
      <testcase name="Test Cases/ForgotReset Password/Forgot Password - Iteration 1" classname="Test Cases/ForgotReset Password/Forgot Password" status="PASSED">
         <system-out><![CDATA[2017-10-11 11:37:04 - [TEST_CASE][PASSED] - Test Cases/ForgotReset Password/Forgot Password - Iteration 1: Test Cases/ForgotReset Password/Forgot Password

2017-10-11 11:37:05 - [TEST_STEP][PASSED] - openBrowser: Browser is opened with url: ''

2017-10-11 11:37:10 - [MESSAGE][PASSED] - Browser is opened with url: ''

2017-10-11 11:37:10 - [TEST_STEP][PASSED] - navigateToUrl: Navigate to 'https://sandbox.vsms.tezzasolutions.com/index' successfully

2017-10-11 11:37:14 - [MESSAGE][PASSED] - Navigate to 'https://sandbox.vsms.tezzasolutions.com/index' successfully

2017-10-11 11:37:14 - [TEST_STEP][PASSED] - click: Object: 'Object Repository/Forgot Password/Forgot Password Link/a_Log in' is clicked on

2017-10-11 11:37:16 - [MESSAGE][PASSED] - Object: 'Object Repository/Forgot Password/Forgot Password Link/a_Log in' is clicked on

2017-10-11 11:37:16 - [TEST_STEP][PASSED] - click: Object: 'Object Repository/Forgot Password/Forgot Password Link/a_Forgot your password' is clicked on

2017-10-11 11:37:20 - [MESSAGE][PASSED] - Object: 'Object Repository/Forgot Password/Forgot Password Link/a_Forgot your password' is clicked on

2017-10-11 11:37:20 - [TEST_STEP][PASSED] - maximizeWindow: Current window maximized

2017-10-11 11:37:21 - [MESSAGE][PASSED] - Current window maximized

2017-10-11 11:37:21 - [TEST_STEP][PASSED] - setText: Text 'change@gmail.com' is set on object 'Object Repository/Forgot Password/Password Reset/input_email'

2017-10-11 11:37:22 - [MESSAGE][PASSED] - Text 'change@gmail.com' is set on object 'Object Repository/Forgot Password/Password Reset/input_email'

2017-10-11 11:37:22 - [TEST_STEP][PASSED] - click: Object: 'Object Repository/Forgot Password/Password Reset/button_Send Password Reset Lin' is clicked on

2017-10-11 11:37:24 - [MESSAGE][PASSED] - Object: 'Object Repository/Forgot Password/Password Reset/button_Send Password Reset Lin' is clicked on

2017-10-11 11:37:24 - [TEST_STEP][PASSED] - verifyElementPresent: Object 'Object Repository/Forgot Password/Password Reset/div_We cant find a user with t' is present

2017-10-11 11:37:24 - [MESSAGE][PASSED] - Object 'Object Repository/Forgot Password/Password Reset/div_We cant find a user with t' is present

2017-10-11 11:37:24 - [TEST_STEP][PASSED] - takeScreenshot: Taking screenshot successfully

2017-10-11 11:37:24 - [MESSAGE][PASSED] - Taking screenshot successfully
[[ATTACHMENT|C:\\Users\\ChweyaJnr\\git\\VSMS-Test-Automation\\Reports\\Forgot Password\\Forgot Password\\20171011_113700\\1507711044540.png]]

2017-10-11 11:37:24 - [TEST_STEP][PASSED] - closeBrowser: Browser is closed

2017-10-11 11:37:26 - [MESSAGE][PASSED] - Browser is closed]]></system-out>
         <system-err><![CDATA[]]></system-err>
      </testcase>
      <testcase name="Test Cases/ForgotReset Password/Forgot Password - Iteration 2" classname="Test Cases/ForgotReset Password/Forgot Password" status="FAILED">
         <failure type="FAILED" message="Test Cases/ForgotReset Password/Forgot Password FAILED because (of) com.kms.katalon.core.webui.exception.WebElementNotFoundException: Web element with id: 'Object Repository/Forgot Password/Password Reset/div_We cant find a user with t' located by 'By.xpath: id(&quot;wrapper&quot;)/div[@class=&quot;container&quot;]/div[@class=&quot;row&quot;]/div[@class=&quot;col-md-8 col-md-offset-2&quot;]/div[@class=&quot;login-panel panel panel-default&quot;]/div[@class=&quot;panel-body&quot;]/div[@class=&quot;alert alert-danger&quot;]' not found"/>
         <system-out><![CDATA[2017-10-11 11:37:26 - [TEST_CASE][FAILED] - Test Cases/ForgotReset Password/Forgot Password - Iteration 2: Test Cases/ForgotReset Password/Forgot Password FAILED because (of) com.kms.katalon.core.webui.exception.WebElementNotFoundException: Web element with id: 'Object Repository/Forgot Password/Password Reset/div_We cant find a user with t' located by 'By.xpath: id("wrapper")/div[@class="container"]/div[@class="row"]/div[@class="col-md-8 col-md-offset-2"]/div[@class="login-panel panel panel-default"]/div[@class="panel-body"]/div[@class="alert alert-danger"]' not found

2017-10-11 11:37:26 - [TEST_STEP][PASSED] - openBrowser: Browser is opened with url: ''

2017-10-11 11:37:28 - [MESSAGE][PASSED] - Browser is opened with url: ''

2017-10-11 11:37:28 - [TEST_STEP][PASSED] - navigateToUrl: Navigate to 'https://sandbox.vsms.tezzasolutions.com/index' successfully

2017-10-11 11:37:33 - [MESSAGE][PASSED] - Navigate to 'https://sandbox.vsms.tezzasolutions.com/index' successfully

2017-10-11 11:37:33 - [TEST_STEP][PASSED] - click: Object: 'Object Repository/Forgot Password/Forgot Password Link/a_Log in' is clicked on

2017-10-11 11:37:35 - [MESSAGE][PASSED] - Object: 'Object Repository/Forgot Password/Forgot Password Link/a_Log in' is clicked on

2017-10-11 11:37:35 - [TEST_STEP][PASSED] - click: Object: 'Object Repository/Forgot Password/Forgot Password Link/a_Forgot your password' is clicked on

2017-10-11 11:37:38 - [MESSAGE][PASSED] - Object: 'Object Repository/Forgot Password/Forgot Password Link/a_Forgot your password' is clicked on

2017-10-11 11:37:38 - [TEST_STEP][PASSED] - maximizeWindow: Current window maximized

2017-10-11 11:37:39 - [MESSAGE][PASSED] - Current window maximized

2017-10-11 11:37:39 - [TEST_STEP][PASSED] - setText: Text 'clarinenyauncho@gmail.com' is set on object 'Object Repository/Forgot Password/Password Reset/input_email'

2017-10-11 11:37:40 - [MESSAGE][PASSED] - Text 'clarinenyauncho@gmail.com' is set on object 'Object Repository/Forgot Password/Password Reset/input_email'

2017-10-11 11:37:40 - [TEST_STEP][PASSED] - click: Object: 'Object Repository/Forgot Password/Password Reset/button_Send Password Reset Lin' is clicked on

2017-10-11 11:37:44 - [MESSAGE][PASSED] - Object: 'Object Repository/Forgot Password/Password Reset/button_Send Password Reset Lin' is clicked on

2017-10-11 11:37:44 - [TEST_STEP][FAILED] - verifyElementPresent: com.kms.katalon.core.webui.exception.WebElementNotFoundException: Web element with id: 'Object Repository/Forgot Password/Password Reset/div_We cant find a user with t' located by 'By.xpath: id("wrapper")/div[@class="container"]/div[@class="row"]/div[@class="col-md-8 col-md-offset-2"]/div[@class="login-panel panel panel-default"]/div[@class="panel-body"]/div[@class="alert alert-danger"]' not found

2017-10-11 11:37:47 - [MESSAGE][FAILED] - com.kms.katalon.core.webui.exception.WebElementNotFoundException: Web element with id: 'Object Repository/Forgot Password/Password Reset/div_We cant find a user with t' located by 'By.xpath: id("wrapper")/div[@class="container"]/div[@class="row"]/div[@class="col-md-8 col-md-offset-2"]/div[@class="login-panel panel panel-default"]/div[@class="panel-body"]/div[@class="alert alert-danger"]' not found
[[ATTACHMENT|C:\\Users\\ChweyaJnr\\git\\VSMS-Test-Automation\\Reports\\Forgot Password\\Forgot Password\\20171011_113700\\1507711067065.png]]

2017-10-11 11:37:47 - [TEST_STEP][PASSED] - takeScreenshot: Taking screenshot successfully

2017-10-11 11:37:47 - [MESSAGE][PASSED] - Taking screenshot successfully
[[ATTACHMENT|C:\\Users\\ChweyaJnr\\git\\VSMS-Test-Automation\\Reports\\Forgot Password\\Forgot Password\\20171011_113700\\1507711067467.png]]

2017-10-11 11:37:47 - [TEST_STEP][PASSED] - closeBrowser: Browser is closed

2017-10-11 11:37:48 - [MESSAGE][PASSED] - Browser is closed]]></system-out>
         <system-err><![CDATA[2017-10-11 11:37:26 - [TEST_CASE][FAILED] - Test Cases/ForgotReset Password/Forgot Password - Iteration 2: Test Cases/ForgotReset Password/Forgot Password FAILED because (of) com.kms.katalon.core.webui.exception.WebElementNotFoundException: Web element with id: 'Object Repository/Forgot Password/Password Reset/div_We cant find a user with t' located by 'By.xpath: id("wrapper")/div[@class="container"]/div[@class="row"]/div[@class="col-md-8 col-md-offset-2"]/div[@class="login-panel panel panel-default"]/div[@class="panel-body"]/div[@class="alert alert-danger"]' not found]]></system-err>
      </testcase>
      <system-out><![CDATA[2017-10-11 11:37:03 - [TEST_SUITE][FAILED] - Forgot Password: Test Cases/ForgotReset Password/Forgot Password FAILED because (of) com.kms.katalon.core.webui.exception.WebElementNotFoundException: Web element with id: 'Object Repository/Forgot Password/Password Reset/div_We cant find a user with t' located by 'By.xpath: id("wrapper")/div[@class="container"]/div[@class="row"]/div[@class="col-md-8 col-md-offset-2"]/div[@class="login-panel panel panel-default"]/div[@class="panel-body"]/div[@class="alert alert-danger"]' not found]]></system-out>
      <system-err><![CDATA[2017-10-11 11:37:03 - [TEST_SUITE][FAILED] - Forgot Password: Test Cases/ForgotReset Password/Forgot Password FAILED because (of) com.kms.katalon.core.webui.exception.WebElementNotFoundException: Web element with id: 'Object Repository/Forgot Password/Password Reset/div_We cant find a user with t' located by 'By.xpath: id("wrapper")/div[@class="container"]/div[@class="row"]/div[@class="col-md-8 col-md-offset-2"]/div[@class="login-panel panel panel-default"]/div[@class="panel-body"]/div[@class="alert alert-danger"]' not found]]></system-err>
   </testsuite>
</testsuites>
