<?xml version="1.0" encoding="UTF-8"?>
<testsuites name="Add New User" time="21" tests="0" failures="1" errors="0">
   <testsuite name="Add New User" tests="0" failures="1" errors="0" time="21" timestamp="2017-10-04 10:46:07" hostname="ChweyaJnr - 192.168.56.1" id="Test Suites/Add New User/Add New User">
      <properties>
         <property name="deviceName" value=""/>
         <property name="devicePlatform" value=""/>
         <property name="logFolder" value="C:\\Users\\ChweyaJnr\\git\\VSMS-Test-Automation\\Reports\\Add New User\\Add New User\\20171004_104604"/>
         <property name="logFiles" value="C:\\Users\\ChweyaJnr\\git\\VSMS-Test-Automation\\Reports\\Add New User\\Add New User\\20171004_104604\\execution0.log"/>
         <property name="attachments" value="C:\\Users\\ChweyaJnr\\git\\VSMS-Test-Automation\\Reports\\Add New User\\Add New User\\20171004_104604\\1507103188509.png"/>
         <property name="hostName" value="ChweyaJnr - 192.168.56.1"/>
         <property name="os" value="Windows 10 64bit"/>
         <property name="katalonVersion" value="4.8.0.2"/>
         <property name="browser" value="Firefox 39.0"/>
         <property name="hostAddress" value="192.168.56.1"/>
         <property name="sessionId" value="cf230b03-c6a9-432a-a670-5314f7308516"/>
         <property name="seleniumVersion" value="2.53.0"/>
         <property name="proxyInformation" value="ProxyInformation{proxyOption=NO_PROXY, proxyServerType=HTTP, password=, proxyServerAddress=, proxyServerPort=0}"/>
         <property name="platform" value="Windows 10"/>
      </properties>
      <testcase name="Test Cases/Add New User/New User" classname="Test Cases/Add New User/New User" status="FAILED">
         <failure type="FAILED" message="Unable to click on object 'Object Repository/Create New User/Add New User Objects/a_Add New' (Root cause: org.openqa.selenium.ElementNotVisibleException: Element is not currently visible and so may not be interacted with
Command duration or timeout: 21 milliseconds
Build info: version: '2.53.0', revision: '35ae25b', time: '2016-03-15 17:00:58'
System info: host: 'DESKTOP-QAVLP3L', ip: '192.168.56.1', os.name: 'Windows 10', os.arch: 'amd64', os.version: '10.0', java.version: '1.8.0_102'
Driver info: com.kms.katalon.selenium.driver.CFirefoxDriver
Capabilities [{applicationCacheEnabled=true, rotatable=false, handlesAlerts=true, databaseEnabled=true, version=39.0.3, platform=WINDOWS, nativeEvents=false, acceptSslCerts=true, webStorageEnabled=true, locationContextEnabled=true, browserName=firefox, takesScreenshot=true, javascriptEnabled=true, cssSelectorsEnabled=true}]
Session ID: cf230b03-c6a9-432a-a670-5314f7308516)"/>
         <system-out><![CDATA[2017-10-04 10:46:07 - [TEST_CASE][FAILED] - Test Cases/Add New User/New User: Test Cases/Add New User/New User FAILED because (of) Unable to click on object 'Object Repository/Create New User/Add New User Objects/a_Add New' (Root cause: org.openqa.selenium.ElementNotVisibleException: Element is not currently visible and so may not be interacted with
Command duration or timeout: 21 milliseconds
Build info: version: '2.53.0', revision: '35ae25b', time: '2016-03-15 17:00:58'
System info: host: 'DESKTOP-QAVLP3L', ip: '192.168.56.1', os.name: 'Windows 10', os.arch: 'amd64', os.version: '10.0', java.version: '1.8.0_102'
Driver info: com.kms.katalon.selenium.driver.CFirefoxDriver
Capabilities [{applicationCacheEnabled=true, rotatable=false, handlesAlerts=true, databaseEnabled=true, version=39.0.3, platform=WINDOWS, nativeEvents=false, acceptSslCerts=true, webStorageEnabled=true, locationContextEnabled=true, browserName=firefox, takesScreenshot=true, javascriptEnabled=true, cssSelectorsEnabled=true}]
Session ID: cf230b03-c6a9-432a-a670-5314f7308516)

2017-10-04 10:46:09 - [TEST_STEP][PASSED] - openBrowser: Browser is opened with url: ''

2017-10-04 10:46:16 - [MESSAGE][PASSED] - Browser is opened with url: ''

2017-10-04 10:46:16 - [TEST_STEP][PASSED] - navigateToUrl: Navigate to 'https://sandbox.vsms.tezzasolutions.com/index' successfully

2017-10-04 10:46:21 - [MESSAGE][PASSED] - Navigate to 'https://sandbox.vsms.tezzasolutions.com/index' successfully

2017-10-04 10:46:21 - [TEST_STEP][PASSED] - click: Object: 'Object Repository/Create New User/Login Page Objects/a_Log in' is clicked on

2017-10-04 10:46:23 - [MESSAGE][PASSED] - Object: 'Object Repository/Create New User/Login Page Objects/a_Log in' is clicked on

2017-10-04 10:46:23 - [TEST_STEP][PASSED] - setText: Text 'clarinenyauncho@gmail.com' is set on object 'Object Repository/Create New User/Login Page Objects/input_email'

2017-10-04 10:46:24 - [MESSAGE][PASSED] - Text 'clarinenyauncho@gmail.com' is set on object 'Object Repository/Create New User/Login Page Objects/input_email'

2017-10-04 10:46:24 - [TEST_STEP][PASSED] - setText: Text 'changeme' is set on object 'Object Repository/Create New User/Login Page Objects/input_password'

2017-10-04 10:46:24 - [MESSAGE][PASSED] - Text 'changeme' is set on object 'Object Repository/Create New User/Login Page Objects/input_password'

2017-10-04 10:46:24 - [TEST_STEP][PASSED] - click: Object: 'Object Repository/Create New User/Login Page Objects/button_Login' is clicked on

2017-10-04 10:46:26 - [MESSAGE][PASSED] - Object: 'Object Repository/Create New User/Login Page Objects/button_Login' is clicked on

2017-10-04 10:46:26 - [TEST_STEP][PASSED] - click: Object: 'Object Repository/Create New User/Module Dropdown Objects/Modules dropdown' is clicked on

2017-10-04 10:46:26 - [MESSAGE][PASSED] - Object: 'Object Repository/Create New User/Module Dropdown Objects/Modules dropdown' is clicked on

2017-10-04 10:46:26 - [TEST_STEP][PASSED] - click: Object: 'Object Repository/Create New User/Module Dropdown Objects/User Management Dropdown' is clicked on

2017-10-04 10:46:27 - [MESSAGE][PASSED] - Object: 'Object Repository/Create New User/Module Dropdown Objects/User Management Dropdown' is clicked on

2017-10-04 10:46:27 - [TEST_STEP][PASSED] - click: Object: 'Object Repository/Create New User/Module Dropdown Objects/a_User' is clicked on

2017-10-04 10:46:28 - [MESSAGE][PASSED] - Object: 'Object Repository/Create New User/Module Dropdown Objects/a_User' is clicked on

2017-10-04 10:46:28 - [TEST_STEP][FAILED] - click: Unable to click on object 'Object Repository/Create New User/Add New User Objects/a_Add New' (Root cause: org.openqa.selenium.ElementNotVisibleException: Element is not currently visible and so may not be interacted with
Command duration or timeout: 21 milliseconds
Build info: version: '2.53.0', revision: '35ae25b', time: '2016-03-15 17:00:58'
System info: host: 'DESKTOP-QAVLP3L', ip: '192.168.56.1', os.name: 'Windows 10', os.arch: 'amd64', os.version: '10.0', java.version: '1.8.0_102'
Driver info: com.kms.katalon.selenium.driver.CFirefoxDriver
Capabilities [{applicationCacheEnabled=true, rotatable=false, handlesAlerts=true, databaseEnabled=true, version=39.0.3, platform=WINDOWS, nativeEvents=false, acceptSslCerts=true, webStorageEnabled=true, locationContextEnabled=true, browserName=firefox, takesScreenshot=true, javascriptEnabled=true, cssSelectorsEnabled=true}]
Session ID: cf230b03-c6a9-432a-a670-5314f7308516)

2017-10-04 10:46:28 - [MESSAGE][FAILED] - Unable to click on object 'Object Repository/Create New User/Add New User Objects/a_Add New' (Root cause: org.openqa.selenium.ElementNotVisibleException: Element is not currently visible and so may not be interacted with
Command duration or timeout: 21 milliseconds
Build info: version: '2.53.0', revision: '35ae25b', time: '2016-03-15 17:00:58'
System info: host: 'DESKTOP-QAVLP3L', ip: '192.168.56.1', os.name: 'Windows 10', os.arch: 'amd64', os.version: '10.0', java.version: '1.8.0_102'
Driver info: com.kms.katalon.selenium.driver.CFirefoxDriver
Capabilities [{applicationCacheEnabled=true, rotatable=false, handlesAlerts=true, databaseEnabled=true, version=39.0.3, platform=WINDOWS, nativeEvents=false, acceptSslCerts=true, webStorageEnabled=true, locationContextEnabled=true, browserName=firefox, takesScreenshot=true, javascriptEnabled=true, cssSelectorsEnabled=true}]
Session ID: cf230b03-c6a9-432a-a670-5314f7308516)
[[ATTACHMENT|C:\\Users\\ChweyaJnr\\git\\VSMS-Test-Automation\\Reports\\Add New User\\Add New User\\20171004_104604\\1507103188509.png]]]]></system-out>
         <system-err><![CDATA[2017-10-04 10:46:07 - [TEST_CASE][FAILED] - Test Cases/Add New User/New User: Test Cases/Add New User/New User FAILED because (of) Unable to click on object 'Object Repository/Create New User/Add New User Objects/a_Add New' (Root cause: org.openqa.selenium.ElementNotVisibleException: Element is not currently visible and so may not be interacted with
Command duration or timeout: 21 milliseconds
Build info: version: '2.53.0', revision: '35ae25b', time: '2016-03-15 17:00:58'
System info: host: 'DESKTOP-QAVLP3L', ip: '192.168.56.1', os.name: 'Windows 10', os.arch: 'amd64', os.version: '10.0', java.version: '1.8.0_102'
Driver info: com.kms.katalon.selenium.driver.CFirefoxDriver
Capabilities [{applicationCacheEnabled=true, rotatable=false, handlesAlerts=true, databaseEnabled=true, version=39.0.3, platform=WINDOWS, nativeEvents=false, acceptSslCerts=true, webStorageEnabled=true, locationContextEnabled=true, browserName=firefox, takesScreenshot=true, javascriptEnabled=true, cssSelectorsEnabled=true}]
Session ID: cf230b03-c6a9-432a-a670-5314f7308516)]]></system-err>
      </testcase>
      <system-out><![CDATA[2017-10-04 10:46:07 - [TEST_SUITE][FAILED] - Add New User: Test Cases/Add New User/New User FAILED because (of) Unable to click on object 'Object Repository/Create New User/Add New User Objects/a_Add New' (Root cause: org.openqa.selenium.ElementNotVisibleException: Element is not currently visible and so may not be interacted with
Command duration or timeout: 21 milliseconds
Build info: version: '2.53.0', revision: '35ae25b', time: '2016-03-15 17:00:58'
System info: host: 'DESKTOP-QAVLP3L', ip: '192.168.56.1', os.name: 'Windows 10', os.arch: 'amd64', os.version: '10.0', java.version: '1.8.0_102'
Driver info: com.kms.katalon.selenium.driver.CFirefoxDriver
Capabilities [{applicationCacheEnabled=true, rotatable=false, handlesAlerts=true, databaseEnabled=true, version=39.0.3, platform=WINDOWS, nativeEvents=false, acceptSslCerts=true, webStorageEnabled=true, locationContextEnabled=true, browserName=firefox, takesScreenshot=true, javascriptEnabled=true, cssSelectorsEnabled=true}]
Session ID: cf230b03-c6a9-432a-a670-5314f7308516)]]></system-out>
      <system-err><![CDATA[2017-10-04 10:46:07 - [TEST_SUITE][FAILED] - Add New User: Test Cases/Add New User/New User FAILED because (of) Unable to click on object 'Object Repository/Create New User/Add New User Objects/a_Add New' (Root cause: org.openqa.selenium.ElementNotVisibleException: Element is not currently visible and so may not be interacted with
Command duration or timeout: 21 milliseconds
Build info: version: '2.53.0', revision: '35ae25b', time: '2016-03-15 17:00:58'
System info: host: 'DESKTOP-QAVLP3L', ip: '192.168.56.1', os.name: 'Windows 10', os.arch: 'amd64', os.version: '10.0', java.version: '1.8.0_102'
Driver info: com.kms.katalon.selenium.driver.CFirefoxDriver
Capabilities [{applicationCacheEnabled=true, rotatable=false, handlesAlerts=true, databaseEnabled=true, version=39.0.3, platform=WINDOWS, nativeEvents=false, acceptSslCerts=true, webStorageEnabled=true, locationContextEnabled=true, browserName=firefox, takesScreenshot=true, javascriptEnabled=true, cssSelectorsEnabled=true}]
Session ID: cf230b03-c6a9-432a-a670-5314f7308516)]]></system-err>
   </testsuite>
</testsuites>
