<?xml version="1.0" encoding="UTF-8"?>
<testsuites name="Add Visitor" time="60" tests="1" failures="0" errors="0">
   <testsuite name="Add Visitor" tests="1" failures="0" errors="0" time="60" timestamp="2017-10-31 12:32:55" hostname="Gituto Nyawira - Gituto-PC" id="Test Suites/Security Management/Add Visitor/Add Visitor">
      <properties>
         <property name="deviceName" value=""/>
         <property name="devicePlatform" value=""/>
         <property name="logFolder" value="C:\\Users\\Gituto Nyawira\\git\\VSMS-Test-Automation\\Reports\\Security Management\\Add Visitor\\Add Visitor\\20171031_123249"/>
         <property name="logFiles" value="C:\\Users\\Gituto Nyawira\\git\\VSMS-Test-Automation\\Reports\\Security Management\\Add Visitor\\Add Visitor\\20171031_123249\\execution0.log"/>
         <property name="attachments" value=""/>
         <property name="hostName" value="Gituto Nyawira - Gituto-PC"/>
         <property name="os" value="Windows 10 64bit"/>
         <property name="katalonVersion" value="4.8.0.2"/>
         <property name="browser" value="Chrome 61.0.3163.100"/>
         <property name="hostAddress" value="192.168.1.136"/>
         <property name="sessionId" value="60ce0e9bb016c0015cde25119729203d"/>
         <property name="seleniumVersion" value="2.53.0"/>
         <property name="proxyInformation" value="ProxyInformation{proxyOption=NO_PROXY, proxyServerType=HTTP, password=, proxyServerAddress=, proxyServerPort=0}"/>
         <property name="platform" value="Windows 10"/>
      </properties>
      <testcase name="Test Cases/Security Management/Add new Visitor in Security Management Module" classname="Test Cases/Security Management/Add new Visitor in Security Management Module" status="PASSED">
         <system-out><![CDATA[2017-10-31 12:32:57 - [TEST_CASE][PASSED] - Test Cases/Security Management/Add new Visitor in Security Management Module: Test Cases/Security Management/Add new Visitor in Security Management Module

2017-10-31 12:32:58 - [TEST_STEP][PASSED] - callTestCase: Call Test Case 'Test Cases/Common/LOGIN' successfully

2017-10-31 12:32:59 - [TEST_CASE][PASSED] - Test Cases/Common/LOGIN: Test Cases/Common/LOGIN

2017-10-31 12:32:59 - [TEST_STEP][PASSED] - openBrowser: Browser is opened with url: 'https://sandbox.vsms.tezzasolutions.com/index'

2017-10-31 12:33:17 - [MESSAGE][PASSED] - Browser is opened with url: 'https://sandbox.vsms.tezzasolutions.com/index'

2017-10-31 12:33:17 - [TEST_STEP][PASSED] - maximizeWindow: Current window maximized

2017-10-31 12:33:18 - [MESSAGE][PASSED] - Current window maximized

2017-10-31 12:33:18 - [TEST_STEP][PASSED] - click: Object: 'Object Repository/login/a_Log in' is clicked on

2017-10-31 12:33:23 - [MESSAGE][PASSED] - Object: 'Object Repository/login/a_Log in' is clicked on

2017-10-31 12:33:23 - [TEST_STEP][PASSED] - setText: Text 'clarinenyauncho@gmail.com' is set on object 'Object Repository/login/input_email'

2017-10-31 12:33:24 - [MESSAGE][PASSED] - Text 'clarinenyauncho@gmail.com' is set on object 'Object Repository/login/input_email'

2017-10-31 12:33:24 - [TEST_STEP][PASSED] - setText: Text 'changeme' is set on object 'Object Repository/login/input_password'

2017-10-31 12:33:25 - [MESSAGE][PASSED] - Text 'changeme' is set on object 'Object Repository/login/input_password'

2017-10-31 12:33:25 - [TEST_STEP][PASSED] - click: Object: 'Object Repository/login/button_Login' is clicked on

2017-10-31 12:33:28 - [MESSAGE][PASSED] - Object: 'Object Repository/login/button_Login' is clicked on

2017-10-31 12:33:28 - [MESSAGE][PASSED] - Call Test Case 'Test Cases/Common/LOGIN' successfully

2017-10-31 12:33:28 - [TEST_STEP][PASSED] - maximizeWindow: Current window maximized

2017-10-31 12:33:28 - [MESSAGE][PASSED] - Current window maximized

2017-10-31 12:33:28 - [TEST_STEP][PASSED] - delay: Delayed 3 second(s)

2017-10-31 12:33:31 - [MESSAGE][PASSED] - Delayed 3 second(s)

2017-10-31 12:33:31 - [TEST_STEP][PASSED] - click: Object: 'Object Repository/Dashboard Page/a_Modules' is clicked on

2017-10-31 12:33:32 - [MESSAGE][PASSED] - Object: 'Object Repository/Dashboard Page/a_Modules' is clicked on

2017-10-31 12:33:32 - [TEST_STEP][PASSED] - click: Object: 'Object Repository/Dashboard Page/a_Security Management' is clicked on

2017-10-31 12:33:32 - [MESSAGE][PASSED] - Object: 'Object Repository/Dashboard Page/a_Security Management' is clicked on

2017-10-31 12:33:32 - [TEST_STEP][PASSED] - click: Object: 'Object Repository/Dashboard Page/a_Security' is clicked on

2017-10-31 12:33:37 - [MESSAGE][PASSED] - Object: 'Object Repository/Dashboard Page/a_Security' is clicked on

2017-10-31 12:33:37 - [TEST_STEP][PASSED] - click: Object: 'Object Repository/Add Visitor Page/New Visitor Button' is clicked on

2017-10-31 12:33:38 - [MESSAGE][PASSED] - Object: 'Object Repository/Add Visitor Page/New Visitor Button' is clicked on

2017-10-31 12:33:38 - [TEST_STEP][PASSED] - setText: Text 'samwesh@gmail.com' is set on object 'Object Repository/Add Visitor Page/input_email'

2017-10-31 12:33:40 - [MESSAGE][PASSED] - Text 'samwesh@gmail.com' is set on object 'Object Repository/Add Visitor Page/input_email'

2017-10-31 12:33:40 - [TEST_STEP][PASSED] - setText: Text 'Sam' is set on object 'Object Repository/Add Visitor Page/input_first_name'

2017-10-31 12:33:41 - [MESSAGE][PASSED] - Text 'Sam' is set on object 'Object Repository/Add Visitor Page/input_first_name'

2017-10-31 12:33:41 - [TEST_STEP][PASSED] - setText: Text 'Wesh' is set on object 'Object Repository/Add Visitor Page/input_last_name'

2017-10-31 12:33:41 - [MESSAGE][PASSED] - Text 'Wesh' is set on object 'Object Repository/Add Visitor Page/input_last_name'

2017-10-31 12:33:41 - [TEST_STEP][PASSED] - setText: Text '0725167892' is set on object 'Object Repository/Add Visitor Page/input_phone'

2017-10-31 12:33:42 - [MESSAGE][PASSED] - Text '0725167892' is set on object 'Object Repository/Add Visitor Page/input_phone'

2017-10-31 12:33:42 - [TEST_STEP][PASSED] - delay: Delayed 5 second(s)

2017-10-31 12:33:47 - [MESSAGE][PASSED] - Delayed 5 second(s)

2017-10-31 12:33:47 - [TEST_STEP][PASSED] - click: Object: 'Object Repository/Add Visitor Page/button_Add Visitor' is clicked on

2017-10-31 12:33:48 - [MESSAGE][PASSED] - Object: 'Object Repository/Add Visitor Page/button_Add Visitor' is clicked on

2017-10-31 12:33:48 - [TEST_STEP][PASSED] - delay: Delayed 5 second(s)

2017-10-31 12:33:53 - [MESSAGE][PASSED] - Delayed 5 second(s)

2017-10-31 12:33:53 - [TEST_STEP][PASSED] - closeBrowser: Browser is closed

2017-10-31 12:33:56 - [MESSAGE][PASSED] - Browser is closed]]></system-out>
         <system-err><![CDATA[]]></system-err>
      </testcase>
      <system-out><![CDATA[2017-10-31 12:32:55 - [TEST_SUITE][PASSED] - Add Visitor: Test Cases/Security Management/Add new Visitor in Security Management Module]]></system-out>
      <system-err><![CDATA[]]></system-err>
   </testsuite>
</testsuites>
