<?xml version="1.0" encoding="UTF-8"?>
<testsuites name="Edit Event" time="109" tests="0" failures="1" errors="0">
   <testsuite name="Edit Event" tests="0" failures="1" errors="0" time="109" timestamp="2017-10-12 11:32:22" hostname="Gituto Nyawira - Gituto-PC" id="Test Suites/Calendar Management/Edit Event">
      <properties>
         <property name="deviceName" value=""/>
         <property name="devicePlatform" value=""/>
         <property name="logFolder" value="C:\\Users\\Gituto Nyawira\\git\\VSMS-Test-Automation\\Reports\\Calendar Management\\Edit Event\\20171012_113216"/>
         <property name="logFiles" value="C:\\Users\\Gituto Nyawira\\git\\VSMS-Test-Automation\\Reports\\Calendar Management\\Edit Event\\20171012_113216\\execution0.log"/>
         <property name="attachments" value="C:\\Users\\Gituto Nyawira\\git\\VSMS-Test-Automation\\Reports\\Calendar Management\\Edit Event\\20171012_113216\\1507797230423.png, C:\\Users\\Gituto Nyawira\\git\\VSMS-Test-Automation\\Reports\\Calendar Management\\Edit Event\\20171012_113216\\1507797232410.png, C:\\Users\\Gituto Nyawira\\git\\VSMS-Test-Automation\\Reports\\Calendar Management\\Edit Event\\20171012_113216\\1507797233961.png, C:\\Users\\Gituto Nyawira\\git\\VSMS-Test-Automation\\Reports\\Calendar Management\\Edit Event\\20171012_113216\\1507797234822.png, C:\\Users\\Gituto Nyawira\\git\\VSMS-Test-Automation\\Reports\\Calendar Management\\Edit Event\\20171012_113216\\1507797235560.png, C:\\Users\\Gituto Nyawira\\git\\VSMS-Test-Automation\\Reports\\Calendar Management\\Edit Event\\20171012_113216\\1507797236253.png, C:\\Users\\Gituto Nyawira\\git\\VSMS-Test-Automation\\Reports\\Calendar Management\\Edit Event\\20171012_113216\\1507797237133.png, C:\\Users\\Gituto Nyawira\\git\\VSMS-Test-Automation\\Reports\\Calendar Management\\Edit Event\\20171012_113216\\1507797243659.png"/>
         <property name="hostName" value="Gituto Nyawira - Gituto-PC"/>
         <property name="os" value="Windows 10 64bit"/>
         <property name="katalonVersion" value="4.8.0.2"/>
         <property name="browser" value="Chrome 61.0.3163.100"/>
         <property name="hostAddress" value="192.168.43.189"/>
         <property name="sessionId" value="3ba7f6777562f5c7962da573257ab4d7"/>
         <property name="seleniumVersion" value="2.53.0"/>
         <property name="proxyInformation" value="ProxyInformation{proxyOption=NO_PROXY, proxyServerType=HTTP, password=, proxyServerAddress=, proxyServerPort=0}"/>
         <property name="platform" value="Windows 10"/>
      </properties>
      <testcase name="Test Cases/Calendar Management/Update Event" classname="Test Cases/Calendar Management/Update Event" status="FAILED">
         <failure type="FAILED" message="Unable to click on object 'Object Repository/Calendar Management/Update Event/div_fc-content' (Root cause: com.kms.katalon.core.webui.exception.WebElementNotFoundException: Web element with id: 'Object Repository/Calendar Management/Update Event/div_fc-content' located by 'By.xpath: //div[count(. | id(&quot;cal&quot;)/div[@class=&quot;fc-view-container&quot;]/div[@class=&quot;fc-view fc-month-view fc-basic-view&quot;]/table[1]/tbody[@class=&quot;fc-body&quot;]/tr[1]/td[@class=&quot;fc-widget-content&quot;]/div[@class=&quot;fc-day-grid-container fc-scroller&quot;]/div[@class=&quot;fc-day-grid&quot;]/div[@class=&quot;fc-row fc-week fc-widget-content&quot;]/div[@class=&quot;fc-content-skeleton&quot;]/table[1]/tbody[1]/tr[3]/td[@class=&quot;fc-event-container&quot;]/a[@class=&quot;fc-day-grid-event fc-h-event fc-event fc-not-start fc-end fc-draggable ng-scope&quot;]/div[@class=&quot;fc-content&quot;]) = count(id(&quot;cal&quot;)/div[@class=&quot;fc-view-container&quot;]/div[@class=&quot;fc-view fc-month-view fc-basic-view&quot;]/table[1]/tbody[@class=&quot;fc-body&quot;]/tr[1]/td[@class=&quot;fc-widget-content&quot;]/div[@class=&quot;fc-day-grid-container fc-scroller&quot;]/div[@class=&quot;fc-day-grid&quot;]/div[@class=&quot;fc-row fc-week fc-widget-content&quot;]/div[@class=&quot;fc-content-skeleton&quot;]/table[1]/tbody[1]/tr[3]/td[@class=&quot;fc-event-container&quot;]/a[@class=&quot;fc-day-grid-event fc-h-event fc-event fc-not-start fc-end fc-draggable ng-scope&quot;]/div[@class=&quot;fc-content&quot;])]' not found)"/>
         <system-out><![CDATA[2017-10-12 11:32:23 - [TEST_CASE][FAILED] - Test Cases/Calendar Management/Update Event: Test Cases/Calendar Management/Update Event FAILED because (of) Unable to click on object 'Object Repository/Calendar Management/Update Event/div_fc-content' (Root cause: com.kms.katalon.core.webui.exception.WebElementNotFoundException: Web element with id: 'Object Repository/Calendar Management/Update Event/div_fc-content' located by 'By.xpath: //div[count(. | id("cal")/div[@class="fc-view-container"]/div[@class="fc-view fc-month-view fc-basic-view"]/table[1]/tbody[@class="fc-body"]/tr[1]/td[@class="fc-widget-content"]/div[@class="fc-day-grid-container fc-scroller"]/div[@class="fc-day-grid"]/div[@class="fc-row fc-week fc-widget-content"]/div[@class="fc-content-skeleton"]/table[1]/tbody[1]/tr[3]/td[@class="fc-event-container"]/a[@class="fc-day-grid-event fc-h-event fc-event fc-not-start fc-end fc-draggable ng-scope"]/div[@class="fc-content"]) = count(id("cal")/div[@class="fc-view-container"]/div[@class="fc-view fc-month-view fc-basic-view"]/table[1]/tbody[@class="fc-body"]/tr[1]/td[@class="fc-widget-content"]/div[@class="fc-day-grid-container fc-scroller"]/div[@class="fc-day-grid"]/div[@class="fc-row fc-week fc-widget-content"]/div[@class="fc-content-skeleton"]/table[1]/tbody[1]/tr[3]/td[@class="fc-event-container"]/a[@class="fc-day-grid-event fc-h-event fc-event fc-not-start fc-end fc-draggable ng-scope"]/div[@class="fc-content"])]' not found)

2017-10-12 11:32:24 - [TEST_STEP][PASSED] - callTestCase: Call Test Case 'Test Cases/LOGIN' successfully

2017-10-12 11:32:24 - [TEST_CASE][PASSED] - Test Cases/LOGIN: Test Cases/LOGIN

2017-10-12 11:32:24 - [TEST_STEP][PASSED] - openBrowser: Browser is opened with url: 'https://sandbox.vsms.tezzasolutions.com/index'

2017-10-12 11:32:54 - [MESSAGE][PASSED] - Browser is opened with url: 'https://sandbox.vsms.tezzasolutions.com/index'

2017-10-12 11:32:54 - [TEST_STEP][PASSED] - click: Object: 'Object Repository/login/a_Log in' is clicked on

2017-10-12 11:32:59 - [MESSAGE][PASSED] - Object: 'Object Repository/login/a_Log in' is clicked on

2017-10-12 11:32:59 - [TEST_STEP][PASSED] - setText: Text 'clarinenyauncho@gmail.com' is set on object 'Object Repository/login/input_email'

2017-10-12 11:33:00 - [MESSAGE][PASSED] - Text 'clarinenyauncho@gmail.com' is set on object 'Object Repository/login/input_email'

2017-10-12 11:33:00 - [TEST_STEP][PASSED] - setText: Text 'changeme' is set on object 'Object Repository/login/input_password'

2017-10-12 11:33:01 - [MESSAGE][PASSED] - Text 'changeme' is set on object 'Object Repository/login/input_password'

2017-10-12 11:33:01 - [TEST_STEP][PASSED] - click: Object: 'Object Repository/login/button_Login' is clicked on

2017-10-12 11:33:05 - [MESSAGE][PASSED] - Object: 'Object Repository/login/button_Login' is clicked on

2017-10-12 11:33:05 - [MESSAGE][PASSED] - Call Test Case 'Test Cases/LOGIN' successfully

2017-10-12 11:33:05 - [TEST_STEP][PASSED] - maximizeWindow: Current window maximized

2017-10-12 11:33:07 - [MESSAGE][PASSED] - Current window maximized

2017-10-12 11:33:07 - [TEST_STEP][PASSED] - click: Object: 'Object Repository/Dashboard Page/a_Modules' is clicked on

2017-10-12 11:33:08 - [MESSAGE][PASSED] - Object: 'Object Repository/Dashboard Page/a_Modules' is clicked on

2017-10-12 11:33:08 - [TEST_STEP][PASSED] - click: Object: 'Object Repository/Dashboard Page/a_Calendar Management' is clicked on

2017-10-12 11:33:08 - [MESSAGE][PASSED] - Object: 'Object Repository/Dashboard Page/a_Calendar Management' is clicked on

2017-10-12 11:33:08 - [TEST_STEP][PASSED] - click: Object: 'Object Repository/Dashboard Page/a_Calendar' is clicked on

2017-10-12 11:33:14 - [MESSAGE][PASSED] - Object: 'Object Repository/Dashboard Page/a_Calendar' is clicked on

2017-10-12 11:33:14 - [TEST_STEP][FAILED] - click: Unable to click on object 'Object Repository/Calendar Management/Update Event/div_fc-content' (Root cause: com.kms.katalon.core.webui.exception.WebElementNotFoundException: Web element with id: 'Object Repository/Calendar Management/Update Event/div_fc-content' located by 'By.xpath: //div[count(. | id("cal")/div[@class="fc-view-container"]/div[@class="fc-view fc-month-view fc-basic-view"]/table[1]/tbody[@class="fc-body"]/tr[1]/td[@class="fc-widget-content"]/div[@class="fc-day-grid-container fc-scroller"]/div[@class="fc-day-grid"]/div[@class="fc-row fc-week fc-widget-content"]/div[@class="fc-content-skeleton"]/table[1]/tbody[1]/tr[3]/td[@class="fc-event-container"]/a[@class="fc-day-grid-event fc-h-event fc-event fc-not-start fc-end fc-draggable ng-scope"]/div[@class="fc-content"]) = count(id("cal")/div[@class="fc-view-container"]/div[@class="fc-view fc-month-view fc-basic-view"]/table[1]/tbody[@class="fc-body"]/tr[1]/td[@class="fc-widget-content"]/div[@class="fc-day-grid-container fc-scroller"]/div[@class="fc-day-grid"]/div[@class="fc-row fc-week fc-widget-content"]/div[@class="fc-content-skeleton"]/table[1]/tbody[1]/tr[3]/td[@class="fc-event-container"]/a[@class="fc-day-grid-event fc-h-event fc-event fc-not-start fc-end fc-draggable ng-scope"]/div[@class="fc-content"])]' not found)

2017-10-12 11:33:51 - [MESSAGE][FAILED] - Unable to click on object 'Object Repository/Calendar Management/Update Event/div_fc-content' (Root cause: com.kms.katalon.core.webui.exception.WebElementNotFoundException: Web element with id: 'Object Repository/Calendar Management/Update Event/div_fc-content' located by 'By.xpath: //div[count(. | id("cal")/div[@class="fc-view-container"]/div[@class="fc-view fc-month-view fc-basic-view"]/table[1]/tbody[@class="fc-body"]/tr[1]/td[@class="fc-widget-content"]/div[@class="fc-day-grid-container fc-scroller"]/div[@class="fc-day-grid"]/div[@class="fc-row fc-week fc-widget-content"]/div[@class="fc-content-skeleton"]/table[1]/tbody[1]/tr[3]/td[@class="fc-event-container"]/a[@class="fc-day-grid-event fc-h-event fc-event fc-not-start fc-end fc-draggable ng-scope"]/div[@class="fc-content"]) = count(id("cal")/div[@class="fc-view-container"]/div[@class="fc-view fc-month-view fc-basic-view"]/table[1]/tbody[@class="fc-body"]/tr[1]/td[@class="fc-widget-content"]/div[@class="fc-day-grid-container fc-scroller"]/div[@class="fc-day-grid"]/div[@class="fc-row fc-week fc-widget-content"]/div[@class="fc-content-skeleton"]/table[1]/tbody[1]/tr[3]/td[@class="fc-event-container"]/a[@class="fc-day-grid-event fc-h-event fc-event fc-not-start fc-end fc-draggable ng-scope"]/div[@class="fc-content"])]' not found)
[[ATTACHMENT|C:\\Users\\Gituto Nyawira\\git\\VSMS-Test-Automation\\Reports\\Calendar Management\\Edit Event\\20171012_113216\\1507797230423.png]]

2017-10-12 11:33:51 - [TEST_STEP][FAILED] - setText: Unable to set text 'Board Meetings' of object 'Object Repository/Calendar Management/Add new Event/Title' (Root cause: org.openqa.selenium.InvalidElementStateException: invalid element state: Element is not currently interactable and may not be manipulated
  (Session info: chrome=61.0.3163.100)
  (Driver info: chromedriver=2.31.488763 (092de99f48a300323ecf8c2a4e2e7cab51de5ba8),platform=Windows NT 10.0.15063 x86_64) (WARNING: The server did not provide any stacktrace information)
Command duration or timeout: 347 milliseconds
Build info: version: '2.53.0', revision: '35ae25b', time: '2016-03-15 17:00:58'
System info: host: 'Gituto-PC', ip: '192.168.43.189', os.name: 'Windows 10', os.arch: 'amd64', os.version: '10.0', java.version: '1.8.0_102'
Driver info: com.kms.katalon.selenium.driver.CChromeDriver
Capabilities [{applicationCacheEnabled=false, rotatable=false, mobileEmulationEnabled=false, networkConnectionEnabled=false, chrome={chromedriverVersion=2.31.488763 (092de99f48a300323ecf8c2a4e2e7cab51de5ba8), userDataDir=C:\Users\GITUTO~1\AppData\Local\Temp\scoped_dir884_1591}, takesHeapSnapshot=true, pageLoadStrategy=normal, databaseEnabled=false, handlesAlerts=true, hasTouchScreen=false, version=61.0.3163.100, platform=XP, browserConnectionEnabled=false, nativeEvents=true, acceptSslCerts=true, locationContextEnabled=true, webStorageEnabled=true, browserName=chrome, takesScreenshot=true, javascriptEnabled=true, cssSelectorsEnabled=true, setWindowRect=true, unexpectedAlertBehaviour=}]
Session ID: 3ba7f6777562f5c7962da573257ab4d7)

2017-10-12 11:33:53 - [MESSAGE][FAILED] - Unable to set text 'Board Meetings' of object 'Object Repository/Calendar Management/Add new Event/Title' (Root cause: org.openqa.selenium.InvalidElementStateException: invalid element state: Element is not currently interactable and may not be manipulated
  (Session info: chrome=61.0.3163.100)
  (Driver info: chromedriver=2.31.488763 (092de99f48a300323ecf8c2a4e2e7cab51de5ba8),platform=Windows NT 10.0.15063 x86_64) (WARNING: The server did not provide any stacktrace information)
Command duration or timeout: 347 milliseconds
Build info: version: '2.53.0', revision: '35ae25b', time: '2016-03-15 17:00:58'
System info: host: 'Gituto-PC', ip: '192.168.43.189', os.name: 'Windows 10', os.arch: 'amd64', os.version: '10.0', java.version: '1.8.0_102'
Driver info: com.kms.katalon.selenium.driver.CChromeDriver
Capabilities [{applicationCacheEnabled=false, rotatable=false, mobileEmulationEnabled=false, networkConnectionEnabled=false, chrome={chromedriverVersion=2.31.488763 (092de99f48a300323ecf8c2a4e2e7cab51de5ba8), userDataDir=C:\Users\GITUTO~1\AppData\Local\Temp\scoped_dir884_1591}, takesHeapSnapshot=true, pageLoadStrategy=normal, databaseEnabled=false, handlesAlerts=true, hasTouchScreen=false, version=61.0.3163.100, platform=XP, browserConnectionEnabled=false, nativeEvents=true, acceptSslCerts=true, locationContextEnabled=true, webStorageEnabled=true, browserName=chrome, takesScreenshot=true, javascriptEnabled=true, cssSelectorsEnabled=true, setWindowRect=true, unexpectedAlertBehaviour=}]
Session ID: 3ba7f6777562f5c7962da573257ab4d7)
[[ATTACHMENT|C:\\Users\\Gituto Nyawira\\git\\VSMS-Test-Automation\\Reports\\Calendar Management\\Edit Event\\20171012_113216\\1507797232410.png]]

2017-10-12 11:33:53 - [TEST_STEP][FAILED] - setText: Unable to set text '10/13/17' of object 'Object Repository/Calendar Management/Add new Event/Start Date' (Root cause: org.openqa.selenium.InvalidElementStateException: invalid element state: Element is not currently interactable and may not be manipulated
  (Session info: chrome=61.0.3163.100)
  (Driver info: chromedriver=2.31.488763 (092de99f48a300323ecf8c2a4e2e7cab51de5ba8),platform=Windows NT 10.0.15063 x86_64) (WARNING: The server did not provide any stacktrace information)
Command duration or timeout: 110 milliseconds
Build info: version: '2.53.0', revision: '35ae25b', time: '2016-03-15 17:00:58'
System info: host: 'Gituto-PC', ip: '192.168.43.189', os.name: 'Windows 10', os.arch: 'amd64', os.version: '10.0', java.version: '1.8.0_102'
Driver info: com.kms.katalon.selenium.driver.CChromeDriver
Capabilities [{applicationCacheEnabled=false, rotatable=false, mobileEmulationEnabled=false, networkConnectionEnabled=false, chrome={chromedriverVersion=2.31.488763 (092de99f48a300323ecf8c2a4e2e7cab51de5ba8), userDataDir=C:\Users\GITUTO~1\AppData\Local\Temp\scoped_dir884_1591}, takesHeapSnapshot=true, pageLoadStrategy=normal, databaseEnabled=false, handlesAlerts=true, hasTouchScreen=false, version=61.0.3163.100, platform=XP, browserConnectionEnabled=false, nativeEvents=true, acceptSslCerts=true, locationContextEnabled=true, webStorageEnabled=true, browserName=chrome, takesScreenshot=true, javascriptEnabled=true, cssSelectorsEnabled=true, setWindowRect=true, unexpectedAlertBehaviour=}]
Session ID: 3ba7f6777562f5c7962da573257ab4d7)

2017-10-12 11:33:54 - [MESSAGE][FAILED] - Unable to set text '10/13/17' of object 'Object Repository/Calendar Management/Add new Event/Start Date' (Root cause: org.openqa.selenium.InvalidElementStateException: invalid element state: Element is not currently interactable and may not be manipulated
  (Session info: chrome=61.0.3163.100)
  (Driver info: chromedriver=2.31.488763 (092de99f48a300323ecf8c2a4e2e7cab51de5ba8),platform=Windows NT 10.0.15063 x86_64) (WARNING: The server did not provide any stacktrace information)
Command duration or timeout: 110 milliseconds
Build info: version: '2.53.0', revision: '35ae25b', time: '2016-03-15 17:00:58'
System info: host: 'Gituto-PC', ip: '192.168.43.189', os.name: 'Windows 10', os.arch: 'amd64', os.version: '10.0', java.version: '1.8.0_102'
Driver info: com.kms.katalon.selenium.driver.CChromeDriver
Capabilities [{applicationCacheEnabled=false, rotatable=false, mobileEmulationEnabled=false, networkConnectionEnabled=false, chrome={chromedriverVersion=2.31.488763 (092de99f48a300323ecf8c2a4e2e7cab51de5ba8), userDataDir=C:\Users\GITUTO~1\AppData\Local\Temp\scoped_dir884_1591}, takesHeapSnapshot=true, pageLoadStrategy=normal, databaseEnabled=false, handlesAlerts=true, hasTouchScreen=false, version=61.0.3163.100, platform=XP, browserConnectionEnabled=false, nativeEvents=true, acceptSslCerts=true, locationContextEnabled=true, webStorageEnabled=true, browserName=chrome, takesScreenshot=true, javascriptEnabled=true, cssSelectorsEnabled=true, setWindowRect=true, unexpectedAlertBehaviour=}]
Session ID: 3ba7f6777562f5c7962da573257ab4d7)
[[ATTACHMENT|C:\\Users\\Gituto Nyawira\\git\\VSMS-Test-Automation\\Reports\\Calendar Management\\Edit Event\\20171012_113216\\1507797233961.png]]

2017-10-12 11:33:54 - [TEST_STEP][FAILED] - setText: Unable to set text '1300' of object 'Object Repository/Calendar Management/Add new Event/Start Time' (Root cause: org.openqa.selenium.InvalidElementStateException: invalid element state: Element is not currently interactable and may not be manipulated
  (Session info: chrome=61.0.3163.100)
  (Driver info: chromedriver=2.31.488763 (092de99f48a300323ecf8c2a4e2e7cab51de5ba8),platform=Windows NT 10.0.15063 x86_64) (WARNING: The server did not provide any stacktrace information)
Command duration or timeout: 67 milliseconds
Build info: version: '2.53.0', revision: '35ae25b', time: '2016-03-15 17:00:58'
System info: host: 'Gituto-PC', ip: '192.168.43.189', os.name: 'Windows 10', os.arch: 'amd64', os.version: '10.0', java.version: '1.8.0_102'
Driver info: com.kms.katalon.selenium.driver.CChromeDriver
Capabilities [{applicationCacheEnabled=false, rotatable=false, mobileEmulationEnabled=false, networkConnectionEnabled=false, chrome={chromedriverVersion=2.31.488763 (092de99f48a300323ecf8c2a4e2e7cab51de5ba8), userDataDir=C:\Users\GITUTO~1\AppData\Local\Temp\scoped_dir884_1591}, takesHeapSnapshot=true, pageLoadStrategy=normal, databaseEnabled=false, handlesAlerts=true, hasTouchScreen=false, version=61.0.3163.100, platform=XP, browserConnectionEnabled=false, nativeEvents=true, acceptSslCerts=true, locationContextEnabled=true, webStorageEnabled=true, browserName=chrome, takesScreenshot=true, javascriptEnabled=true, cssSelectorsEnabled=true, setWindowRect=true, unexpectedAlertBehaviour=}]
Session ID: 3ba7f6777562f5c7962da573257ab4d7)

2017-10-12 11:33:55 - [MESSAGE][FAILED] - Unable to set text '1300' of object 'Object Repository/Calendar Management/Add new Event/Start Time' (Root cause: org.openqa.selenium.InvalidElementStateException: invalid element state: Element is not currently interactable and may not be manipulated
  (Session info: chrome=61.0.3163.100)
  (Driver info: chromedriver=2.31.488763 (092de99f48a300323ecf8c2a4e2e7cab51de5ba8),platform=Windows NT 10.0.15063 x86_64) (WARNING: The server did not provide any stacktrace information)
Command duration or timeout: 67 milliseconds
Build info: version: '2.53.0', revision: '35ae25b', time: '2016-03-15 17:00:58'
System info: host: 'Gituto-PC', ip: '192.168.43.189', os.name: 'Windows 10', os.arch: 'amd64', os.version: '10.0', java.version: '1.8.0_102'
Driver info: com.kms.katalon.selenium.driver.CChromeDriver
Capabilities [{applicationCacheEnabled=false, rotatable=false, mobileEmulationEnabled=false, networkConnectionEnabled=false, chrome={chromedriverVersion=2.31.488763 (092de99f48a300323ecf8c2a4e2e7cab51de5ba8), userDataDir=C:\Users\GITUTO~1\AppData\Local\Temp\scoped_dir884_1591}, takesHeapSnapshot=true, pageLoadStrategy=normal, databaseEnabled=false, handlesAlerts=true, hasTouchScreen=false, version=61.0.3163.100, platform=XP, browserConnectionEnabled=false, nativeEvents=true, acceptSslCerts=true, locationContextEnabled=true, webStorageEnabled=true, browserName=chrome, takesScreenshot=true, javascriptEnabled=true, cssSelectorsEnabled=true, setWindowRect=true, unexpectedAlertBehaviour=}]
Session ID: 3ba7f6777562f5c7962da573257ab4d7)
[[ATTACHMENT|C:\\Users\\Gituto Nyawira\\git\\VSMS-Test-Automation\\Reports\\Calendar Management\\Edit Event\\20171012_113216\\1507797234822.png]]

2017-10-12 11:33:55 - [TEST_STEP][FAILED] - setText: Unable to set text '10/13/17' of object 'Object Repository/Calendar Management/Add new Event/End Date' (Root cause: org.openqa.selenium.InvalidElementStateException: invalid element state: Element is not currently interactable and may not be manipulated
  (Session info: chrome=61.0.3163.100)
  (Driver info: chromedriver=2.31.488763 (092de99f48a300323ecf8c2a4e2e7cab51de5ba8),platform=Windows NT 10.0.15063 x86_64) (WARNING: The server did not provide any stacktrace information)
Command duration or timeout: 70 milliseconds
Build info: version: '2.53.0', revision: '35ae25b', time: '2016-03-15 17:00:58'
System info: host: 'Gituto-PC', ip: '192.168.43.189', os.name: 'Windows 10', os.arch: 'amd64', os.version: '10.0', java.version: '1.8.0_102'
Driver info: com.kms.katalon.selenium.driver.CChromeDriver
Capabilities [{applicationCacheEnabled=false, rotatable=false, mobileEmulationEnabled=false, networkConnectionEnabled=false, chrome={chromedriverVersion=2.31.488763 (092de99f48a300323ecf8c2a4e2e7cab51de5ba8), userDataDir=C:\Users\GITUTO~1\AppData\Local\Temp\scoped_dir884_1591}, takesHeapSnapshot=true, pageLoadStrategy=normal, databaseEnabled=false, handlesAlerts=true, hasTouchScreen=false, version=61.0.3163.100, platform=XP, browserConnectionEnabled=false, nativeEvents=true, acceptSslCerts=true, locationContextEnabled=true, webStorageEnabled=true, browserName=chrome, takesScreenshot=true, javascriptEnabled=true, cssSelectorsEnabled=true, setWindowRect=true, unexpectedAlertBehaviour=}]
Session ID: 3ba7f6777562f5c7962da573257ab4d7)

2017-10-12 11:33:55 - [MESSAGE][FAILED] - Unable to set text '10/13/17' of object 'Object Repository/Calendar Management/Add new Event/End Date' (Root cause: org.openqa.selenium.InvalidElementStateException: invalid element state: Element is not currently interactable and may not be manipulated
  (Session info: chrome=61.0.3163.100)
  (Driver info: chromedriver=2.31.488763 (092de99f48a300323ecf8c2a4e2e7cab51de5ba8),platform=Windows NT 10.0.15063 x86_64) (WARNING: The server did not provide any stacktrace information)
Command duration or timeout: 70 milliseconds
Build info: version: '2.53.0', revision: '35ae25b', time: '2016-03-15 17:00:58'
System info: host: 'Gituto-PC', ip: '192.168.43.189', os.name: 'Windows 10', os.arch: 'amd64', os.version: '10.0', java.version: '1.8.0_102'
Driver info: com.kms.katalon.selenium.driver.CChromeDriver
Capabilities [{applicationCacheEnabled=false, rotatable=false, mobileEmulationEnabled=false, networkConnectionEnabled=false, chrome={chromedriverVersion=2.31.488763 (092de99f48a300323ecf8c2a4e2e7cab51de5ba8), userDataDir=C:\Users\GITUTO~1\AppData\Local\Temp\scoped_dir884_1591}, takesHeapSnapshot=true, pageLoadStrategy=normal, databaseEnabled=false, handlesAlerts=true, hasTouchScreen=false, version=61.0.3163.100, platform=XP, browserConnectionEnabled=false, nativeEvents=true, acceptSslCerts=true, locationContextEnabled=true, webStorageEnabled=true, browserName=chrome, takesScreenshot=true, javascriptEnabled=true, cssSelectorsEnabled=true, setWindowRect=true, unexpectedAlertBehaviour=}]
Session ID: 3ba7f6777562f5c7962da573257ab4d7)
[[ATTACHMENT|C:\\Users\\Gituto Nyawira\\git\\VSMS-Test-Automation\\Reports\\Calendar Management\\Edit Event\\20171012_113216\\1507797235560.png]]

2017-10-12 11:33:55 - [TEST_STEP][FAILED] - setText: Unable to set text '1800' of object 'Object Repository/Calendar Management/Add new Event/End Time' (Root cause: org.openqa.selenium.InvalidElementStateException: invalid element state: Element is not currently interactable and may not be manipulated
  (Session info: chrome=61.0.3163.100)
  (Driver info: chromedriver=2.31.488763 (092de99f48a300323ecf8c2a4e2e7cab51de5ba8),platform=Windows NT 10.0.15063 x86_64) (WARNING: The server did not provide any stacktrace information)
Command duration or timeout: 55 milliseconds
Build info: version: '2.53.0', revision: '35ae25b', time: '2016-03-15 17:00:58'
System info: host: 'Gituto-PC', ip: '192.168.43.189', os.name: 'Windows 10', os.arch: 'amd64', os.version: '10.0', java.version: '1.8.0_102'
Driver info: com.kms.katalon.selenium.driver.CChromeDriver
Capabilities [{applicationCacheEnabled=false, rotatable=false, mobileEmulationEnabled=false, networkConnectionEnabled=false, chrome={chromedriverVersion=2.31.488763 (092de99f48a300323ecf8c2a4e2e7cab51de5ba8), userDataDir=C:\Users\GITUTO~1\AppData\Local\Temp\scoped_dir884_1591}, takesHeapSnapshot=true, pageLoadStrategy=normal, databaseEnabled=false, handlesAlerts=true, hasTouchScreen=false, version=61.0.3163.100, platform=XP, browserConnectionEnabled=false, nativeEvents=true, acceptSslCerts=true, locationContextEnabled=true, webStorageEnabled=true, browserName=chrome, takesScreenshot=true, javascriptEnabled=true, cssSelectorsEnabled=true, setWindowRect=true, unexpectedAlertBehaviour=}]
Session ID: 3ba7f6777562f5c7962da573257ab4d7)

2017-10-12 11:33:56 - [MESSAGE][FAILED] - Unable to set text '1800' of object 'Object Repository/Calendar Management/Add new Event/End Time' (Root cause: org.openqa.selenium.InvalidElementStateException: invalid element state: Element is not currently interactable and may not be manipulated
  (Session info: chrome=61.0.3163.100)
  (Driver info: chromedriver=2.31.488763 (092de99f48a300323ecf8c2a4e2e7cab51de5ba8),platform=Windows NT 10.0.15063 x86_64) (WARNING: The server did not provide any stacktrace information)
Command duration or timeout: 55 milliseconds
Build info: version: '2.53.0', revision: '35ae25b', time: '2016-03-15 17:00:58'
System info: host: 'Gituto-PC', ip: '192.168.43.189', os.name: 'Windows 10', os.arch: 'amd64', os.version: '10.0', java.version: '1.8.0_102'
Driver info: com.kms.katalon.selenium.driver.CChromeDriver
Capabilities [{applicationCacheEnabled=false, rotatable=false, mobileEmulationEnabled=false, networkConnectionEnabled=false, chrome={chromedriverVersion=2.31.488763 (092de99f48a300323ecf8c2a4e2e7cab51de5ba8), userDataDir=C:\Users\GITUTO~1\AppData\Local\Temp\scoped_dir884_1591}, takesHeapSnapshot=true, pageLoadStrategy=normal, databaseEnabled=false, handlesAlerts=true, hasTouchScreen=false, version=61.0.3163.100, platform=XP, browserConnectionEnabled=false, nativeEvents=true, acceptSslCerts=true, locationContextEnabled=true, webStorageEnabled=true, browserName=chrome, takesScreenshot=true, javascriptEnabled=true, cssSelectorsEnabled=true, setWindowRect=true, unexpectedAlertBehaviour=}]
Session ID: 3ba7f6777562f5c7962da573257ab4d7)
[[ATTACHMENT|C:\\Users\\Gituto Nyawira\\git\\VSMS-Test-Automation\\Reports\\Calendar Management\\Edit Event\\20171012_113216\\1507797236253.png]]

2017-10-12 11:33:56 - [TEST_STEP][PASSED] - selectOptionByValue: All options with value '' are selected in object 'Object Repository/Calendar Management/Add new Event/Location' 

2017-10-12 11:33:56 - [MESSAGE][PASSED] - All options with value '' are selected in object 'Object Repository/Calendar Management/Add new Event/Location' 

2017-10-12 11:33:56 - [TEST_STEP][FAILED] - setText: Unable to set text 'Share-Holders Meeting' of object 'Object Repository/Calendar Management/Add new Event/Description' (Root cause: org.openqa.selenium.InvalidElementStateException: invalid element state: Element is not currently interactable and may not be manipulated
  (Session info: chrome=61.0.3163.100)
  (Driver info: chromedriver=2.31.488763 (092de99f48a300323ecf8c2a4e2e7cab51de5ba8),platform=Windows NT 10.0.15063 x86_64) (WARNING: The server did not provide any stacktrace information)
Command duration or timeout: 67 milliseconds
Build info: version: '2.53.0', revision: '35ae25b', time: '2016-03-15 17:00:58'
System info: host: 'Gituto-PC', ip: '192.168.43.189', os.name: 'Windows 10', os.arch: 'amd64', os.version: '10.0', java.version: '1.8.0_102'
Driver info: com.kms.katalon.selenium.driver.CChromeDriver
Capabilities [{applicationCacheEnabled=false, rotatable=false, mobileEmulationEnabled=false, networkConnectionEnabled=false, chrome={chromedriverVersion=2.31.488763 (092de99f48a300323ecf8c2a4e2e7cab51de5ba8), userDataDir=C:\Users\GITUTO~1\AppData\Local\Temp\scoped_dir884_1591}, takesHeapSnapshot=true, pageLoadStrategy=normal, databaseEnabled=false, handlesAlerts=true, hasTouchScreen=false, version=61.0.3163.100, platform=XP, browserConnectionEnabled=false, nativeEvents=true, acceptSslCerts=true, locationContextEnabled=true, webStorageEnabled=true, browserName=chrome, takesScreenshot=true, javascriptEnabled=true, cssSelectorsEnabled=true, setWindowRect=true, unexpectedAlertBehaviour=}]
Session ID: 3ba7f6777562f5c7962da573257ab4d7)

2017-10-12 11:33:57 - [MESSAGE][FAILED] - Unable to set text 'Share-Holders Meeting' of object 'Object Repository/Calendar Management/Add new Event/Description' (Root cause: org.openqa.selenium.InvalidElementStateException: invalid element state: Element is not currently interactable and may not be manipulated
  (Session info: chrome=61.0.3163.100)
  (Driver info: chromedriver=2.31.488763 (092de99f48a300323ecf8c2a4e2e7cab51de5ba8),platform=Windows NT 10.0.15063 x86_64) (WARNING: The server did not provide any stacktrace information)
Command duration or timeout: 67 milliseconds
Build info: version: '2.53.0', revision: '35ae25b', time: '2016-03-15 17:00:58'
System info: host: 'Gituto-PC', ip: '192.168.43.189', os.name: 'Windows 10', os.arch: 'amd64', os.version: '10.0', java.version: '1.8.0_102'
Driver info: com.kms.katalon.selenium.driver.CChromeDriver
Capabilities [{applicationCacheEnabled=false, rotatable=false, mobileEmulationEnabled=false, networkConnectionEnabled=false, chrome={chromedriverVersion=2.31.488763 (092de99f48a300323ecf8c2a4e2e7cab51de5ba8), userDataDir=C:\Users\GITUTO~1\AppData\Local\Temp\scoped_dir884_1591}, takesHeapSnapshot=true, pageLoadStrategy=normal, databaseEnabled=false, handlesAlerts=true, hasTouchScreen=false, version=61.0.3163.100, platform=XP, browserConnectionEnabled=false, nativeEvents=true, acceptSslCerts=true, locationContextEnabled=true, webStorageEnabled=true, browserName=chrome, takesScreenshot=true, javascriptEnabled=true, cssSelectorsEnabled=true, setWindowRect=true, unexpectedAlertBehaviour=}]
Session ID: 3ba7f6777562f5c7962da573257ab4d7)
[[ATTACHMENT|C:\\Users\\Gituto Nyawira\\git\\VSMS-Test-Automation\\Reports\\Calendar Management\\Edit Event\\20171012_113216\\1507797237133.png]]

2017-10-12 11:33:57 - [TEST_STEP][PASSED] - delay: Delayed 5 second(s)

2017-10-12 11:34:02 - [MESSAGE][PASSED] - Delayed 5 second(s)

2017-10-12 11:34:02 - [TEST_STEP][FAILED] - click: Unable to click on object 'Object Repository/Calendar Management/Update Event/button_Update Event' (Root cause: org.openqa.selenium.ElementNotVisibleException: element not visible
  (Session info: chrome=61.0.3163.100)
  (Driver info: chromedriver=2.31.488763 (092de99f48a300323ecf8c2a4e2e7cab51de5ba8),platform=Windows NT 10.0.15063 x86_64) (WARNING: The server did not provide any stacktrace information)
Command duration or timeout: 129 milliseconds
Build info: version: '2.53.0', revision: '35ae25b', time: '2016-03-15 17:00:58'
System info: host: 'Gituto-PC', ip: '192.168.43.189', os.name: 'Windows 10', os.arch: 'amd64', os.version: '10.0', java.version: '1.8.0_102'
Driver info: com.kms.katalon.selenium.driver.CChromeDriver
Capabilities [{applicationCacheEnabled=false, rotatable=false, mobileEmulationEnabled=false, networkConnectionEnabled=false, chrome={chromedriverVersion=2.31.488763 (092de99f48a300323ecf8c2a4e2e7cab51de5ba8), userDataDir=C:\Users\GITUTO~1\AppData\Local\Temp\scoped_dir884_1591}, takesHeapSnapshot=true, pageLoadStrategy=normal, databaseEnabled=false, handlesAlerts=true, hasTouchScreen=false, version=61.0.3163.100, platform=XP, browserConnectionEnabled=false, nativeEvents=true, acceptSslCerts=true, locationContextEnabled=true, webStorageEnabled=true, browserName=chrome, takesScreenshot=true, javascriptEnabled=true, cssSelectorsEnabled=true, setWindowRect=true, unexpectedAlertBehaviour=}]
Session ID: 3ba7f6777562f5c7962da573257ab4d7)

2017-10-12 11:34:04 - [MESSAGE][FAILED] - Unable to click on object 'Object Repository/Calendar Management/Update Event/button_Update Event' (Root cause: org.openqa.selenium.ElementNotVisibleException: element not visible
  (Session info: chrome=61.0.3163.100)
  (Driver info: chromedriver=2.31.488763 (092de99f48a300323ecf8c2a4e2e7cab51de5ba8),platform=Windows NT 10.0.15063 x86_64) (WARNING: The server did not provide any stacktrace information)
Command duration or timeout: 129 milliseconds
Build info: version: '2.53.0', revision: '35ae25b', time: '2016-03-15 17:00:58'
System info: host: 'Gituto-PC', ip: '192.168.43.189', os.name: 'Windows 10', os.arch: 'amd64', os.version: '10.0', java.version: '1.8.0_102'
Driver info: com.kms.katalon.selenium.driver.CChromeDriver
Capabilities [{applicationCacheEnabled=false, rotatable=false, mobileEmulationEnabled=false, networkConnectionEnabled=false, chrome={chromedriverVersion=2.31.488763 (092de99f48a300323ecf8c2a4e2e7cab51de5ba8), userDataDir=C:\Users\GITUTO~1\AppData\Local\Temp\scoped_dir884_1591}, takesHeapSnapshot=true, pageLoadStrategy=normal, databaseEnabled=false, handlesAlerts=true, hasTouchScreen=false, version=61.0.3163.100, platform=XP, browserConnectionEnabled=false, nativeEvents=true, acceptSslCerts=true, locationContextEnabled=true, webStorageEnabled=true, browserName=chrome, takesScreenshot=true, javascriptEnabled=true, cssSelectorsEnabled=true, setWindowRect=true, unexpectedAlertBehaviour=}]
Session ID: 3ba7f6777562f5c7962da573257ab4d7)
[[ATTACHMENT|C:\\Users\\Gituto Nyawira\\git\\VSMS-Test-Automation\\Reports\\Calendar Management\\Edit Event\\20171012_113216\\1507797243659.png]]]]></system-out>
         <system-err><![CDATA[2017-10-12 11:32:23 - [TEST_CASE][FAILED] - Test Cases/Calendar Management/Update Event: Test Cases/Calendar Management/Update Event FAILED because (of) Unable to click on object 'Object Repository/Calendar Management/Update Event/div_fc-content' (Root cause: com.kms.katalon.core.webui.exception.WebElementNotFoundException: Web element with id: 'Object Repository/Calendar Management/Update Event/div_fc-content' located by 'By.xpath: //div[count(. | id("cal")/div[@class="fc-view-container"]/div[@class="fc-view fc-month-view fc-basic-view"]/table[1]/tbody[@class="fc-body"]/tr[1]/td[@class="fc-widget-content"]/div[@class="fc-day-grid-container fc-scroller"]/div[@class="fc-day-grid"]/div[@class="fc-row fc-week fc-widget-content"]/div[@class="fc-content-skeleton"]/table[1]/tbody[1]/tr[3]/td[@class="fc-event-container"]/a[@class="fc-day-grid-event fc-h-event fc-event fc-not-start fc-end fc-draggable ng-scope"]/div[@class="fc-content"]) = count(id("cal")/div[@class="fc-view-container"]/div[@class="fc-view fc-month-view fc-basic-view"]/table[1]/tbody[@class="fc-body"]/tr[1]/td[@class="fc-widget-content"]/div[@class="fc-day-grid-container fc-scroller"]/div[@class="fc-day-grid"]/div[@class="fc-row fc-week fc-widget-content"]/div[@class="fc-content-skeleton"]/table[1]/tbody[1]/tr[3]/td[@class="fc-event-container"]/a[@class="fc-day-grid-event fc-h-event fc-event fc-not-start fc-end fc-draggable ng-scope"]/div[@class="fc-content"])]' not found)]]></system-err>
      </testcase>
      <system-out><![CDATA[2017-10-12 11:32:22 - [TEST_SUITE][FAILED] - Edit Event: Test Cases/Calendar Management/Update Event FAILED because (of) Unable to click on object 'Object Repository/Calendar Management/Update Event/div_fc-content' (Root cause: com.kms.katalon.core.webui.exception.WebElementNotFoundException: Web element with id: 'Object Repository/Calendar Management/Update Event/div_fc-content' located by 'By.xpath: //div[count(. | id("cal")/div[@class="fc-view-container"]/div[@class="fc-view fc-month-view fc-basic-view"]/table[1]/tbody[@class="fc-body"]/tr[1]/td[@class="fc-widget-content"]/div[@class="fc-day-grid-container fc-scroller"]/div[@class="fc-day-grid"]/div[@class="fc-row fc-week fc-widget-content"]/div[@class="fc-content-skeleton"]/table[1]/tbody[1]/tr[3]/td[@class="fc-event-container"]/a[@class="fc-day-grid-event fc-h-event fc-event fc-not-start fc-end fc-draggable ng-scope"]/div[@class="fc-content"]) = count(id("cal")/div[@class="fc-view-container"]/div[@class="fc-view fc-month-view fc-basic-view"]/table[1]/tbody[@class="fc-body"]/tr[1]/td[@class="fc-widget-content"]/div[@class="fc-day-grid-container fc-scroller"]/div[@class="fc-day-grid"]/div[@class="fc-row fc-week fc-widget-content"]/div[@class="fc-content-skeleton"]/table[1]/tbody[1]/tr[3]/td[@class="fc-event-container"]/a[@class="fc-day-grid-event fc-h-event fc-event fc-not-start fc-end fc-draggable ng-scope"]/div[@class="fc-content"])]' not found)]]></system-out>
      <system-err><![CDATA[2017-10-12 11:32:22 - [TEST_SUITE][FAILED] - Edit Event: Test Cases/Calendar Management/Update Event FAILED because (of) Unable to click on object 'Object Repository/Calendar Management/Update Event/div_fc-content' (Root cause: com.kms.katalon.core.webui.exception.WebElementNotFoundException: Web element with id: 'Object Repository/Calendar Management/Update Event/div_fc-content' located by 'By.xpath: //div[count(. | id("cal")/div[@class="fc-view-container"]/div[@class="fc-view fc-month-view fc-basic-view"]/table[1]/tbody[@class="fc-body"]/tr[1]/td[@class="fc-widget-content"]/div[@class="fc-day-grid-container fc-scroller"]/div[@class="fc-day-grid"]/div[@class="fc-row fc-week fc-widget-content"]/div[@class="fc-content-skeleton"]/table[1]/tbody[1]/tr[3]/td[@class="fc-event-container"]/a[@class="fc-day-grid-event fc-h-event fc-event fc-not-start fc-end fc-draggable ng-scope"]/div[@class="fc-content"]) = count(id("cal")/div[@class="fc-view-container"]/div[@class="fc-view fc-month-view fc-basic-view"]/table[1]/tbody[@class="fc-body"]/tr[1]/td[@class="fc-widget-content"]/div[@class="fc-day-grid-container fc-scroller"]/div[@class="fc-day-grid"]/div[@class="fc-row fc-week fc-widget-content"]/div[@class="fc-content-skeleton"]/table[1]/tbody[1]/tr[3]/td[@class="fc-event-container"]/a[@class="fc-day-grid-event fc-h-event fc-event fc-not-start fc-end fc-draggable ng-scope"]/div[@class="fc-content"])]' not found)]]></system-err>
   </testsuite>
</testsuites>
