<?xml version="1.0" encoding="UTF-8"?>
<testsuites name="Login and Request a Meeting" time="86" tests="0" failures="1" errors="0">
   <testsuite name="Login and Request a Meeting" tests="0" failures="1" errors="0" time="86" timestamp="2017-10-16 12:23:12" hostname="Gituto Nyawira - Gituto-PC" id="Test Suites/Request Meeting/Login and Request a Meeting">
      <properties>
         <property name="deviceName" value=""/>
         <property name="devicePlatform" value=""/>
         <property name="logFolder" value="C:\\Users\\Gituto Nyawira\\git\\VSMS-Test-Automation\\Reports\\Request Meeting\\Login and Request a Meeting\\20171016_122307"/>
         <property name="logFiles" value="C:\\Users\\Gituto Nyawira\\git\\VSMS-Test-Automation\\Reports\\Request Meeting\\Login and Request a Meeting\\20171016_122307\\execution0.log"/>
         <property name="attachments" value="C:\\Users\\Gituto Nyawira\\git\\VSMS-Test-Automation\\Reports\\Request Meeting\\Login and Request a Meeting\\20171016_122307\\1508145846922.png"/>
         <property name="hostName" value="Gituto Nyawira - Gituto-PC"/>
         <property name="os" value="Windows 10 64bit"/>
         <property name="katalonVersion" value="4.8.0.2"/>
         <property name="browser" value="Chrome 61.0.3163.100"/>
         <property name="hostAddress" value="192.168.43.189"/>
         <property name="sessionId" value="eb3ffa1a6f6a0ab7284fc19b7a9505cc"/>
         <property name="seleniumVersion" value="2.53.0"/>
         <property name="proxyInformation" value="ProxyInformation{proxyOption=NO_PROXY, proxyServerType=HTTP, password=, proxyServerAddress=, proxyServerPort=0}"/>
         <property name="platform" value="Windows 10"/>
      </properties>
      <testcase name="Test Cases/Request A Meeting/Login and Request for a Meeting" classname="Test Cases/Request A Meeting/Login and Request for a Meeting" status="FAILED">
         <failure type="FAILED" message="No alert found"/>
         <system-out><![CDATA[2017-10-16 12:23:14 - [TEST_CASE][FAILED] - Test Cases/Request A Meeting/Login and Request for a Meeting: Test Cases/Request A Meeting/Login and Request for a Meeting FAILED because (of) No alert found

2017-10-16 12:23:16 - [TEST_STEP][PASSED] - openBrowser: Browser is opened with url: ''

2017-10-16 12:23:37 - [MESSAGE][PASSED] - Browser is opened with url: ''

2017-10-16 12:23:37 - [TEST_STEP][PASSED] - navigateToUrl: Navigate to 'https://sandbox.vsms.tezzasolutions.com/index' successfully

2017-10-16 12:24:04 - [MESSAGE][PASSED] - Navigate to 'https://sandbox.vsms.tezzasolutions.com/index' successfully

2017-10-16 12:24:04 - [TEST_STEP][PASSED] - maximizeWindow: Current window maximized

2017-10-16 12:24:06 - [MESSAGE][PASSED] - Current window maximized

2017-10-16 12:24:06 - [TEST_STEP][FAILED] - acceptAlert: No alert found

2017-10-16 12:24:09 - [MESSAGE][FAILED] - No alert found
[[ATTACHMENT|C:\\Users\\Gituto Nyawira\\git\\VSMS-Test-Automation\\Reports\\Request Meeting\\Login and Request a Meeting\\20171016_122307\\1508145846922.png]]

2017-10-16 12:24:09 - [TEST_STEP][PASSED] - click: Object: 'Object Repository/Request A meeting/Request meeting Page/button_REQUEST A MEETING' is clicked on

2017-10-16 12:24:10 - [MESSAGE][PASSED] - Object: 'Object Repository/Request A meeting/Request meeting Page/button_REQUEST A MEETING' is clicked on

2017-10-16 12:24:10 - [TEST_STEP][PASSED] - delay: Delayed 5 second(s)

2017-10-16 12:24:15 - [MESSAGE][PASSED] - Delayed 5 second(s)

2017-10-16 12:24:15 - [TEST_STEP][PASSED] - selectOptionByValue: All options with value '3' are selected in object 'Object Repository/Request A meeting/Login and Request a Meeting/select_tenant_id' 

2017-10-16 12:24:16 - [MESSAGE][PASSED] - All options with value '3' are selected in object 'Object Repository/Request A meeting/Login and Request a Meeting/select_tenant_id' 

2017-10-16 12:24:16 - [TEST_STEP][PASSED] - setText: Text 'dennisgituto1@gmail.com' is set on object 'Object Repository/Request A meeting/Login and Request a Meeting/input_email'

2017-10-16 12:24:18 - [MESSAGE][PASSED] - Text 'dennisgituto1@gmail.com' is set on object 'Object Repository/Request A meeting/Login and Request a Meeting/input_email'

2017-10-16 12:24:18 - [TEST_STEP][PASSED] - setText: Text 'desteg' is set on object 'Object Repository/Request A meeting/Login and Request a Meeting/input_password'

2017-10-16 12:24:19 - [MESSAGE][PASSED] - Text 'desteg' is set on object 'Object Repository/Request A meeting/Login and Request a Meeting/input_password'

2017-10-16 12:24:19 - [TEST_STEP][PASSED] - click: Object: 'Object Repository/Request A meeting/Login and Request a Meeting/button_Login' is clicked on

2017-10-16 12:24:19 - [MESSAGE][PASSED] - Object: 'Object Repository/Request A meeting/Login and Request a Meeting/button_Login' is clicked on

2017-10-16 12:24:19 - [TEST_STEP][PASSED] - delay: Delayed 5 second(s)

2017-10-16 12:24:24 - [MESSAGE][PASSED] - Delayed 5 second(s)

2017-10-16 12:24:24 - [TEST_STEP][PASSED] - setText: Text 'Mr' is set on object 'Object Repository/Request A meeting/Login and Request a Meeting/input_staff_title'

2017-10-16 12:24:25 - [MESSAGE][PASSED] - Text 'Mr' is set on object 'Object Repository/Request A meeting/Login and Request a Meeting/input_staff_title'

2017-10-16 12:24:25 - [TEST_STEP][PASSED] - setText: Text 'Dennis' is set on object 'Object Repository/Request A meeting/Login and Request a Meeting/input_staff_firstname'

2017-10-16 12:24:27 - [MESSAGE][PASSED] - Text 'Dennis' is set on object 'Object Repository/Request A meeting/Login and Request a Meeting/input_staff_firstname'

2017-10-16 12:24:27 - [TEST_STEP][PASSED] - setText: Text 'Gituto' is set on object 'Object Repository/Request A meeting/Login and Request a Meeting/input_staff_lastname'

2017-10-16 12:24:27 - [MESSAGE][PASSED] - Text 'Gituto' is set on object 'Object Repository/Request A meeting/Login and Request a Meeting/input_staff_lastname'

2017-10-16 12:24:27 - [TEST_STEP][PASSED] - setText: Text 'Tester' is set on object 'Object Repository/Request A meeting/Login and Request a Meeting/input_staff_jobtitle'

2017-10-16 12:24:28 - [MESSAGE][PASSED] - Text 'Tester' is set on object 'Object Repository/Request A meeting/Login and Request a Meeting/input_staff_jobtitle'

2017-10-16 12:24:28 - [TEST_STEP][PASSED] - setText: Text 'An Appointment with him' is set on object 'Object Repository/Request A meeting/Login and Request a Meeting/textarea_purpose'

2017-10-16 12:24:30 - [MESSAGE][PASSED] - Text 'An Appointment with him' is set on object 'Object Repository/Request A meeting/Login and Request a Meeting/textarea_purpose'

2017-10-16 12:24:30 - [TEST_STEP][PASSED] - delay: Delayed 5 second(s)

2017-10-16 12:24:35 - [MESSAGE][PASSED] - Delayed 5 second(s)

2017-10-16 12:24:35 - [TEST_STEP][PASSED] - click: Object: 'Object Repository/Request A meeting/Login and Request a Meeting/button_Send' is clicked on

2017-10-16 12:24:35 - [MESSAGE][PASSED] - Object: 'Object Repository/Request A meeting/Login and Request a Meeting/button_Send' is clicked on

2017-10-16 12:24:35 - [TEST_STEP][PASSED] - closeBrowser: Browser is closed

2017-10-16 12:24:38 - [MESSAGE][PASSED] - Browser is closed]]></system-out>
         <system-err><![CDATA[2017-10-16 12:23:14 - [TEST_CASE][FAILED] - Test Cases/Request A Meeting/Login and Request for a Meeting: Test Cases/Request A Meeting/Login and Request for a Meeting FAILED because (of) No alert found]]></system-err>
      </testcase>
      <system-out><![CDATA[2017-10-16 12:23:12 - [TEST_SUITE][FAILED] - Login and Request a Meeting: Test Cases/Request A Meeting/Login and Request for a Meeting FAILED because (of) No alert found]]></system-out>
      <system-err><![CDATA[2017-10-16 12:23:12 - [TEST_SUITE][FAILED] - Login and Request a Meeting: Test Cases/Request A Meeting/Login and Request for a Meeting FAILED because (of) No alert found]]></system-err>
   </testsuite>
</testsuites>
