<?xml version="1.0" encoding="UTF-8"?>
<testsuites name="leave a messsage" time="360" tests="0" failures="1" errors="0">
   <testsuite name="leave a messsage" tests="0" failures="1" errors="0" time="360" timestamp="2017-11-03 13:06:02" hostname="Gituto Nyawira - Gituto-PC" id="Test Suites/Unscheduled Visit/Leave A message/leave a messsage">
      <properties>
         <property name="deviceName" value=""/>
         <property name="devicePlatform" value=""/>
         <property name="logFolder" value="C:\\Users\\Gituto Nyawira\\git\\VSMS-Test-Automation\\Reports\\Unscheduled Visit\\Leave A message\\leave a messsage\\20171103_130556"/>
         <property name="logFiles" value="C:\\Users\\Gituto Nyawira\\git\\VSMS-Test-Automation\\Reports\\Unscheduled Visit\\Leave A message\\leave a messsage\\20171103_130556\\execution0.log"/>
         <property name="attachments" value="C:\\Users\\Gituto Nyawira\\git\\VSMS-Test-Automation\\Reports\\Unscheduled Visit\\Leave A message\\leave a messsage\\20171103_130556\\1509703917228.png, C:\\Users\\Gituto Nyawira\\git\\VSMS-Test-Automation\\Reports\\Unscheduled Visit\\Leave A message\\leave a messsage\\20171103_130556\\1509703918383.png"/>
         <property name="hostName" value="Gituto Nyawira - Gituto-PC"/>
         <property name="os" value="Windows 10 64bit"/>
         <property name="katalonVersion" value="5.0.0.1"/>
         <property name="browser" value="Chrome 61.0.3163.100"/>
         <property name="hostAddress" value="192.168.1.127"/>
         <property name="sessionId" value="578a1fef72c74ae99883029fa1af8d07"/>
         <property name="seleniumVersion" value="2.53.0"/>
         <property name="proxyInformation" value="ProxyInformation{proxyOption=NO_PROXY, proxyServerType=HTTP, password=, proxyServerAddress=, proxyServerPort=0}"/>
         <property name="platform" value="Windows 10"/>
      </properties>
      <testcase name="Test Cases/Self-Service Management/UnScheduled Visit/Leave Message in Unscheduled Visit" classname="Test Cases/Self-Service Management/UnScheduled Visit/Leave Message in Unscheduled Visit" status="FAILED">
         <failure type="FAILED" message="Unable to verify alert present (Root cause: No alert found after 30 second(s).)"/>
         <system-out><![CDATA[2017-11-03 13:06:03 - [TEST_CASE][FAILED] - Test Cases/Self-Service Management/UnScheduled Visit/Leave Message in Unscheduled Visit: Test Cases/Self-Service Management/UnScheduled Visit/Leave Message in Unscheduled Visit FAILED because (of) Unable to verify alert present (Root cause: No alert found after 30 second(s).)

2017-11-03 13:06:04 - [TEST_STEP][PASSED] - callTestCase: Call Test Case 'Test Cases/Common/User Login' successfully

2017-11-03 13:06:04 - [TEST_CASE][PASSED] - Test Cases/Common/User Login: Test Cases/Common/User Login

2017-11-03 13:06:05 - [TEST_STEP][PASSED] - openBrowser: Browser is opened with url: 'https://sandbox.vsms.tezzasolutions.com/index'

2017-11-03 13:09:16 - [MESSAGE][PASSED] - Browser is opened with url: 'https://sandbox.vsms.tezzasolutions.com/index'

2017-11-03 13:09:16 - [TEST_STEP][PASSED] - maximizeWindow: Current window maximized

2017-11-03 13:09:17 - [MESSAGE][PASSED] - Current window maximized

2017-11-03 13:09:17 - [TEST_STEP][PASSED] - click: Object: 'Object Repository/login/a_Log in' is clicked on

2017-11-03 13:09:33 - [MESSAGE][PASSED] - Object: 'Object Repository/login/a_Log in' is clicked on

2017-11-03 13:09:33 - [TEST_STEP][PASSED] - setText: Text 'clarinenyauncho@gmail.com' is set on object 'Object Repository/login/input_email'

2017-11-03 13:09:35 - [MESSAGE][PASSED] - Text 'clarinenyauncho@gmail.com' is set on object 'Object Repository/login/input_email'

2017-11-03 13:09:35 - [TEST_STEP][PASSED] - setText: Text 'changeme' is set on object 'Object Repository/login/input_password'

2017-11-03 13:09:35 - [MESSAGE][PASSED] - Text 'changeme' is set on object 'Object Repository/login/input_password'

2017-11-03 13:09:35 - [TEST_STEP][PASSED] - click: Object: 'Object Repository/login/button_Login' is clicked on

2017-11-03 13:10:30 - [MESSAGE][PASSED] - Object: 'Object Repository/login/button_Login' is clicked on

2017-11-03 13:10:30 - [MESSAGE][PASSED] - Call Test Case 'Test Cases/Common/User Login' successfully

2017-11-03 13:10:30 - [TEST_STEP][PASSED] - maximizeWindow: Current window maximized

2017-11-03 13:10:30 - [MESSAGE][PASSED] - Current window maximized

2017-11-03 13:10:30 - [TEST_STEP][PASSED] - callTestCase: Call Test Case 'Test Cases/Self-Service Management/UnScheduled Visit/Self-Service Menu' successfully

2017-11-03 13:10:30 - [TEST_CASE][PASSED] - Test Cases/Self-Service Management/UnScheduled Visit/Self-Service Menu: Test Cases/Self-Service Management/UnScheduled Visit/Self-Service Menu

2017-11-03 13:10:32 - [TEST_STEP][PASSED] - click: Object: 'Object Repository/Dashboard Page/a_Modules' is clicked on

2017-11-03 13:10:32 - [MESSAGE][PASSED] - Object: 'Object Repository/Dashboard Page/a_Modules' is clicked on

2017-11-03 13:10:32 - [TEST_STEP][PASSED] - click: Object: 'Object Repository/Dashboard Page/a_Self-Service Management' is clicked on

2017-11-03 13:10:33 - [MESSAGE][PASSED] - Object: 'Object Repository/Dashboard Page/a_Self-Service Management' is clicked on

2017-11-03 13:10:33 - [TEST_STEP][PASSED] - click: Object: 'Object Repository/Dashboard Page/a_Self-Service' is clicked on

2017-11-03 13:10:45 - [MESSAGE][PASSED] - Object: 'Object Repository/Dashboard Page/a_Self-Service' is clicked on

2017-11-03 13:10:45 - [MESSAGE][PASSED] - Call Test Case 'Test Cases/Self-Service Management/UnScheduled Visit/Self-Service Menu' successfully

2017-11-03 13:10:45 - [TEST_STEP][PASSED] - click: Object: 'Object Repository/Self Service Management/Self-Service Page/Unscheduled Button' is clicked on

2017-11-03 13:10:55 - [MESSAGE][PASSED] - Object: 'Object Repository/Self Service Management/Self-Service Page/Unscheduled Button' is clicked on

2017-11-03 13:10:55 - [TEST_STEP][PASSED] - click: Object: 'Object Repository/Self Service Management/Leave a message Page/Leave Message Button' is clicked on

2017-11-03 13:10:55 - [MESSAGE][PASSED] - Object: 'Object Repository/Self Service Management/Leave a message Page/Leave Message Button' is clicked on

2017-11-03 13:10:55 - [TEST_STEP][PASSED] - setText: Text 'Stella' is set on object 'Object Repository/Self Service Management/Leave a message Page/input_first_name'

2017-11-03 13:10:56 - [MESSAGE][PASSED] - Text 'Stella' is set on object 'Object Repository/Self Service Management/Leave a message Page/input_first_name'

2017-11-03 13:10:56 - [TEST_STEP][PASSED] - setText: Text 'Ireri' is set on object 'Object Repository/Self Service Management/Leave a message Page/input_last_name'

2017-11-03 13:10:57 - [MESSAGE][PASSED] - Text 'Ireri' is set on object 'Object Repository/Self Service Management/Leave a message Page/input_last_name'

2017-11-03 13:10:57 - [TEST_STEP][PASSED] - setText: Text 'stella.ireri@tezzasolutions.com' is set on object 'Object Repository/Self Service Management/Leave a message Page/input_email'

2017-11-03 13:10:59 - [MESSAGE][PASSED] - Text 'stella.ireri@tezzasolutions.com' is set on object 'Object Repository/Self Service Management/Leave a message Page/input_email'

2017-11-03 13:10:59 - [TEST_STEP][PASSED] - setText: Text 'Stella Ireri' is set on object 'Object Repository/Self Service Management/Leave a message Page/input_staff_name'

2017-11-03 13:11:00 - [MESSAGE][PASSED] - Text 'Stella Ireri' is set on object 'Object Repository/Self Service Management/Leave a message Page/input_staff_name'

2017-11-03 13:11:00 - [TEST_STEP][PASSED] - setText: Text 'I was at your office we had the date set for today' is set on object 'Object Repository/Self Service Management/Leave a message Page/textarea_comment'

2017-11-03 13:11:00 - [MESSAGE][PASSED] - Text 'I was at your office we had the date set for today' is set on object 'Object Repository/Self Service Management/Leave a message Page/textarea_comment'

2017-11-03 13:11:00 - [TEST_STEP][PASSED] - delay: Delayed 5 second(s)

2017-11-03 13:11:06 - [MESSAGE][PASSED] - Delayed 5 second(s)

2017-11-03 13:11:06 - [TEST_STEP][PASSED] - click: Object: 'Object Repository/Self Service Management/Leave a message Page/button_Submit' is clicked on

2017-11-03 13:11:07 - [MESSAGE][PASSED] - Object: 'Object Repository/Self Service Management/Leave a message Page/button_Submit' is clicked on

2017-11-03 13:11:07 - [TEST_STEP][FAILED] - verifyAlertPresent: Unable to verify alert present (Root cause: No alert found after 30 second(s).)

2017-11-03 13:11:07 - [MESSAGE][WARNING] - Timeout '0' is invalid. Using default page load timeout: '30'

2017-11-03 13:11:58 - [MESSAGE][FAILED] - No alert found after 30 second(s).
[[ATTACHMENT|C:\\Users\\Gituto Nyawira\\git\\VSMS-Test-Automation\\Reports\\Unscheduled Visit\\Leave A message\\leave a messsage\\20171103_130556\\1509703917228.png]]

2017-11-03 13:11:59 - [MESSAGE][FAILED] - Unable to verify alert present (Root cause: No alert found after 30 second(s).)
[[ATTACHMENT|C:\\Users\\Gituto Nyawira\\git\\VSMS-Test-Automation\\Reports\\Unscheduled Visit\\Leave A message\\leave a messsage\\20171103_130556\\1509703918383.png]]]]></system-out>
         <system-err><![CDATA[2017-11-03 13:06:03 - [TEST_CASE][FAILED] - Test Cases/Self-Service Management/UnScheduled Visit/Leave Message in Unscheduled Visit: Test Cases/Self-Service Management/UnScheduled Visit/Leave Message in Unscheduled Visit FAILED because (of) Unable to verify alert present (Root cause: No alert found after 30 second(s).)]]></system-err>
      </testcase>
      <system-out><![CDATA[2017-11-03 13:06:02 - [TEST_SUITE][FAILED] - leave a messsage: Test Cases/Self-Service Management/UnScheduled Visit/Leave Message in Unscheduled Visit FAILED because (of) Unable to verify alert present (Root cause: No alert found after 30 second(s).)]]></system-out>
      <system-err><![CDATA[2017-11-03 13:06:02 - [TEST_SUITE][FAILED] - leave a messsage: Test Cases/Self-Service Management/UnScheduled Visit/Leave Message in Unscheduled Visit FAILED because (of) Unable to verify alert present (Root cause: No alert found after 30 second(s).)]]></system-err>
   </testsuite>
</testsuites>
