<?xml version="1.0" encoding="UTF-8"?>
<testsuites name="Sign Up" time="37" tests="1" failures="0" errors="0">
   <testsuite name="Sign Up" tests="1" failures="0" errors="0" time="37" timestamp="2017-10-03 14:05:12" hostname="ChweyaJnr - DESKTOP-QAVLP3L" id="Test Suites/Sign Up/Sign Up">
      <properties>
         <property name="deviceName" value=""/>
         <property name="devicePlatform" value=""/>
         <property name="logFolder" value="C:\\Users\\ChweyaJnr\\git\\VSMS-Test-Automation\\Reports\\Sign Up\\Sign Up\\20171003_140509"/>
         <property name="logFiles" value="C:\\Users\\ChweyaJnr\\git\\VSMS-Test-Automation\\Reports\\Sign Up\\Sign Up\\20171003_140509\\execution0.log"/>
         <property name="attachments" value=""/>
         <property name="hostName" value="ChweyaJnr - DESKTOP-QAVLP3L"/>
         <property name="os" value="Windows 10 64bit"/>
         <property name="katalonVersion" value="4.8.0.2"/>
         <property name="browser" value="Chrome 61.0.3163.100"/>
         <property name="hostAddress" value="192.168.56.1"/>
         <property name="sessionId" value="edb54acd15d04b1b095cb68178f9b665"/>
         <property name="seleniumVersion" value="2.53.0"/>
         <property name="proxyInformation" value="ProxyInformation{proxyOption=NO_PROXY, proxyServerType=HTTP, password=, proxyServerAddress=, proxyServerPort=0}"/>
         <property name="platform" value="Windows 10"/>
      </properties>
      <testcase name="Test Cases/Sign Up" classname="Test Cases/Sign Up" status="PASSED">
         <system-out><![CDATA[2017-10-03 14:05:12 - [TEST_CASE][PASSED] - Test Cases/Sign Up: Test Cases/Sign Up

2017-10-03 14:05:13 - [TEST_STEP][PASSED] - openBrowser: Browser is opened with url: ''

2017-10-03 14:05:17 - [MESSAGE][PASSED] - Browser is opened with url: ''

2017-10-03 14:05:17 - [TEST_STEP][PASSED] - navigateToUrl: Navigate to 'https://sandbox.vsms.tezzasolutions.com/index' successfully

2017-10-03 14:05:23 - [MESSAGE][PASSED] - Navigate to 'https://sandbox.vsms.tezzasolutions.com/index' successfully

2017-10-03 14:05:23 - [TEST_STEP][PASSED] - click: Object: 'Object Repository/Sign Up/Page_VSMS Overview/a_Log in' is clicked on

2017-10-03 14:05:25 - [MESSAGE][PASSED] - Object: 'Object Repository/Sign Up/Page_VSMS Overview/a_Log in' is clicked on

2017-10-03 14:05:25 - [TEST_STEP][PASSED] - maximizeWindow: Current window maximized

2017-10-03 14:05:26 - [MESSAGE][PASSED] - Current window maximized

2017-10-03 14:05:26 - [TEST_STEP][PASSED] - click: Object: 'Object Repository/Sign Up/Page_Visitor Security Management Sy/a_Dont have an account' is clicked on

2017-10-03 14:05:27 - [MESSAGE][PASSED] - Object: 'Object Repository/Sign Up/Page_Visitor Security Management Sy/a_Dont have an account' is clicked on

2017-10-03 14:05:27 - [TEST_STEP][PASSED] - click: Object: 'Object Repository/Sign Up/Page_VSMS Pricing/a_Subscribe' is clicked on

2017-10-03 14:05:33 - [MESSAGE][PASSED] - Object: 'Object Repository/Sign Up/Page_VSMS Pricing/a_Subscribe' is clicked on

2017-10-03 14:05:33 - [TEST_STEP][PASSED] - setText: Text 'test' is set on object 'Object Repository/Sign Up/Page_VSMS VSMS Sign Up/input_tenant_name'

2017-10-03 14:05:33 - [MESSAGE][PASSED] - Text 'test' is set on object 'Object Repository/Sign Up/Page_VSMS VSMS Sign Up/input_tenant_name'

2017-10-03 14:05:33 - [TEST_STEP][PASSED] - setText: Text 'test' is set on object 'Object Repository/Sign Up/Page_VSMS VSMS Sign Up/input_first_name'

2017-10-03 14:05:34 - [MESSAGE][PASSED] - Text 'test' is set on object 'Object Repository/Sign Up/Page_VSMS VSMS Sign Up/input_first_name'

2017-10-03 14:05:34 - [TEST_STEP][PASSED] - setText: Text 'test' is set on object 'Object Repository/Sign Up/Page_VSMS VSMS Sign Up/input_last_name'

2017-10-03 14:05:34 - [MESSAGE][PASSED] - Text 'test' is set on object 'Object Repository/Sign Up/Page_VSMS VSMS Sign Up/input_last_name'

2017-10-03 14:05:34 - [TEST_STEP][PASSED] - setText: Text 'test' is set on object 'Object Repository/Sign Up/Page_VSMS VSMS Sign Up/input_tenant_email'

2017-10-03 14:05:34 - [MESSAGE][PASSED] - Text 'test' is set on object 'Object Repository/Sign Up/Page_VSMS VSMS Sign Up/input_tenant_email'

2017-10-03 14:05:34 - [TEST_STEP][PASSED] - setText: Text '0725165218' is set on object 'Object Repository/Sign Up/Page_VSMS VSMS Sign Up/input_tenant_phone'

2017-10-03 14:05:35 - [MESSAGE][PASSED] - Text '0725165218' is set on object 'Object Repository/Sign Up/Page_VSMS VSMS Sign Up/input_tenant_phone'

2017-10-03 14:05:35 - [TEST_STEP][PASSED] - delay: Delayed 5 second(s)

2017-10-03 14:05:40 - [MESSAGE][PASSED] - Delayed 5 second(s)

2017-10-03 14:05:40 - [TEST_STEP][PASSED] - click: Object: 'Object Repository/Sign Up/Page_VSMS VSMS Sign Up/b' is clicked on

2017-10-03 14:05:40 - [MESSAGE][PASSED] - Object: 'Object Repository/Sign Up/Page_VSMS VSMS Sign Up/b' is clicked on

2017-10-03 14:05:40 - [TEST_STEP][PASSED] - setText: Text 'Africa/Nairobi - (UTC+03:00) Nairobi' is set on object 'Object Repository/Sign Up/Page_VSMS VSMS Sign Up/Timezone Input'

2017-10-03 14:05:41 - [MESSAGE][PASSED] - Text 'Africa/Nairobi - (UTC+03:00) Nairobi' is set on object 'Object Repository/Sign Up/Page_VSMS VSMS Sign Up/Timezone Input'

2017-10-03 14:05:41 - [TEST_STEP][PASSED] - selectOptionByValue: All options with value 'KES' are selected in object 'Object Repository/Sign Up/Page_VSMS VSMS Sign Up/select_currency'  using regular expression

2017-10-03 14:05:41 - [MESSAGE][PASSED] - All options with value 'KES' are selected in object 'Object Repository/Sign Up/Page_VSMS VSMS Sign Up/select_currency'  using regular expression

2017-10-03 14:05:41 - [TEST_STEP][PASSED] - click: Object: 'Object Repository/Sign Up/Page_VSMS VSMS Sign Up/input_terms' is clicked on

2017-10-03 14:05:41 - [MESSAGE][PASSED] - Object: 'Object Repository/Sign Up/Page_VSMS VSMS Sign Up/input_terms' is clicked on

2017-10-03 14:05:41 - [TEST_STEP][NOT_RUN] - click: NOT_RUN: click

2017-10-03 14:05:41 - [MESSAGE][NOT_RUN] - NOT_RUN: click

2017-10-03 14:05:41 - [TEST_STEP][PASSED] - delay: Delayed 6 second(s)

2017-10-03 14:05:47 - [MESSAGE][PASSED] - Delayed 6 second(s)

2017-10-03 14:05:47 - [TEST_STEP][PASSED] - closeBrowser: Browser is closed

2017-10-03 14:05:49 - [MESSAGE][PASSED] - Browser is closed]]></system-out>
         <system-err><![CDATA[]]></system-err>
      </testcase>
      <system-out><![CDATA[2017-10-03 14:05:12 - [TEST_SUITE][PASSED] - Sign Up: Test Cases/Sign Up]]></system-out>
      <system-err><![CDATA[]]></system-err>
   </testsuite>
</testsuites>
