<?xml version="1.0" encoding="UTF-8"?>
<testsuites name="Add Visitor" time="65" tests="1" failures="0" errors="0">
   <testsuite name="Add Visitor" tests="1" failures="0" errors="0" time="65" timestamp="2017-10-12 10:17:19" hostname="Gituto Nyawira - Gituto-PC" id="Test Suites/Security Management/Add Visitor/Add Visitor">
      <properties>
         <property name="deviceName" value=""/>
         <property name="devicePlatform" value=""/>
         <property name="logFolder" value="C:\\Users\\Gituto Nyawira\\git\\VSMS-Test-Automation\\Reports\\Security Management\\Add Visitor\\Add Visitor\\20171012_101713"/>
         <property name="logFiles" value="C:\\Users\\Gituto Nyawira\\git\\VSMS-Test-Automation\\Reports\\Security Management\\Add Visitor\\Add Visitor\\20171012_101713\\execution0.log"/>
         <property name="attachments" value=""/>
         <property name="hostName" value="Gituto Nyawira - Gituto-PC"/>
         <property name="os" value="Windows 10 64bit"/>
         <property name="katalonVersion" value="4.8.0.2"/>
         <property name="browser" value="Chrome 61.0.3163.100"/>
         <property name="hostAddress" value="192.168.43.189"/>
         <property name="sessionId" value="2c169a893bb7082c669541ab37a37f7a"/>
         <property name="seleniumVersion" value="2.53.0"/>
         <property name="proxyInformation" value="ProxyInformation{proxyOption=NO_PROXY, proxyServerType=HTTP, password=, proxyServerAddress=, proxyServerPort=0}"/>
         <property name="platform" value="Windows 10"/>
      </properties>
      <testcase name="Test Cases/Security Management/Add new Visitor in Security Management Module" classname="Test Cases/Security Management/Add new Visitor in Security Management Module" status="PASSED">
         <system-out><![CDATA[2017-10-12 10:17:20 - [TEST_CASE][PASSED] - Test Cases/Security Management/Add new Visitor in Security Management Module: Test Cases/Security Management/Add new Visitor in Security Management Module

2017-10-12 10:17:22 - [TEST_STEP][PASSED] - callTestCase: Call Test Case 'Test Cases/LOGIN' successfully

2017-10-12 10:17:22 - [TEST_CASE][PASSED] - Test Cases/LOGIN: Test Cases/LOGIN

2017-10-12 10:17:23 - [TEST_STEP][PASSED] - openBrowser: Browser is opened with url: 'https://sandbox.vsms.tezzasolutions.com/index'

2017-10-12 10:17:44 - [MESSAGE][PASSED] - Browser is opened with url: 'https://sandbox.vsms.tezzasolutions.com/index'

2017-10-12 10:17:44 - [TEST_STEP][PASSED] - click: Object: 'Object Repository/login/a_Log in' is clicked on

2017-10-12 10:17:48 - [MESSAGE][PASSED] - Object: 'Object Repository/login/a_Log in' is clicked on

2017-10-12 10:17:48 - [TEST_STEP][PASSED] - setText: Text 'clarinenyauncho@gmail.com' is set on object 'Object Repository/login/input_email'

2017-10-12 10:17:49 - [MESSAGE][PASSED] - Text 'clarinenyauncho@gmail.com' is set on object 'Object Repository/login/input_email'

2017-10-12 10:17:49 - [TEST_STEP][PASSED] - setText: Text 'changeme' is set on object 'Object Repository/login/input_password'

2017-10-12 10:17:49 - [MESSAGE][PASSED] - Text 'changeme' is set on object 'Object Repository/login/input_password'

2017-10-12 10:17:49 - [TEST_STEP][PASSED] - click: Object: 'Object Repository/login/button_Login' is clicked on

2017-10-12 10:17:53 - [MESSAGE][PASSED] - Object: 'Object Repository/login/button_Login' is clicked on

2017-10-12 10:17:53 - [MESSAGE][PASSED] - Call Test Case 'Test Cases/LOGIN' successfully

2017-10-12 10:17:53 - [TEST_STEP][PASSED] - maximizeWindow: Current window maximized

2017-10-12 10:17:54 - [MESSAGE][PASSED] - Current window maximized

2017-10-12 10:17:54 - [TEST_STEP][PASSED] - click: Object: 'Object Repository/Dashboard Page/a_Modules' is clicked on

2017-10-12 10:17:55 - [MESSAGE][PASSED] - Object: 'Object Repository/Dashboard Page/a_Modules' is clicked on

2017-10-12 10:17:55 - [TEST_STEP][PASSED] - click: Object: 'Object Repository/Dashboard Page/a_Security Management' is clicked on

2017-10-12 10:17:56 - [MESSAGE][PASSED] - Object: 'Object Repository/Dashboard Page/a_Security Management' is clicked on

2017-10-12 10:17:56 - [TEST_STEP][PASSED] - click: Object: 'Object Repository/Dashboard Page/a_Security' is clicked on

2017-10-12 10:18:01 - [MESSAGE][PASSED] - Object: 'Object Repository/Dashboard Page/a_Security' is clicked on

2017-10-12 10:18:01 - [TEST_STEP][PASSED] - click: Object: 'Object Repository/Add Visitor Page/New Visitor Button' is clicked on

2017-10-12 10:18:02 - [MESSAGE][PASSED] - Object: 'Object Repository/Add Visitor Page/New Visitor Button' is clicked on

2017-10-12 10:18:02 - [TEST_STEP][PASSED] - setText: Text 'paulmurimi@gmail.com' is set on object 'Object Repository/Add Visitor Page/input_email'

2017-10-12 10:18:03 - [MESSAGE][PASSED] - Text 'paulmurimi@gmail.com' is set on object 'Object Repository/Add Visitor Page/input_email'

2017-10-12 10:18:03 - [TEST_STEP][PASSED] - setText: Text 'Paul' is set on object 'Object Repository/Add Visitor Page/input_first_name'

2017-10-12 10:18:05 - [MESSAGE][PASSED] - Text 'Paul' is set on object 'Object Repository/Add Visitor Page/input_first_name'

2017-10-12 10:18:05 - [TEST_STEP][PASSED] - setText: Text 'Murimi' is set on object 'Object Repository/Add Visitor Page/input_last_name'

2017-10-12 10:18:06 - [MESSAGE][PASSED] - Text 'Murimi' is set on object 'Object Repository/Add Visitor Page/input_last_name'

2017-10-12 10:18:06 - [TEST_STEP][PASSED] - setText: Text '0725165229' is set on object 'Object Repository/Add Visitor Page/input_phone'

2017-10-12 10:18:07 - [MESSAGE][PASSED] - Text '0725165229' is set on object 'Object Repository/Add Visitor Page/input_phone'

2017-10-12 10:18:07 - [TEST_STEP][PASSED] - delay: Delayed 5 second(s)

2017-10-12 10:18:12 - [MESSAGE][PASSED] - Delayed 5 second(s)

2017-10-12 10:18:12 - [TEST_STEP][PASSED] - click: Object: 'Object Repository/Add Visitor Page/button_Add Visitor' is clicked on

2017-10-12 10:18:14 - [MESSAGE][PASSED] - Object: 'Object Repository/Add Visitor Page/button_Add Visitor' is clicked on

2017-10-12 10:18:14 - [TEST_STEP][PASSED] - delay: Delayed 5 second(s)

2017-10-12 10:18:19 - [MESSAGE][PASSED] - Delayed 5 second(s)

2017-10-12 10:18:19 - [TEST_STEP][PASSED] - closeBrowser: Browser is closed

2017-10-12 10:18:24 - [MESSAGE][PASSED] - Browser is closed]]></system-out>
         <system-err><![CDATA[]]></system-err>
      </testcase>
      <system-out><![CDATA[2017-10-12 10:17:19 - [TEST_SUITE][PASSED] - Add Visitor: Test Cases/Security Management/Add new Visitor in Security Management Module]]></system-out>
      <system-err><![CDATA[]]></system-err>
   </testsuite>
</testsuites>
