<?xml version="1.0" encoding="UTF-8"?>
<testsuites name="Add New Group" time="32" tests="1" failures="0" errors="0">
   <testsuite name="Add New Group" tests="1" failures="0" errors="0" time="32" timestamp="2017-10-13 11:42:55" hostname="ChweyaJnr - 192.168.56.1" id="Test Suites/User Management/Group Module/Add New Group">
      <properties>
         <property name="deviceName" value=""/>
         <property name="devicePlatform" value=""/>
         <property name="logFolder" value="C:\\Users\\ChweyaJnr\\git\\VSMS-Test-Automation\\Reports\\User Management\\Group Module\\Add New Group\\20171013_114252"/>
         <property name="logFiles" value="C:\\Users\\ChweyaJnr\\git\\VSMS-Test-Automation\\Reports\\User Management\\Group Module\\Add New Group\\20171013_114252\\execution0.log"/>
         <property name="attachments" value=""/>
         <property name="hostName" value="ChweyaJnr - 192.168.56.1"/>
         <property name="os" value="Windows 10 64bit"/>
         <property name="katalonVersion" value="4.8.0.2"/>
         <property name="browser" value="Firefox 39.0"/>
         <property name="hostAddress" value="192.168.56.1"/>
         <property name="sessionId" value="132d89b1-3ab7-432d-b87c-fec18b7f7a50"/>
         <property name="seleniumVersion" value="2.53.0"/>
         <property name="proxyInformation" value="ProxyInformation{proxyOption=NO_PROXY, proxyServerType=HTTP, password=, proxyServerAddress=, proxyServerPort=0}"/>
         <property name="platform" value="Windows 10"/>
      </properties>
      <testcase name="Test Cases/User Management/Group Module/Add New Group" classname="Test Cases/User Management/Group Module/Add New Group" status="PASSED">
         <system-out><![CDATA[2017-10-13 11:42:55 - [TEST_CASE][PASSED] - Test Cases/User Management/Group Module/Add New Group: Test Cases/User Management/Group Module/Add New Group

2017-10-13 11:42:57 - [TEST_STEP][PASSED] - callTestCase: Call Test Case 'Test Cases/LOGIN' successfully

2017-10-13 11:42:57 - [TEST_CASE][PASSED] - Test Cases/LOGIN: Test Cases/LOGIN

2017-10-13 11:42:57 - [TEST_STEP][PASSED] - openBrowser: Browser is opened with url: 'https://sandbox.vsms.tezzasolutions.com/index'

2017-10-13 11:43:10 - [MESSAGE][PASSED] - Browser is opened with url: 'https://sandbox.vsms.tezzasolutions.com/index'

2017-10-13 11:43:10 - [TEST_STEP][PASSED] - click: Object: 'Object Repository/login/a_Log in' is clicked on

2017-10-13 11:43:11 - [MESSAGE][PASSED] - Object: 'Object Repository/login/a_Log in' is clicked on

2017-10-13 11:43:11 - [TEST_STEP][PASSED] - setText: Text 'clarinenyauncho@gmail.com' is set on object 'Object Repository/login/input_email'

2017-10-13 11:43:13 - [MESSAGE][PASSED] - Text 'clarinenyauncho@gmail.com' is set on object 'Object Repository/login/input_email'

2017-10-13 11:43:13 - [TEST_STEP][PASSED] - setText: Text 'changeme' is set on object 'Object Repository/login/input_password'

2017-10-13 11:43:13 - [MESSAGE][PASSED] - Text 'changeme' is set on object 'Object Repository/login/input_password'

2017-10-13 11:43:13 - [TEST_STEP][PASSED] - click: Object: 'Object Repository/login/button_Login' is clicked on

2017-10-13 11:43:15 - [MESSAGE][PASSED] - Object: 'Object Repository/login/button_Login' is clicked on

2017-10-13 11:43:15 - [MESSAGE][PASSED] - Call Test Case 'Test Cases/LOGIN' successfully

2017-10-13 11:43:15 - [TEST_STEP][PASSED] - click: Object: 'Object Repository/User Management/Add New User/Module Dropdown Objects/Modules dropdown' is clicked on

2017-10-13 11:43:15 - [MESSAGE][PASSED] - Object: 'Object Repository/User Management/Add New User/Module Dropdown Objects/Modules dropdown' is clicked on

2017-10-13 11:43:15 - [TEST_STEP][PASSED] - click: Object: 'Object Repository/User Management/Add New User/Module Dropdown Objects/User Management Dropdown' is clicked on

2017-10-13 11:43:16 - [MESSAGE][PASSED] - Object: 'Object Repository/User Management/Add New User/Module Dropdown Objects/User Management Dropdown' is clicked on

2017-10-13 11:43:16 - [TEST_STEP][PASSED] - click: Object: 'Object Repository/User Management/Add New Group/Group Module Selection/Group Module' is clicked on

2017-10-13 11:43:17 - [MESSAGE][PASSED] - Object: 'Object Repository/User Management/Add New Group/Group Module Selection/Group Module' is clicked on

2017-10-13 11:43:17 - [TEST_STEP][PASSED] - maximizeWindow: Current window maximized

2017-10-13 11:43:17 - [MESSAGE][PASSED] - Current window maximized

2017-10-13 11:43:17 - [TEST_STEP][PASSED] - delay: Delayed 3 second(s)

2017-10-13 11:43:20 - [MESSAGE][PASSED] - Delayed 3 second(s)

2017-10-13 11:43:20 - [TEST_STEP][PASSED] - click: Object: 'Object Repository/User Management/Add New Group/Add New Group Objects/Add New Button' is clicked on

2017-10-13 11:43:21 - [MESSAGE][PASSED] - Object: 'Object Repository/User Management/Add New Group/Add New Group Objects/Add New Button' is clicked on

2017-10-13 11:43:21 - [TEST_STEP][PASSED] - delay: Delayed 3 second(s)

2017-10-13 11:43:24 - [MESSAGE][PASSED] - Delayed 3 second(s)

2017-10-13 11:43:24 - [TEST_STEP][PASSED] - setText: Text 'Automation' is set on object 'Object Repository/User Management/Add New Group/Add New Group Objects/Groupname Input Box'

2017-10-13 11:43:24 - [MESSAGE][PASSED] - Text 'Automation' is set on object 'Object Repository/User Management/Add New Group/Add New Group Objects/Groupname Input Box'

2017-10-13 11:43:24 - [TEST_STEP][PASSED] - setText: Text 'Automation' is set on object 'Object Repository/User Management/Add New Group/Add New Group Objects/Group description textarea'

2017-10-13 11:43:25 - [MESSAGE][PASSED] - Text 'Automation' is set on object 'Object Repository/User Management/Add New Group/Add New Group Objects/Group description textarea'

2017-10-13 11:43:25 - [TEST_STEP][PASSED] - click: Object: 'Object Repository/User Management/Add New Group/Add New Group Objects/button_Save' is clicked on

2017-10-13 11:43:25 - [MESSAGE][PASSED] - Object: 'Object Repository/User Management/Add New Group/Add New Group Objects/button_Save' is clicked on

2017-10-13 11:43:25 - [TEST_STEP][PASSED] - verifyElementPresent: Object 'Object Repository/User Management/Add New Group/Add New Group Objects/New Group Has been Added ' is present

2017-10-13 11:43:26 - [MESSAGE][PASSED] - Object 'Object Repository/User Management/Add New Group/Add New Group Objects/New Group Has been Added ' is present

2017-10-13 11:43:26 - [TEST_STEP][PASSED] - closeBrowser: Browser is closed

2017-10-13 11:43:27 - [MESSAGE][PASSED] - Browser is closed]]></system-out>
         <system-err><![CDATA[]]></system-err>
      </testcase>
      <system-out><![CDATA[2017-10-13 11:42:55 - [TEST_SUITE][PASSED] - Add New Group: Test Cases/User Management/Group Module/Add New Group]]></system-out>
      <system-err><![CDATA[]]></system-err>
   </testsuite>
</testsuites>
