<?xml version="1.0" encoding="UTF-8"?>
<testsuites name="Add New Group" time="28" tests="1" failures="0" errors="0">
   <testsuite name="Add New Group" tests="1" failures="0" errors="0" time="28" timestamp="2017-10-06 12:58:33" hostname="ChweyaJnr - 192.168.56.1" id="Test Suites/User Management/Add New Group/Add New Group">
      <properties>
         <property name="deviceName" value=""/>
         <property name="devicePlatform" value=""/>
         <property name="logFolder" value="C:\\Users\\ChweyaJnr\\git\\VSMS-Test-Automation\\Reports\\User Management\\Add New Group\\Add New Group\\20171006_125830"/>
         <property name="logFiles" value="C:\\Users\\ChweyaJnr\\git\\VSMS-Test-Automation\\Reports\\User Management\\Add New Group\\Add New Group\\20171006_125830\\execution0.log"/>
         <property name="attachments" value=""/>
         <property name="hostName" value="ChweyaJnr - 192.168.56.1"/>
         <property name="os" value="Windows 10 64bit"/>
         <property name="katalonVersion" value="4.8.0.2"/>
         <property name="browser" value="Chrome 61.0.3163.100"/>
         <property name="hostAddress" value="192.168.56.1"/>
         <property name="sessionId" value="52d41c308ceb7b3a27fb1cbde06e3928"/>
         <property name="seleniumVersion" value="2.53.0"/>
         <property name="proxyInformation" value="ProxyInformation{proxyOption=NO_PROXY, proxyServerType=HTTP, password=, proxyServerAddress=, proxyServerPort=0}"/>
         <property name="platform" value="Windows 10"/>
      </properties>
      <testcase name="Test Cases/User Management/Add New Group/Add New Group" classname="Test Cases/User Management/Add New Group/Add New Group" status="PASSED">
         <system-out><![CDATA[2017-10-06 12:58:33 - [TEST_CASE][PASSED] - Test Cases/User Management/Add New Group/Add New Group: Test Cases/User Management/Add New Group/Add New Group

2017-10-06 12:58:34 - [TEST_STEP][PASSED] - openBrowser: Browser is opened with url: ''

2017-10-06 12:58:38 - [MESSAGE][PASSED] - Browser is opened with url: ''

2017-10-06 12:58:38 - [TEST_STEP][PASSED] - navigateToUrl: Navigate to 'https://sandbox.vsms.tezzasolutions.com/index' successfully

2017-10-06 12:58:44 - [MESSAGE][PASSED] - Navigate to 'https://sandbox.vsms.tezzasolutions.com/index' successfully

2017-10-06 12:58:44 - [TEST_STEP][PASSED] - click: Object: 'Object Repository/User Management/Add New User/Login Page Objects/a_Log in' is clicked on

2017-10-06 12:58:47 - [MESSAGE][PASSED] - Object: 'Object Repository/User Management/Add New User/Login Page Objects/a_Log in' is clicked on

2017-10-06 12:58:47 - [TEST_STEP][PASSED] - setText: Text 'clarinenyauncho@gmail.com' is set on object 'Object Repository/User Management/Add New User/Login Page Objects/input_email'

2017-10-06 12:58:47 - [MESSAGE][PASSED] - Text 'clarinenyauncho@gmail.com' is set on object 'Object Repository/User Management/Add New User/Login Page Objects/input_email'

2017-10-06 12:58:47 - [TEST_STEP][PASSED] - setText: Text 'changeme' is set on object 'Object Repository/User Management/Add New User/Login Page Objects/input_password'

2017-10-06 12:58:47 - [MESSAGE][PASSED] - Text 'changeme' is set on object 'Object Repository/User Management/Add New User/Login Page Objects/input_password'

2017-10-06 12:58:47 - [TEST_STEP][PASSED] - click: Object: 'Object Repository/User Management/Add New User/Login Page Objects/button_Login' is clicked on

2017-10-06 12:58:49 - [MESSAGE][PASSED] - Object: 'Object Repository/User Management/Add New User/Login Page Objects/button_Login' is clicked on

2017-10-06 12:58:49 - [TEST_STEP][PASSED] - click: Object: 'Object Repository/User Management/Add New User/Module Dropdown Objects/Modules dropdown' is clicked on

2017-10-06 12:58:49 - [MESSAGE][PASSED] - Object: 'Object Repository/User Management/Add New User/Module Dropdown Objects/Modules dropdown' is clicked on

2017-10-06 12:58:49 - [TEST_STEP][PASSED] - click: Object: 'Object Repository/User Management/Add New User/Module Dropdown Objects/User Management Dropdown' is clicked on

2017-10-06 12:58:50 - [MESSAGE][PASSED] - Object: 'Object Repository/User Management/Add New User/Module Dropdown Objects/User Management Dropdown' is clicked on

2017-10-06 12:58:50 - [TEST_STEP][PASSED] - click: Object: 'Object Repository/User Management/Add New Group/Group Module Selection/a_Group' is clicked on

2017-10-06 12:58:51 - [MESSAGE][PASSED] - Object: 'Object Repository/User Management/Add New Group/Group Module Selection/a_Group' is clicked on

2017-10-06 12:58:51 - [TEST_STEP][PASSED] - maximizeWindow: Current window maximized

2017-10-06 12:58:52 - [MESSAGE][PASSED] - Current window maximized

2017-10-06 12:58:52 - [TEST_STEP][PASSED] - delay: Delayed 3 second(s)

2017-10-06 12:58:55 - [MESSAGE][PASSED] - Delayed 3 second(s)

2017-10-06 12:58:55 - [TEST_STEP][PASSED] - click: Object: 'Object Repository/User Management/Add New Group/Add New Group Objects/a_Add New' is clicked on

2017-10-06 12:58:55 - [MESSAGE][PASSED] - Object: 'Object Repository/User Management/Add New Group/Add New Group Objects/a_Add New' is clicked on

2017-10-06 12:58:55 - [TEST_STEP][PASSED] - delay: Delayed 3 second(s)

2017-10-06 12:58:58 - [MESSAGE][PASSED] - Delayed 3 second(s)

2017-10-06 12:58:58 - [TEST_STEP][PASSED] - setText: Text 'Automation' is set on object 'Object Repository/User Management/Add New Group/Add New Group Objects/input_groupname'

2017-10-06 12:58:59 - [MESSAGE][PASSED] - Text 'Automation' is set on object 'Object Repository/User Management/Add New Group/Add New Group Objects/input_groupname'

2017-10-06 12:58:59 - [TEST_STEP][PASSED] - setText: Text 'Automation' is set on object 'Object Repository/User Management/Add New Group/Add New Group Objects/textarea_groupdescription'

2017-10-06 12:58:59 - [MESSAGE][PASSED] - Text 'Automation' is set on object 'Object Repository/User Management/Add New Group/Add New Group Objects/textarea_groupdescription'

2017-10-06 12:58:59 - [TEST_STEP][PASSED] - click: Object: 'Object Repository/User Management/Add New Group/Add New Group Objects/button_Save' is clicked on

2017-10-06 12:58:59 - [MESSAGE][PASSED] - Object: 'Object Repository/User Management/Add New Group/Add New Group Objects/button_Save' is clicked on

2017-10-06 12:58:59 - [TEST_STEP][PASSED] - verifyElementPresent: Object 'Object Repository/User Management/Add New Group/Add New Group Objects/New Group Has been Added ' is present

2017-10-06 12:59:00 - [MESSAGE][PASSED] - Object 'Object Repository/User Management/Add New Group/Add New Group Objects/New Group Has been Added ' is present

2017-10-06 12:59:00 - [TEST_STEP][PASSED] - closeBrowser: Browser is closed

2017-10-06 12:59:01 - [MESSAGE][PASSED] - Browser is closed]]></system-out>
         <system-err><![CDATA[]]></system-err>
      </testcase>
      <system-out><![CDATA[2017-10-06 12:58:33 - [TEST_SUITE][PASSED] - Add New Group: Test Cases/User Management/Add New Group/Add New Group]]></system-out>
      <system-err><![CDATA[]]></system-err>
   </testsuite>
</testsuites>
