<?xml version="1.0" encoding="UTF-8"?>
<testsuites name="add visitor Types" time="1" tests="0" failures="0" errors="1">
   <testsuite name="add visitor Types" tests="0" failures="0" errors="1" time="1" timestamp="2017-10-10 16:12:28" hostname="Stella - 192.168.56.1" id="Test Suites/User Management/Visitor Types/add visitor Types">
      <properties>
         <property name="deviceName" value=""/>
         <property name="devicePlatform" value=""/>
         <property name="logFolder" value="C:\\Users\\Stella\\git\\VSMS-Test-Automation\\Reports\\User Management\\Visitor Types\\add visitor Types\\20171010_161226"/>
         <property name="logFiles" value="C:\\Users\\Stella\\git\\VSMS-Test-Automation\\Reports\\User Management\\Visitor Types\\add visitor Types\\20171010_161226\\execution0.log"/>
         <property name="attachments" value=""/>
         <property name="hostName" value="Stella - 192.168.56.1"/>
         <property name="hostAddress" value="192.168.56.1"/>
         <property name="os" value="Windows 8.1 64bit"/>
         <property name="katalonVersion" value="4.8.0.2"/>
      </properties>
      <testcase name="Test Cases/User Management/Visitor Types/Add Visitor Types" classname="Test Cases/User Management/Visitor Types/Add Visitor Types" status="ERROR">
         <error type="ERROR" message="Test Cases/User Management/Visitor Types/Add Visitor Types FAILED because (of) java.lang.IllegalArgumentException: Cannot find test case with id 'Test Cases/null'"/>
         <system-out><![CDATA[2017-10-10 16:12:29 - [TEST_CASE][ERROR] - Test Cases/User Management/Visitor Types/Add Visitor Types: Test Cases/User Management/Visitor Types/Add Visitor Types FAILED because (of) java.lang.IllegalArgumentException: Cannot find test case with id 'Test Cases/null'

2017-10-10 16:12:30 - [TEST_STEP][PASSED] - callTestCase: null]]></system-out>
         <system-err><![CDATA[2017-10-10 16:12:29 - [TEST_CASE][ERROR] - Test Cases/User Management/Visitor Types/Add Visitor Types: Test Cases/User Management/Visitor Types/Add Visitor Types FAILED because (of) java.lang.IllegalArgumentException: Cannot find test case with id 'Test Cases/null']]></system-err>
      </testcase>
      <system-out><![CDATA[2017-10-10 16:12:28 - [TEST_SUITE][ERROR] - add visitor Types: Test Cases/User Management/Visitor Types/Add Visitor Types FAILED because (of) java.lang.IllegalArgumentException: Cannot find test case with id 'Test Cases/null']]></system-out>
      <system-err><![CDATA[2017-10-10 16:12:28 - [TEST_SUITE][ERROR] - add visitor Types: Test Cases/User Management/Visitor Types/Add Visitor Types FAILED because (of) java.lang.IllegalArgumentException: Cannot find test case with id 'Test Cases/null']]></system-err>
   </testsuite>
</testsuites>
