<?xml version="1.0" encoding="UTF-8"?>
<testsuites name="Sign Up" time="67" tests="0" failures="1" errors="0">
   <testsuite name="Sign Up" tests="0" failures="1" errors="0" time="67" timestamp="2017-10-03 21:23:57" hostname="ChweyaJnr - DESKTOP-QAVLP3L" id="Test Suites/Sign Up/Sign Up">
      <properties>
         <property name="deviceName" value=""/>
         <property name="devicePlatform" value=""/>
         <property name="logFolder" value="C:\\Users\\ChweyaJnr\\git\\VSMS-Test-Automation\\Reports\\Sign Up\\Sign Up\\20171003_212350"/>
         <property name="logFiles" value="C:\\Users\\ChweyaJnr\\git\\VSMS-Test-Automation\\Reports\\Sign Up\\Sign Up\\20171003_212350\\execution0.log"/>
         <property name="attachments" value=""/>
         <property name="hostName" value="ChweyaJnr - DESKTOP-QAVLP3L"/>
         <property name="os" value="Windows 10 64bit"/>
         <property name="katalonVersion" value="4.8.0.2"/>
         <property name="browser" value="Chrome 61.0.3163.100"/>
         <property name="hostAddress" value="192.168.56.1"/>
         <property name="sessionId" value="2966992d23f41f96d253eb33e936e5bd"/>
         <property name="seleniumVersion" value="2.53.0"/>
         <property name="proxyInformation" value="ProxyInformation{proxyOption=NO_PROXY, proxyServerType=HTTP, password=, proxyServerAddress=, proxyServerPort=0}"/>
         <property name="platform" value="Windows 10"/>
      </properties>
      <testcase name="Test Cases/Creating New Account/Sign Up" classname="Test Cases/Creating New Account/Sign Up" status="FAILED">
         <failure type="FAILED" message="Unable to click on object 'Object Repository/Page_VSMS VSMS Sign Up (1)/li_AfricaNairobi - (UTC0300) N' (Root cause: java.lang.NullPointerException)"/>
         <system-out><![CDATA[2017-10-03 21:23:58 - [TEST_CASE][FAILED] - Test Cases/Creating New Account/Sign Up: Test Cases/Creating New Account/Sign Up FAILED because (of) Unable to click on object 'Object Repository/Page_VSMS VSMS Sign Up (1)/li_AfricaNairobi - (UTC0300) N' (Root cause: java.lang.NullPointerException)

2017-10-03 21:23:59 - [TEST_STEP][PASSED] - openBrowser: Browser is opened with url: ''

2017-10-03 21:24:03 - [MESSAGE][PASSED] - Browser is opened with url: ''

2017-10-03 21:24:03 - [TEST_STEP][PASSED] - navigateToUrl: Navigate to 'https://sandbox.vsms.tezzasolutions.com/index' successfully

2017-10-03 21:24:15 - [MESSAGE][PASSED] - Navigate to 'https://sandbox.vsms.tezzasolutions.com/index' successfully

2017-10-03 21:24:15 - [TEST_STEP][PASSED] - click: Object: 'Object Repository/Sign Up/Login Link/a_Log in' is clicked on

2017-10-03 21:24:19 - [MESSAGE][PASSED] - Object: 'Object Repository/Sign Up/Login Link/a_Log in' is clicked on

2017-10-03 21:24:19 - [TEST_STEP][PASSED] - maximizeWindow: Current window maximized

2017-10-03 21:24:20 - [MESSAGE][PASSED] - Current window maximized

2017-10-03 21:24:20 - [TEST_STEP][PASSED] - click: Object: 'Object Repository/Sign Up/Dont have account link/a_Dont have an account' is clicked on

2017-10-03 21:24:21 - [MESSAGE][PASSED] - Object: 'Object Repository/Sign Up/Dont have account link/a_Dont have an account' is clicked on

2017-10-03 21:24:21 - [TEST_STEP][PASSED] - click: Object: 'Object Repository/Sign Up/Subscribe/a_Subscribe' is clicked on

2017-10-03 21:24:37 - [MESSAGE][PASSED] - Object: 'Object Repository/Sign Up/Subscribe/a_Subscribe' is clicked on

2017-10-03 21:24:37 - [TEST_STEP][PASSED] - setText: Text 'Tezza Test' is set on object 'Object Repository/Sign Up/Sign Up/input_tenant_name'

2017-10-03 21:24:37 - [MESSAGE][PASSED] - Text 'Tezza Test' is set on object 'Object Repository/Sign Up/Sign Up/input_tenant_name'

2017-10-03 21:24:37 - [TEST_STEP][PASSED] - setText: Text 'Chweya' is set on object 'Object Repository/Sign Up/Sign Up/input_first_name'

2017-10-03 21:24:37 - [MESSAGE][PASSED] - Text 'Chweya' is set on object 'Object Repository/Sign Up/Sign Up/input_first_name'

2017-10-03 21:24:37 - [TEST_STEP][PASSED] - setText: Text 'Charles' is set on object 'Object Repository/Sign Up/Sign Up/input_last_name'

2017-10-03 21:24:38 - [MESSAGE][PASSED] - Text 'Charles' is set on object 'Object Repository/Sign Up/Sign Up/input_last_name'

2017-10-03 21:24:38 - [TEST_STEP][PASSED] - setText: Text 'charles.chweyaa@tezzasolutions.com' is set on object 'Object Repository/Sign Up/Sign Up/input_tenant_email'

2017-10-03 21:24:39 - [MESSAGE][PASSED] - Text 'charles.chweyaa@tezzasolutions.com' is set on object 'Object Repository/Sign Up/Sign Up/input_tenant_email'

2017-10-03 21:24:39 - [TEST_STEP][PASSED] - setText: Text '0725165219' is set on object 'Object Repository/Sign Up/Sign Up/input_tenant_phone'

2017-10-03 21:24:39 - [MESSAGE][PASSED] - Text '0725165219' is set on object 'Object Repository/Sign Up/Sign Up/input_tenant_phone'

2017-10-03 21:24:39 - [TEST_STEP][PASSED] - delay: Delayed 5 second(s)

2017-10-03 21:24:44 - [MESSAGE][PASSED] - Delayed 5 second(s)

2017-10-03 21:24:44 - [TEST_STEP][PASSED] - click: Object: 'Object Repository/Sign Up/Sign Up/span_select2-selection__arrow' is clicked on

2017-10-03 21:24:44 - [MESSAGE][PASSED] - Object: 'Object Repository/Sign Up/Sign Up/span_select2-selection__arrow' is clicked on

2017-10-03 21:24:44 - [TEST_STEP][FAILED] - click: Unable to click on object 'Object Repository/Page_VSMS VSMS Sign Up (1)/li_AfricaNairobi - (UTC0300) N' (Root cause: java.lang.NullPointerException)

2017-10-03 21:25:03 - [MESSAGE][WARNING] - Cannot take screenshot

2017-10-03 21:25:03 - [MESSAGE][FAILED] - Unable to click on object 'Object Repository/Page_VSMS VSMS Sign Up (1)/li_AfricaNairobi - (UTC0300) N' (Root cause: java.lang.NullPointerException)]]></system-out>
         <system-err><![CDATA[2017-10-03 21:23:58 - [TEST_CASE][FAILED] - Test Cases/Creating New Account/Sign Up: Test Cases/Creating New Account/Sign Up FAILED because (of) Unable to click on object 'Object Repository/Page_VSMS VSMS Sign Up (1)/li_AfricaNairobi - (UTC0300) N' (Root cause: java.lang.NullPointerException)]]></system-err>
      </testcase>
      <system-out><![CDATA[2017-10-03 21:23:57 - [TEST_SUITE][FAILED] - Sign Up: Test Cases/Creating New Account/Sign Up FAILED because (of) Unable to click on object 'Object Repository/Page_VSMS VSMS Sign Up (1)/li_AfricaNairobi - (UTC0300) N' (Root cause: java.lang.NullPointerException)]]></system-out>
      <system-err><![CDATA[2017-10-03 21:23:57 - [TEST_SUITE][FAILED] - Sign Up: Test Cases/Creating New Account/Sign Up FAILED because (of) Unable to click on object 'Object Repository/Page_VSMS VSMS Sign Up (1)/li_AfricaNairobi - (UTC0300) N' (Root cause: java.lang.NullPointerException)]]></system-err>
   </testsuite>
</testsuites>
