<?xml version="1.0" encoding="UTF-8"?>
<testsuites name="Add Visitor" time="59" tests="0" failures="1" errors="0">
   <testsuite name="Add Visitor" tests="0" failures="1" errors="0" time="59" timestamp="2017-10-24 12:07:03" hostname="Gituto Nyawira - Gituto-PC" id="Test Suites/Security Management/Add Visitor/Add Visitor">
      <properties>
         <property name="deviceName" value=""/>
         <property name="devicePlatform" value=""/>
         <property name="logFolder" value="C:\\Users\\Gituto Nyawira\\git\\VSMS-Test-Automation\\Reports\\Security Management\\Add Visitor\\Add Visitor\\20171024_120658"/>
         <property name="logFiles" value="C:\\Users\\Gituto Nyawira\\git\\VSMS-Test-Automation\\Reports\\Security Management\\Add Visitor\\Add Visitor\\20171024_120658\\execution0.log"/>
         <property name="attachments" value="C:\\Users\\Gituto Nyawira\\git\\VSMS-Test-Automation\\Reports\\Security Management\\Add Visitor\\Add Visitor\\20171024_120658\\1508836073266.png"/>
         <property name="hostName" value="Gituto Nyawira - Gituto-PC"/>
         <property name="os" value="Windows 10 64bit"/>
         <property name="katalonVersion" value="4.8.0.2"/>
         <property name="browser" value="Chrome 61.0.3163.100"/>
         <property name="hostAddress" value="192.168.43.189"/>
         <property name="sessionId" value="b120a1bcf324eef84a496cd557d20c95"/>
         <property name="seleniumVersion" value="2.53.0"/>
         <property name="proxyInformation" value="ProxyInformation{proxyOption=NO_PROXY, proxyServerType=HTTP, password=, proxyServerAddress=, proxyServerPort=0}"/>
         <property name="platform" value="Windows 10"/>
      </properties>
      <testcase name="Test Cases/Security Management/Add new Visitor in Security Management Module" classname="Test Cases/Security Management/Add new Visitor in Security Management Module" status="FAILED">
         <failure type="FAILED" message="No alert found"/>
         <system-out><![CDATA[2017-10-24 12:07:03 - [TEST_CASE][FAILED] - Test Cases/Security Management/Add new Visitor in Security Management Module: Test Cases/Security Management/Add new Visitor in Security Management Module FAILED because (of) No alert found

2017-10-24 12:07:04 - [TEST_STEP][PASSED] - callTestCase: Call Test Case 'Test Cases/LOGIN' successfully

2017-10-24 12:07:04 - [TEST_CASE][PASSED] - Test Cases/LOGIN: Test Cases/LOGIN

2017-10-24 12:07:05 - [TEST_STEP][PASSED] - openBrowser: Browser is opened with url: 'https://sandbox.vsms.tezzasolutions.com/index'

2017-10-24 12:07:20 - [MESSAGE][PASSED] - Browser is opened with url: 'https://sandbox.vsms.tezzasolutions.com/index'

2017-10-24 12:07:20 - [TEST_STEP][PASSED] - maximizeWindow: Current window maximized

2017-10-24 12:07:21 - [MESSAGE][PASSED] - Current window maximized

2017-10-24 12:07:21 - [TEST_STEP][PASSED] - click: Object: 'Object Repository/login/a_Log in' is clicked on

2017-10-24 12:07:26 - [MESSAGE][PASSED] - Object: 'Object Repository/login/a_Log in' is clicked on

2017-10-24 12:07:26 - [TEST_STEP][PASSED] - setText: Text 'clarinenyauncho@gmail.com' is set on object 'Object Repository/login/input_email'

2017-10-24 12:07:27 - [MESSAGE][PASSED] - Text 'clarinenyauncho@gmail.com' is set on object 'Object Repository/login/input_email'

2017-10-24 12:07:27 - [TEST_STEP][PASSED] - setText: Text 'changeme' is set on object 'Object Repository/login/input_password'

2017-10-24 12:07:28 - [MESSAGE][PASSED] - Text 'changeme' is set on object 'Object Repository/login/input_password'

2017-10-24 12:07:28 - [TEST_STEP][PASSED] - click: Object: 'Object Repository/login/button_Login' is clicked on

2017-10-24 12:07:32 - [MESSAGE][PASSED] - Object: 'Object Repository/login/button_Login' is clicked on

2017-10-24 12:07:32 - [MESSAGE][PASSED] - Call Test Case 'Test Cases/LOGIN' successfully

2017-10-24 12:07:32 - [TEST_STEP][PASSED] - maximizeWindow: Current window maximized

2017-10-24 12:07:32 - [MESSAGE][PASSED] - Current window maximized

2017-10-24 12:07:32 - [TEST_STEP][PASSED] - delay: Delayed 3 second(s)

2017-10-24 12:07:35 - [MESSAGE][PASSED] - Delayed 3 second(s)

2017-10-24 12:07:35 - [TEST_STEP][PASSED] - click: Object: 'Object Repository/Dashboard Page/a_Modules' is clicked on

2017-10-24 12:07:36 - [MESSAGE][PASSED] - Object: 'Object Repository/Dashboard Page/a_Modules' is clicked on

2017-10-24 12:07:36 - [TEST_STEP][PASSED] - click: Object: 'Object Repository/Dashboard Page/a_Security Management' is clicked on

2017-10-24 12:07:37 - [MESSAGE][PASSED] - Object: 'Object Repository/Dashboard Page/a_Security Management' is clicked on

2017-10-24 12:07:37 - [TEST_STEP][PASSED] - click: Object: 'Object Repository/Dashboard Page/a_Security' is clicked on

2017-10-24 12:07:42 - [MESSAGE][PASSED] - Object: 'Object Repository/Dashboard Page/a_Security' is clicked on

2017-10-24 12:07:42 - [TEST_STEP][PASSED] - click: Object: 'Object Repository/Add Visitor Page/New Visitor Button' is clicked on

2017-10-24 12:07:42 - [MESSAGE][PASSED] - Object: 'Object Repository/Add Visitor Page/New Visitor Button' is clicked on

2017-10-24 12:07:42 - [TEST_STEP][PASSED] - setText: Text 'samwesh@gmail.com' is set on object 'Object Repository/Add Visitor Page/input_email'

2017-10-24 12:07:44 - [MESSAGE][PASSED] - Text 'samwesh@gmail.com' is set on object 'Object Repository/Add Visitor Page/input_email'

2017-10-24 12:07:44 - [TEST_STEP][PASSED] - setText: Text 'Sam' is set on object 'Object Repository/Add Visitor Page/input_first_name'

2017-10-24 12:07:46 - [MESSAGE][PASSED] - Text 'Sam' is set on object 'Object Repository/Add Visitor Page/input_first_name'

2017-10-24 12:07:46 - [TEST_STEP][PASSED] - setText: Text 'Wesh' is set on object 'Object Repository/Add Visitor Page/input_last_name'

2017-10-24 12:07:47 - [MESSAGE][PASSED] - Text 'Wesh' is set on object 'Object Repository/Add Visitor Page/input_last_name'

2017-10-24 12:07:47 - [TEST_STEP][PASSED] - setText: Text '0725167892' is set on object 'Object Repository/Add Visitor Page/input_phone'

2017-10-24 12:07:48 - [MESSAGE][PASSED] - Text '0725167892' is set on object 'Object Repository/Add Visitor Page/input_phone'

2017-10-24 12:07:48 - [TEST_STEP][PASSED] - delay: Delayed 5 second(s)

2017-10-24 12:07:53 - [MESSAGE][PASSED] - Delayed 5 second(s)

2017-10-24 12:07:53 - [TEST_STEP][FAILED] - acceptAlert: No alert found

2017-10-24 12:07:54 - [MESSAGE][FAILED] - No alert found
[[ATTACHMENT|C:\\Users\\Gituto Nyawira\\git\\VSMS-Test-Automation\\Reports\\Security Management\\Add Visitor\\Add Visitor\\20171024_120658\\1508836073266.png]]

2017-10-24 12:07:54 - [TEST_STEP][PASSED] - Statement - If (var_email == true): null

2017-10-24 12:07:54 - [TEST_STEP][PASSED] - click: Object: 'Object Repository/Add Visitor Page/button_Add Visitor' is clicked on

2017-10-24 12:07:55 - [MESSAGE][PASSED] - Object: 'Object Repository/Add Visitor Page/button_Add Visitor' is clicked on

2017-10-24 12:07:55 - [TEST_STEP][PASSED] - delay: Delayed 5 second(s)

2017-10-24 12:08:00 - [MESSAGE][PASSED] - Delayed 5 second(s)

2017-10-24 12:08:00 - [TEST_STEP][PASSED] - closeBrowser: Browser is closed

2017-10-24 12:08:03 - [MESSAGE][PASSED] - Browser is closed]]></system-out>
         <system-err><![CDATA[2017-10-24 12:07:03 - [TEST_CASE][FAILED] - Test Cases/Security Management/Add new Visitor in Security Management Module: Test Cases/Security Management/Add new Visitor in Security Management Module FAILED because (of) No alert found]]></system-err>
      </testcase>
      <system-out><![CDATA[2017-10-24 12:07:03 - [TEST_SUITE][FAILED] - Add Visitor: Test Cases/Security Management/Add new Visitor in Security Management Module FAILED because (of) No alert found]]></system-out>
      <system-err><![CDATA[2017-10-24 12:07:03 - [TEST_SUITE][FAILED] - Add Visitor: Test Cases/Security Management/Add new Visitor in Security Management Module FAILED because (of) No alert found]]></system-err>
   </testsuite>
</testsuites>
