<?xml version="1.0" encoding="UTF-8"?>
<testsuites name="Add Visitor" time="139" tests="1" failures="0" errors="0">
   <testsuite name="Add Visitor" tests="1" failures="0" errors="0" time="139" timestamp="2017-10-13 11:51:13" hostname="Stella - 192.168.56.1" id="Test Suites/Visitor Management/Add Visitor">
      <properties>
         <property name="deviceName" value=""/>
         <property name="devicePlatform" value=""/>
         <property name="logFolder" value="C:\\Users\\Stella\\git\\VSMS-Test-Automation\\Reports\\Visitor Management\\Add Visitor\\20171013_115105"/>
         <property name="logFiles" value="C:\\Users\\Stella\\git\\VSMS-Test-Automation\\Reports\\Visitor Management\\Add Visitor\\20171013_115105\\execution0.log"/>
         <property name="attachments" value=""/>
         <property name="hostName" value="Stella - 192.168.56.1"/>
         <property name="os" value="Windows 8.1 64bit"/>
         <property name="katalonVersion" value="4.8.0.2"/>
         <property name="browser" value="Chrome 61.0.3163.100"/>
         <property name="hostAddress" value="192.168.56.1"/>
         <property name="sessionId" value="31e0473763ef01e43878739eefffda5c"/>
         <property name="seleniumVersion" value="2.53.0"/>
         <property name="proxyInformation" value="ProxyInformation{proxyOption=NO_PROXY, proxyServerType=, password=, proxyServerAddress=, proxyServerPort=0}"/>
         <property name="platform" value="Windows 8.1"/>
      </properties>
      <testcase name="Test Cases/Visitor Management/Add visitor" classname="Test Cases/Visitor Management/Add visitor" status="PASSED">
         <system-out><![CDATA[2017-10-13 11:51:14 - [TEST_CASE][PASSED] - Test Cases/Visitor Management/Add visitor: Test Cases/Visitor Management/Add visitor

2017-10-13 11:51:17 - [TEST_STEP][PASSED] - callTestCase: Call Test Case 'Test Cases/LOGIN' successfully

2017-10-13 11:51:17 - [TEST_CASE][PASSED] - Test Cases/LOGIN: Test Cases/LOGIN

2017-10-13 11:51:18 - [TEST_STEP][PASSED] - openBrowser: Browser is opened with url: 'https://sandbox.vsms.tezzasolutions.com/index'

2017-10-13 11:52:34 - [MESSAGE][PASSED] - Browser is opened with url: 'https://sandbox.vsms.tezzasolutions.com/index'

2017-10-13 11:52:34 - [TEST_STEP][PASSED] - maximizeWindow: Current window maximized

2017-10-13 11:52:36 - [MESSAGE][PASSED] - Current window maximized

2017-10-13 11:52:36 - [TEST_STEP][PASSED] - click: Object: 'Object Repository/login/a_Log in' is clicked on

2017-10-13 11:52:53 - [MESSAGE][PASSED] - Object: 'Object Repository/login/a_Log in' is clicked on

2017-10-13 11:52:53 - [TEST_STEP][PASSED] - setText: Text 'clarinenyauncho@gmail.com' is set on object 'Object Repository/login/input_email'

2017-10-13 11:52:54 - [MESSAGE][PASSED] - Text 'clarinenyauncho@gmail.com' is set on object 'Object Repository/login/input_email'

2017-10-13 11:52:54 - [TEST_STEP][PASSED] - setText: Text 'changeme' is set on object 'Object Repository/login/input_password'

2017-10-13 11:52:55 - [MESSAGE][PASSED] - Text 'changeme' is set on object 'Object Repository/login/input_password'

2017-10-13 11:52:55 - [TEST_STEP][PASSED] - click: Object: 'Object Repository/login/button_Login' is clicked on

2017-10-13 11:52:58 - [MESSAGE][PASSED] - Object: 'Object Repository/login/button_Login' is clicked on

2017-10-13 11:52:58 - [MESSAGE][PASSED] - Call Test Case 'Test Cases/LOGIN' successfully

2017-10-13 11:52:58 - [TEST_STEP][PASSED] - click: Object: 'Object Repository/Visitor Management/common objects/a_Modules' is clicked on

2017-10-13 11:52:58 - [MESSAGE][PASSED] - Object: 'Object Repository/Visitor Management/common objects/a_Modules' is clicked on

2017-10-13 11:52:58 - [TEST_STEP][PASSED] - click: Object: 'Object Repository/Visitor Management/common objects/a_Visitor Management' is clicked on

2017-10-13 11:52:58 - [MESSAGE][PASSED] - Object: 'Object Repository/Visitor Management/common objects/a_Visitor Management' is clicked on

2017-10-13 11:52:58 - [TEST_STEP][PASSED] - click: Object: 'Object Repository/Visitor Management/common objects/a_Visitor' is clicked on

2017-10-13 11:53:06 - [MESSAGE][PASSED] - Object: 'Object Repository/Visitor Management/common objects/a_Visitor' is clicked on

2017-10-13 11:53:06 - [TEST_STEP][PASSED] - click: Object: 'Object Repository/Visitor Management/Add Visitor/button_Add New' is clicked on

2017-10-13 11:53:08 - [MESSAGE][PASSED] - Object: 'Object Repository/Visitor Management/Add Visitor/button_Add New' is clicked on

2017-10-13 11:53:08 - [TEST_STEP][PASSED] - setText: Text 'wesly' is set on object 'Object Repository/Visitor Management/Add Visitor/Page_Visitor Security Management Sy/input_first_name'

2017-10-13 11:53:15 - [MESSAGE][PASSED] - Text 'wesly' is set on object 'Object Repository/Visitor Management/Add Visitor/Page_Visitor Security Management Sy/input_first_name'

2017-10-13 11:53:15 - [TEST_STEP][PASSED] - setText: Text 'karish' is set on object 'Object Repository/Visitor Management/Add Visitor/visitor_last_name'

2017-10-13 11:53:15 - [MESSAGE][PASSED] - Text 'karish' is set on object 'Object Repository/Visitor Management/Add Visitor/visitor_last_name'

2017-10-13 11:53:15 - [TEST_STEP][PASSED] - selectOptionByValue: All options with value 'Male' are selected in object 'Object Repository/Visitor Management/Add Visitor/visitor_gender' 

2017-10-13 11:53:17 - [MESSAGE][PASSED] - All options with value 'Male' are selected in object 'Object Repository/Visitor Management/Add Visitor/visitor_gender' 

2017-10-13 11:53:17 - [TEST_STEP][PASSED] - setText: Text 'kariswes@gmail.com' is set on object 'Object Repository/Visitor Management/Add Visitor/visitor_email'

2017-10-13 11:53:18 - [MESSAGE][PASSED] - Text 'kariswes@gmail.com' is set on object 'Object Repository/Visitor Management/Add Visitor/visitor_email'

2017-10-13 11:53:18 - [TEST_STEP][PASSED] - setText: Text '254720258985' is set on object 'Object Repository/Visitor Management/Add Visitor/visitor_phone'

2017-10-13 11:53:19 - [MESSAGE][PASSED] - Text '254720258985' is set on object 'Object Repository/Visitor Management/Add Visitor/visitor_phone'

2017-10-13 11:53:19 - [TEST_STEP][PASSED] - selectOptionByLabel: All options with label 'old' are selected in object 'Object Repository/Visitor Management/Add Visitor/visitor_type' 

2017-10-13 11:53:19 - [MESSAGE][PASSED] - All options with label 'old' are selected in object 'Object Repository/Visitor Management/Add Visitor/visitor_type' 

2017-10-13 11:53:19 - [TEST_STEP][PASSED] - setText: Text 'Wes Entreprises' is set on object 'Object Repository/Visitor Management/Add Visitor/Visitor_company_name'

2017-10-13 11:53:21 - [MESSAGE][PASSED] - Text 'Wes Entreprises' is set on object 'Object Repository/Visitor Management/Add Visitor/Visitor_company_name'

2017-10-13 11:53:21 - [TEST_STEP][PASSED] - setText: Text 'Rongai' is set on object 'Object Repository/Visitor Management/Add Visitor/Visitor city'

2017-10-13 11:53:21 - [MESSAGE][PASSED] - Text 'Rongai' is set on object 'Object Repository/Visitor Management/Add Visitor/Visitor city'

2017-10-13 11:53:21 - [TEST_STEP][PASSED] - selectOptionByValue: All options with value 'Kenya' are selected in object 'Object Repository/Visitor Management/Add Visitor/visitor_country' 

2017-10-13 11:53:22 - [MESSAGE][PASSED] - All options with value 'Kenya' are selected in object 'Object Repository/Visitor Management/Add Visitor/visitor_country' 

2017-10-13 11:53:22 - [TEST_STEP][PASSED] - selectOptionByValue: All options with value 'Kajiado' are selected in object 'Object Repository/Visitor Management/Add Visitor/visitor_state' 

2017-10-13 11:53:23 - [MESSAGE][PASSED] - All options with value 'Kajiado' are selected in object 'Object Repository/Visitor Management/Add Visitor/visitor_state' 

2017-10-13 11:53:23 - [TEST_STEP][PASSED] - setText: Text '2599' is set on object 'Object Repository/Visitor Management/Add Visitor/visitor_address1'

2017-10-13 11:53:23 - [MESSAGE][PASSED] - Text '2599' is set on object 'Object Repository/Visitor Management/Add Visitor/visitor_address1'

2017-10-13 11:53:23 - [TEST_STEP][PASSED] - setText: Text '559' is set on object 'Object Repository/Visitor Management/Add Visitor/visitor_address2'

2017-10-13 11:53:23 - [MESSAGE][PASSED] - Text '559' is set on object 'Object Repository/Visitor Management/Add Visitor/visitor_address2'

2017-10-13 11:53:23 - [TEST_STEP][PASSED] - delay: Delayed 3 second(s)

2017-10-13 11:53:26 - [MESSAGE][PASSED] - Delayed 3 second(s)

2017-10-13 11:53:26 - [TEST_STEP][PASSED] - click: Object: 'Object Repository/Visitor Management/Add Visitor/Save Visitor' is clicked on

2017-10-13 11:53:27 - [MESSAGE][PASSED] - Object: 'Object Repository/Visitor Management/Add Visitor/Save Visitor' is clicked on]]></system-out>
         <system-err><![CDATA[]]></system-err>
      </testcase>
      <system-out><![CDATA[2017-10-13 11:51:13 - [TEST_SUITE][PASSED] - Add Visitor: Test Cases/Visitor Management/Add visitor]]></system-out>
      <system-err><![CDATA[]]></system-err>
   </testsuite>
</testsuites>
