<?xml version="1.0" encoding="UTF-8"?>
<testsuites name="Edit proprety types" time="69" tests="0" failures="1" errors="0">
   <testsuite name="Edit proprety types" tests="0" failures="1" errors="0" time="69" timestamp="2017-10-12 16:24:02" hostname="Stella - STEGAHZ" id="Test Suites/User Management/Property Types/Edit proprety types">
      <properties>
         <property name="deviceName" value=""/>
         <property name="devicePlatform" value=""/>
         <property name="logFolder" value="C:\\Users\\Stella\\git\\VSMS-Test-Automation\\Reports\\User Management\\Property Types\\Edit proprety types\\20171012_162355"/>
         <property name="logFiles" value="C:\\Users\\Stella\\git\\VSMS-Test-Automation\\Reports\\User Management\\Property Types\\Edit proprety types\\20171012_162355\\execution0.log"/>
         <property name="attachments" value="C:\\Users\\Stella\\git\\VSMS-Test-Automation\\Reports\\User Management\\Property Types\\Edit proprety types\\20171012_162355\\1507814673083.png, C:\\Users\\Stella\\git\\VSMS-Test-Automation\\Reports\\User Management\\Property Types\\Edit proprety types\\20171012_162355\\1507814705079.png"/>
         <property name="hostName" value="Stella - STEGAHZ"/>
         <property name="os" value="Windows 8.1 64bit"/>
         <property name="katalonVersion" value="4.8.0.2"/>
         <property name="browser" value="Firefox 55.0"/>
         <property name="hostAddress" value="192.168.56.1"/>
         <property name="sessionId" value="15caf8bc-5aad-4600-95e6-1d95d0f887c3"/>
         <property name="seleniumVersion" value="2.53.0"/>
         <property name="proxyInformation" value="ProxyInformation{proxyOption=NO_PROXY, proxyServerType=, password=, proxyServerAddress=, proxyServerPort=0}"/>
         <property name="platform" value="Windows 8.1"/>
      </properties>
      <testcase name="Test Cases/User Management/Property Types/Edit Property Types" classname="Test Cases/User Management/Property Types/Edit Property Types" status="FAILED">
         <failure type="FAILED" message="Unable to set text '' of object 'Object Repository/User Management/Property types/edit P_Type name ' (Root cause: org.openqa.selenium.ElementNotVisibleException: Element is not currently visible and so may not be interacted with
Command duration or timeout: 40 milliseconds
Build info: version: '2.53.0', revision: '35ae25b', time: '2016-03-15 17:00:58'
System info: host: 'STEGAHZ', ip: '192.168.56.1', os.name: 'Windows 8.1', os.arch: 'amd64', os.version: '6.3', java.version: '1.8.0_102'
Driver info: com.kms.katalon.core.webui.driver.firefox.CFirefoxDriver47
Capabilities [{applicationCacheEnabled=true, rotatable=false, handlesAlerts=true, databaseEnabled=true, version=55.0.3, platform=WINDOWS, nativeEvents=false, acceptSslCerts=true, webStorageEnabled=true, locationContextEnabled=true, browserName=firefox, takesScreenshot=true, javascriptEnabled=true, cssSelectorsEnabled=true}]
Session ID: 15caf8bc-5aad-4600-95e6-1d95d0f887c3)"/>
         <system-out><![CDATA[2017-10-12 16:24:03 - [TEST_CASE][FAILED] - Test Cases/User Management/Property Types/Edit Property Types: Test Cases/User Management/Property Types/Edit Property Types FAILED because (of) Unable to set text '' of object 'Object Repository/User Management/Property types/edit P_Type name ' (Root cause: org.openqa.selenium.ElementNotVisibleException: Element is not currently visible and so may not be interacted with
Command duration or timeout: 40 milliseconds
Build info: version: '2.53.0', revision: '35ae25b', time: '2016-03-15 17:00:58'
System info: host: 'STEGAHZ', ip: '192.168.56.1', os.name: 'Windows 8.1', os.arch: 'amd64', os.version: '6.3', java.version: '1.8.0_102'
Driver info: com.kms.katalon.core.webui.driver.firefox.CFirefoxDriver47
Capabilities [{applicationCacheEnabled=true, rotatable=false, handlesAlerts=true, databaseEnabled=true, version=55.0.3, platform=WINDOWS, nativeEvents=false, acceptSslCerts=true, webStorageEnabled=true, locationContextEnabled=true, browserName=firefox, takesScreenshot=true, javascriptEnabled=true, cssSelectorsEnabled=true}]
Session ID: 15caf8bc-5aad-4600-95e6-1d95d0f887c3)

2017-10-12 16:24:04 - [TEST_STEP][PASSED] - callTestCase: Call Test Case 'Test Cases/LOGIN' successfully

2017-10-12 16:24:04 - [TEST_CASE][PASSED] - Test Cases/LOGIN: Test Cases/LOGIN

2017-10-12 16:24:04 - [TEST_STEP][PASSED] - openBrowser: Browser is opened with url: 'https://sandbox.vsms.tezzasolutions.com/index'

2017-10-12 16:24:21 - [MESSAGE][PASSED] - Browser is opened with url: 'https://sandbox.vsms.tezzasolutions.com/index'

2017-10-12 16:24:21 - [TEST_STEP][PASSED] - click: Object: 'Object Repository/login/a_Log in' is clicked on

2017-10-12 16:24:22 - [MESSAGE][PASSED] - Object: 'Object Repository/login/a_Log in' is clicked on

2017-10-12 16:24:22 - [TEST_STEP][PASSED] - setText: Text 'clarinenyauncho@gmail.com' is set on object 'Object Repository/login/input_email'

2017-10-12 16:24:24 - [MESSAGE][PASSED] - Text 'clarinenyauncho@gmail.com' is set on object 'Object Repository/login/input_email'

2017-10-12 16:24:24 - [TEST_STEP][PASSED] - setText: Text 'changeme' is set on object 'Object Repository/login/input_password'

2017-10-12 16:24:25 - [MESSAGE][PASSED] - Text 'changeme' is set on object 'Object Repository/login/input_password'

2017-10-12 16:24:25 - [TEST_STEP][PASSED] - click: Object: 'Object Repository/login/button_Login' is clicked on

2017-10-12 16:24:27 - [MESSAGE][PASSED] - Object: 'Object Repository/login/button_Login' is clicked on

2017-10-12 16:24:27 - [MESSAGE][PASSED] - Call Test Case 'Test Cases/LOGIN' successfully

2017-10-12 16:24:27 - [TEST_STEP][PASSED] - click: Object: 'Object Repository/User Management/Visitor Types/a_Modules' is clicked on

2017-10-12 16:24:28 - [MESSAGE][PASSED] - Object: 'Object Repository/User Management/Visitor Types/a_Modules' is clicked on

2017-10-12 16:24:28 - [TEST_STEP][PASSED] - click: Object: 'Object Repository/User Management/Visitor Types/a_User  Management' is clicked on

2017-10-12 16:24:29 - [MESSAGE][PASSED] - Object: 'Object Repository/User Management/Visitor Types/a_User  Management' is clicked on

2017-10-12 16:24:29 - [TEST_STEP][PASSED] - click: Object: 'Object Repository/User Management/Visitor Types/a_User Settings' is clicked on

2017-10-12 16:24:30 - [MESSAGE][PASSED] - Object: 'Object Repository/User Management/Visitor Types/a_User Settings' is clicked on

2017-10-12 16:24:30 - [TEST_STEP][PASSED] - click: Object: 'Object Repository/User Management/Property types/Manage Property Types' is clicked on

2017-10-12 16:24:31 - [MESSAGE][PASSED] - Object: 'Object Repository/User Management/Property types/Manage Property Types' is clicked on

2017-10-12 16:24:31 - [TEST_STEP][PASSED] - click: Object: 'Object Repository/User Management/Property types/Edit propert tyypes' is clicked on

2017-10-12 16:24:32 - [MESSAGE][PASSED] - Object: 'Object Repository/User Management/Property types/Edit propert tyypes' is clicked on

2017-10-12 16:24:32 - [TEST_STEP][FAILED] - setText: Unable to set text '' of object 'Object Repository/User Management/Property types/edit P_Type name ' (Root cause: org.openqa.selenium.ElementNotVisibleException: Element is not currently visible and so may not be interacted with
Command duration or timeout: 40 milliseconds
Build info: version: '2.53.0', revision: '35ae25b', time: '2016-03-15 17:00:58'
System info: host: 'STEGAHZ', ip: '192.168.56.1', os.name: 'Windows 8.1', os.arch: 'amd64', os.version: '6.3', java.version: '1.8.0_102'
Driver info: com.kms.katalon.core.webui.driver.firefox.CFirefoxDriver47
Capabilities [{applicationCacheEnabled=true, rotatable=false, handlesAlerts=true, databaseEnabled=true, version=55.0.3, platform=WINDOWS, nativeEvents=false, acceptSslCerts=true, webStorageEnabled=true, locationContextEnabled=true, browserName=firefox, takesScreenshot=true, javascriptEnabled=true, cssSelectorsEnabled=true}]
Session ID: 15caf8bc-5aad-4600-95e6-1d95d0f887c3)

2017-10-12 16:24:33 - [MESSAGE][FAILED] - Unable to set text '' of object 'Object Repository/User Management/Property types/edit P_Type name ' (Root cause: org.openqa.selenium.ElementNotVisibleException: Element is not currently visible and so may not be interacted with
Command duration or timeout: 40 milliseconds
Build info: version: '2.53.0', revision: '35ae25b', time: '2016-03-15 17:00:58'
System info: host: 'STEGAHZ', ip: '192.168.56.1', os.name: 'Windows 8.1', os.arch: 'amd64', os.version: '6.3', java.version: '1.8.0_102'
Driver info: com.kms.katalon.core.webui.driver.firefox.CFirefoxDriver47
Capabilities [{applicationCacheEnabled=true, rotatable=false, handlesAlerts=true, databaseEnabled=true, version=55.0.3, platform=WINDOWS, nativeEvents=false, acceptSslCerts=true, webStorageEnabled=true, locationContextEnabled=true, browserName=firefox, takesScreenshot=true, javascriptEnabled=true, cssSelectorsEnabled=true}]
Session ID: 15caf8bc-5aad-4600-95e6-1d95d0f887c3)
[[ATTACHMENT|C:\\Users\\Stella\\git\\VSMS-Test-Automation\\Reports\\User Management\\Property Types\\Edit proprety types\\20171012_162355\\1507814673083.png]]

2017-10-12 16:24:33 - [TEST_STEP][FAILED] - setText: Unable to set text '' of object 'Object Repository/User Management/Property types/edit description ' (Root cause: com.kms.katalon.core.webui.exception.WebElementNotFoundException: Web element with id: 'Object Repository/User Management/Property types/edit description ' located by 'By.xpath: //textarea[count(. | .//*[@id='propertyType']/div/div[1]/fieldset/div[1]/form/div[2]/textarea) = count(.//*[@id='propertyType']/div/div[1]/fieldset/div[1]/form/div[2]/textarea)][count(. | //*[@ng-model = 'property_type_Data.description']) = count(//*[@ng-model = 'property_type_Data.description'])][count(. | //*[@name = 'description']) = count(//*[@name = 'description'])][count(. | //*[@placeholder = 'Description *']) = count(//*[@placeholder = 'Description *'])][count(. | //*[@class = 'form-control input-sm ng-pristine ng-untouched ng-valid ng-valid-required']) = count(//*[@class = 'form-control input-sm ng-pristine ng-untouched ng-valid ng-valid-required'])]' not found)

2017-10-12 16:25:05 - [MESSAGE][FAILED] - Unable to set text '' of object 'Object Repository/User Management/Property types/edit description ' (Root cause: com.kms.katalon.core.webui.exception.WebElementNotFoundException: Web element with id: 'Object Repository/User Management/Property types/edit description ' located by 'By.xpath: //textarea[count(. | .//*[@id='propertyType']/div/div[1]/fieldset/div[1]/form/div[2]/textarea) = count(.//*[@id='propertyType']/div/div[1]/fieldset/div[1]/form/div[2]/textarea)][count(. | //*[@ng-model = 'property_type_Data.description']) = count(//*[@ng-model = 'property_type_Data.description'])][count(. | //*[@name = 'description']) = count(//*[@name = 'description'])][count(. | //*[@placeholder = 'Description *']) = count(//*[@placeholder = 'Description *'])][count(. | //*[@class = 'form-control input-sm ng-pristine ng-untouched ng-valid ng-valid-required']) = count(//*[@class = 'form-control input-sm ng-pristine ng-untouched ng-valid ng-valid-required'])]' not found)
[[ATTACHMENT|C:\\Users\\Stella\\git\\VSMS-Test-Automation\\Reports\\User Management\\Property Types\\Edit proprety types\\20171012_162355\\1507814705079.png]]

2017-10-12 16:25:05 - [TEST_STEP][PASSED] - delay: Delayed 5 second(s)

2017-10-12 16:25:10 - [MESSAGE][PASSED] - Delayed 5 second(s)

2017-10-12 16:25:10 - [TEST_STEP][PASSED] - click: Object: 'Object Repository/User Management/Property types/Update P_Type' is clicked on

2017-10-12 16:25:11 - [MESSAGE][PASSED] - Object: 'Object Repository/User Management/Property types/Update P_Type' is clicked on]]></system-out>
         <system-err><![CDATA[2017-10-12 16:24:03 - [TEST_CASE][FAILED] - Test Cases/User Management/Property Types/Edit Property Types: Test Cases/User Management/Property Types/Edit Property Types FAILED because (of) Unable to set text '' of object 'Object Repository/User Management/Property types/edit P_Type name ' (Root cause: org.openqa.selenium.ElementNotVisibleException: Element is not currently visible and so may not be interacted with
Command duration or timeout: 40 milliseconds
Build info: version: '2.53.0', revision: '35ae25b', time: '2016-03-15 17:00:58'
System info: host: 'STEGAHZ', ip: '192.168.56.1', os.name: 'Windows 8.1', os.arch: 'amd64', os.version: '6.3', java.version: '1.8.0_102'
Driver info: com.kms.katalon.core.webui.driver.firefox.CFirefoxDriver47
Capabilities [{applicationCacheEnabled=true, rotatable=false, handlesAlerts=true, databaseEnabled=true, version=55.0.3, platform=WINDOWS, nativeEvents=false, acceptSslCerts=true, webStorageEnabled=true, locationContextEnabled=true, browserName=firefox, takesScreenshot=true, javascriptEnabled=true, cssSelectorsEnabled=true}]
Session ID: 15caf8bc-5aad-4600-95e6-1d95d0f887c3)]]></system-err>
      </testcase>
      <system-out><![CDATA[2017-10-12 16:24:02 - [TEST_SUITE][FAILED] - Edit proprety types: Test Cases/User Management/Property Types/Edit Property Types FAILED because (of) Unable to set text '' of object 'Object Repository/User Management/Property types/edit P_Type name ' (Root cause: org.openqa.selenium.ElementNotVisibleException: Element is not currently visible and so may not be interacted with
Command duration or timeout: 40 milliseconds
Build info: version: '2.53.0', revision: '35ae25b', time: '2016-03-15 17:00:58'
System info: host: 'STEGAHZ', ip: '192.168.56.1', os.name: 'Windows 8.1', os.arch: 'amd64', os.version: '6.3', java.version: '1.8.0_102'
Driver info: com.kms.katalon.core.webui.driver.firefox.CFirefoxDriver47
Capabilities [{applicationCacheEnabled=true, rotatable=false, handlesAlerts=true, databaseEnabled=true, version=55.0.3, platform=WINDOWS, nativeEvents=false, acceptSslCerts=true, webStorageEnabled=true, locationContextEnabled=true, browserName=firefox, takesScreenshot=true, javascriptEnabled=true, cssSelectorsEnabled=true}]
Session ID: 15caf8bc-5aad-4600-95e6-1d95d0f887c3)]]></system-out>
      <system-err><![CDATA[2017-10-12 16:24:02 - [TEST_SUITE][FAILED] - Edit proprety types: Test Cases/User Management/Property Types/Edit Property Types FAILED because (of) Unable to set text '' of object 'Object Repository/User Management/Property types/edit P_Type name ' (Root cause: org.openqa.selenium.ElementNotVisibleException: Element is not currently visible and so may not be interacted with
Command duration or timeout: 40 milliseconds
Build info: version: '2.53.0', revision: '35ae25b', time: '2016-03-15 17:00:58'
System info: host: 'STEGAHZ', ip: '192.168.56.1', os.name: 'Windows 8.1', os.arch: 'amd64', os.version: '6.3', java.version: '1.8.0_102'
Driver info: com.kms.katalon.core.webui.driver.firefox.CFirefoxDriver47
Capabilities [{applicationCacheEnabled=true, rotatable=false, handlesAlerts=true, databaseEnabled=true, version=55.0.3, platform=WINDOWS, nativeEvents=false, acceptSslCerts=true, webStorageEnabled=true, locationContextEnabled=true, browserName=firefox, takesScreenshot=true, javascriptEnabled=true, cssSelectorsEnabled=true}]
Session ID: 15caf8bc-5aad-4600-95e6-1d95d0f887c3)]]></system-err>
   </testsuite>
</testsuites>
