<?xml version="1.0" encoding="UTF-8"?>
<testsuites name="Edit Event" time="124" tests="0" failures="1" errors="0">
   <testsuite name="Edit Event" tests="0" failures="1" errors="0" time="124" timestamp="2017-12-04 11:32:25" hostname="Dennis Gituto - DESKTOP-IA8CIQG" id="Test Suites/Calendar Management/Edit Event">
      <properties>
         <property name="deviceName" value=""/>
         <property name="devicePlatform" value=""/>
         <property name="logFolder" value="C:\\Users\\Dennis Gituto\\git\\VSMS-Test-Automation\\Reports\\Calendar Management\\Edit Event\\20171204_113223"/>
         <property name="logFiles" value="C:\\Users\\Dennis Gituto\\git\\VSMS-Test-Automation\\Reports\\Calendar Management\\Edit Event\\20171204_113223\\execution0.log"/>
         <property name="attachments" value="C:\\Users\\Dennis Gituto\\git\\VSMS-Test-Automation\\Reports\\Calendar Management\\Edit Event\\20171204_113223\\1512376394994.png, C:\\Users\\Dennis Gituto\\git\\VSMS-Test-Automation\\Reports\\Calendar Management\\Edit Event\\20171204_113223\\1512376395397.png, C:\\Users\\Dennis Gituto\\git\\VSMS-Test-Automation\\Reports\\Calendar Management\\Edit Event\\20171204_113223\\1512376395766.png, C:\\Users\\Dennis Gituto\\git\\VSMS-Test-Automation\\Reports\\Calendar Management\\Edit Event\\20171204_113223\\1512376396131.png, C:\\Users\\Dennis Gituto\\git\\VSMS-Test-Automation\\Reports\\Calendar Management\\Edit Event\\20171204_113223\\1512376396488.png, C:\\Users\\Dennis Gituto\\git\\VSMS-Test-Automation\\Reports\\Calendar Management\\Edit Event\\20171204_113223\\1512376396840.png, C:\\Users\\Dennis Gituto\\git\\VSMS-Test-Automation\\Reports\\Calendar Management\\Edit Event\\20171204_113223\\1512376397290.png, C:\\Users\\Dennis Gituto\\git\\VSMS-Test-Automation\\Reports\\Calendar Management\\Edit Event\\20171204_113223\\1512376434647.png, C:\\Users\\Dennis Gituto\\git\\VSMS-Test-Automation\\Reports\\Calendar Management\\Edit Event\\20171204_113223\\1512376469164.png"/>
         <property name="hostName" value="Dennis Gituto - DESKTOP-IA8CIQG"/>
         <property name="os" value="Windows 10 64bit"/>
         <property name="katalonVersion" value="5.1.0.1"/>
         <property name="browser" value="Chrome 62.0.3202.94"/>
         <property name="hostAddress" value="192.168.1.117"/>
         <property name="sessionId" value="f4b259658f638190eb923d44e346a6bc"/>
         <property name="seleniumVersion" value="3.7.1"/>
         <property name="proxyInformation" value="ProxyInformation{proxyOption=NO_PROXY, proxyServerType=HTTP, password=, proxyServerAddress=, proxyServerPort=0}"/>
         <property name="platform" value="Windows 10"/>
      </properties>
      <testcase name="Test Cases/Calendar Management/Update Event" classname="Test Cases/Calendar Management/Update Event" status="FAILED">
         <failure type="FAILED" message="Unable to click on object 'Object Repository/Calendar Management/Update Event/Even to update' (Root cause: com.kms.katalon.core.webui.exception.WebElementNotFoundException: Web element with id: 'Object Repository/Calendar Management/Update Event/Even to update' located by 'By.xpath: //div[count(. | id(&quot;cal&quot;)/div[@class=&quot;fc-view-container&quot;]/div[@class=&quot;fc-view fc-month-view fc-basic-view&quot;]/table[1]/tbody[@class=&quot;fc-body&quot;]/tr[1]/td[@class=&quot;fc-widget-content&quot;]/div[@class=&quot;fc-day-grid-container&quot;]/div[@class=&quot;fc-day-grid&quot;]/div[@class=&quot;fc-row fc-week fc-widget-content&quot;]/div[@class=&quot;fc-content-skeleton&quot;]/table[1]/tbody[1]/tr[1]/td[@class=&quot;fc-event-container&quot;]/a[@class=&quot;fc-day-grid-event fc-h-event fc-event fc-start fc-end fc-draggable ng-scope&quot;]/div[@class=&quot;fc-content&quot;]) = count(id(&quot;cal&quot;)/div[@class=&quot;fc-view-container&quot;]/div[@class=&quot;fc-view fc-month-view fc-basic-view&quot;]/table[1]/tbody[@class=&quot;fc-body&quot;]/tr[1]/td[@class=&quot;fc-widget-content&quot;]/div[@class=&quot;fc-day-grid-container&quot;]/div[@class=&quot;fc-day-grid&quot;]/div[@class=&quot;fc-row fc-week fc-widget-content&quot;]/div[@class=&quot;fc-content-skeleton&quot;]/table[1]/tbody[1]/tr[1]/td[@class=&quot;fc-event-container&quot;]/a[@class=&quot;fc-day-grid-event fc-h-event fc-event fc-start fc-end fc-draggable ng-scope&quot;]/div[@class=&quot;fc-content&quot;])]' not found)"/>
         <system-out><![CDATA[2017-12-04 11:32:25 - [TEST_CASE][FAILED] - Test Cases/Calendar Management/Update Event: Test Cases/Calendar Management/Update Event FAILED because (of) Unable to click on object 'Object Repository/Calendar Management/Update Event/Even to update' (Root cause: com.kms.katalon.core.webui.exception.WebElementNotFoundException: Web element with id: 'Object Repository/Calendar Management/Update Event/Even to update' located by 'By.xpath: //div[count(. | id("cal")/div[@class="fc-view-container"]/div[@class="fc-view fc-month-view fc-basic-view"]/table[1]/tbody[@class="fc-body"]/tr[1]/td[@class="fc-widget-content"]/div[@class="fc-day-grid-container"]/div[@class="fc-day-grid"]/div[@class="fc-row fc-week fc-widget-content"]/div[@class="fc-content-skeleton"]/table[1]/tbody[1]/tr[1]/td[@class="fc-event-container"]/a[@class="fc-day-grid-event fc-h-event fc-event fc-start fc-end fc-draggable ng-scope"]/div[@class="fc-content"]) = count(id("cal")/div[@class="fc-view-container"]/div[@class="fc-view fc-month-view fc-basic-view"]/table[1]/tbody[@class="fc-body"]/tr[1]/td[@class="fc-widget-content"]/div[@class="fc-day-grid-container"]/div[@class="fc-day-grid"]/div[@class="fc-row fc-week fc-widget-content"]/div[@class="fc-content-skeleton"]/table[1]/tbody[1]/tr[1]/td[@class="fc-event-container"]/a[@class="fc-day-grid-event fc-h-event fc-event fc-start fc-end fc-draggable ng-scope"]/div[@class="fc-content"])]' not found)

2017-12-04 11:32:26 - [TEST_STEP][PASSED] - callTestCase: Call Test Case 'Test Cases/Common/User Login' successfully

2017-12-04 11:32:26 - [TEST_CASE][PASSED] - Test Cases/Common/User Login: Test Cases/Common/User Login

2017-12-04 11:32:27 - [TEST_STEP][PASSED] - openBrowser: Browser is opened with url: 'https://sandbox.vsms.tezzasolutions.com/index'

2017-12-04 11:32:35 - [MESSAGE][PASSED] - Browser is opened with url: 'https://sandbox.vsms.tezzasolutions.com/index'

2017-12-04 11:32:35 - [TEST_STEP][PASSED] - maximizeWindow: Current window maximized

2017-12-04 11:32:36 - [MESSAGE][PASSED] - Current window maximized

2017-12-04 11:32:36 - [TEST_STEP][PASSED] - click: Object: 'Object Repository/login/a_Log in' is clicked on

2017-12-04 11:32:38 - [MESSAGE][PASSED] - Object: 'Object Repository/login/a_Log in' is clicked on

2017-12-04 11:32:38 - [TEST_STEP][PASSED] - setText: Text 'stella.ireri@tezzasolutions.com' is set on object 'Object Repository/login/input_email'

2017-12-04 11:32:38 - [MESSAGE][PASSED] - Text 'stella.ireri@tezzasolutions.com' is set on object 'Object Repository/login/input_email'

2017-12-04 11:32:38 - [TEST_STEP][PASSED] - verifyElementPresent: Object 'Object Repository/Page_Visitor Security Management Sy/VSMS  Sign In' is present

2017-12-04 11:32:38 - [MESSAGE][PASSED] - Object 'Object Repository/Page_Visitor Security Management Sy/VSMS  Sign In' is present

2017-12-04 11:32:38 - [TEST_STEP][PASSED] - setText: Text '!qwerty123' is set on object 'Object Repository/login/input_password'

2017-12-04 11:32:39 - [MESSAGE][PASSED] - Text '!qwerty123' is set on object 'Object Repository/login/input_password'

2017-12-04 11:32:39 - [TEST_STEP][PASSED] - verifyElementClickable: Object 'Object Repository/login/button_Login' is clickable

2017-12-04 11:32:39 - [MESSAGE][PASSED] - Object 'Object Repository/login/button_Login' is clickable

2017-12-04 11:32:39 - [TEST_STEP][PASSED] - click: Object: 'Object Repository/login/button_Login' is clicked on

2017-12-04 11:32:40 - [MESSAGE][PASSED] - Object: 'Object Repository/login/button_Login' is clicked on

2017-12-04 11:32:40 - [MESSAGE][PASSED] - Call Test Case 'Test Cases/Common/User Login' successfully

2017-12-04 11:32:40 - [TEST_STEP][PASSED] - maximizeWindow: Current window maximized

2017-12-04 11:32:40 - [MESSAGE][PASSED] - Current window maximized

2017-12-04 11:32:40 - [TEST_STEP][PASSED] - callTestCase: Call Test Case 'Test Cases/Calendar Management/Calendar Menu' successfully

2017-12-04 11:32:40 - [TEST_CASE][PASSED] - Test Cases/Calendar Management/Calendar Menu: Test Cases/Calendar Management/Calendar Menu

2017-12-04 11:32:40 - [TEST_STEP][PASSED] - click: Object: 'Object Repository/Dashboard Page/a_Modules' is clicked on

2017-12-04 11:32:41 - [MESSAGE][PASSED] - Object: 'Object Repository/Dashboard Page/a_Modules' is clicked on

2017-12-04 11:32:41 - [TEST_STEP][PASSED] - click: Object: 'Object Repository/Dashboard Page/a_Calendar Management' is clicked on

2017-12-04 11:32:41 - [MESSAGE][PASSED] - Object: 'Object Repository/Dashboard Page/a_Calendar Management' is clicked on

2017-12-04 11:32:41 - [TEST_STEP][PASSED] - click: Object: 'Object Repository/Dashboard Page/a_Calendar' is clicked on

2017-12-04 11:32:43 - [MESSAGE][PASSED] - Object: 'Object Repository/Dashboard Page/a_Calendar' is clicked on

2017-12-04 11:32:43 - [MESSAGE][PASSED] - Call Test Case 'Test Cases/Calendar Management/Calendar Menu' successfully

2017-12-04 11:32:43 - [TEST_STEP][FAILED] - click: Unable to click on object 'Object Repository/Calendar Management/Update Event/Even to update' (Root cause: com.kms.katalon.core.webui.exception.WebElementNotFoundException: Web element with id: 'Object Repository/Calendar Management/Update Event/Even to update' located by 'By.xpath: //div[count(. | id("cal")/div[@class="fc-view-container"]/div[@class="fc-view fc-month-view fc-basic-view"]/table[1]/tbody[@class="fc-body"]/tr[1]/td[@class="fc-widget-content"]/div[@class="fc-day-grid-container"]/div[@class="fc-day-grid"]/div[@class="fc-row fc-week fc-widget-content"]/div[@class="fc-content-skeleton"]/table[1]/tbody[1]/tr[1]/td[@class="fc-event-container"]/a[@class="fc-day-grid-event fc-h-event fc-event fc-start fc-end fc-draggable ng-scope"]/div[@class="fc-content"]) = count(id("cal")/div[@class="fc-view-container"]/div[@class="fc-view fc-month-view fc-basic-view"]/table[1]/tbody[@class="fc-body"]/tr[1]/td[@class="fc-widget-content"]/div[@class="fc-day-grid-container"]/div[@class="fc-day-grid"]/div[@class="fc-row fc-week fc-widget-content"]/div[@class="fc-content-skeleton"]/table[1]/tbody[1]/tr[1]/td[@class="fc-event-container"]/a[@class="fc-day-grid-event fc-h-event fc-event fc-start fc-end fc-draggable ng-scope"]/div[@class="fc-content"])]' not found)

2017-12-04 11:33:15 - [MESSAGE][FAILED] - Unable to click on object 'Object Repository/Calendar Management/Update Event/Even to update' (Root cause: com.kms.katalon.core.webui.exception.WebElementNotFoundException: Web element with id: 'Object Repository/Calendar Management/Update Event/Even to update' located by 'By.xpath: //div[count(. | id("cal")/div[@class="fc-view-container"]/div[@class="fc-view fc-month-view fc-basic-view"]/table[1]/tbody[@class="fc-body"]/tr[1]/td[@class="fc-widget-content"]/div[@class="fc-day-grid-container"]/div[@class="fc-day-grid"]/div[@class="fc-row fc-week fc-widget-content"]/div[@class="fc-content-skeleton"]/table[1]/tbody[1]/tr[1]/td[@class="fc-event-container"]/a[@class="fc-day-grid-event fc-h-event fc-event fc-start fc-end fc-draggable ng-scope"]/div[@class="fc-content"]) = count(id("cal")/div[@class="fc-view-container"]/div[@class="fc-view fc-month-view fc-basic-view"]/table[1]/tbody[@class="fc-body"]/tr[1]/td[@class="fc-widget-content"]/div[@class="fc-day-grid-container"]/div[@class="fc-day-grid"]/div[@class="fc-row fc-week fc-widget-content"]/div[@class="fc-content-skeleton"]/table[1]/tbody[1]/tr[1]/td[@class="fc-event-container"]/a[@class="fc-day-grid-event fc-h-event fc-event fc-start fc-end fc-draggable ng-scope"]/div[@class="fc-content"])]' not found)
[[ATTACHMENT|C:\\Users\\Dennis Gituto\\git\\VSMS-Test-Automation\\Reports\\Calendar Management\\Edit Event\\20171204_113223\\1512376394994.png]]

2017-12-04 11:33:15 - [TEST_STEP][FAILED] - setText: Unable to set text 'Board Meetings' of object 'Object Repository/Calendar Management/Add new Event/Title' (Root cause: org.openqa.selenium.InvalidElementStateException: invalid element state: Element is not currently interactable and may not be manipulated
  (Session info: chrome=62.0.3202.94)
  (Driver info: chromedriver=2.33.506120 (e3e53437346286c0bc2d2dc9aa4915ba81d9023f),platform=Windows NT 10.0.14393 x86_64) (WARNING: The server did not provide any stacktrace information)
Command duration or timeout: 0 milliseconds
Build info: version: '3.7.1', revision: '8a0099a', time: '2017-11-06T21:07:36.161Z'
System info: host: 'DESKTOP-IA8CIQG', ip: '192.168.1.117', os.name: 'Windows 10', os.arch: 'amd64', os.version: '10.0', java.version: '1.8.0_102'
Driver info: com.kms.katalon.selenium.driver.CChromeDriver
Capabilities {acceptSslCerts: true, applicationCacheEnabled: false, browserConnectionEnabled: false, browserName: chrome, chrome: {chromedriverVersion: 2.33.506120 (e3e53437346286..., userDataDir: C:\Users\DENNIS~1\AppData\L...}, cssSelectorsEnabled: true, databaseEnabled: false, handlesAlerts: true, hasTouchScreen: false, javascriptEnabled: true, locationContextEnabled: true, mobileEmulationEnabled: false, nativeEvents: true, networkConnectionEnabled: false, pageLoadStrategy: normal, platform: XP, platformName: XP, rotatable: false, setWindowRect: true, takesHeapSnapshot: true, takesScreenshot: true, unexpectedAlertBehaviour: , unhandledPromptBehavior: , version: 62.0.3202.94, webStorageEnabled: true}
Session ID: f4b259658f638190eb923d44e346a6bc)

2017-12-04 11:33:15 - [MESSAGE][FAILED] - Unable to set text 'Board Meetings' of object 'Object Repository/Calendar Management/Add new Event/Title' (Root cause: org.openqa.selenium.InvalidElementStateException: invalid element state: Element is not currently interactable and may not be manipulated
  (Session info: chrome=62.0.3202.94)
  (Driver info: chromedriver=2.33.506120 (e3e53437346286c0bc2d2dc9aa4915ba81d9023f),platform=Windows NT 10.0.14393 x86_64) (WARNING: The server did not provide any stacktrace information)
Command duration or timeout: 0 milliseconds
Build info: version: '3.7.1', revision: '8a0099a', time: '2017-11-06T21:07:36.161Z'
System info: host: 'DESKTOP-IA8CIQG', ip: '192.168.1.117', os.name: 'Windows 10', os.arch: 'amd64', os.version: '10.0', java.version: '1.8.0_102'
Driver info: com.kms.katalon.selenium.driver.CChromeDriver
Capabilities {acceptSslCerts: true, applicationCacheEnabled: false, browserConnectionEnabled: false, browserName: chrome, chrome: {chromedriverVersion: 2.33.506120 (e3e53437346286..., userDataDir: C:\Users\DENNIS~1\AppData\L...}, cssSelectorsEnabled: true, databaseEnabled: false, handlesAlerts: true, hasTouchScreen: false, javascriptEnabled: true, locationContextEnabled: true, mobileEmulationEnabled: false, nativeEvents: true, networkConnectionEnabled: false, pageLoadStrategy: normal, platform: XP, platformName: XP, rotatable: false, setWindowRect: true, takesHeapSnapshot: true, takesScreenshot: true, unexpectedAlertBehaviour: , unhandledPromptBehavior: , version: 62.0.3202.94, webStorageEnabled: true}
Session ID: f4b259658f638190eb923d44e346a6bc)
[[ATTACHMENT|C:\\Users\\Dennis Gituto\\git\\VSMS-Test-Automation\\Reports\\Calendar Management\\Edit Event\\20171204_113223\\1512376395397.png]]

2017-12-04 11:33:15 - [TEST_STEP][FAILED] - setText: Unable to set text '10/28/17' of object 'Object Repository/Calendar Management/Add new Event/Start Date' (Root cause: org.openqa.selenium.InvalidElementStateException: invalid element state: Element is not currently interactable and may not be manipulated
  (Session info: chrome=62.0.3202.94)
  (Driver info: chromedriver=2.33.506120 (e3e53437346286c0bc2d2dc9aa4915ba81d9023f),platform=Windows NT 10.0.14393 x86_64) (WARNING: The server did not provide any stacktrace information)
Command duration or timeout: 0 milliseconds
Build info: version: '3.7.1', revision: '8a0099a', time: '2017-11-06T21:07:36.161Z'
System info: host: 'DESKTOP-IA8CIQG', ip: '192.168.1.117', os.name: 'Windows 10', os.arch: 'amd64', os.version: '10.0', java.version: '1.8.0_102'
Driver info: com.kms.katalon.selenium.driver.CChromeDriver
Capabilities {acceptSslCerts: true, applicationCacheEnabled: false, browserConnectionEnabled: false, browserName: chrome, chrome: {chromedriverVersion: 2.33.506120 (e3e53437346286..., userDataDir: C:\Users\DENNIS~1\AppData\L...}, cssSelectorsEnabled: true, databaseEnabled: false, handlesAlerts: true, hasTouchScreen: false, javascriptEnabled: true, locationContextEnabled: true, mobileEmulationEnabled: false, nativeEvents: true, networkConnectionEnabled: false, pageLoadStrategy: normal, platform: XP, platformName: XP, rotatable: false, setWindowRect: true, takesHeapSnapshot: true, takesScreenshot: true, unexpectedAlertBehaviour: , unhandledPromptBehavior: , version: 62.0.3202.94, webStorageEnabled: true}
Session ID: f4b259658f638190eb923d44e346a6bc)

2017-12-04 11:33:16 - [MESSAGE][FAILED] - Unable to set text '10/28/17' of object 'Object Repository/Calendar Management/Add new Event/Start Date' (Root cause: org.openqa.selenium.InvalidElementStateException: invalid element state: Element is not currently interactable and may not be manipulated
  (Session info: chrome=62.0.3202.94)
  (Driver info: chromedriver=2.33.506120 (e3e53437346286c0bc2d2dc9aa4915ba81d9023f),platform=Windows NT 10.0.14393 x86_64) (WARNING: The server did not provide any stacktrace information)
Command duration or timeout: 0 milliseconds
Build info: version: '3.7.1', revision: '8a0099a', time: '2017-11-06T21:07:36.161Z'
System info: host: 'DESKTOP-IA8CIQG', ip: '192.168.1.117', os.name: 'Windows 10', os.arch: 'amd64', os.version: '10.0', java.version: '1.8.0_102'
Driver info: com.kms.katalon.selenium.driver.CChromeDriver
Capabilities {acceptSslCerts: true, applicationCacheEnabled: false, browserConnectionEnabled: false, browserName: chrome, chrome: {chromedriverVersion: 2.33.506120 (e3e53437346286..., userDataDir: C:\Users\DENNIS~1\AppData\L...}, cssSelectorsEnabled: true, databaseEnabled: false, handlesAlerts: true, hasTouchScreen: false, javascriptEnabled: true, locationContextEnabled: true, mobileEmulationEnabled: false, nativeEvents: true, networkConnectionEnabled: false, pageLoadStrategy: normal, platform: XP, platformName: XP, rotatable: false, setWindowRect: true, takesHeapSnapshot: true, takesScreenshot: true, unexpectedAlertBehaviour: , unhandledPromptBehavior: , version: 62.0.3202.94, webStorageEnabled: true}
Session ID: f4b259658f638190eb923d44e346a6bc)
[[ATTACHMENT|C:\\Users\\Dennis Gituto\\git\\VSMS-Test-Automation\\Reports\\Calendar Management\\Edit Event\\20171204_113223\\1512376395766.png]]

2017-12-04 11:33:16 - [TEST_STEP][FAILED] - setText: Unable to set text '1300' of object 'Object Repository/Calendar Management/Add new Event/Start Time' (Root cause: org.openqa.selenium.InvalidElementStateException: invalid element state: Element is not currently interactable and may not be manipulated
  (Session info: chrome=62.0.3202.94)
  (Driver info: chromedriver=2.33.506120 (e3e53437346286c0bc2d2dc9aa4915ba81d9023f),platform=Windows NT 10.0.14393 x86_64) (WARNING: The server did not provide any stacktrace information)
Command duration or timeout: 0 milliseconds
Build info: version: '3.7.1', revision: '8a0099a', time: '2017-11-06T21:07:36.161Z'
System info: host: 'DESKTOP-IA8CIQG', ip: '192.168.1.117', os.name: 'Windows 10', os.arch: 'amd64', os.version: '10.0', java.version: '1.8.0_102'
Driver info: com.kms.katalon.selenium.driver.CChromeDriver
Capabilities {acceptSslCerts: true, applicationCacheEnabled: false, browserConnectionEnabled: false, browserName: chrome, chrome: {chromedriverVersion: 2.33.506120 (e3e53437346286..., userDataDir: C:\Users\DENNIS~1\AppData\L...}, cssSelectorsEnabled: true, databaseEnabled: false, handlesAlerts: true, hasTouchScreen: false, javascriptEnabled: true, locationContextEnabled: true, mobileEmulationEnabled: false, nativeEvents: true, networkConnectionEnabled: false, pageLoadStrategy: normal, platform: XP, platformName: XP, rotatable: false, setWindowRect: true, takesHeapSnapshot: true, takesScreenshot: true, unexpectedAlertBehaviour: , unhandledPromptBehavior: , version: 62.0.3202.94, webStorageEnabled: true}
Session ID: f4b259658f638190eb923d44e346a6bc)

2017-12-04 11:33:16 - [MESSAGE][FAILED] - Unable to set text '1300' of object 'Object Repository/Calendar Management/Add new Event/Start Time' (Root cause: org.openqa.selenium.InvalidElementStateException: invalid element state: Element is not currently interactable and may not be manipulated
  (Session info: chrome=62.0.3202.94)
  (Driver info: chromedriver=2.33.506120 (e3e53437346286c0bc2d2dc9aa4915ba81d9023f),platform=Windows NT 10.0.14393 x86_64) (WARNING: The server did not provide any stacktrace information)
Command duration or timeout: 0 milliseconds
Build info: version: '3.7.1', revision: '8a0099a', time: '2017-11-06T21:07:36.161Z'
System info: host: 'DESKTOP-IA8CIQG', ip: '192.168.1.117', os.name: 'Windows 10', os.arch: 'amd64', os.version: '10.0', java.version: '1.8.0_102'
Driver info: com.kms.katalon.selenium.driver.CChromeDriver
Capabilities {acceptSslCerts: true, applicationCacheEnabled: false, browserConnectionEnabled: false, browserName: chrome, chrome: {chromedriverVersion: 2.33.506120 (e3e53437346286..., userDataDir: C:\Users\DENNIS~1\AppData\L...}, cssSelectorsEnabled: true, databaseEnabled: false, handlesAlerts: true, hasTouchScreen: false, javascriptEnabled: true, locationContextEnabled: true, mobileEmulationEnabled: false, nativeEvents: true, networkConnectionEnabled: false, pageLoadStrategy: normal, platform: XP, platformName: XP, rotatable: false, setWindowRect: true, takesHeapSnapshot: true, takesScreenshot: true, unexpectedAlertBehaviour: , unhandledPromptBehavior: , version: 62.0.3202.94, webStorageEnabled: true}
Session ID: f4b259658f638190eb923d44e346a6bc)
[[ATTACHMENT|C:\\Users\\Dennis Gituto\\git\\VSMS-Test-Automation\\Reports\\Calendar Management\\Edit Event\\20171204_113223\\1512376396131.png]]

2017-12-04 11:33:16 - [TEST_STEP][FAILED] - setText: Unable to set text '10/28/17' of object 'Object Repository/Calendar Management/Add new Event/End Date' (Root cause: org.openqa.selenium.InvalidElementStateException: invalid element state: Element is not currently interactable and may not be manipulated
  (Session info: chrome=62.0.3202.94)
  (Driver info: chromedriver=2.33.506120 (e3e53437346286c0bc2d2dc9aa4915ba81d9023f),platform=Windows NT 10.0.14393 x86_64) (WARNING: The server did not provide any stacktrace information)
Command duration or timeout: 0 milliseconds
Build info: version: '3.7.1', revision: '8a0099a', time: '2017-11-06T21:07:36.161Z'
System info: host: 'DESKTOP-IA8CIQG', ip: '192.168.1.117', os.name: 'Windows 10', os.arch: 'amd64', os.version: '10.0', java.version: '1.8.0_102'
Driver info: com.kms.katalon.selenium.driver.CChromeDriver
Capabilities {acceptSslCerts: true, applicationCacheEnabled: false, browserConnectionEnabled: false, browserName: chrome, chrome: {chromedriverVersion: 2.33.506120 (e3e53437346286..., userDataDir: C:\Users\DENNIS~1\AppData\L...}, cssSelectorsEnabled: true, databaseEnabled: false, handlesAlerts: true, hasTouchScreen: false, javascriptEnabled: true, locationContextEnabled: true, mobileEmulationEnabled: false, nativeEvents: true, networkConnectionEnabled: false, pageLoadStrategy: normal, platform: XP, platformName: XP, rotatable: false, setWindowRect: true, takesHeapSnapshot: true, takesScreenshot: true, unexpectedAlertBehaviour: , unhandledPromptBehavior: , version: 62.0.3202.94, webStorageEnabled: true}
Session ID: f4b259658f638190eb923d44e346a6bc)

2017-12-04 11:33:16 - [MESSAGE][FAILED] - Unable to set text '10/28/17' of object 'Object Repository/Calendar Management/Add new Event/End Date' (Root cause: org.openqa.selenium.InvalidElementStateException: invalid element state: Element is not currently interactable and may not be manipulated
  (Session info: chrome=62.0.3202.94)
  (Driver info: chromedriver=2.33.506120 (e3e53437346286c0bc2d2dc9aa4915ba81d9023f),platform=Windows NT 10.0.14393 x86_64) (WARNING: The server did not provide any stacktrace information)
Command duration or timeout: 0 milliseconds
Build info: version: '3.7.1', revision: '8a0099a', time: '2017-11-06T21:07:36.161Z'
System info: host: 'DESKTOP-IA8CIQG', ip: '192.168.1.117', os.name: 'Windows 10', os.arch: 'amd64', os.version: '10.0', java.version: '1.8.0_102'
Driver info: com.kms.katalon.selenium.driver.CChromeDriver
Capabilities {acceptSslCerts: true, applicationCacheEnabled: false, browserConnectionEnabled: false, browserName: chrome, chrome: {chromedriverVersion: 2.33.506120 (e3e53437346286..., userDataDir: C:\Users\DENNIS~1\AppData\L...}, cssSelectorsEnabled: true, databaseEnabled: false, handlesAlerts: true, hasTouchScreen: false, javascriptEnabled: true, locationContextEnabled: true, mobileEmulationEnabled: false, nativeEvents: true, networkConnectionEnabled: false, pageLoadStrategy: normal, platform: XP, platformName: XP, rotatable: false, setWindowRect: true, takesHeapSnapshot: true, takesScreenshot: true, unexpectedAlertBehaviour: , unhandledPromptBehavior: , version: 62.0.3202.94, webStorageEnabled: true}
Session ID: f4b259658f638190eb923d44e346a6bc)
[[ATTACHMENT|C:\\Users\\Dennis Gituto\\git\\VSMS-Test-Automation\\Reports\\Calendar Management\\Edit Event\\20171204_113223\\1512376396488.png]]

2017-12-04 11:33:16 - [TEST_STEP][FAILED] - setText: Unable to set text '1800' of object 'Object Repository/Calendar Management/Add new Event/End Time' (Root cause: org.openqa.selenium.InvalidElementStateException: invalid element state: Element is not currently interactable and may not be manipulated
  (Session info: chrome=62.0.3202.94)
  (Driver info: chromedriver=2.33.506120 (e3e53437346286c0bc2d2dc9aa4915ba81d9023f),platform=Windows NT 10.0.14393 x86_64) (WARNING: The server did not provide any stacktrace information)
Command duration or timeout: 0 milliseconds
Build info: version: '3.7.1', revision: '8a0099a', time: '2017-11-06T21:07:36.161Z'
System info: host: 'DESKTOP-IA8CIQG', ip: '192.168.1.117', os.name: 'Windows 10', os.arch: 'amd64', os.version: '10.0', java.version: '1.8.0_102'
Driver info: com.kms.katalon.selenium.driver.CChromeDriver
Capabilities {acceptSslCerts: true, applicationCacheEnabled: false, browserConnectionEnabled: false, browserName: chrome, chrome: {chromedriverVersion: 2.33.506120 (e3e53437346286..., userDataDir: C:\Users\DENNIS~1\AppData\L...}, cssSelectorsEnabled: true, databaseEnabled: false, handlesAlerts: true, hasTouchScreen: false, javascriptEnabled: true, locationContextEnabled: true, mobileEmulationEnabled: false, nativeEvents: true, networkConnectionEnabled: false, pageLoadStrategy: normal, platform: XP, platformName: XP, rotatable: false, setWindowRect: true, takesHeapSnapshot: true, takesScreenshot: true, unexpectedAlertBehaviour: , unhandledPromptBehavior: , version: 62.0.3202.94, webStorageEnabled: true}
Session ID: f4b259658f638190eb923d44e346a6bc)

2017-12-04 11:33:17 - [MESSAGE][FAILED] - Unable to set text '1800' of object 'Object Repository/Calendar Management/Add new Event/End Time' (Root cause: org.openqa.selenium.InvalidElementStateException: invalid element state: Element is not currently interactable and may not be manipulated
  (Session info: chrome=62.0.3202.94)
  (Driver info: chromedriver=2.33.506120 (e3e53437346286c0bc2d2dc9aa4915ba81d9023f),platform=Windows NT 10.0.14393 x86_64) (WARNING: The server did not provide any stacktrace information)
Command duration or timeout: 0 milliseconds
Build info: version: '3.7.1', revision: '8a0099a', time: '2017-11-06T21:07:36.161Z'
System info: host: 'DESKTOP-IA8CIQG', ip: '192.168.1.117', os.name: 'Windows 10', os.arch: 'amd64', os.version: '10.0', java.version: '1.8.0_102'
Driver info: com.kms.katalon.selenium.driver.CChromeDriver
Capabilities {acceptSslCerts: true, applicationCacheEnabled: false, browserConnectionEnabled: false, browserName: chrome, chrome: {chromedriverVersion: 2.33.506120 (e3e53437346286..., userDataDir: C:\Users\DENNIS~1\AppData\L...}, cssSelectorsEnabled: true, databaseEnabled: false, handlesAlerts: true, hasTouchScreen: false, javascriptEnabled: true, locationContextEnabled: true, mobileEmulationEnabled: false, nativeEvents: true, networkConnectionEnabled: false, pageLoadStrategy: normal, platform: XP, platformName: XP, rotatable: false, setWindowRect: true, takesHeapSnapshot: true, takesScreenshot: true, unexpectedAlertBehaviour: , unhandledPromptBehavior: , version: 62.0.3202.94, webStorageEnabled: true}
Session ID: f4b259658f638190eb923d44e346a6bc)
[[ATTACHMENT|C:\\Users\\Dennis Gituto\\git\\VSMS-Test-Automation\\Reports\\Calendar Management\\Edit Event\\20171204_113223\\1512376396840.png]]

2017-12-04 11:33:17 - [TEST_STEP][PASSED] - selectOptionByValue: All options with value '' are selected in object 'Object Repository/Calendar Management/Add new Event/Location' 

2017-12-04 11:33:17 - [MESSAGE][PASSED] - All options with value '' are selected in object 'Object Repository/Calendar Management/Add new Event/Location' 

2017-12-04 11:33:17 - [TEST_STEP][FAILED] - setText: Unable to set text 'Share-Holders Meeting' of object 'Object Repository/Calendar Management/Add new Event/Description' (Root cause: org.openqa.selenium.InvalidElementStateException: invalid element state: Element is not currently interactable and may not be manipulated
  (Session info: chrome=62.0.3202.94)
  (Driver info: chromedriver=2.33.506120 (e3e53437346286c0bc2d2dc9aa4915ba81d9023f),platform=Windows NT 10.0.14393 x86_64) (WARNING: The server did not provide any stacktrace information)
Command duration or timeout: 0 milliseconds
Build info: version: '3.7.1', revision: '8a0099a', time: '2017-11-06T21:07:36.161Z'
System info: host: 'DESKTOP-IA8CIQG', ip: '192.168.1.117', os.name: 'Windows 10', os.arch: 'amd64', os.version: '10.0', java.version: '1.8.0_102'
Driver info: com.kms.katalon.selenium.driver.CChromeDriver
Capabilities {acceptSslCerts: true, applicationCacheEnabled: false, browserConnectionEnabled: false, browserName: chrome, chrome: {chromedriverVersion: 2.33.506120 (e3e53437346286..., userDataDir: C:\Users\DENNIS~1\AppData\L...}, cssSelectorsEnabled: true, databaseEnabled: false, handlesAlerts: true, hasTouchScreen: false, javascriptEnabled: true, locationContextEnabled: true, mobileEmulationEnabled: false, nativeEvents: true, networkConnectionEnabled: false, pageLoadStrategy: normal, platform: XP, platformName: XP, rotatable: false, setWindowRect: true, takesHeapSnapshot: true, takesScreenshot: true, unexpectedAlertBehaviour: , unhandledPromptBehavior: , version: 62.0.3202.94, webStorageEnabled: true}
Session ID: f4b259658f638190eb923d44e346a6bc)

2017-12-04 11:33:17 - [MESSAGE][FAILED] - Unable to set text 'Share-Holders Meeting' of object 'Object Repository/Calendar Management/Add new Event/Description' (Root cause: org.openqa.selenium.InvalidElementStateException: invalid element state: Element is not currently interactable and may not be manipulated
  (Session info: chrome=62.0.3202.94)
  (Driver info: chromedriver=2.33.506120 (e3e53437346286c0bc2d2dc9aa4915ba81d9023f),platform=Windows NT 10.0.14393 x86_64) (WARNING: The server did not provide any stacktrace information)
Command duration or timeout: 0 milliseconds
Build info: version: '3.7.1', revision: '8a0099a', time: '2017-11-06T21:07:36.161Z'
System info: host: 'DESKTOP-IA8CIQG', ip: '192.168.1.117', os.name: 'Windows 10', os.arch: 'amd64', os.version: '10.0', java.version: '1.8.0_102'
Driver info: com.kms.katalon.selenium.driver.CChromeDriver
Capabilities {acceptSslCerts: true, applicationCacheEnabled: false, browserConnectionEnabled: false, browserName: chrome, chrome: {chromedriverVersion: 2.33.506120 (e3e53437346286..., userDataDir: C:\Users\DENNIS~1\AppData\L...}, cssSelectorsEnabled: true, databaseEnabled: false, handlesAlerts: true, hasTouchScreen: false, javascriptEnabled: true, locationContextEnabled: true, mobileEmulationEnabled: false, nativeEvents: true, networkConnectionEnabled: false, pageLoadStrategy: normal, platform: XP, platformName: XP, rotatable: false, setWindowRect: true, takesHeapSnapshot: true, takesScreenshot: true, unexpectedAlertBehaviour: , unhandledPromptBehavior: , version: 62.0.3202.94, webStorageEnabled: true}
Session ID: f4b259658f638190eb923d44e346a6bc)
[[ATTACHMENT|C:\\Users\\Dennis Gituto\\git\\VSMS-Test-Automation\\Reports\\Calendar Management\\Edit Event\\20171204_113223\\1512376397290.png]]

2017-12-04 11:33:17 - [TEST_STEP][PASSED] - delay: Delayed 5 second(s)

2017-12-04 11:33:22 - [MESSAGE][PASSED] - Delayed 5 second(s)

2017-12-04 11:33:22 - [TEST_STEP][FAILED] - click: Unable to click on object 'Object Repository/Calendar Management/Update Event/button_Update Event' (Root cause: com.kms.katalon.core.webui.exception.WebElementNotFoundException: Web element with id: 'Object Repository/Calendar Management/Update Event/button_Update Event' located by 'By.xpath: //button[count(. | //*[@ng-show = 'updatebutton']) = count(//*[@ng-show = 'updatebutton'])][count(. | id("page-wrapper")/div[@class="col-lg-12"]/div[@class="hide_element"]/div[@class="hide_element"]/div[@class="row"]/div[@class="col-md-7"]/div[@class="panel panel-default"]/div[@class="panel-body"]/form[@class="form-horizontal ng-pristine ng-valid ng-valid-required"]/div[@class="form-group form-group-sm"]/div[@class="col-sm-offset-2 col-sm-10"]/button[@class="btn  btn-info"]) = count(id("page-wrapper")/div[@class="col-lg-12"]/div[@class="hide_element"]/div[@class="hide_element"]/div[@class="row"]/div[@class="col-md-7"]/div[@class="panel panel-default"]/div[@class="panel-body"]/form[@class="form-horizontal ng-pristine ng-valid ng-valid-required"]/div[@class="form-group form-group-sm"]/div[@class="col-sm-offset-2 col-sm-10"]/button[@class="btn  btn-info"])][count(. | //*[@ng-click = 'updateEvent(formdata.id, eventForm.$valid)']) = count(//*[@ng-click = 'updateEvent(formdata.id, eventForm.$valid)'])][count(. | //*[contains(.,'Update Event')]) = count(//*[contains(.,'Update Event')])][count(. | //*[@class = 'btn  btn-info']) = count(//*[@class = 'btn  btn-info'])]' not found)

2017-12-04 11:33:54 - [MESSAGE][FAILED] - Unable to click on object 'Object Repository/Calendar Management/Update Event/button_Update Event' (Root cause: com.kms.katalon.core.webui.exception.WebElementNotFoundException: Web element with id: 'Object Repository/Calendar Management/Update Event/button_Update Event' located by 'By.xpath: //button[count(. | //*[@ng-show = 'updatebutton']) = count(//*[@ng-show = 'updatebutton'])][count(. | id("page-wrapper")/div[@class="col-lg-12"]/div[@class="hide_element"]/div[@class="hide_element"]/div[@class="row"]/div[@class="col-md-7"]/div[@class="panel panel-default"]/div[@class="panel-body"]/form[@class="form-horizontal ng-pristine ng-valid ng-valid-required"]/div[@class="form-group form-group-sm"]/div[@class="col-sm-offset-2 col-sm-10"]/button[@class="btn  btn-info"]) = count(id("page-wrapper")/div[@class="col-lg-12"]/div[@class="hide_element"]/div[@class="hide_element"]/div[@class="row"]/div[@class="col-md-7"]/div[@class="panel panel-default"]/div[@class="panel-body"]/form[@class="form-horizontal ng-pristine ng-valid ng-valid-required"]/div[@class="form-group form-group-sm"]/div[@class="col-sm-offset-2 col-sm-10"]/button[@class="btn  btn-info"])][count(. | //*[@ng-click = 'updateEvent(formdata.id, eventForm.$valid)']) = count(//*[@ng-click = 'updateEvent(formdata.id, eventForm.$valid)'])][count(. | //*[contains(.,'Update Event')]) = count(//*[contains(.,'Update Event')])][count(. | //*[@class = 'btn  btn-info']) = count(//*[@class = 'btn  btn-info'])]' not found)
[[ATTACHMENT|C:\\Users\\Dennis Gituto\\git\\VSMS-Test-Automation\\Reports\\Calendar Management\\Edit Event\\20171204_113223\\1512376434647.png]]

2017-12-04 11:33:54 - [TEST_STEP][PASSED] - delay: Delayed 3 second(s)

2017-12-04 11:33:57 - [MESSAGE][PASSED] - Delayed 3 second(s)

2017-12-04 11:33:57 - [TEST_STEP][FAILED] - verifyElementPresent: com.kms.katalon.core.webui.exception.WebElementNotFoundException: Web element with id: 'Object Repository/Calendar Management/Update Event/Verify Update Event/Verification Event updated successfully' located by 'By.xpath: ' not found

2017-12-04 11:33:57 - [MESSAGE][WARNING] - Timeout '0' is invalid. Using default page load timeout: '30'

2017-12-04 11:34:29 - [MESSAGE][FAILED] - com.kms.katalon.core.webui.exception.WebElementNotFoundException: Web element with id: 'Object Repository/Calendar Management/Update Event/Verify Update Event/Verification Event updated successfully' located by 'By.xpath: ' not found
[[ATTACHMENT|C:\\Users\\Dennis Gituto\\git\\VSMS-Test-Automation\\Reports\\Calendar Management\\Edit Event\\20171204_113223\\1512376469164.png]]

2017-12-04 11:34:29 - [TEST_STEP][PASSED] - closeBrowser: Browser is closed

2017-12-04 11:34:30 - [MESSAGE][PASSED] - Browser is closed]]></system-out>
         <system-err><![CDATA[2017-12-04 11:32:25 - [TEST_CASE][FAILED] - Test Cases/Calendar Management/Update Event: Test Cases/Calendar Management/Update Event FAILED because (of) Unable to click on object 'Object Repository/Calendar Management/Update Event/Even to update' (Root cause: com.kms.katalon.core.webui.exception.WebElementNotFoundException: Web element with id: 'Object Repository/Calendar Management/Update Event/Even to update' located by 'By.xpath: //div[count(. | id("cal")/div[@class="fc-view-container"]/div[@class="fc-view fc-month-view fc-basic-view"]/table[1]/tbody[@class="fc-body"]/tr[1]/td[@class="fc-widget-content"]/div[@class="fc-day-grid-container"]/div[@class="fc-day-grid"]/div[@class="fc-row fc-week fc-widget-content"]/div[@class="fc-content-skeleton"]/table[1]/tbody[1]/tr[1]/td[@class="fc-event-container"]/a[@class="fc-day-grid-event fc-h-event fc-event fc-start fc-end fc-draggable ng-scope"]/div[@class="fc-content"]) = count(id("cal")/div[@class="fc-view-container"]/div[@class="fc-view fc-month-view fc-basic-view"]/table[1]/tbody[@class="fc-body"]/tr[1]/td[@class="fc-widget-content"]/div[@class="fc-day-grid-container"]/div[@class="fc-day-grid"]/div[@class="fc-row fc-week fc-widget-content"]/div[@class="fc-content-skeleton"]/table[1]/tbody[1]/tr[1]/td[@class="fc-event-container"]/a[@class="fc-day-grid-event fc-h-event fc-event fc-start fc-end fc-draggable ng-scope"]/div[@class="fc-content"])]' not found)]]></system-err>
      </testcase>
      <system-out><![CDATA[2017-12-04 11:32:25 - [TEST_SUITE][FAILED] - Edit Event: Test Cases/Calendar Management/Update Event FAILED because (of) Unable to click on object 'Object Repository/Calendar Management/Update Event/Even to update' (Root cause: com.kms.katalon.core.webui.exception.WebElementNotFoundException: Web element with id: 'Object Repository/Calendar Management/Update Event/Even to update' located by 'By.xpath: //div[count(. | id("cal")/div[@class="fc-view-container"]/div[@class="fc-view fc-month-view fc-basic-view"]/table[1]/tbody[@class="fc-body"]/tr[1]/td[@class="fc-widget-content"]/div[@class="fc-day-grid-container"]/div[@class="fc-day-grid"]/div[@class="fc-row fc-week fc-widget-content"]/div[@class="fc-content-skeleton"]/table[1]/tbody[1]/tr[1]/td[@class="fc-event-container"]/a[@class="fc-day-grid-event fc-h-event fc-event fc-start fc-end fc-draggable ng-scope"]/div[@class="fc-content"]) = count(id("cal")/div[@class="fc-view-container"]/div[@class="fc-view fc-month-view fc-basic-view"]/table[1]/tbody[@class="fc-body"]/tr[1]/td[@class="fc-widget-content"]/div[@class="fc-day-grid-container"]/div[@class="fc-day-grid"]/div[@class="fc-row fc-week fc-widget-content"]/div[@class="fc-content-skeleton"]/table[1]/tbody[1]/tr[1]/td[@class="fc-event-container"]/a[@class="fc-day-grid-event fc-h-event fc-event fc-start fc-end fc-draggable ng-scope"]/div[@class="fc-content"])]' not found)]]></system-out>
      <system-err><![CDATA[2017-12-04 11:32:25 - [TEST_SUITE][FAILED] - Edit Event: Test Cases/Calendar Management/Update Event FAILED because (of) Unable to click on object 'Object Repository/Calendar Management/Update Event/Even to update' (Root cause: com.kms.katalon.core.webui.exception.WebElementNotFoundException: Web element with id: 'Object Repository/Calendar Management/Update Event/Even to update' located by 'By.xpath: //div[count(. | id("cal")/div[@class="fc-view-container"]/div[@class="fc-view fc-month-view fc-basic-view"]/table[1]/tbody[@class="fc-body"]/tr[1]/td[@class="fc-widget-content"]/div[@class="fc-day-grid-container"]/div[@class="fc-day-grid"]/div[@class="fc-row fc-week fc-widget-content"]/div[@class="fc-content-skeleton"]/table[1]/tbody[1]/tr[1]/td[@class="fc-event-container"]/a[@class="fc-day-grid-event fc-h-event fc-event fc-start fc-end fc-draggable ng-scope"]/div[@class="fc-content"]) = count(id("cal")/div[@class="fc-view-container"]/div[@class="fc-view fc-month-view fc-basic-view"]/table[1]/tbody[@class="fc-body"]/tr[1]/td[@class="fc-widget-content"]/div[@class="fc-day-grid-container"]/div[@class="fc-day-grid"]/div[@class="fc-row fc-week fc-widget-content"]/div[@class="fc-content-skeleton"]/table[1]/tbody[1]/tr[1]/td[@class="fc-event-container"]/a[@class="fc-day-grid-event fc-h-event fc-event fc-start fc-end fc-draggable ng-scope"]/div[@class="fc-content"])]' not found)]]></system-err>
   </testsuite>
</testsuites>
