<?xml version="1.0" encoding="UTF-8"?>
<testsuites name="Add Property" time="217" tests="0" failures="1" errors="0">
   <testsuite name="Add Property" tests="0" failures="1" errors="0" time="217" timestamp="2017-12-04 12:47:44" hostname="Stella Ireri - DESKTOP-JP48UB6" id="Test Suites/Property Management/Add Property">
      <properties>
         <property name="deviceName" value=""/>
         <property name="devicePlatform" value=""/>
         <property name="logFolder" value="C:\\Users\\Stella Ireri\\git\\VSMS-Test-Automation\\Reports\\Property Management\\Add Property\\20171204_124742"/>
         <property name="logFiles" value="C:\\Users\\Stella Ireri\\git\\VSMS-Test-Automation\\Reports\\Property Management\\Add Property\\20171204_124742\\execution0.log"/>
         <property name="attachments" value="C:\\Users\\Stella Ireri\\git\\VSMS-Test-Automation\\Reports\\Property Management\\Add Property\\20171204_124742\\1512380979930.png, C:\\Users\\Stella Ireri\\git\\VSMS-Test-Automation\\Reports\\Property Management\\Add Property\\20171204_124742\\1512380982427.png, C:\\Users\\Stella Ireri\\git\\VSMS-Test-Automation\\Reports\\Property Management\\Add Property\\20171204_124742\\1512381014864.png, C:\\Users\\Stella Ireri\\git\\VSMS-Test-Automation\\Reports\\Property Management\\Add Property\\20171204_124742\\1512381047111.png, C:\\Users\\Stella Ireri\\git\\VSMS-Test-Automation\\Reports\\Property Management\\Add Property\\20171204_124742\\1512381080286.png"/>
         <property name="hostName" value="Stella Ireri - DESKTOP-JP48UB6"/>
         <property name="os" value="Windows 10 64bit"/>
         <property name="katalonVersion" value="5.1.0.1"/>
         <property name="browser" value="Chrome 62.0.3202.94"/>
         <property name="hostAddress" value="192.168.1.114"/>
         <property name="sessionId" value="b6d721cb5ba22ccf01f0095274292d90"/>
         <property name="seleniumVersion" value="3.7.1"/>
         <property name="proxyInformation" value="ProxyInformation{proxyOption=NO_PROXY, proxyServerType=HTTP, password=, proxyServerAddress=, proxyServerPort=0}"/>
         <property name="platform" value="Windows 10"/>
      </properties>
      <testcase name="Test Cases/Property management/Add Property" classname="Test Cases/Property management/Add Property" status="FAILED">
         <failure type="FAILED" message="Unable to set text 'stella.ireri@tezzasolutions.com' of object 'Object Repository/login/input_email' (Root cause: com.kms.katalon.core.webui.exception.WebElementNotFoundException: Web element with id: 'Object Repository/login/input_email' located by 'By.xpath: //input[count(. | //*[@name = 'email']) = count(//*[@name = 'email'])][count(. | //*[@type = 'email']) = count(//*[@type = 'email'])]' not found)"/>
         <system-out><![CDATA[2017-12-04 12:47:44 - [TEST_CASE][FAILED] - Test Cases/Property management/Add Property: Test Cases/Property management/Add Property FAILED because (of) Unable to set text 'stella.ireri@tezzasolutions.com' of object 'Object Repository/login/input_email' (Root cause: com.kms.katalon.core.webui.exception.WebElementNotFoundException: Web element with id: 'Object Repository/login/input_email' located by 'By.xpath: //input[count(. | //*[@name = 'email']) = count(//*[@name = 'email'])][count(. | //*[@type = 'email']) = count(//*[@type = 'email'])]' not found)

2017-12-04 12:47:45 - [TEST_STEP][FAILED] - callTestCase: Unable to call Test Case with id 'Test Cases/Common/User Login' (Root cause: Call Test Case 'Test Cases/Common/User Login' failed)

2017-12-04 12:47:45 - [TEST_CASE][FAILED] - Test Cases/Common/User Login: Test Cases/Common/User Login FAILED because (of) Unable to set text 'stella.ireri@tezzasolutions.com' of object 'Object Repository/login/input_email' (Root cause: com.kms.katalon.core.webui.exception.WebElementNotFoundException: Web element with id: 'Object Repository/login/input_email' located by 'By.xpath: //input[count(. | //*[@name = 'email']) = count(//*[@name = 'email'])][count(. | //*[@type = 'email']) = count(//*[@type = 'email'])]' not found)

2017-12-04 12:47:46 - [TEST_STEP][PASSED] - openBrowser: Browser is opened with url: 'https://sandbox.vsms.tezzasolutions.com/index'

2017-12-04 12:49:07 - [MESSAGE][PASSED] - Browser is opened with url: 'https://sandbox.vsms.tezzasolutions.com/index'

2017-12-04 12:49:07 - [TEST_STEP][PASSED] - maximizeWindow: Current window maximized

2017-12-04 12:49:08 - [MESSAGE][PASSED] - Current window maximized

2017-12-04 12:49:08 - [TEST_STEP][PASSED] - click: Object: 'Object Repository/login/a_Log in' is clicked on

2017-12-04 12:49:08 - [MESSAGE][PASSED] - Object: 'Object Repository/login/a_Log in' is clicked on

2017-12-04 12:49:08 - [TEST_STEP][FAILED] - setText: Unable to set text 'stella.ireri@tezzasolutions.com' of object 'Object Repository/login/input_email' (Root cause: com.kms.katalon.core.webui.exception.WebElementNotFoundException: Web element with id: 'Object Repository/login/input_email' located by 'By.xpath: //input[count(. | //*[@name = 'email']) = count(//*[@name = 'email'])][count(. | //*[@type = 'email']) = count(//*[@type = 'email'])]' not found)

2017-12-04 12:49:40 - [MESSAGE][FAILED] - Unable to set text 'stella.ireri@tezzasolutions.com' of object 'Object Repository/login/input_email' (Root cause: com.kms.katalon.core.webui.exception.WebElementNotFoundException: Web element with id: 'Object Repository/login/input_email' located by 'By.xpath: //input[count(. | //*[@name = 'email']) = count(//*[@name = 'email'])][count(. | //*[@type = 'email']) = count(//*[@type = 'email'])]' not found)
[[ATTACHMENT|C:\\Users\\Stella Ireri\\git\\VSMS-Test-Automation\\Reports\\Property Management\\Add Property\\20171204_124742\\1512380979930.png]]

2017-12-04 12:49:40 - [TEST_STEP][FAILED] - verifyElementPresent: com.kms.katalon.core.webui.exception.WebElementNotFoundException: Web element with id: 'Object Repository/Page_Visitor Security Management Sy/VSMS  Sign In' located by 'By.xpath: //h3[count(. | //*[@class = 'panel-title title']) = count(//*[@class = 'panel-title title'])][count(. | //*[text() = 'VSMS | Sign In']) = count(//*[text() = 'VSMS | Sign In'])][count(. | id("wrapper")/div[@class="container"]/div[@class="row"]/div[@class="col-md-8 col-md-offset-2 col-xs-10 col-xs-offset-1 col-sm-8 col-sm-offset-2 col-lg-8 col-lg-offset-2 lgin"]/div[@class="login-panel panel panel-default"]/div[@class="panel-heading"]/h3[@class="panel-title title"]) = count(id("wrapper")/div[@class="container"]/div[@class="row"]/div[@class="col-md-8 col-md-offset-2 col-xs-10 col-xs-offset-1 col-sm-8 col-sm-offset-2 col-lg-8 col-lg-offset-2 lgin"]/div[@class="login-panel panel panel-default"]/div[@class="panel-heading"]/h3[@class="panel-title title"])]' not found

2017-12-04 12:49:42 - [MESSAGE][FAILED] - com.kms.katalon.core.webui.exception.WebElementNotFoundException: Web element with id: 'Object Repository/Page_Visitor Security Management Sy/VSMS  Sign In' located by 'By.xpath: //h3[count(. | //*[@class = 'panel-title title']) = count(//*[@class = 'panel-title title'])][count(. | //*[text() = 'VSMS | Sign In']) = count(//*[text() = 'VSMS | Sign In'])][count(. | id("wrapper")/div[@class="container"]/div[@class="row"]/div[@class="col-md-8 col-md-offset-2 col-xs-10 col-xs-offset-1 col-sm-8 col-sm-offset-2 col-lg-8 col-lg-offset-2 lgin"]/div[@class="login-panel panel panel-default"]/div[@class="panel-heading"]/h3[@class="panel-title title"]) = count(id("wrapper")/div[@class="container"]/div[@class="row"]/div[@class="col-md-8 col-md-offset-2 col-xs-10 col-xs-offset-1 col-sm-8 col-sm-offset-2 col-lg-8 col-lg-offset-2 lgin"]/div[@class="login-panel panel panel-default"]/div[@class="panel-heading"]/h3[@class="panel-title title"])]' not found
[[ATTACHMENT|C:\\Users\\Stella Ireri\\git\\VSMS-Test-Automation\\Reports\\Property Management\\Add Property\\20171204_124742\\1512380982427.png]]

2017-12-04 12:49:42 - [TEST_STEP][FAILED] - setText: Unable to set text '!qwerty123' of object 'Object Repository/login/input_password' (Root cause: com.kms.katalon.core.webui.exception.WebElementNotFoundException: Web element with id: 'Object Repository/login/input_password' located by 'By.xpath: //input[count(. | //*[@name = 'password']) = count(//*[@name = 'password'])][count(. | //*[@type = 'password']) = count(//*[@type = 'password'])]' not found)

2017-12-04 12:50:15 - [MESSAGE][FAILED] - Unable to set text '!qwerty123' of object 'Object Repository/login/input_password' (Root cause: com.kms.katalon.core.webui.exception.WebElementNotFoundException: Web element with id: 'Object Repository/login/input_password' located by 'By.xpath: //input[count(. | //*[@name = 'password']) = count(//*[@name = 'password'])][count(. | //*[@type = 'password']) = count(//*[@type = 'password'])]' not found)
[[ATTACHMENT|C:\\Users\\Stella Ireri\\git\\VSMS-Test-Automation\\Reports\\Property Management\\Add Property\\20171204_124742\\1512381014864.png]]

2017-12-04 12:50:15 - [TEST_STEP][FAILED] - verifyElementClickable: Web element with id: 'Object Repository/login/button_Login' located by 'By.xpath: //button[count(. | //*[contains(.,'Login')]) = count(//*[contains(.,'Login')])][count(. | //*[@type = 'submit']) = count(//*[@type = 'submit'])]' not found

2017-12-04 12:50:47 - [MESSAGE][FAILED] - Web element with id: 'Object Repository/login/button_Login' located by 'By.xpath: //button[count(. | //*[contains(.,'Login')]) = count(//*[contains(.,'Login')])][count(. | //*[@type = 'submit']) = count(//*[@type = 'submit'])]' not found
[[ATTACHMENT|C:\\Users\\Stella Ireri\\git\\VSMS-Test-Automation\\Reports\\Property Management\\Add Property\\20171204_124742\\1512381047111.png]]

2017-12-04 12:50:47 - [TEST_STEP][FAILED] - click: Unable to click on object 'Object Repository/login/button_Login' (Root cause: com.kms.katalon.core.webui.exception.WebElementNotFoundException: Web element with id: 'Object Repository/login/button_Login' located by 'By.xpath: //button[count(. | //*[contains(.,'Login')]) = count(//*[contains(.,'Login')])][count(. | //*[@type = 'submit']) = count(//*[@type = 'submit'])]' not found)

2017-12-04 12:51:20 - [MESSAGE][FAILED] - Unable to click on object 'Object Repository/login/button_Login' (Root cause: com.kms.katalon.core.webui.exception.WebElementNotFoundException: Web element with id: 'Object Repository/login/button_Login' located by 'By.xpath: //button[count(. | //*[contains(.,'Login')]) = count(//*[contains(.,'Login')])][count(. | //*[@type = 'submit']) = count(//*[@type = 'submit'])]' not found)
[[ATTACHMENT|C:\\Users\\Stella Ireri\\git\\VSMS-Test-Automation\\Reports\\Property Management\\Add Property\\20171204_124742\\1512381080286.png]]

2017-12-04 12:51:20 - [MESSAGE][FAILED] - Unable to call Test Case with id 'Test Cases/Common/User Login' (Root cause: Call Test Case 'Test Cases/Common/User Login' failed)]]></system-out>
         <system-err><![CDATA[2017-12-04 12:47:44 - [TEST_CASE][FAILED] - Test Cases/Property management/Add Property: Test Cases/Property management/Add Property FAILED because (of) Unable to set text 'stella.ireri@tezzasolutions.com' of object 'Object Repository/login/input_email' (Root cause: com.kms.katalon.core.webui.exception.WebElementNotFoundException: Web element with id: 'Object Repository/login/input_email' located by 'By.xpath: //input[count(. | //*[@name = 'email']) = count(//*[@name = 'email'])][count(. | //*[@type = 'email']) = count(//*[@type = 'email'])]' not found)]]></system-err>
      </testcase>
      <system-out><![CDATA[2017-12-04 12:47:44 - [TEST_SUITE][FAILED] - Add Property: Test Cases/Property management/Add Property FAILED because (of) Unable to set text 'stella.ireri@tezzasolutions.com' of object 'Object Repository/login/input_email' (Root cause: com.kms.katalon.core.webui.exception.WebElementNotFoundException: Web element with id: 'Object Repository/login/input_email' located by 'By.xpath: //input[count(. | //*[@name = 'email']) = count(//*[@name = 'email'])][count(. | //*[@type = 'email']) = count(//*[@type = 'email'])]' not found)]]></system-out>
      <system-err><![CDATA[2017-12-04 12:47:44 - [TEST_SUITE][FAILED] - Add Property: Test Cases/Property management/Add Property FAILED because (of) Unable to set text 'stella.ireri@tezzasolutions.com' of object 'Object Repository/login/input_email' (Root cause: com.kms.katalon.core.webui.exception.WebElementNotFoundException: Web element with id: 'Object Repository/login/input_email' located by 'By.xpath: //input[count(. | //*[@name = 'email']) = count(//*[@name = 'email'])][count(. | //*[@type = 'email']) = count(//*[@type = 'email'])]' not found)]]></system-err>
   </testsuite>
</testsuites>
