<?xml version="1.0" encoding="UTF-8"?>
<testsuites name="Edit Event" time="331" tests="0" failures="1" errors="0">
   <testsuite name="Edit Event" tests="0" failures="1" errors="0" time="331" timestamp="2017-10-30 13:21:43" hostname="Gituto Nyawira - Gituto-PC" id="Test Suites/Calendar Management/Edit Event">
      <properties>
         <property name="deviceName" value=""/>
         <property name="devicePlatform" value=""/>
         <property name="logFolder" value="C:\\Users\\Gituto Nyawira\\git\\VSMS-Test-Automation\\Reports\\Calendar Management\\Edit Event\\20171030_132112"/>
         <property name="logFiles" value="C:\\Users\\Gituto Nyawira\\git\\VSMS-Test-Automation\\Reports\\Calendar Management\\Edit Event\\20171030_132112\\execution0.log"/>
         <property name="attachments" value="C:\\Users\\Gituto Nyawira\\git\\VSMS-Test-Automation\\Reports\\Calendar Management\\Edit Event\\20171030_132112\\1509359226935.png"/>
         <property name="hostName" value="Gituto Nyawira - Gituto-PC"/>
         <property name="os" value="Windows 10 64bit"/>
         <property name="katalonVersion" value="4.8.0.2"/>
         <property name="browser" value="Chrome 61.0.3163.100"/>
         <property name="hostAddress" value="192.168.1.123"/>
         <property name="sessionId" value="2593dcd0a7e3f55cd372757e78378e15"/>
         <property name="seleniumVersion" value="2.53.0"/>
         <property name="proxyInformation" value="ProxyInformation{proxyOption=NO_PROXY, proxyServerType=HTTP, password=, proxyServerAddress=, proxyServerPort=0}"/>
         <property name="platform" value="Windows 10"/>
      </properties>
      <testcase name="Test Cases/Calendar Management/Update Event" classname="Test Cases/Calendar Management/Update Event" status="FAILED">
         <failure type="FAILED" message="Unable to click on object 'Object Repository/Calendar Management/Update Event/button_Update Event' (Root cause: org.openqa.selenium.WebDriverException: unknown error: Element is not clickable at point (454, 668)
  (Session info: chrome=61.0.3163.100)
  (Driver info: chromedriver=2.31.488763 (092de99f48a300323ecf8c2a4e2e7cab51de5ba8),platform=Windows NT 10.0.15063 x86_64) (WARNING: The server did not provide any stacktrace information)
Command duration or timeout: 329 milliseconds
Build info: version: '2.53.0', revision: '35ae25b', time: '2016-03-15 17:00:58'
System info: host: 'Gituto-PC', ip: '192.168.1.123', os.name: 'Windows 10', os.arch: 'amd64', os.version: '10.0', java.version: '1.8.0_102'
Driver info: com.kms.katalon.selenium.driver.CChromeDriver
Capabilities [{applicationCacheEnabled=false, rotatable=false, mobileEmulationEnabled=false, networkConnectionEnabled=false, chrome={chromedriverVersion=2.31.488763 (092de99f48a300323ecf8c2a4e2e7cab51de5ba8), userDataDir=C:\Users\GITUTO~1\AppData\Local\Temp\scoped_dir11296_5945}, takesHeapSnapshot=true, pageLoadStrategy=normal, databaseEnabled=false, handlesAlerts=true, hasTouchScreen=false, version=61.0.3163.100, platform=XP, browserConnectionEnabled=false, nativeEvents=true, acceptSslCerts=true, locationContextEnabled=true, webStorageEnabled=true, browserName=chrome, takesScreenshot=true, javascriptEnabled=true, cssSelectorsEnabled=true, setWindowRect=true, unexpectedAlertBehaviour=}]
Session ID: 2593dcd0a7e3f55cd372757e78378e15)"/>
         <system-out><![CDATA[2017-10-30 13:21:47 - [TEST_CASE][FAILED] - Test Cases/Calendar Management/Update Event: Test Cases/Calendar Management/Update Event FAILED because (of) Unable to click on object 'Object Repository/Calendar Management/Update Event/button_Update Event' (Root cause: org.openqa.selenium.WebDriverException: unknown error: Element is not clickable at point (454, 668)
  (Session info: chrome=61.0.3163.100)
  (Driver info: chromedriver=2.31.488763 (092de99f48a300323ecf8c2a4e2e7cab51de5ba8),platform=Windows NT 10.0.15063 x86_64) (WARNING: The server did not provide any stacktrace information)
Command duration or timeout: 329 milliseconds
Build info: version: '2.53.0', revision: '35ae25b', time: '2016-03-15 17:00:58'
System info: host: 'Gituto-PC', ip: '192.168.1.123', os.name: 'Windows 10', os.arch: 'amd64', os.version: '10.0', java.version: '1.8.0_102'
Driver info: com.kms.katalon.selenium.driver.CChromeDriver
Capabilities [{applicationCacheEnabled=false, rotatable=false, mobileEmulationEnabled=false, networkConnectionEnabled=false, chrome={chromedriverVersion=2.31.488763 (092de99f48a300323ecf8c2a4e2e7cab51de5ba8), userDataDir=C:\Users\GITUTO~1\AppData\Local\Temp\scoped_dir11296_5945}, takesHeapSnapshot=true, pageLoadStrategy=normal, databaseEnabled=false, handlesAlerts=true, hasTouchScreen=false, version=61.0.3163.100, platform=XP, browserConnectionEnabled=false, nativeEvents=true, acceptSslCerts=true, locationContextEnabled=true, webStorageEnabled=true, browserName=chrome, takesScreenshot=true, javascriptEnabled=true, cssSelectorsEnabled=true, setWindowRect=true, unexpectedAlertBehaviour=}]
Session ID: 2593dcd0a7e3f55cd372757e78378e15)

2017-10-30 13:21:51 - [TEST_STEP][PASSED] - callTestCase: Call Test Case 'Test Cases/Common/LOGIN' successfully

2017-10-30 13:21:51 - [TEST_CASE][PASSED] - Test Cases/Common/LOGIN: Test Cases/Common/LOGIN

2017-10-30 13:21:53 - [TEST_STEP][PASSED] - openBrowser: Browser is opened with url: 'https://sandbox.vsms.tezzasolutions.com/index'

2017-10-30 13:25:16 - [MESSAGE][PASSED] - Browser is opened with url: 'https://sandbox.vsms.tezzasolutions.com/index'

2017-10-30 13:25:16 - [TEST_STEP][PASSED] - maximizeWindow: Current window maximized

2017-10-30 13:25:18 - [MESSAGE][PASSED] - Current window maximized

2017-10-30 13:25:18 - [TEST_STEP][PASSED] - click: Object: 'Object Repository/login/a_Log in' is clicked on

2017-10-30 13:25:38 - [MESSAGE][PASSED] - Object: 'Object Repository/login/a_Log in' is clicked on

2017-10-30 13:25:38 - [TEST_STEP][PASSED] - setText: Text 'clarinenyauncho@gmail.com' is set on object 'Object Repository/login/input_email'

2017-10-30 13:25:40 - [MESSAGE][PASSED] - Text 'clarinenyauncho@gmail.com' is set on object 'Object Repository/login/input_email'

2017-10-30 13:25:40 - [TEST_STEP][PASSED] - setText: Text 'changeme' is set on object 'Object Repository/login/input_password'

2017-10-30 13:25:42 - [MESSAGE][PASSED] - Text 'changeme' is set on object 'Object Repository/login/input_password'

2017-10-30 13:25:42 - [TEST_STEP][PASSED] - click: Object: 'Object Repository/login/button_Login' is clicked on

2017-10-30 13:26:02 - [MESSAGE][PASSED] - Object: 'Object Repository/login/button_Login' is clicked on

2017-10-30 13:26:02 - [MESSAGE][PASSED] - Call Test Case 'Test Cases/Common/LOGIN' successfully

2017-10-30 13:26:02 - [TEST_STEP][PASSED] - maximizeWindow: Current window maximized

2017-10-30 13:26:03 - [MESSAGE][PASSED] - Current window maximized

2017-10-30 13:26:03 - [TEST_STEP][PASSED] - click: Object: 'Object Repository/Dashboard Page/a_Modules' is clicked on

2017-10-30 13:26:04 - [MESSAGE][PASSED] - Object: 'Object Repository/Dashboard Page/a_Modules' is clicked on

2017-10-30 13:26:04 - [TEST_STEP][PASSED] - click: Object: 'Object Repository/Dashboard Page/a_Calendar Management' is clicked on

2017-10-30 13:26:06 - [MESSAGE][PASSED] - Object: 'Object Repository/Dashboard Page/a_Calendar Management' is clicked on

2017-10-30 13:26:06 - [TEST_STEP][PASSED] - click: Object: 'Object Repository/Dashboard Page/a_Calendar' is clicked on

2017-10-30 13:26:43 - [MESSAGE][PASSED] - Object: 'Object Repository/Dashboard Page/a_Calendar' is clicked on

2017-10-30 13:26:43 - [TEST_STEP][PASSED] - click: Object: 'Object Repository/Calendar Management/Update Event/Even to update' is clicked on

2017-10-30 13:26:45 - [MESSAGE][PASSED] - Object: 'Object Repository/Calendar Management/Update Event/Even to update' is clicked on

2017-10-30 13:26:45 - [TEST_STEP][PASSED] - setText: Text 'Board Meetings' is set on object 'Object Repository/Calendar Management/Add new Event/Title'

2017-10-30 13:26:48 - [MESSAGE][PASSED] - Text 'Board Meetings' is set on object 'Object Repository/Calendar Management/Add new Event/Title'

2017-10-30 13:26:48 - [TEST_STEP][PASSED] - setText: Text '10/28/17' is set on object 'Object Repository/Calendar Management/Add new Event/Start Date'

2017-10-30 13:26:51 - [MESSAGE][PASSED] - Text '10/28/17' is set on object 'Object Repository/Calendar Management/Add new Event/Start Date'

2017-10-30 13:26:51 - [TEST_STEP][PASSED] - setText: Text '1300' is set on object 'Object Repository/Calendar Management/Add new Event/Start Time'

2017-10-30 13:26:53 - [MESSAGE][PASSED] - Text '1300' is set on object 'Object Repository/Calendar Management/Add new Event/Start Time'

2017-10-30 13:26:53 - [TEST_STEP][PASSED] - setText: Text '10/28/17' is set on object 'Object Repository/Calendar Management/Add new Event/End Date'

2017-10-30 13:26:55 - [MESSAGE][PASSED] - Text '10/28/17' is set on object 'Object Repository/Calendar Management/Add new Event/End Date'

2017-10-30 13:26:55 - [TEST_STEP][PASSED] - setText: Text '1800' is set on object 'Object Repository/Calendar Management/Add new Event/End Time'

2017-10-30 13:26:56 - [MESSAGE][PASSED] - Text '1800' is set on object 'Object Repository/Calendar Management/Add new Event/End Time'

2017-10-30 13:26:56 - [TEST_STEP][PASSED] - selectOptionByValue: All options with value '' are selected in object 'Object Repository/Calendar Management/Add new Event/Location' 

2017-10-30 13:26:58 - [MESSAGE][PASSED] - All options with value '' are selected in object 'Object Repository/Calendar Management/Add new Event/Location' 

2017-10-30 13:26:58 - [TEST_STEP][PASSED] - setText: Text 'Share-Holders Meeting' is set on object 'Object Repository/Calendar Management/Add new Event/Description'

2017-10-30 13:27:00 - [MESSAGE][PASSED] - Text 'Share-Holders Meeting' is set on object 'Object Repository/Calendar Management/Add new Event/Description'

2017-10-30 13:27:00 - [TEST_STEP][PASSED] - delay: Delayed 5 second(s)

2017-10-30 13:27:05 - [MESSAGE][PASSED] - Delayed 5 second(s)

2017-10-30 13:27:05 - [TEST_STEP][FAILED] - click: Unable to click on object 'Object Repository/Calendar Management/Update Event/button_Update Event' (Root cause: org.openqa.selenium.WebDriverException: unknown error: Element is not clickable at point (454, 668)
  (Session info: chrome=61.0.3163.100)
  (Driver info: chromedriver=2.31.488763 (092de99f48a300323ecf8c2a4e2e7cab51de5ba8),platform=Windows NT 10.0.15063 x86_64) (WARNING: The server did not provide any stacktrace information)
Command duration or timeout: 329 milliseconds
Build info: version: '2.53.0', revision: '35ae25b', time: '2016-03-15 17:00:58'
System info: host: 'Gituto-PC', ip: '192.168.1.123', os.name: 'Windows 10', os.arch: 'amd64', os.version: '10.0', java.version: '1.8.0_102'
Driver info: com.kms.katalon.selenium.driver.CChromeDriver
Capabilities [{applicationCacheEnabled=false, rotatable=false, mobileEmulationEnabled=false, networkConnectionEnabled=false, chrome={chromedriverVersion=2.31.488763 (092de99f48a300323ecf8c2a4e2e7cab51de5ba8), userDataDir=C:\Users\GITUTO~1\AppData\Local\Temp\scoped_dir11296_5945}, takesHeapSnapshot=true, pageLoadStrategy=normal, databaseEnabled=false, handlesAlerts=true, hasTouchScreen=false, version=61.0.3163.100, platform=XP, browserConnectionEnabled=false, nativeEvents=true, acceptSslCerts=true, locationContextEnabled=true, webStorageEnabled=true, browserName=chrome, takesScreenshot=true, javascriptEnabled=true, cssSelectorsEnabled=true, setWindowRect=true, unexpectedAlertBehaviour=}]
Session ID: 2593dcd0a7e3f55cd372757e78378e15)

2017-10-30 13:27:08 - [MESSAGE][FAILED] - Unable to click on object 'Object Repository/Calendar Management/Update Event/button_Update Event' (Root cause: org.openqa.selenium.WebDriverException: unknown error: Element is not clickable at point (454, 668)
  (Session info: chrome=61.0.3163.100)
  (Driver info: chromedriver=2.31.488763 (092de99f48a300323ecf8c2a4e2e7cab51de5ba8),platform=Windows NT 10.0.15063 x86_64) (WARNING: The server did not provide any stacktrace information)
Command duration or timeout: 329 milliseconds
Build info: version: '2.53.0', revision: '35ae25b', time: '2016-03-15 17:00:58'
System info: host: 'Gituto-PC', ip: '192.168.1.123', os.name: 'Windows 10', os.arch: 'amd64', os.version: '10.0', java.version: '1.8.0_102'
Driver info: com.kms.katalon.selenium.driver.CChromeDriver
Capabilities [{applicationCacheEnabled=false, rotatable=false, mobileEmulationEnabled=false, networkConnectionEnabled=false, chrome={chromedriverVersion=2.31.488763 (092de99f48a300323ecf8c2a4e2e7cab51de5ba8), userDataDir=C:\Users\GITUTO~1\AppData\Local\Temp\scoped_dir11296_5945}, takesHeapSnapshot=true, pageLoadStrategy=normal, databaseEnabled=false, handlesAlerts=true, hasTouchScreen=false, version=61.0.3163.100, platform=XP, browserConnectionEnabled=false, nativeEvents=true, acceptSslCerts=true, locationContextEnabled=true, webStorageEnabled=true, browserName=chrome, takesScreenshot=true, javascriptEnabled=true, cssSelectorsEnabled=true, setWindowRect=true, unexpectedAlertBehaviour=}]
Session ID: 2593dcd0a7e3f55cd372757e78378e15)
[[ATTACHMENT|C:\\Users\\Gituto Nyawira\\git\\VSMS-Test-Automation\\Reports\\Calendar Management\\Edit Event\\20171030_132112\\1509359226935.png]]

2017-10-30 13:27:08 - [TEST_STEP][PASSED] - closeBrowser: Browser is closed

2017-10-30 13:27:15 - [MESSAGE][PASSED] - Browser is closed]]></system-out>
         <system-err><![CDATA[2017-10-30 13:21:47 - [TEST_CASE][FAILED] - Test Cases/Calendar Management/Update Event: Test Cases/Calendar Management/Update Event FAILED because (of) Unable to click on object 'Object Repository/Calendar Management/Update Event/button_Update Event' (Root cause: org.openqa.selenium.WebDriverException: unknown error: Element is not clickable at point (454, 668)
  (Session info: chrome=61.0.3163.100)
  (Driver info: chromedriver=2.31.488763 (092de99f48a300323ecf8c2a4e2e7cab51de5ba8),platform=Windows NT 10.0.15063 x86_64) (WARNING: The server did not provide any stacktrace information)
Command duration or timeout: 329 milliseconds
Build info: version: '2.53.0', revision: '35ae25b', time: '2016-03-15 17:00:58'
System info: host: 'Gituto-PC', ip: '192.168.1.123', os.name: 'Windows 10', os.arch: 'amd64', os.version: '10.0', java.version: '1.8.0_102'
Driver info: com.kms.katalon.selenium.driver.CChromeDriver
Capabilities [{applicationCacheEnabled=false, rotatable=false, mobileEmulationEnabled=false, networkConnectionEnabled=false, chrome={chromedriverVersion=2.31.488763 (092de99f48a300323ecf8c2a4e2e7cab51de5ba8), userDataDir=C:\Users\GITUTO~1\AppData\Local\Temp\scoped_dir11296_5945}, takesHeapSnapshot=true, pageLoadStrategy=normal, databaseEnabled=false, handlesAlerts=true, hasTouchScreen=false, version=61.0.3163.100, platform=XP, browserConnectionEnabled=false, nativeEvents=true, acceptSslCerts=true, locationContextEnabled=true, webStorageEnabled=true, browserName=chrome, takesScreenshot=true, javascriptEnabled=true, cssSelectorsEnabled=true, setWindowRect=true, unexpectedAlertBehaviour=}]
Session ID: 2593dcd0a7e3f55cd372757e78378e15)]]></system-err>
      </testcase>
      <system-out><![CDATA[2017-10-30 13:21:43 - [TEST_SUITE][FAILED] - Edit Event: Test Cases/Calendar Management/Update Event FAILED because (of) Unable to click on object 'Object Repository/Calendar Management/Update Event/button_Update Event' (Root cause: org.openqa.selenium.WebDriverException: unknown error: Element is not clickable at point (454, 668)
  (Session info: chrome=61.0.3163.100)
  (Driver info: chromedriver=2.31.488763 (092de99f48a300323ecf8c2a4e2e7cab51de5ba8),platform=Windows NT 10.0.15063 x86_64) (WARNING: The server did not provide any stacktrace information)
Command duration or timeout: 329 milliseconds
Build info: version: '2.53.0', revision: '35ae25b', time: '2016-03-15 17:00:58'
System info: host: 'Gituto-PC', ip: '192.168.1.123', os.name: 'Windows 10', os.arch: 'amd64', os.version: '10.0', java.version: '1.8.0_102'
Driver info: com.kms.katalon.selenium.driver.CChromeDriver
Capabilities [{applicationCacheEnabled=false, rotatable=false, mobileEmulationEnabled=false, networkConnectionEnabled=false, chrome={chromedriverVersion=2.31.488763 (092de99f48a300323ecf8c2a4e2e7cab51de5ba8), userDataDir=C:\Users\GITUTO~1\AppData\Local\Temp\scoped_dir11296_5945}, takesHeapSnapshot=true, pageLoadStrategy=normal, databaseEnabled=false, handlesAlerts=true, hasTouchScreen=false, version=61.0.3163.100, platform=XP, browserConnectionEnabled=false, nativeEvents=true, acceptSslCerts=true, locationContextEnabled=true, webStorageEnabled=true, browserName=chrome, takesScreenshot=true, javascriptEnabled=true, cssSelectorsEnabled=true, setWindowRect=true, unexpectedAlertBehaviour=}]
Session ID: 2593dcd0a7e3f55cd372757e78378e15)]]></system-out>
      <system-err><![CDATA[2017-10-30 13:21:43 - [TEST_SUITE][FAILED] - Edit Event: Test Cases/Calendar Management/Update Event FAILED because (of) Unable to click on object 'Object Repository/Calendar Management/Update Event/button_Update Event' (Root cause: org.openqa.selenium.WebDriverException: unknown error: Element is not clickable at point (454, 668)
  (Session info: chrome=61.0.3163.100)
  (Driver info: chromedriver=2.31.488763 (092de99f48a300323ecf8c2a4e2e7cab51de5ba8),platform=Windows NT 10.0.15063 x86_64) (WARNING: The server did not provide any stacktrace information)
Command duration or timeout: 329 milliseconds
Build info: version: '2.53.0', revision: '35ae25b', time: '2016-03-15 17:00:58'
System info: host: 'Gituto-PC', ip: '192.168.1.123', os.name: 'Windows 10', os.arch: 'amd64', os.version: '10.0', java.version: '1.8.0_102'
Driver info: com.kms.katalon.selenium.driver.CChromeDriver
Capabilities [{applicationCacheEnabled=false, rotatable=false, mobileEmulationEnabled=false, networkConnectionEnabled=false, chrome={chromedriverVersion=2.31.488763 (092de99f48a300323ecf8c2a4e2e7cab51de5ba8), userDataDir=C:\Users\GITUTO~1\AppData\Local\Temp\scoped_dir11296_5945}, takesHeapSnapshot=true, pageLoadStrategy=normal, databaseEnabled=false, handlesAlerts=true, hasTouchScreen=false, version=61.0.3163.100, platform=XP, browserConnectionEnabled=false, nativeEvents=true, acceptSslCerts=true, locationContextEnabled=true, webStorageEnabled=true, browserName=chrome, takesScreenshot=true, javascriptEnabled=true, cssSelectorsEnabled=true, setWindowRect=true, unexpectedAlertBehaviour=}]
Session ID: 2593dcd0a7e3f55cd372757e78378e15)]]></system-err>
   </testsuite>
</testsuites>
