<?xml version="1.0" encoding="UTF-8"?>
<testsuites name="Edit Profile" time="33" tests="1" failures="0" errors="0">
   <testsuite name="Edit Profile" tests="1" failures="0" errors="0" time="33" timestamp="2017-10-09 10:46:07" hostname="ChweyaJnr - DESKTOP-QAVLP3L" id="Test Suites/User Management/Edit Profile/Edit Profile">
      <properties>
         <property name="deviceName" value=""/>
         <property name="devicePlatform" value=""/>
         <property name="logFolder" value="C:\\Users\\ChweyaJnr\\git\\VSMS-Test-Automation\\Reports\\User Management\\Edit Profile\\Edit Profile\\20171009_104600"/>
         <property name="logFiles" value="C:\\Users\\ChweyaJnr\\git\\VSMS-Test-Automation\\Reports\\User Management\\Edit Profile\\Edit Profile\\20171009_104600\\execution0.log"/>
         <property name="attachments" value=""/>
         <property name="hostName" value="ChweyaJnr - DESKTOP-QAVLP3L"/>
         <property name="os" value="Windows 10 64bit"/>
         <property name="katalonVersion" value="4.8.0.2"/>
         <property name="browser" value="Chrome 61.0.3163.100"/>
         <property name="hostAddress" value="192.168.56.1"/>
         <property name="sessionId" value="cf58c8209e94f64276fe14ecab6d44b5"/>
         <property name="seleniumVersion" value="2.53.0"/>
         <property name="proxyInformation" value="ProxyInformation{proxyOption=NO_PROXY, proxyServerType=HTTP, password=, proxyServerAddress=, proxyServerPort=0}"/>
         <property name="platform" value="Windows 10"/>
      </properties>
      <testcase name="Test Cases/User Management/Edit Profile/Edit Profile" classname="Test Cases/User Management/Edit Profile/Edit Profile" status="PASSED">
         <system-out><![CDATA[2017-10-09 10:46:07 - [TEST_CASE][PASSED] - Test Cases/User Management/Edit Profile/Edit Profile: Test Cases/User Management/Edit Profile/Edit Profile

2017-10-09 10:46:08 - [TEST_STEP][PASSED] - openBrowser: Browser is opened with url: ''

2017-10-09 10:46:12 - [MESSAGE][PASSED] - Browser is opened with url: ''

2017-10-09 10:46:12 - [TEST_STEP][PASSED] - navigateToUrl: Navigate to 'https://sandbox.vsms.tezzasolutions.com/index' successfully

2017-10-09 10:46:18 - [MESSAGE][PASSED] - Navigate to 'https://sandbox.vsms.tezzasolutions.com/index' successfully

2017-10-09 10:46:18 - [TEST_STEP][PASSED] - click: Object: 'Object Repository/User Management/Add New User/Login Page Objects/a_Log in' is clicked on

2017-10-09 10:46:20 - [MESSAGE][PASSED] - Object: 'Object Repository/User Management/Add New User/Login Page Objects/a_Log in' is clicked on

2017-10-09 10:46:20 - [TEST_STEP][PASSED] - setText: Text 'clarinenyauncho@gmail.com' is set on object 'Object Repository/User Management/Add New User/Login Page Objects/input_email'

2017-10-09 10:46:20 - [MESSAGE][PASSED] - Text 'clarinenyauncho@gmail.com' is set on object 'Object Repository/User Management/Add New User/Login Page Objects/input_email'

2017-10-09 10:46:20 - [TEST_STEP][PASSED] - setText: Text 'changeme' is set on object 'Object Repository/User Management/Add New User/Login Page Objects/input_password'

2017-10-09 10:46:20 - [MESSAGE][PASSED] - Text 'changeme' is set on object 'Object Repository/User Management/Add New User/Login Page Objects/input_password'

2017-10-09 10:46:20 - [TEST_STEP][PASSED] - click: Object: 'Object Repository/User Management/Add New User/Login Page Objects/button_Login' is clicked on

2017-10-09 10:46:24 - [MESSAGE][PASSED] - Object: 'Object Repository/User Management/Add New User/Login Page Objects/button_Login' is clicked on

2017-10-09 10:46:24 - [TEST_STEP][PASSED] - click: Object: 'Object Repository/User Management/Add New User/Module Dropdown Objects/Modules dropdown' is clicked on

2017-10-09 10:46:24 - [MESSAGE][PASSED] - Object: 'Object Repository/User Management/Add New User/Module Dropdown Objects/Modules dropdown' is clicked on

2017-10-09 10:46:24 - [TEST_STEP][PASSED] - click: Object: 'Object Repository/User Management/Add New User/Module Dropdown Objects/User Management Dropdown' is clicked on

2017-10-09 10:46:25 - [MESSAGE][PASSED] - Object: 'Object Repository/User Management/Add New User/Module Dropdown Objects/User Management Dropdown' is clicked on

2017-10-09 10:46:25 - [TEST_STEP][PASSED] - click: Object: 'Object Repository/User Management/Edit Profile/Profile Link/a_Profile' is clicked on

2017-10-09 10:46:26 - [MESSAGE][PASSED] - Object: 'Object Repository/User Management/Edit Profile/Profile Link/a_Profile' is clicked on

2017-10-09 10:46:26 - [TEST_STEP][PASSED] - maximizeWindow: Current window maximized

2017-10-09 10:46:27 - [MESSAGE][PASSED] - Current window maximized

2017-10-09 10:46:27 - [TEST_STEP][PASSED] - scrollToElement: Scroll to object 'Object Repository/User Management/Edit Profile/Profile Update details/a_TestProfile' successfully

2017-10-09 10:46:27 - [MESSAGE][PASSED] - Scroll to object 'Object Repository/User Management/Edit Profile/Profile Update details/a_TestProfile' successfully

2017-10-09 10:46:27 - [TEST_STEP][PASSED] - delay: Delayed 5 second(s)

2017-10-09 10:46:32 - [MESSAGE][PASSED] - Delayed 5 second(s)

2017-10-09 10:46:32 - [TEST_STEP][PASSED] - click: Object: 'Object Repository/User Management/Edit Profile/Profile Update details/a_TestProfile' is clicked on

2017-10-09 10:46:32 - [MESSAGE][PASSED] - Object: 'Object Repository/User Management/Edit Profile/Profile Update details/a_TestProfile' is clicked on

2017-10-09 10:46:32 - [TEST_STEP][PASSED] - delay: Delayed 5 second(s)

2017-10-09 10:46:37 - [MESSAGE][PASSED] - Delayed 5 second(s)

2017-10-09 10:46:37 - [TEST_STEP][PASSED] - setText: Text 'TestProfile1' is set on object 'Object Repository/User Management/Edit Profile/Profile Update details/input_profilename'

2017-10-09 10:46:38 - [MESSAGE][PASSED] - Text 'TestProfile1' is set on object 'Object Repository/User Management/Edit Profile/Profile Update details/input_profilename'

2017-10-09 10:46:38 - [TEST_STEP][PASSED] - click: Object: 'Object Repository/User Management/Edit Profile/Profile Update details/button_Update' is clicked on

2017-10-09 10:46:38 - [MESSAGE][PASSED] - Object: 'Object Repository/User Management/Edit Profile/Profile Update details/button_Update' is clicked on

2017-10-09 10:46:38 - [TEST_STEP][PASSED] - click: Object: 'Object Repository/User Management/Edit Profile/Profile Update details/p_Updated TestProfile1 success' is clicked on

2017-10-09 10:46:39 - [MESSAGE][PASSED] - Object: 'Object Repository/User Management/Edit Profile/Profile Update details/p_Updated TestProfile1 success' is clicked on

2017-10-09 10:46:39 - [TEST_STEP][PASSED] - closeBrowser: Browser is closed

2017-10-09 10:46:40 - [MESSAGE][PASSED] - Browser is closed]]></system-out>
         <system-err><![CDATA[]]></system-err>
      </testcase>
      <system-out><![CDATA[2017-10-09 10:46:07 - [TEST_SUITE][PASSED] - Edit Profile: Test Cases/User Management/Edit Profile/Edit Profile]]></system-out>
      <system-err><![CDATA[]]></system-err>
   </testsuite>
</testsuites>
