<?xml version="1.0" encoding="UTF-8"?>
<testsuites name="Add Event" time="77" tests="0" failures="1" errors="0">
   <testsuite name="Add Event" tests="0" failures="1" errors="0" time="77" timestamp="2017-12-04 11:24:48" hostname="Dennis Gituto - DESKTOP-IA8CIQG" id="Test Suites/Calendar Management/Add Event">
      <properties>
         <property name="deviceName" value=""/>
         <property name="devicePlatform" value=""/>
         <property name="logFolder" value="C:\\Users\\Dennis Gituto\\git\\VSMS-Test-Automation\\Reports\\Calendar Management\\Add Event\\20171204_112446"/>
         <property name="logFiles" value="C:\\Users\\Dennis Gituto\\git\\VSMS-Test-Automation\\Reports\\Calendar Management\\Add Event\\20171204_112446\\execution0.log"/>
         <property name="attachments" value="C:\\Users\\Dennis Gituto\\git\\VSMS-Test-Automation\\Reports\\Calendar Management\\Add Event\\20171204_112446\\1512375962402.png"/>
         <property name="hostName" value="Dennis Gituto - DESKTOP-IA8CIQG"/>
         <property name="os" value="Windows 10 64bit"/>
         <property name="katalonVersion" value="5.1.0.1"/>
         <property name="browser" value="Chrome 62.0.3202.94"/>
         <property name="hostAddress" value="192.168.1.117"/>
         <property name="sessionId" value="2630d657a92800553957cafab2f23413"/>
         <property name="seleniumVersion" value="3.7.1"/>
         <property name="proxyInformation" value="ProxyInformation{proxyOption=NO_PROXY, proxyServerType=HTTP, password=, proxyServerAddress=, proxyServerPort=0}"/>
         <property name="platform" value="Windows 10"/>
      </properties>
      <testcase name="Test Cases/Calendar Management/Add new Event" classname="Test Cases/Calendar Management/Add new Event" status="FAILED">
         <failure type="FAILED" message="com.kms.katalon.core.webui.exception.WebElementNotFoundException: Web element with id: 'Object Repository/Calendar Management/Add new Event/Verify an Event is Added/Verification Message' located by 'By.xpath: //div[count(. | //*[@class = 'alert alert-success alert-dismissable fade in ng-binding']) = count(//*[@class = 'alert alert-success alert-dismissable fade in ng-binding'])][count(. | //*[@ng-show = 'successAlert']) = count(//*[@ng-show = 'successAlert'])][count(. | //*[text() = '
                    
                    Event created successfully!
                ']) = count(//*[text() = '
                    
                    Event created successfully!
                '])][count(. | id(&quot;page-wrapper&quot;)/div[@class=&quot;row&quot;]/div[2]/div[@class=&quot;alert alert-success alert-dismissable fade in ng-binding&quot;]) = count(id(&quot;page-wrapper&quot;)/div[@class=&quot;row&quot;]/div[2]/div[@class=&quot;alert alert-success alert-dismissable fade in ng-binding&quot;])]' not found"/>
         <system-out><![CDATA[2017-12-04 11:24:48 - [TEST_CASE][FAILED] - Test Cases/Calendar Management/Add new Event: Test Cases/Calendar Management/Add new Event FAILED because (of) com.kms.katalon.core.webui.exception.WebElementNotFoundException: Web element with id: 'Object Repository/Calendar Management/Add new Event/Verify an Event is Added/Verification Message' located by 'By.xpath: //div[count(. | //*[@class = 'alert alert-success alert-dismissable fade in ng-binding']) = count(//*[@class = 'alert alert-success alert-dismissable fade in ng-binding'])][count(. | //*[@ng-show = 'successAlert']) = count(//*[@ng-show = 'successAlert'])][count(. | //*[text() = '
                    
                    Event created successfully!
                ']) = count(//*[text() = '
                    
                    Event created successfully!
                '])][count(. | id("page-wrapper")/div[@class="row"]/div[2]/div[@class="alert alert-success alert-dismissable fade in ng-binding"]) = count(id("page-wrapper")/div[@class="row"]/div[2]/div[@class="alert alert-success alert-dismissable fade in ng-binding"])]' not found

2017-12-04 11:24:49 - [TEST_STEP][PASSED] - callTestCase: Call Test Case 'Test Cases/Common/User Login' successfully

2017-12-04 11:24:49 - [TEST_CASE][PASSED] - Test Cases/Common/User Login: Test Cases/Common/User Login

2017-12-04 11:24:51 - [TEST_STEP][PASSED] - openBrowser: Browser is opened with url: 'https://sandbox.vsms.tezzasolutions.com/index'

2017-12-04 11:25:02 - [MESSAGE][PASSED] - Browser is opened with url: 'https://sandbox.vsms.tezzasolutions.com/index'

2017-12-04 11:25:02 - [TEST_STEP][PASSED] - maximizeWindow: Current window maximized

2017-12-04 11:25:03 - [MESSAGE][PASSED] - Current window maximized

2017-12-04 11:25:03 - [TEST_STEP][PASSED] - click: Object: 'Object Repository/login/a_Log in' is clicked on

2017-12-04 11:25:06 - [MESSAGE][PASSED] - Object: 'Object Repository/login/a_Log in' is clicked on

2017-12-04 11:25:06 - [TEST_STEP][PASSED] - setText: Text 'stella.ireri@tezzasolutions.com' is set on object 'Object Repository/login/input_email'

2017-12-04 11:25:06 - [MESSAGE][PASSED] - Text 'stella.ireri@tezzasolutions.com' is set on object 'Object Repository/login/input_email'

2017-12-04 11:25:06 - [TEST_STEP][PASSED] - verifyElementPresent: Object 'Object Repository/Page_Visitor Security Management Sy/VSMS  Sign In' is present

2017-12-04 11:25:06 - [MESSAGE][PASSED] - Object 'Object Repository/Page_Visitor Security Management Sy/VSMS  Sign In' is present

2017-12-04 11:25:06 - [TEST_STEP][PASSED] - setText: Text '!qwerty123' is set on object 'Object Repository/login/input_password'

2017-12-04 11:25:07 - [MESSAGE][PASSED] - Text '!qwerty123' is set on object 'Object Repository/login/input_password'

2017-12-04 11:25:07 - [TEST_STEP][PASSED] - verifyElementClickable: Object 'Object Repository/login/button_Login' is clickable

2017-12-04 11:25:07 - [MESSAGE][PASSED] - Object 'Object Repository/login/button_Login' is clickable

2017-12-04 11:25:07 - [TEST_STEP][PASSED] - click: Object: 'Object Repository/login/button_Login' is clicked on

2017-12-04 11:25:08 - [MESSAGE][PASSED] - Object: 'Object Repository/login/button_Login' is clicked on

2017-12-04 11:25:08 - [MESSAGE][PASSED] - Call Test Case 'Test Cases/Common/User Login' successfully

2017-12-04 11:25:08 - [TEST_STEP][PASSED] - callTestCase: Call Test Case 'Test Cases/Calendar Management/Calendar Menu' successfully

2017-12-04 11:25:09 - [TEST_CASE][PASSED] - Test Cases/Calendar Management/Calendar Menu: Test Cases/Calendar Management/Calendar Menu

2017-12-04 11:25:09 - [TEST_STEP][PASSED] - click: Object: 'Object Repository/Dashboard Page/a_Modules' is clicked on

2017-12-04 11:25:09 - [MESSAGE][PASSED] - Object: 'Object Repository/Dashboard Page/a_Modules' is clicked on

2017-12-04 11:25:09 - [TEST_STEP][PASSED] - click: Object: 'Object Repository/Dashboard Page/a_Calendar Management' is clicked on

2017-12-04 11:25:09 - [MESSAGE][PASSED] - Object: 'Object Repository/Dashboard Page/a_Calendar Management' is clicked on

2017-12-04 11:25:09 - [TEST_STEP][PASSED] - click: Object: 'Object Repository/Dashboard Page/a_Calendar' is clicked on

2017-12-04 11:25:12 - [MESSAGE][PASSED] - Object: 'Object Repository/Dashboard Page/a_Calendar' is clicked on

2017-12-04 11:25:12 - [MESSAGE][PASSED] - Call Test Case 'Test Cases/Calendar Management/Calendar Menu' successfully

2017-12-04 11:25:12 - [TEST_STEP][PASSED] - click: Object: 'Object Repository/Calendar Management/Add new Event/New Event' is clicked on

2017-12-04 11:25:13 - [MESSAGE][PASSED] - Object: 'Object Repository/Calendar Management/Add new Event/New Event' is clicked on

2017-12-04 11:25:13 - [TEST_STEP][PASSED] - setText: Text 'Developer's Interview' is set on object 'Object Repository/Calendar Management/Add new Event/Title'

2017-12-04 11:25:13 - [MESSAGE][PASSED] - Text 'Developer's Interview' is set on object 'Object Repository/Calendar Management/Add new Event/Title'

2017-12-04 11:25:13 - [TEST_STEP][PASSED] - setText: Text '10/12/17' is set on object 'Object Repository/Calendar Management/Add new Event/Start Date'

2017-12-04 11:25:13 - [MESSAGE][PASSED] - Text '10/12/17' is set on object 'Object Repository/Calendar Management/Add new Event/Start Date'

2017-12-04 11:25:13 - [TEST_STEP][PASSED] - setText: Text '1300' is set on object 'Object Repository/Calendar Management/Add new Event/Start Time'

2017-12-04 11:25:14 - [MESSAGE][PASSED] - Text '1300' is set on object 'Object Repository/Calendar Management/Add new Event/Start Time'

2017-12-04 11:25:14 - [TEST_STEP][PASSED] - setText: Text '10/12/17' is set on object 'Object Repository/Calendar Management/Add new Event/End Date'

2017-12-04 11:25:14 - [MESSAGE][PASSED] - Text '10/12/17' is set on object 'Object Repository/Calendar Management/Add new Event/End Date'

2017-12-04 11:25:14 - [TEST_STEP][PASSED] - setText: Text '1800' is set on object 'Object Repository/Calendar Management/Add new Event/End Time'

2017-12-04 11:25:14 - [MESSAGE][PASSED] - Text '1800' is set on object 'Object Repository/Calendar Management/Add new Event/End Time'

2017-12-04 11:25:14 - [TEST_STEP][PASSED] - selectOptionByValue: All options with value '' are selected in object 'Object Repository/Calendar Management/Add new Event/Location' 

2017-12-04 11:25:14 - [MESSAGE][PASSED] - All options with value '' are selected in object 'Object Repository/Calendar Management/Add new Event/Location' 

2017-12-04 11:25:14 - [TEST_STEP][PASSED] - setText: Text 'C# Developers Interview' is set on object 'Object Repository/Calendar Management/Add new Event/Description'

2017-12-04 11:25:15 - [MESSAGE][PASSED] - Text 'C# Developers Interview' is set on object 'Object Repository/Calendar Management/Add new Event/Description'

2017-12-04 11:25:15 - [TEST_STEP][PASSED] - click: Object: 'Object Repository/Calendar Management/Add new Event/Save Event Button' is clicked on

2017-12-04 11:25:15 - [MESSAGE][PASSED] - Object: 'Object Repository/Calendar Management/Add new Event/Save Event Button' is clicked on

2017-12-04 11:25:15 - [TEST_STEP][PASSED] - delay: Delayed 3 second(s)

2017-12-04 11:25:18 - [MESSAGE][PASSED] - Delayed 3 second(s)

2017-12-04 11:25:18 - [TEST_STEP][FAILED] - verifyElementPresent: com.kms.katalon.core.webui.exception.WebElementNotFoundException: Web element with id: 'Object Repository/Calendar Management/Add new Event/Verify an Event is Added/Verification Message' located by 'By.xpath: //div[count(. | //*[@class = 'alert alert-success alert-dismissable fade in ng-binding']) = count(//*[@class = 'alert alert-success alert-dismissable fade in ng-binding'])][count(. | //*[@ng-show = 'successAlert']) = count(//*[@ng-show = 'successAlert'])][count(. | //*[text() = '
                    
                    Event created successfully!
                ']) = count(//*[text() = '
                    
                    Event created successfully!
                '])][count(. | id("page-wrapper")/div[@class="row"]/div[2]/div[@class="alert alert-success alert-dismissable fade in ng-binding"]) = count(id("page-wrapper")/div[@class="row"]/div[2]/div[@class="alert alert-success alert-dismissable fade in ng-binding"])]' not found

2017-12-04 11:25:18 - [MESSAGE][WARNING] - Timeout '0' is invalid. Using default page load timeout: '30'

2017-12-04 11:26:02 - [MESSAGE][FAILED] - com.kms.katalon.core.webui.exception.WebElementNotFoundException: Web element with id: 'Object Repository/Calendar Management/Add new Event/Verify an Event is Added/Verification Message' located by 'By.xpath: //div[count(. | //*[@class = 'alert alert-success alert-dismissable fade in ng-binding']) = count(//*[@class = 'alert alert-success alert-dismissable fade in ng-binding'])][count(. | //*[@ng-show = 'successAlert']) = count(//*[@ng-show = 'successAlert'])][count(. | //*[text() = '
                    
                    Event created successfully!
                ']) = count(//*[text() = '
                    
                    Event created successfully!
                '])][count(. | id("page-wrapper")/div[@class="row"]/div[2]/div[@class="alert alert-success alert-dismissable fade in ng-binding"]) = count(id("page-wrapper")/div[@class="row"]/div[2]/div[@class="alert alert-success alert-dismissable fade in ng-binding"])]' not found
[[ATTACHMENT|C:\\Users\\Dennis Gituto\\git\\VSMS-Test-Automation\\Reports\\Calendar Management\\Add Event\\20171204_112446\\1512375962402.png]]

2017-12-04 11:26:02 - [TEST_STEP][PASSED] - delay: Delayed 3 second(s)

2017-12-04 11:26:05 - [MESSAGE][PASSED] - Delayed 3 second(s)

2017-12-04 11:26:05 - [TEST_STEP][PASSED] - closeBrowser: Browser is closed

2017-12-04 11:26:06 - [MESSAGE][PASSED] - Browser is closed]]></system-out>
         <system-err><![CDATA[2017-12-04 11:24:48 - [TEST_CASE][FAILED] - Test Cases/Calendar Management/Add new Event: Test Cases/Calendar Management/Add new Event FAILED because (of) com.kms.katalon.core.webui.exception.WebElementNotFoundException: Web element with id: 'Object Repository/Calendar Management/Add new Event/Verify an Event is Added/Verification Message' located by 'By.xpath: //div[count(. | //*[@class = 'alert alert-success alert-dismissable fade in ng-binding']) = count(//*[@class = 'alert alert-success alert-dismissable fade in ng-binding'])][count(. | //*[@ng-show = 'successAlert']) = count(//*[@ng-show = 'successAlert'])][count(. | //*[text() = '
                    
                    Event created successfully!
                ']) = count(//*[text() = '
                    
                    Event created successfully!
                '])][count(. | id("page-wrapper")/div[@class="row"]/div[2]/div[@class="alert alert-success alert-dismissable fade in ng-binding"]) = count(id("page-wrapper")/div[@class="row"]/div[2]/div[@class="alert alert-success alert-dismissable fade in ng-binding"])]' not found]]></system-err>
      </testcase>
      <system-out><![CDATA[2017-12-04 11:24:48 - [TEST_SUITE][FAILED] - Add Event: Test Cases/Calendar Management/Add new Event FAILED because (of) com.kms.katalon.core.webui.exception.WebElementNotFoundException: Web element with id: 'Object Repository/Calendar Management/Add new Event/Verify an Event is Added/Verification Message' located by 'By.xpath: //div[count(. | //*[@class = 'alert alert-success alert-dismissable fade in ng-binding']) = count(//*[@class = 'alert alert-success alert-dismissable fade in ng-binding'])][count(. | //*[@ng-show = 'successAlert']) = count(//*[@ng-show = 'successAlert'])][count(. | //*[text() = '
                    
                    Event created successfully!
                ']) = count(//*[text() = '
                    
                    Event created successfully!
                '])][count(. | id("page-wrapper")/div[@class="row"]/div[2]/div[@class="alert alert-success alert-dismissable fade in ng-binding"]) = count(id("page-wrapper")/div[@class="row"]/div[2]/div[@class="alert alert-success alert-dismissable fade in ng-binding"])]' not found]]></system-out>
      <system-err><![CDATA[2017-12-04 11:24:48 - [TEST_SUITE][FAILED] - Add Event: Test Cases/Calendar Management/Add new Event FAILED because (of) com.kms.katalon.core.webui.exception.WebElementNotFoundException: Web element with id: 'Object Repository/Calendar Management/Add new Event/Verify an Event is Added/Verification Message' located by 'By.xpath: //div[count(. | //*[@class = 'alert alert-success alert-dismissable fade in ng-binding']) = count(//*[@class = 'alert alert-success alert-dismissable fade in ng-binding'])][count(. | //*[@ng-show = 'successAlert']) = count(//*[@ng-show = 'successAlert'])][count(. | //*[text() = '
                    
                    Event created successfully!
                ']) = count(//*[text() = '
                    
                    Event created successfully!
                '])][count(. | id("page-wrapper")/div[@class="row"]/div[2]/div[@class="alert alert-success alert-dismissable fade in ng-binding"]) = count(id("page-wrapper")/div[@class="row"]/div[2]/div[@class="alert alert-success alert-dismissable fade in ng-binding"])]' not found]]></system-err>
   </testsuite>
</testsuites>
