<?xml version="1.0" encoding="UTF-8"?>
<testsuites name="Add Visitor" time="136" tests="0" failures="1" errors="0">
   <testsuite name="Add Visitor" tests="0" failures="1" errors="0" time="136" timestamp="2017-11-03 13:30:13" hostname="Gituto Nyawira - Gituto-PC" id="Test Suites/Security Management/Add Visitor/Add Visitor">
      <properties>
         <property name="deviceName" value=""/>
         <property name="devicePlatform" value=""/>
         <property name="logFolder" value="C:\\Users\\Gituto Nyawira\\git\\VSMS-Test-Automation\\Reports\\Security Management\\Add Visitor\\Add Visitor\\20171103_133008"/>
         <property name="logFiles" value="C:\\Users\\Gituto Nyawira\\git\\VSMS-Test-Automation\\Reports\\Security Management\\Add Visitor\\Add Visitor\\20171103_133008\\execution0.log"/>
         <property name="attachments" value="C:\\Users\\Gituto Nyawira\\git\\VSMS-Test-Automation\\Reports\\Security Management\\Add Visitor\\Add Visitor\\20171103_133008\\1509705143610.png"/>
         <property name="hostName" value="Gituto Nyawira - Gituto-PC"/>
         <property name="os" value="Windows 10 64bit"/>
         <property name="katalonVersion" value="5.0.0.1"/>
         <property name="browser" value="Chrome 61.0.3163.100"/>
         <property name="hostAddress" value="192.168.1.127"/>
         <property name="sessionId" value="eae39859b9651f3806f089dc7658160a"/>
         <property name="seleniumVersion" value="2.53.0"/>
         <property name="proxyInformation" value="ProxyInformation{proxyOption=NO_PROXY, proxyServerType=HTTP, password=, proxyServerAddress=, proxyServerPort=0}"/>
         <property name="platform" value="Windows 10"/>
      </properties>
      <testcase name="Test Cases/Security Management/Add new Visitor in Security Management Module" classname="Test Cases/Security Management/Add new Visitor in Security Management Module" status="FAILED">
         <failure type="FAILED" message="com.kms.katalon.core.webui.exception.WebElementNotFoundException: Web element with id: 'Object Repository/Security Management/Add Visitor Page/Verify Add Visitor in Security Management/Added Visitor Verification' located by 'By.xpath: //p[count(. | //*[@ng-bind = 'msg']) = count(//*[@ng-bind = 'msg'])][count(. | //*[@class = 'alert alert-info ng-binding']) = count(//*[@class = 'alert alert-info ng-binding'])][count(. | //*[@ng-show = 'successAlert']) = count(//*[@ng-show = 'successAlert'])][count(. | //*[text() = 'Visitor Den Den created']) = count(//*[text() = 'Visitor Den Den created'])][count(. | id(&quot;addAsset&quot;)/div[@class=&quot;modal-dialog&quot;]/div[@class=&quot;modal-content&quot;]/div[@class=&quot;modal-body ng-scope&quot;]/p[@class=&quot;alert alert-info ng-binding&quot;]) = count(id(&quot;addAsset&quot;)/div[@class=&quot;modal-dialog&quot;]/div[@class=&quot;modal-content&quot;]/div[@class=&quot;modal-body ng-scope&quot;]/p[@class=&quot;alert alert-info ng-binding&quot;])]' not found"/>
         <system-out><![CDATA[2017-11-03 13:30:15 - [TEST_CASE][FAILED] - Test Cases/Security Management/Add new Visitor in Security Management Module: Test Cases/Security Management/Add new Visitor in Security Management Module FAILED because (of) com.kms.katalon.core.webui.exception.WebElementNotFoundException: Web element with id: 'Object Repository/Security Management/Add Visitor Page/Verify Add Visitor in Security Management/Added Visitor Verification' located by 'By.xpath: //p[count(. | //*[@ng-bind = 'msg']) = count(//*[@ng-bind = 'msg'])][count(. | //*[@class = 'alert alert-info ng-binding']) = count(//*[@class = 'alert alert-info ng-binding'])][count(. | //*[@ng-show = 'successAlert']) = count(//*[@ng-show = 'successAlert'])][count(. | //*[text() = 'Visitor Den Den created']) = count(//*[text() = 'Visitor Den Den created'])][count(. | id("addAsset")/div[@class="modal-dialog"]/div[@class="modal-content"]/div[@class="modal-body ng-scope"]/p[@class="alert alert-info ng-binding"]) = count(id("addAsset")/div[@class="modal-dialog"]/div[@class="modal-content"]/div[@class="modal-body ng-scope"]/p[@class="alert alert-info ng-binding"])]' not found

2017-11-03 13:30:17 - [TEST_STEP][PASSED] - callTestCase: Call Test Case 'Test Cases/Common/User Login' successfully

2017-11-03 13:30:17 - [TEST_CASE][PASSED] - Test Cases/Common/User Login: Test Cases/Common/User Login

2017-11-03 13:30:18 - [TEST_STEP][PASSED] - openBrowser: Browser is opened with url: 'https://sandbox.vsms.tezzasolutions.com/index'

2017-11-03 13:30:49 - [MESSAGE][PASSED] - Browser is opened with url: 'https://sandbox.vsms.tezzasolutions.com/index'

2017-11-03 13:30:49 - [TEST_STEP][PASSED] - maximizeWindow: Current window maximized

2017-11-03 13:30:51 - [MESSAGE][PASSED] - Current window maximized

2017-11-03 13:30:51 - [TEST_STEP][PASSED] - click: Object: 'Object Repository/login/a_Log in' is clicked on

2017-11-03 13:30:54 - [MESSAGE][PASSED] - Object: 'Object Repository/login/a_Log in' is clicked on

2017-11-03 13:30:54 - [TEST_STEP][PASSED] - setText: Text 'clarinenyauncho@gmail.com' is set on object 'Object Repository/login/input_email'

2017-11-03 13:30:56 - [MESSAGE][PASSED] - Text 'clarinenyauncho@gmail.com' is set on object 'Object Repository/login/input_email'

2017-11-03 13:30:56 - [TEST_STEP][PASSED] - setText: Text 'changeme' is set on object 'Object Repository/login/input_password'

2017-11-03 13:30:56 - [MESSAGE][PASSED] - Text 'changeme' is set on object 'Object Repository/login/input_password'

2017-11-03 13:30:56 - [TEST_STEP][PASSED] - click: Object: 'Object Repository/login/button_Login' is clicked on

2017-11-03 13:31:01 - [MESSAGE][PASSED] - Object: 'Object Repository/login/button_Login' is clicked on

2017-11-03 13:31:01 - [MESSAGE][PASSED] - Call Test Case 'Test Cases/Common/User Login' successfully

2017-11-03 13:31:01 - [TEST_STEP][PASSED] - maximizeWindow: Current window maximized

2017-11-03 13:31:01 - [MESSAGE][PASSED] - Current window maximized

2017-11-03 13:31:01 - [TEST_STEP][PASSED] - delay: Delayed 3 second(s)

2017-11-03 13:31:04 - [MESSAGE][PASSED] - Delayed 3 second(s)

2017-11-03 13:31:04 - [TEST_STEP][PASSED] - callTestCase: Call Test Case 'Test Cases/Security Management/Security Management Menu' successfully

2017-11-03 13:31:04 - [TEST_CASE][PASSED] - Test Cases/Security Management/Security Management Menu: Test Cases/Security Management/Security Management Menu

2017-11-03 13:31:05 - [TEST_STEP][PASSED] - click: Object: 'Object Repository/Dashboard Page/a_Modules' is clicked on

2017-11-03 13:31:06 - [MESSAGE][PASSED] - Object: 'Object Repository/Dashboard Page/a_Modules' is clicked on

2017-11-03 13:31:06 - [TEST_STEP][PASSED] - click: Object: 'Object Repository/Dashboard Page/a_Security Management' is clicked on

2017-11-03 13:31:06 - [MESSAGE][PASSED] - Object: 'Object Repository/Dashboard Page/a_Security Management' is clicked on

2017-11-03 13:31:06 - [TEST_STEP][PASSED] - click: Object: 'Object Repository/Dashboard Page/a_Security' is clicked on

2017-11-03 13:31:13 - [MESSAGE][PASSED] - Object: 'Object Repository/Dashboard Page/a_Security' is clicked on

2017-11-03 13:31:13 - [MESSAGE][PASSED] - Call Test Case 'Test Cases/Security Management/Security Management Menu' successfully

2017-11-03 13:31:13 - [TEST_STEP][PASSED] - click: Object: 'Object Repository/Security Management/Add Visitor Page/New Visitor Button' is clicked on

2017-11-03 13:31:15 - [MESSAGE][PASSED] - Object: 'Object Repository/Security Management/Add Visitor Page/New Visitor Button' is clicked on

2017-11-03 13:31:15 - [TEST_STEP][PASSED] - setText: Text 'paulmurimi@gmail.com' is set on object 'Object Repository/Security Management/Add Visitor Page/input_email'

2017-11-03 13:31:17 - [MESSAGE][PASSED] - Text 'paulmurimi@gmail.com' is set on object 'Object Repository/Security Management/Add Visitor Page/input_email'

2017-11-03 13:31:17 - [TEST_STEP][PASSED] - setText: Text 'Paul' is set on object 'Object Repository/Security Management/Add Visitor Page/input_first_name'

2017-11-03 13:31:18 - [MESSAGE][PASSED] - Text 'Paul' is set on object 'Object Repository/Security Management/Add Visitor Page/input_first_name'

2017-11-03 13:31:18 - [TEST_STEP][PASSED] - setText: Text 'Murimi' is set on object 'Object Repository/Security Management/Add Visitor Page/input_last_name'

2017-11-03 13:31:18 - [MESSAGE][PASSED] - Text 'Murimi' is set on object 'Object Repository/Security Management/Add Visitor Page/input_last_name'

2017-11-03 13:31:18 - [TEST_STEP][PASSED] - setText: Text '0725958564' is set on object 'Object Repository/Security Management/Add Visitor Page/input_phone'

2017-11-03 13:31:19 - [MESSAGE][PASSED] - Text '0725958564' is set on object 'Object Repository/Security Management/Add Visitor Page/input_phone'

2017-11-03 13:31:19 - [TEST_STEP][PASSED] - delay: Delayed 5 second(s)

2017-11-03 13:31:24 - [MESSAGE][PASSED] - Delayed 5 second(s)

2017-11-03 13:31:24 - [TEST_STEP][PASSED] - click: Object: 'Object Repository/Security Management/Add Visitor Page/button_Add Visitor' is clicked on

2017-11-03 13:31:26 - [MESSAGE][PASSED] - Object: 'Object Repository/Security Management/Add Visitor Page/button_Add Visitor' is clicked on

2017-11-03 13:31:26 - [TEST_STEP][PASSED] - delay: Delayed 3 second(s)

2017-11-03 13:31:29 - [MESSAGE][PASSED] - Delayed 3 second(s)

2017-11-03 13:31:29 - [TEST_STEP][FAILED] - verifyElementPresent: com.kms.katalon.core.webui.exception.WebElementNotFoundException: Web element with id: 'Object Repository/Security Management/Add Visitor Page/Verify Add Visitor in Security Management/Added Visitor Verification' located by 'By.xpath: //p[count(. | //*[@ng-bind = 'msg']) = count(//*[@ng-bind = 'msg'])][count(. | //*[@class = 'alert alert-info ng-binding']) = count(//*[@class = 'alert alert-info ng-binding'])][count(. | //*[@ng-show = 'successAlert']) = count(//*[@ng-show = 'successAlert'])][count(. | //*[text() = 'Visitor Den Den created']) = count(//*[text() = 'Visitor Den Den created'])][count(. | id("addAsset")/div[@class="modal-dialog"]/div[@class="modal-content"]/div[@class="modal-body ng-scope"]/p[@class="alert alert-info ng-binding"]) = count(id("addAsset")/div[@class="modal-dialog"]/div[@class="modal-content"]/div[@class="modal-body ng-scope"]/p[@class="alert alert-info ng-binding"])]' not found

2017-11-03 13:31:29 - [MESSAGE][WARNING] - Timeout '0' is invalid. Using default page load timeout: '30'

2017-11-03 13:32:26 - [MESSAGE][FAILED] - com.kms.katalon.core.webui.exception.WebElementNotFoundException: Web element with id: 'Object Repository/Security Management/Add Visitor Page/Verify Add Visitor in Security Management/Added Visitor Verification' located by 'By.xpath: //p[count(. | //*[@ng-bind = 'msg']) = count(//*[@ng-bind = 'msg'])][count(. | //*[@class = 'alert alert-info ng-binding']) = count(//*[@class = 'alert alert-info ng-binding'])][count(. | //*[@ng-show = 'successAlert']) = count(//*[@ng-show = 'successAlert'])][count(. | //*[text() = 'Visitor Den Den created']) = count(//*[text() = 'Visitor Den Den created'])][count(. | id("addAsset")/div[@class="modal-dialog"]/div[@class="modal-content"]/div[@class="modal-body ng-scope"]/p[@class="alert alert-info ng-binding"]) = count(id("addAsset")/div[@class="modal-dialog"]/div[@class="modal-content"]/div[@class="modal-body ng-scope"]/p[@class="alert alert-info ng-binding"])]' not found
[[ATTACHMENT|C:\\Users\\Gituto Nyawira\\git\\VSMS-Test-Automation\\Reports\\Security Management\\Add Visitor\\Add Visitor\\20171103_133008\\1509705143610.png]]

2017-11-03 13:32:26 - [TEST_STEP][PASSED] - closeBrowser: Browser is closed

2017-11-03 13:32:29 - [MESSAGE][PASSED] - Browser is closed]]></system-out>
         <system-err><![CDATA[2017-11-03 13:30:15 - [TEST_CASE][FAILED] - Test Cases/Security Management/Add new Visitor in Security Management Module: Test Cases/Security Management/Add new Visitor in Security Management Module FAILED because (of) com.kms.katalon.core.webui.exception.WebElementNotFoundException: Web element with id: 'Object Repository/Security Management/Add Visitor Page/Verify Add Visitor in Security Management/Added Visitor Verification' located by 'By.xpath: //p[count(. | //*[@ng-bind = 'msg']) = count(//*[@ng-bind = 'msg'])][count(. | //*[@class = 'alert alert-info ng-binding']) = count(//*[@class = 'alert alert-info ng-binding'])][count(. | //*[@ng-show = 'successAlert']) = count(//*[@ng-show = 'successAlert'])][count(. | //*[text() = 'Visitor Den Den created']) = count(//*[text() = 'Visitor Den Den created'])][count(. | id("addAsset")/div[@class="modal-dialog"]/div[@class="modal-content"]/div[@class="modal-body ng-scope"]/p[@class="alert alert-info ng-binding"]) = count(id("addAsset")/div[@class="modal-dialog"]/div[@class="modal-content"]/div[@class="modal-body ng-scope"]/p[@class="alert alert-info ng-binding"])]' not found]]></system-err>
      </testcase>
      <system-out><![CDATA[2017-11-03 13:30:13 - [TEST_SUITE][FAILED] - Add Visitor: Test Cases/Security Management/Add new Visitor in Security Management Module FAILED because (of) com.kms.katalon.core.webui.exception.WebElementNotFoundException: Web element with id: 'Object Repository/Security Management/Add Visitor Page/Verify Add Visitor in Security Management/Added Visitor Verification' located by 'By.xpath: //p[count(. | //*[@ng-bind = 'msg']) = count(//*[@ng-bind = 'msg'])][count(. | //*[@class = 'alert alert-info ng-binding']) = count(//*[@class = 'alert alert-info ng-binding'])][count(. | //*[@ng-show = 'successAlert']) = count(//*[@ng-show = 'successAlert'])][count(. | //*[text() = 'Visitor Den Den created']) = count(//*[text() = 'Visitor Den Den created'])][count(. | id("addAsset")/div[@class="modal-dialog"]/div[@class="modal-content"]/div[@class="modal-body ng-scope"]/p[@class="alert alert-info ng-binding"]) = count(id("addAsset")/div[@class="modal-dialog"]/div[@class="modal-content"]/div[@class="modal-body ng-scope"]/p[@class="alert alert-info ng-binding"])]' not found]]></system-out>
      <system-err><![CDATA[2017-11-03 13:30:13 - [TEST_SUITE][FAILED] - Add Visitor: Test Cases/Security Management/Add new Visitor in Security Management Module FAILED because (of) com.kms.katalon.core.webui.exception.WebElementNotFoundException: Web element with id: 'Object Repository/Security Management/Add Visitor Page/Verify Add Visitor in Security Management/Added Visitor Verification' located by 'By.xpath: //p[count(. | //*[@ng-bind = 'msg']) = count(//*[@ng-bind = 'msg'])][count(. | //*[@class = 'alert alert-info ng-binding']) = count(//*[@class = 'alert alert-info ng-binding'])][count(. | //*[@ng-show = 'successAlert']) = count(//*[@ng-show = 'successAlert'])][count(. | //*[text() = 'Visitor Den Den created']) = count(//*[text() = 'Visitor Den Den created'])][count(. | id("addAsset")/div[@class="modal-dialog"]/div[@class="modal-content"]/div[@class="modal-body ng-scope"]/p[@class="alert alert-info ng-binding"]) = count(id("addAsset")/div[@class="modal-dialog"]/div[@class="modal-content"]/div[@class="modal-body ng-scope"]/p[@class="alert alert-info ng-binding"])]' not found]]></system-err>
   </testsuite>
</testsuites>
