<?xml version="1.0" encoding="UTF-8"?>
<testsuites name="Sign up" time="38" tests="1" failures="0" errors="0">
   <testsuite name="Sign up" tests="1" failures="0" errors="0" time="38" timestamp="2017-10-16 12:52:48" hostname="Gituto Nyawira - Gituto-PC" id="Test Suites/Request Meeting/Sign up">
      <properties>
         <property name="deviceName" value=""/>
         <property name="devicePlatform" value=""/>
         <property name="logFolder" value="C:\\Users\\Gituto Nyawira\\git\\VSMS-Test-Automation\\Reports\\Request Meeting\\Sign up\\20171016_125242"/>
         <property name="logFiles" value="C:\\Users\\Gituto Nyawira\\git\\VSMS-Test-Automation\\Reports\\Request Meeting\\Sign up\\20171016_125242\\execution0.log"/>
         <property name="attachments" value=""/>
         <property name="hostName" value="Gituto Nyawira - Gituto-PC"/>
         <property name="os" value="Windows 10 64bit"/>
         <property name="katalonVersion" value="4.8.0.2"/>
         <property name="browser" value="Chrome 61.0.3163.100"/>
         <property name="hostAddress" value="192.168.43.189"/>
         <property name="sessionId" value="bb2286b7961a1e5b4cd9f08abaef6d1e"/>
         <property name="seleniumVersion" value="2.53.0"/>
         <property name="proxyInformation" value="ProxyInformation{proxyOption=NO_PROXY, proxyServerType=HTTP, password=, proxyServerAddress=, proxyServerPort=0}"/>
         <property name="platform" value="Windows 10"/>
      </properties>
      <testcase name="Test Cases/Request A Meeting/Sign Up in Request Meeting" classname="Test Cases/Request A Meeting/Sign Up in Request Meeting" status="PASSED">
         <system-out><![CDATA[2017-10-16 12:52:48 - [TEST_CASE][PASSED] - Test Cases/Request A Meeting/Sign Up in Request Meeting: Test Cases/Request A Meeting/Sign Up in Request Meeting

2017-10-16 12:52:49 - [TEST_STEP][PASSED] - openBrowser: Browser is opened with url: ''

2017-10-16 12:52:54 - [MESSAGE][PASSED] - Browser is opened with url: ''

2017-10-16 12:52:54 - [TEST_STEP][PASSED] - navigateToUrl: Navigate to 'https://sandbox.vsms.tezzasolutions.com/index' successfully

2017-10-16 12:53:05 - [MESSAGE][PASSED] - Navigate to 'https://sandbox.vsms.tezzasolutions.com/index' successfully

2017-10-16 12:53:05 - [TEST_STEP][PASSED] - maximizeWindow: Current window maximized

2017-10-16 12:53:06 - [MESSAGE][PASSED] - Current window maximized

2017-10-16 12:53:06 - [TEST_STEP][PASSED] - click: Object: 'Object Repository/Request A meeting/Request meeting Page/button_REQUEST A MEETING' is clicked on

2017-10-16 12:53:07 - [MESSAGE][PASSED] - Object: 'Object Repository/Request A meeting/Request meeting Page/button_REQUEST A MEETING' is clicked on

2017-10-16 12:53:07 - [TEST_STEP][PASSED] - delay: Delayed 5 second(s)

2017-10-16 12:53:12 - [MESSAGE][PASSED] - Delayed 5 second(s)

2017-10-16 12:53:12 - [TEST_STEP][PASSED] - setText: Text 'Mr' is set on object 'Object Repository/Request A meeting/Sign Up In Request Meeting/input_title'

2017-10-16 12:53:13 - [MESSAGE][PASSED] - Text 'Mr' is set on object 'Object Repository/Request A meeting/Sign Up In Request Meeting/input_title'

2017-10-16 12:53:13 - [TEST_STEP][PASSED] - setText: Text 'Dennis' is set on object 'Object Repository/Request A meeting/Sign Up In Request Meeting/input_firstname'

2017-10-16 12:53:14 - [MESSAGE][PASSED] - Text 'Dennis' is set on object 'Object Repository/Request A meeting/Sign Up In Request Meeting/input_firstname'

2017-10-16 12:53:14 - [TEST_STEP][PASSED] - setText: Text 'Gituto' is set on object 'Object Repository/Request A meeting/Sign Up In Request Meeting/input_lastname'

2017-10-16 12:53:15 - [MESSAGE][PASSED] - Text 'Gituto' is set on object 'Object Repository/Request A meeting/Sign Up In Request Meeting/input_lastname'

2017-10-16 12:53:15 - [TEST_STEP][PASSED] - selectOptionByValue: All options with value '3' are selected in object 'Object Repository/Request A meeting/Sign Up In Request Meeting/select_tenant_id' 

2017-10-16 12:53:15 - [MESSAGE][PASSED] - All options with value '3' are selected in object 'Object Repository/Request A meeting/Sign Up In Request Meeting/select_tenant_id' 

2017-10-16 12:53:15 - [TEST_STEP][PASSED] - setText: Text 'dennisgituto@yahoo.com' is set on object 'Object Repository/Request A meeting/Sign Up In Request Meeting/input_email'

2017-10-16 12:53:16 - [MESSAGE][PASSED] - Text 'dennisgituto@yahoo.com' is set on object 'Object Repository/Request A meeting/Sign Up In Request Meeting/input_email'

2017-10-16 12:53:16 - [TEST_STEP][PASSED] - setText: Text 'desteg' is set on object 'Object Repository/Request A meeting/Sign Up In Request Meeting/input_password'

2017-10-16 12:53:17 - [MESSAGE][PASSED] - Text 'desteg' is set on object 'Object Repository/Request A meeting/Sign Up In Request Meeting/input_password'

2017-10-16 12:53:17 - [TEST_STEP][PASSED] - setText: Text 'var_confirmPassword' is set on object 'Object Repository/Request A meeting/Sign Up In Request Meeting/input_password_confirmation'

2017-10-16 12:53:17 - [MESSAGE][PASSED] - Text 'var_confirmPassword' is set on object 'Object Repository/Request A meeting/Sign Up In Request Meeting/input_password_confirmation'

2017-10-16 12:53:17 - [TEST_STEP][PASSED] - click: Object: 'Object Repository/Request A meeting/Sign Up In Request Meeting/button_Sign Up' is clicked on

2017-10-16 12:53:17 - [MESSAGE][PASSED] - Object: 'Object Repository/Request A meeting/Sign Up In Request Meeting/button_Sign Up' is clicked on

2017-10-16 12:53:17 - [TEST_STEP][PASSED] - delay: Delayed 5 second(s)

2017-10-16 12:53:23 - [MESSAGE][PASSED] - Delayed 5 second(s)

2017-10-16 12:53:23 - [TEST_STEP][PASSED] - closeBrowser: Browser is closed

2017-10-16 12:53:26 - [MESSAGE][PASSED] - Browser is closed]]></system-out>
         <system-err><![CDATA[]]></system-err>
      </testcase>
      <system-out><![CDATA[2017-10-16 12:52:48 - [TEST_SUITE][PASSED] - Sign up: Test Cases/Request A Meeting/Sign Up in Request Meeting]]></system-out>
      <system-err><![CDATA[]]></system-err>
   </testsuite>
</testsuites>
