<?xml version="1.0" encoding="UTF-8"?>
<testsuites name="Add Department" time="34" tests="1" failures="0" errors="0">
   <testsuite name="Add Department" tests="1" failures="0" errors="0" time="34" timestamp="2017-10-11 14:27:45" hostname="ChweyaJnr - 192.168.56.1" id="Test Suites/User Management/Department/Add Department">
      <properties>
         <property name="deviceName" value=""/>
         <property name="devicePlatform" value=""/>
         <property name="logFolder" value="C:\\Users\\ChweyaJnr\\git\\VSMS-Test-Automation\\Reports\\User Management\\Department\\Add Department\\20171011_142741"/>
         <property name="logFiles" value="C:\\Users\\ChweyaJnr\\git\\VSMS-Test-Automation\\Reports\\User Management\\Department\\Add Department\\20171011_142741\\execution0.log"/>
         <property name="attachments" value=""/>
         <property name="hostName" value="ChweyaJnr - 192.168.56.1"/>
         <property name="os" value="Windows 10 64bit"/>
         <property name="katalonVersion" value="4.8.0.2"/>
         <property name="browser" value="Chrome 61.0.3163.100"/>
         <property name="hostAddress" value="192.168.56.1"/>
         <property name="sessionId" value="cc69b9da0f8f3df7d1fbb348dc955343"/>
         <property name="seleniumVersion" value="2.53.0"/>
         <property name="proxyInformation" value="ProxyInformation{proxyOption=NO_PROXY, proxyServerType=HTTP, password=, proxyServerAddress=, proxyServerPort=0}"/>
         <property name="platform" value="Windows 10"/>
      </properties>
      <testcase name="Test Cases/User Management/Department/Add Department" classname="Test Cases/User Management/Department/Add Department" status="PASSED">
         <system-out><![CDATA[2017-10-11 14:27:45 - [TEST_CASE][PASSED] - Test Cases/User Management/Department/Add Department: Test Cases/User Management/Department/Add Department

2017-10-11 14:27:46 - [TEST_STEP][PASSED] - callTestCase: Call Test Case 'Test Cases/LOGIN' successfully

2017-10-11 14:27:47 - [TEST_CASE][PASSED] - Test Cases/LOGIN: Test Cases/LOGIN

2017-10-11 14:27:47 - [TEST_STEP][PASSED] - openBrowser: Browser is opened with url: 'https://sandbox.vsms.tezzasolutions.com/index'

2017-10-11 14:27:59 - [MESSAGE][PASSED] - Browser is opened with url: 'https://sandbox.vsms.tezzasolutions.com/index'

2017-10-11 14:27:59 - [TEST_STEP][PASSED] - click: Object: 'Object Repository/login/a_Log in' is clicked on

2017-10-11 14:28:02 - [MESSAGE][PASSED] - Object: 'Object Repository/login/a_Log in' is clicked on

2017-10-11 14:28:02 - [TEST_STEP][PASSED] - setText: Text 'clarinenyauncho@gmail.com' is set on object 'Object Repository/login/input_email'

2017-10-11 14:28:02 - [MESSAGE][PASSED] - Text 'clarinenyauncho@gmail.com' is set on object 'Object Repository/login/input_email'

2017-10-11 14:28:02 - [TEST_STEP][PASSED] - setText: Text 'changeme' is set on object 'Object Repository/login/input_password'

2017-10-11 14:28:03 - [MESSAGE][PASSED] - Text 'changeme' is set on object 'Object Repository/login/input_password'

2017-10-11 14:28:03 - [TEST_STEP][PASSED] - click: Object: 'Object Repository/login/button_Login' is clicked on

2017-10-11 14:28:06 - [MESSAGE][PASSED] - Object: 'Object Repository/login/button_Login' is clicked on

2017-10-11 14:28:06 - [MESSAGE][PASSED] - Call Test Case 'Test Cases/LOGIN' successfully

2017-10-11 14:28:06 - [TEST_STEP][PASSED] - click: Object: 'Object Repository/User Management/Add New User/Module Dropdown Objects/Modules dropdown' is clicked on

2017-10-11 14:28:06 - [MESSAGE][PASSED] - Object: 'Object Repository/User Management/Add New User/Module Dropdown Objects/Modules dropdown' is clicked on

2017-10-11 14:28:06 - [TEST_STEP][PASSED] - click: Object: 'Object Repository/User Management/Add New User/Module Dropdown Objects/User Management Dropdown' is clicked on

2017-10-11 14:28:07 - [MESSAGE][PASSED] - Object: 'Object Repository/User Management/Add New User/Module Dropdown Objects/User Management Dropdown' is clicked on

2017-10-11 14:28:07 - [TEST_STEP][PASSED] - click: Object: 'Object Repository/User Management/Add Department/User Settings Link/User Settings' is clicked on

2017-10-11 14:28:09 - [MESSAGE][PASSED] - Object: 'Object Repository/User Management/Add Department/User Settings Link/User Settings' is clicked on

2017-10-11 14:28:09 - [TEST_STEP][PASSED] - maximizeWindow: Current window maximized

2017-10-11 14:28:10 - [MESSAGE][PASSED] - Current window maximized

2017-10-11 14:28:10 - [TEST_STEP][PASSED] - click: Object: 'Object Repository/User Management/Add Department/Manage Department/Manage Departments Link' is clicked on

2017-10-11 14:28:10 - [MESSAGE][PASSED] - Object: 'Object Repository/User Management/Add Department/Manage Department/Manage Departments Link' is clicked on

2017-10-11 14:28:10 - [TEST_STEP][PASSED] - delay: Delayed 5 second(s)

2017-10-11 14:28:15 - [MESSAGE][PASSED] - Delayed 5 second(s)

2017-10-11 14:28:16 - [TEST_STEP][PASSED] - click: Object: 'Object Repository/User Management/Add Department/Manage Department/input_dept_addbtns' is clicked on

2017-10-11 14:28:16 - [MESSAGE][PASSED] - Object: 'Object Repository/User Management/Add Department/Manage Department/input_dept_addbtns' is clicked on

2017-10-11 14:28:16 - [TEST_STEP][PASSED] - setText: Text 'Trial' is set on object 'Object Repository/User Management/Add Department/Manage Department/input_dept_name'

2017-10-11 14:28:16 - [MESSAGE][PASSED] - Text 'Trial' is set on object 'Object Repository/User Management/Add Department/Manage Department/input_dept_name'

2017-10-11 14:28:16 - [TEST_STEP][PASSED] - click: Object: 'Object Repository/User Management/Add Department/Manage Department/button_Add' is clicked on

2017-10-11 14:28:16 - [MESSAGE][PASSED] - Object: 'Object Repository/User Management/Add Department/Manage Department/button_Add' is clicked on

2017-10-11 14:28:16 - [TEST_STEP][PASSED] - verifyElementPresent: Object 'Object Repository/User Management/Add Department/Manage Department/p_Trial added successfully' is present

2017-10-11 14:28:18 - [MESSAGE][PASSED] - Object 'Object Repository/User Management/Add Department/Manage Department/p_Trial added successfully' is present

2017-10-11 14:28:18 - [TEST_STEP][PASSED] - closeBrowser: Browser is closed

2017-10-11 14:28:19 - [MESSAGE][PASSED] - Browser is closed]]></system-out>
         <system-err><![CDATA[]]></system-err>
      </testcase>
      <system-out><![CDATA[2017-10-11 14:27:45 - [TEST_SUITE][PASSED] - Add Department: Test Cases/User Management/Department/Add Department]]></system-out>
      <system-err><![CDATA[]]></system-err>
   </testsuite>
</testsuites>
