<?xml version="1.0" encoding="UTF-8"?>
<testsuites name="Edit Department" time="69" tests="1" failures="0" errors="0">
   <testsuite name="Edit Department" tests="1" failures="0" errors="0" time="69" timestamp="2017-10-13 10:41:33" hostname="ChweyaJnr - 192.168.56.1" id="Test Suites/User Management/Department/Edit Department">
      <properties>
         <property name="deviceName" value=""/>
         <property name="devicePlatform" value=""/>
         <property name="logFolder" value="C:\\Users\\ChweyaJnr\\git\\VSMS-Test-Automation\\Reports\\User Management\\Department\\Edit Department\\20171013_104129"/>
         <property name="logFiles" value="C:\\Users\\ChweyaJnr\\git\\VSMS-Test-Automation\\Reports\\User Management\\Department\\Edit Department\\20171013_104129\\execution0.log"/>
         <property name="attachments" value=""/>
         <property name="hostName" value="ChweyaJnr - 192.168.56.1"/>
         <property name="os" value="Windows 10 64bit"/>
         <property name="katalonVersion" value="4.8.0.2"/>
         <property name="browser" value="Chrome 61.0.3163.100"/>
         <property name="hostAddress" value="192.168.56.1"/>
         <property name="sessionId" value="a05c3113073445777208e83e102da612"/>
         <property name="seleniumVersion" value="2.53.0"/>
         <property name="proxyInformation" value="ProxyInformation{proxyOption=NO_PROXY, proxyServerType=HTTP, password=, proxyServerAddress=, proxyServerPort=0}"/>
         <property name="platform" value="Windows 10"/>
      </properties>
      <testcase name="Test Cases/User Management/Department/Edit Department" classname="Test Cases/User Management/Department/Edit Department" status="PASSED">
         <system-out><![CDATA[2017-10-13 10:41:34 - [TEST_CASE][PASSED] - Test Cases/User Management/Department/Edit Department: Test Cases/User Management/Department/Edit Department

2017-10-13 10:41:35 - [TEST_STEP][PASSED] - callTestCase: Call Test Case 'Test Cases/LOGIN' successfully

2017-10-13 10:41:36 - [TEST_CASE][PASSED] - Test Cases/LOGIN: Test Cases/LOGIN

2017-10-13 10:41:36 - [TEST_STEP][PASSED] - openBrowser: Browser is opened with url: 'https://sandbox.vsms.tezzasolutions.com/index'

2017-10-13 10:41:53 - [MESSAGE][PASSED] - Browser is opened with url: 'https://sandbox.vsms.tezzasolutions.com/index'

2017-10-13 10:41:53 - [TEST_STEP][PASSED] - click: Object: 'Object Repository/login/a_Log in' is clicked on

2017-10-13 10:41:55 - [MESSAGE][PASSED] - Object: 'Object Repository/login/a_Log in' is clicked on

2017-10-13 10:41:55 - [TEST_STEP][PASSED] - setText: Text 'clarinenyauncho@gmail.com' is set on object 'Object Repository/login/input_email'

2017-10-13 10:41:56 - [MESSAGE][PASSED] - Text 'clarinenyauncho@gmail.com' is set on object 'Object Repository/login/input_email'

2017-10-13 10:41:56 - [TEST_STEP][PASSED] - setText: Text 'changeme' is set on object 'Object Repository/login/input_password'

2017-10-13 10:41:56 - [MESSAGE][PASSED] - Text 'changeme' is set on object 'Object Repository/login/input_password'

2017-10-13 10:41:56 - [TEST_STEP][PASSED] - click: Object: 'Object Repository/login/button_Login' is clicked on

2017-10-13 10:41:59 - [MESSAGE][PASSED] - Object: 'Object Repository/login/button_Login' is clicked on

2017-10-13 10:41:59 - [MESSAGE][PASSED] - Call Test Case 'Test Cases/LOGIN' successfully

2017-10-13 10:41:59 - [TEST_STEP][PASSED] - click: Object: 'Object Repository/User Management/Add New User/Module Dropdown Objects/Modules dropdown' is clicked on

2017-10-13 10:42:00 - [MESSAGE][PASSED] - Object: 'Object Repository/User Management/Add New User/Module Dropdown Objects/Modules dropdown' is clicked on

2017-10-13 10:42:00 - [TEST_STEP][PASSED] - click: Object: 'Object Repository/User Management/Add New User/Module Dropdown Objects/User Management Dropdown' is clicked on

2017-10-13 10:42:00 - [MESSAGE][PASSED] - Object: 'Object Repository/User Management/Add New User/Module Dropdown Objects/User Management Dropdown' is clicked on

2017-10-13 10:42:00 - [TEST_STEP][PASSED] - delay: Delayed 5 second(s)

2017-10-13 10:42:05 - [MESSAGE][PASSED] - Delayed 5 second(s)

2017-10-13 10:42:05 - [TEST_STEP][PASSED] - click: Object: 'Object Repository/User Management/Edit Department/User Settings Link/User Settings' is clicked on

2017-10-13 10:42:07 - [MESSAGE][PASSED] - Object: 'Object Repository/User Management/Edit Department/User Settings Link/User Settings' is clicked on

2017-10-13 10:42:07 - [TEST_STEP][PASSED] - maximizeWindow: Current window maximized

2017-10-13 10:42:09 - [MESSAGE][PASSED] - Current window maximized

2017-10-13 10:42:09 - [TEST_STEP][PASSED] - click: Object: 'Object Repository/User Management/Edit Department/Edit Department Details/Manage Departments Link' is clicked on

2017-10-13 10:42:09 - [MESSAGE][PASSED] - Object: 'Object Repository/User Management/Edit Department/Edit Department Details/Manage Departments Link' is clicked on

2017-10-13 10:42:09 - [TEST_STEP][PASSED] - setText: Text 'Trial' is set on object 'Object Repository/User Management/Edit Department/Edit Department Details/Search Department Input Field'

2017-10-13 10:42:09 - [MESSAGE][PASSED] - Text 'Trial' is set on object 'Object Repository/User Management/Edit Department/Edit Department Details/Search Department Input Field'

2017-10-13 10:42:09 - [TEST_STEP][PASSED] - delay: Delayed 20 second(s)

2017-10-13 10:42:29 - [MESSAGE][PASSED] - Delayed 20 second(s)

2017-10-13 10:42:29 - [TEST_STEP][PASSED] - click: Object: 'Object Repository/User Management/Edit Department/Edit Department Details/Edit button' is clicked on

2017-10-13 10:42:30 - [MESSAGE][PASSED] - Object: 'Object Repository/User Management/Edit Department/Edit Department Details/Edit button' is clicked on

2017-10-13 10:42:30 - [TEST_STEP][PASSED] - delay: Delayed 5 second(s)

2017-10-13 10:42:35 - [MESSAGE][PASSED] - Delayed 5 second(s)

2017-10-13 10:42:35 - [TEST_STEP][PASSED] - setText: Text 'Trial1' is set on object 'Object Repository/User Management/Edit Department/Edit Department Details/Department Name field'

2017-10-13 10:42:35 - [MESSAGE][PASSED] - Text 'Trial1' is set on object 'Object Repository/User Management/Edit Department/Edit Department Details/Department Name field'

2017-10-13 10:42:35 - [TEST_STEP][PASSED] - click: Object: 'Object Repository/User Management/Edit Department/Edit Department Details/button_Update' is clicked on

2017-10-13 10:42:35 - [MESSAGE][PASSED] - Object: 'Object Repository/User Management/Edit Department/Edit Department Details/button_Update' is clicked on

2017-10-13 10:42:35 - [TEST_STEP][PASSED] - delay: Delayed 5 second(s)

2017-10-13 10:42:40 - [MESSAGE][PASSED] - Delayed 5 second(s)

2017-10-13 10:42:40 - [TEST_STEP][PASSED] - click: Object: 'Object Repository/User Management/Edit Department/Edit Department Details/Trial1 updated successfully' is clicked on

2017-10-13 10:42:41 - [MESSAGE][PASSED] - Object: 'Object Repository/User Management/Edit Department/Edit Department Details/Trial1 updated successfully' is clicked on

2017-10-13 10:42:41 - [TEST_STEP][PASSED] - closeBrowser: Browser is closed

2017-10-13 10:42:43 - [MESSAGE][PASSED] - Browser is closed]]></system-out>
         <system-err><![CDATA[]]></system-err>
      </testcase>
      <system-out><![CDATA[2017-10-13 10:41:33 - [TEST_SUITE][PASSED] - Edit Department: Test Cases/User Management/Department/Edit Department]]></system-out>
      <system-err><![CDATA[]]></system-err>
   </testsuite>
</testsuites>
