<?xml version="1.0" encoding="UTF-8"?>
<testsuites name="Edit Event" time="59" tests="0" failures="1" errors="0">
   <testsuite name="Edit Event" tests="0" failures="1" errors="0" time="59" timestamp="2017-10-12 11:53:31" hostname="Gituto Nyawira - Gituto-PC" id="Test Suites/Calendar Management/Edit Event">
      <properties>
         <property name="deviceName" value=""/>
         <property name="devicePlatform" value=""/>
         <property name="logFolder" value="C:\\Users\\Gituto Nyawira\\git\\VSMS-Test-Automation\\Reports\\Calendar Management\\Edit Event\\20171012_115326"/>
         <property name="logFiles" value="C:\\Users\\Gituto Nyawira\\git\\VSMS-Test-Automation\\Reports\\Calendar Management\\Edit Event\\20171012_115326\\execution0.log"/>
         <property name="attachments" value="C:\\Users\\Gituto Nyawira\\git\\VSMS-Test-Automation\\Reports\\Calendar Management\\Edit Event\\20171012_115326\\1507798465718.png"/>
         <property name="hostName" value="Gituto Nyawira - Gituto-PC"/>
         <property name="os" value="Windows 10 64bit"/>
         <property name="katalonVersion" value="4.8.0.2"/>
         <property name="browser" value="Chrome 61.0.3163.100"/>
         <property name="hostAddress" value="192.168.43.189"/>
         <property name="sessionId" value="f2b87fa8dc634b779f1877cafdbee351"/>
         <property name="seleniumVersion" value="2.53.0"/>
         <property name="proxyInformation" value="ProxyInformation{proxyOption=NO_PROXY, proxyServerType=HTTP, password=, proxyServerAddress=, proxyServerPort=0}"/>
         <property name="platform" value="Windows 10"/>
      </properties>
      <testcase name="Test Cases/Calendar Management/Update Event" classname="Test Cases/Calendar Management/Update Event" status="FAILED">
         <failure type="FAILED" message="Unable to click on object 'Object Repository/Calendar Management/Update Event/button_Update Event' (Root cause: org.openqa.selenium.WebDriverException: unknown error: Element is not clickable at point (454, 668)
  (Session info: chrome=61.0.3163.100)
  (Driver info: chromedriver=2.31.488763 (092de99f48a300323ecf8c2a4e2e7cab51de5ba8),platform=Windows NT 10.0.15063 x86_64) (WARNING: The server did not provide any stacktrace information)
Command duration or timeout: 291 milliseconds
Build info: version: '2.53.0', revision: '35ae25b', time: '2016-03-15 17:00:58'
System info: host: 'Gituto-PC', ip: '192.168.43.189', os.name: 'Windows 10', os.arch: 'amd64', os.version: '10.0', java.version: '1.8.0_102'
Driver info: com.kms.katalon.selenium.driver.CChromeDriver
Capabilities [{applicationCacheEnabled=false, rotatable=false, mobileEmulationEnabled=false, networkConnectionEnabled=false, chrome={chromedriverVersion=2.31.488763 (092de99f48a300323ecf8c2a4e2e7cab51de5ba8), userDataDir=C:\Users\GITUTO~1\AppData\Local\Temp\scoped_dir7396_9599}, takesHeapSnapshot=true, pageLoadStrategy=normal, databaseEnabled=false, handlesAlerts=true, hasTouchScreen=false, version=61.0.3163.100, platform=XP, browserConnectionEnabled=false, nativeEvents=true, acceptSslCerts=true, locationContextEnabled=true, webStorageEnabled=true, browserName=chrome, takesScreenshot=true, javascriptEnabled=true, cssSelectorsEnabled=true, setWindowRect=true, unexpectedAlertBehaviour=}]
Session ID: f2b87fa8dc634b779f1877cafdbee351)"/>
         <system-out><![CDATA[2017-10-12 11:53:32 - [TEST_CASE][FAILED] - Test Cases/Calendar Management/Update Event: Test Cases/Calendar Management/Update Event FAILED because (of) Unable to click on object 'Object Repository/Calendar Management/Update Event/button_Update Event' (Root cause: org.openqa.selenium.WebDriverException: unknown error: Element is not clickable at point (454, 668)
  (Session info: chrome=61.0.3163.100)
  (Driver info: chromedriver=2.31.488763 (092de99f48a300323ecf8c2a4e2e7cab51de5ba8),platform=Windows NT 10.0.15063 x86_64) (WARNING: The server did not provide any stacktrace information)
Command duration or timeout: 291 milliseconds
Build info: version: '2.53.0', revision: '35ae25b', time: '2016-03-15 17:00:58'
System info: host: 'Gituto-PC', ip: '192.168.43.189', os.name: 'Windows 10', os.arch: 'amd64', os.version: '10.0', java.version: '1.8.0_102'
Driver info: com.kms.katalon.selenium.driver.CChromeDriver
Capabilities [{applicationCacheEnabled=false, rotatable=false, mobileEmulationEnabled=false, networkConnectionEnabled=false, chrome={chromedriverVersion=2.31.488763 (092de99f48a300323ecf8c2a4e2e7cab51de5ba8), userDataDir=C:\Users\GITUTO~1\AppData\Local\Temp\scoped_dir7396_9599}, takesHeapSnapshot=true, pageLoadStrategy=normal, databaseEnabled=false, handlesAlerts=true, hasTouchScreen=false, version=61.0.3163.100, platform=XP, browserConnectionEnabled=false, nativeEvents=true, acceptSslCerts=true, locationContextEnabled=true, webStorageEnabled=true, browserName=chrome, takesScreenshot=true, javascriptEnabled=true, cssSelectorsEnabled=true, setWindowRect=true, unexpectedAlertBehaviour=}]
Session ID: f2b87fa8dc634b779f1877cafdbee351)

2017-10-12 11:53:32 - [TEST_STEP][PASSED] - callTestCase: Call Test Case 'Test Cases/LOGIN' successfully

2017-10-12 11:53:33 - [TEST_CASE][PASSED] - Test Cases/LOGIN: Test Cases/LOGIN

2017-10-12 11:53:33 - [TEST_STEP][PASSED] - openBrowser: Browser is opened with url: 'https://sandbox.vsms.tezzasolutions.com/index'

2017-10-12 11:53:53 - [MESSAGE][PASSED] - Browser is opened with url: 'https://sandbox.vsms.tezzasolutions.com/index'

2017-10-12 11:53:53 - [TEST_STEP][PASSED] - click: Object: 'Object Repository/login/a_Log in' is clicked on

2017-10-12 11:53:57 - [MESSAGE][PASSED] - Object: 'Object Repository/login/a_Log in' is clicked on

2017-10-12 11:53:57 - [TEST_STEP][PASSED] - setText: Text 'clarinenyauncho@gmail.com' is set on object 'Object Repository/login/input_email'

2017-10-12 11:53:58 - [MESSAGE][PASSED] - Text 'clarinenyauncho@gmail.com' is set on object 'Object Repository/login/input_email'

2017-10-12 11:53:58 - [TEST_STEP][PASSED] - setText: Text 'changeme' is set on object 'Object Repository/login/input_password'

2017-10-12 11:53:59 - [MESSAGE][PASSED] - Text 'changeme' is set on object 'Object Repository/login/input_password'

2017-10-12 11:53:59 - [TEST_STEP][PASSED] - click: Object: 'Object Repository/login/button_Login' is clicked on

2017-10-12 11:54:03 - [MESSAGE][PASSED] - Object: 'Object Repository/login/button_Login' is clicked on

2017-10-12 11:54:04 - [MESSAGE][PASSED] - Call Test Case 'Test Cases/LOGIN' successfully

2017-10-12 11:54:04 - [TEST_STEP][PASSED] - maximizeWindow: Current window maximized

2017-10-12 11:54:05 - [MESSAGE][PASSED] - Current window maximized

2017-10-12 11:54:05 - [TEST_STEP][PASSED] - click: Object: 'Object Repository/Dashboard Page/a_Modules' is clicked on

2017-10-12 11:54:05 - [MESSAGE][PASSED] - Object: 'Object Repository/Dashboard Page/a_Modules' is clicked on

2017-10-12 11:54:06 - [TEST_STEP][PASSED] - click: Object: 'Object Repository/Dashboard Page/a_Calendar Management' is clicked on

2017-10-12 11:54:06 - [MESSAGE][PASSED] - Object: 'Object Repository/Dashboard Page/a_Calendar Management' is clicked on

2017-10-12 11:54:06 - [TEST_STEP][PASSED] - click: Object: 'Object Repository/Dashboard Page/a_Calendar' is clicked on

2017-10-12 11:54:11 - [MESSAGE][PASSED] - Object: 'Object Repository/Dashboard Page/a_Calendar' is clicked on

2017-10-12 11:54:11 - [TEST_STEP][PASSED] - click: Object: 'Object Repository/Calendar Management/Update Event/Even to update' is clicked on

2017-10-12 11:54:12 - [MESSAGE][PASSED] - Object: 'Object Repository/Calendar Management/Update Event/Even to update' is clicked on

2017-10-12 11:54:12 - [TEST_STEP][PASSED] - setText: Text 'Board Meetings' is set on object 'Object Repository/Calendar Management/Add new Event/Title'

2017-10-12 11:54:14 - [MESSAGE][PASSED] - Text 'Board Meetings' is set on object 'Object Repository/Calendar Management/Add new Event/Title'

2017-10-12 11:54:14 - [TEST_STEP][PASSED] - setText: Text '10/28/17' is set on object 'Object Repository/Calendar Management/Add new Event/Start Date'

2017-10-12 11:54:15 - [MESSAGE][PASSED] - Text '10/28/17' is set on object 'Object Repository/Calendar Management/Add new Event/Start Date'

2017-10-12 11:54:15 - [TEST_STEP][PASSED] - setText: Text '1300' is set on object 'Object Repository/Calendar Management/Add new Event/Start Time'

2017-10-12 11:54:16 - [MESSAGE][PASSED] - Text '1300' is set on object 'Object Repository/Calendar Management/Add new Event/Start Time'

2017-10-12 11:54:16 - [TEST_STEP][PASSED] - setText: Text '10/28/17' is set on object 'Object Repository/Calendar Management/Add new Event/End Date'

2017-10-12 11:54:17 - [MESSAGE][PASSED] - Text '10/28/17' is set on object 'Object Repository/Calendar Management/Add new Event/End Date'

2017-10-12 11:54:17 - [TEST_STEP][PASSED] - setText: Text '1800' is set on object 'Object Repository/Calendar Management/Add new Event/End Time'

2017-10-12 11:54:17 - [MESSAGE][PASSED] - Text '1800' is set on object 'Object Repository/Calendar Management/Add new Event/End Time'

2017-10-12 11:54:17 - [TEST_STEP][PASSED] - selectOptionByValue: All options with value '' are selected in object 'Object Repository/Calendar Management/Add new Event/Location' 

2017-10-12 11:54:18 - [MESSAGE][PASSED] - All options with value '' are selected in object 'Object Repository/Calendar Management/Add new Event/Location' 

2017-10-12 11:54:18 - [TEST_STEP][PASSED] - setText: Text 'Share-Holders Meeting' is set on object 'Object Repository/Calendar Management/Add new Event/Description'

2017-10-12 11:54:19 - [MESSAGE][PASSED] - Text 'Share-Holders Meeting' is set on object 'Object Repository/Calendar Management/Add new Event/Description'

2017-10-12 11:54:19 - [TEST_STEP][PASSED] - delay: Delayed 5 second(s)

2017-10-12 11:54:24 - [MESSAGE][PASSED] - Delayed 5 second(s)

2017-10-12 11:54:24 - [TEST_STEP][FAILED] - click: Unable to click on object 'Object Repository/Calendar Management/Update Event/button_Update Event' (Root cause: org.openqa.selenium.WebDriverException: unknown error: Element is not clickable at point (454, 668)
  (Session info: chrome=61.0.3163.100)
  (Driver info: chromedriver=2.31.488763 (092de99f48a300323ecf8c2a4e2e7cab51de5ba8),platform=Windows NT 10.0.15063 x86_64) (WARNING: The server did not provide any stacktrace information)
Command duration or timeout: 291 milliseconds
Build info: version: '2.53.0', revision: '35ae25b', time: '2016-03-15 17:00:58'
System info: host: 'Gituto-PC', ip: '192.168.43.189', os.name: 'Windows 10', os.arch: 'amd64', os.version: '10.0', java.version: '1.8.0_102'
Driver info: com.kms.katalon.selenium.driver.CChromeDriver
Capabilities [{applicationCacheEnabled=false, rotatable=false, mobileEmulationEnabled=false, networkConnectionEnabled=false, chrome={chromedriverVersion=2.31.488763 (092de99f48a300323ecf8c2a4e2e7cab51de5ba8), userDataDir=C:\Users\GITUTO~1\AppData\Local\Temp\scoped_dir7396_9599}, takesHeapSnapshot=true, pageLoadStrategy=normal, databaseEnabled=false, handlesAlerts=true, hasTouchScreen=false, version=61.0.3163.100, platform=XP, browserConnectionEnabled=false, nativeEvents=true, acceptSslCerts=true, locationContextEnabled=true, webStorageEnabled=true, browserName=chrome, takesScreenshot=true, javascriptEnabled=true, cssSelectorsEnabled=true, setWindowRect=true, unexpectedAlertBehaviour=}]
Session ID: f2b87fa8dc634b779f1877cafdbee351)

2017-10-12 11:54:26 - [MESSAGE][FAILED] - Unable to click on object 'Object Repository/Calendar Management/Update Event/button_Update Event' (Root cause: org.openqa.selenium.WebDriverException: unknown error: Element is not clickable at point (454, 668)
  (Session info: chrome=61.0.3163.100)
  (Driver info: chromedriver=2.31.488763 (092de99f48a300323ecf8c2a4e2e7cab51de5ba8),platform=Windows NT 10.0.15063 x86_64) (WARNING: The server did not provide any stacktrace information)
Command duration or timeout: 291 milliseconds
Build info: version: '2.53.0', revision: '35ae25b', time: '2016-03-15 17:00:58'
System info: host: 'Gituto-PC', ip: '192.168.43.189', os.name: 'Windows 10', os.arch: 'amd64', os.version: '10.0', java.version: '1.8.0_102'
Driver info: com.kms.katalon.selenium.driver.CChromeDriver
Capabilities [{applicationCacheEnabled=false, rotatable=false, mobileEmulationEnabled=false, networkConnectionEnabled=false, chrome={chromedriverVersion=2.31.488763 (092de99f48a300323ecf8c2a4e2e7cab51de5ba8), userDataDir=C:\Users\GITUTO~1\AppData\Local\Temp\scoped_dir7396_9599}, takesHeapSnapshot=true, pageLoadStrategy=normal, databaseEnabled=false, handlesAlerts=true, hasTouchScreen=false, version=61.0.3163.100, platform=XP, browserConnectionEnabled=false, nativeEvents=true, acceptSslCerts=true, locationContextEnabled=true, webStorageEnabled=true, browserName=chrome, takesScreenshot=true, javascriptEnabled=true, cssSelectorsEnabled=true, setWindowRect=true, unexpectedAlertBehaviour=}]
Session ID: f2b87fa8dc634b779f1877cafdbee351)
[[ATTACHMENT|C:\\Users\\Gituto Nyawira\\git\\VSMS-Test-Automation\\Reports\\Calendar Management\\Edit Event\\20171012_115326\\1507798465718.png]]]]></system-out>
         <system-err><![CDATA[2017-10-12 11:53:32 - [TEST_CASE][FAILED] - Test Cases/Calendar Management/Update Event: Test Cases/Calendar Management/Update Event FAILED because (of) Unable to click on object 'Object Repository/Calendar Management/Update Event/button_Update Event' (Root cause: org.openqa.selenium.WebDriverException: unknown error: Element is not clickable at point (454, 668)
  (Session info: chrome=61.0.3163.100)
  (Driver info: chromedriver=2.31.488763 (092de99f48a300323ecf8c2a4e2e7cab51de5ba8),platform=Windows NT 10.0.15063 x86_64) (WARNING: The server did not provide any stacktrace information)
Command duration or timeout: 291 milliseconds
Build info: version: '2.53.0', revision: '35ae25b', time: '2016-03-15 17:00:58'
System info: host: 'Gituto-PC', ip: '192.168.43.189', os.name: 'Windows 10', os.arch: 'amd64', os.version: '10.0', java.version: '1.8.0_102'
Driver info: com.kms.katalon.selenium.driver.CChromeDriver
Capabilities [{applicationCacheEnabled=false, rotatable=false, mobileEmulationEnabled=false, networkConnectionEnabled=false, chrome={chromedriverVersion=2.31.488763 (092de99f48a300323ecf8c2a4e2e7cab51de5ba8), userDataDir=C:\Users\GITUTO~1\AppData\Local\Temp\scoped_dir7396_9599}, takesHeapSnapshot=true, pageLoadStrategy=normal, databaseEnabled=false, handlesAlerts=true, hasTouchScreen=false, version=61.0.3163.100, platform=XP, browserConnectionEnabled=false, nativeEvents=true, acceptSslCerts=true, locationContextEnabled=true, webStorageEnabled=true, browserName=chrome, takesScreenshot=true, javascriptEnabled=true, cssSelectorsEnabled=true, setWindowRect=true, unexpectedAlertBehaviour=}]
Session ID: f2b87fa8dc634b779f1877cafdbee351)]]></system-err>
      </testcase>
      <system-out><![CDATA[2017-10-12 11:53:31 - [TEST_SUITE][FAILED] - Edit Event: Test Cases/Calendar Management/Update Event FAILED because (of) Unable to click on object 'Object Repository/Calendar Management/Update Event/button_Update Event' (Root cause: org.openqa.selenium.WebDriverException: unknown error: Element is not clickable at point (454, 668)
  (Session info: chrome=61.0.3163.100)
  (Driver info: chromedriver=2.31.488763 (092de99f48a300323ecf8c2a4e2e7cab51de5ba8),platform=Windows NT 10.0.15063 x86_64) (WARNING: The server did not provide any stacktrace information)
Command duration or timeout: 291 milliseconds
Build info: version: '2.53.0', revision: '35ae25b', time: '2016-03-15 17:00:58'
System info: host: 'Gituto-PC', ip: '192.168.43.189', os.name: 'Windows 10', os.arch: 'amd64', os.version: '10.0', java.version: '1.8.0_102'
Driver info: com.kms.katalon.selenium.driver.CChromeDriver
Capabilities [{applicationCacheEnabled=false, rotatable=false, mobileEmulationEnabled=false, networkConnectionEnabled=false, chrome={chromedriverVersion=2.31.488763 (092de99f48a300323ecf8c2a4e2e7cab51de5ba8), userDataDir=C:\Users\GITUTO~1\AppData\Local\Temp\scoped_dir7396_9599}, takesHeapSnapshot=true, pageLoadStrategy=normal, databaseEnabled=false, handlesAlerts=true, hasTouchScreen=false, version=61.0.3163.100, platform=XP, browserConnectionEnabled=false, nativeEvents=true, acceptSslCerts=true, locationContextEnabled=true, webStorageEnabled=true, browserName=chrome, takesScreenshot=true, javascriptEnabled=true, cssSelectorsEnabled=true, setWindowRect=true, unexpectedAlertBehaviour=}]
Session ID: f2b87fa8dc634b779f1877cafdbee351)]]></system-out>
      <system-err><![CDATA[2017-10-12 11:53:31 - [TEST_SUITE][FAILED] - Edit Event: Test Cases/Calendar Management/Update Event FAILED because (of) Unable to click on object 'Object Repository/Calendar Management/Update Event/button_Update Event' (Root cause: org.openqa.selenium.WebDriverException: unknown error: Element is not clickable at point (454, 668)
  (Session info: chrome=61.0.3163.100)
  (Driver info: chromedriver=2.31.488763 (092de99f48a300323ecf8c2a4e2e7cab51de5ba8),platform=Windows NT 10.0.15063 x86_64) (WARNING: The server did not provide any stacktrace information)
Command duration or timeout: 291 milliseconds
Build info: version: '2.53.0', revision: '35ae25b', time: '2016-03-15 17:00:58'
System info: host: 'Gituto-PC', ip: '192.168.43.189', os.name: 'Windows 10', os.arch: 'amd64', os.version: '10.0', java.version: '1.8.0_102'
Driver info: com.kms.katalon.selenium.driver.CChromeDriver
Capabilities [{applicationCacheEnabled=false, rotatable=false, mobileEmulationEnabled=false, networkConnectionEnabled=false, chrome={chromedriverVersion=2.31.488763 (092de99f48a300323ecf8c2a4e2e7cab51de5ba8), userDataDir=C:\Users\GITUTO~1\AppData\Local\Temp\scoped_dir7396_9599}, takesHeapSnapshot=true, pageLoadStrategy=normal, databaseEnabled=false, handlesAlerts=true, hasTouchScreen=false, version=61.0.3163.100, platform=XP, browserConnectionEnabled=false, nativeEvents=true, acceptSslCerts=true, locationContextEnabled=true, webStorageEnabled=true, browserName=chrome, takesScreenshot=true, javascriptEnabled=true, cssSelectorsEnabled=true, setWindowRect=true, unexpectedAlertBehaviour=}]
Session ID: f2b87fa8dc634b779f1877cafdbee351)]]></system-err>
   </testsuite>
</testsuites>
