<?xml version="1.0" encoding="UTF-8"?>
<testsuites name="Add Property" time="155" tests="0" failures="1" errors="0">
   <testsuite name="Add Property" tests="0" failures="1" errors="0" time="155" timestamp="2017-11-03 12:56:54" hostname="Stella - STEGAHZ" id="Test Suites/Property Management/Add Property">
      <properties>
         <property name="deviceName" value=""/>
         <property name="devicePlatform" value=""/>
         <property name="logFolder" value="C:\\Users\\Stella\\git\\VSMS-Test-Automation\\Reports\\Property Management\\Add Property\\20171103_125651"/>
         <property name="logFiles" value="C:\\Users\\Stella\\git\\VSMS-Test-Automation\\Reports\\Property Management\\Add Property\\20171103_125651\\execution0.log"/>
         <property name="attachments" value="C:\\Users\\Stella\\git\\VSMS-Test-Automation\\Reports\\Property Management\\Add Property\\20171103_125651\\1509703169034.png"/>
         <property name="hostName" value="Stella - STEGAHZ"/>
         <property name="os" value="Windows 8.1 64bit"/>
         <property name="katalonVersion" value="5.0.0.1"/>
         <property name="browser" value="Firefox 52.0"/>
         <property name="hostAddress" value="192.168.56.1"/>
         <property name="sessionId" value="459a9773-44ae-4963-ad74-fb61a671f281"/>
         <property name="seleniumVersion" value="2.53.0"/>
         <property name="proxyInformation" value="ProxyInformation{proxyOption=NO_PROXY, proxyServerType=, password=, proxyServerAddress=, proxyServerPort=0}"/>
         <property name="platform" value="Windows 8.1"/>
      </properties>
      <testcase name="Test Cases/Property management/Add Property" classname="Test Cases/Property management/Add Property" status="FAILED">
         <failure type="FAILED" message="com.kms.katalon.core.webui.exception.WebElementNotFoundException: Web element with id: 'Object Repository/Property Management/Add New Property/building added successfully' located by 'By.xpath: //*[@ng-show = 'successAlert'][count(. | //*[text() = '[sevver building] added successfully!']) = count(//*[text() = '[sevver building] added successfully!'])]' not found"/>
         <system-out><![CDATA[2017-11-03 12:56:55 - [TEST_CASE][FAILED] - Test Cases/Property management/Add Property: Test Cases/Property management/Add Property FAILED because (of) com.kms.katalon.core.webui.exception.WebElementNotFoundException: Web element with id: 'Object Repository/Property Management/Add New Property/building added successfully' located by 'By.xpath: //*[@ng-show = 'successAlert'][count(. | //*[text() = '[sevver building] added successfully!']) = count(//*[text() = '[sevver building] added successfully!'])]' not found

2017-11-03 12:56:56 - [TEST_STEP][PASSED] - callTestCase: Call Test Case 'Test Cases/Common/User Login' successfully

2017-11-03 12:56:56 - [TEST_CASE][PASSED] - Test Cases/Common/User Login: Test Cases/Common/User Login

2017-11-03 12:56:56 - [TEST_STEP][PASSED] - openBrowser: Browser is opened with url: 'https://sandbox.vsms.tezzasolutions.com/index'

2017-11-03 12:58:38 - [MESSAGE][PASSED] - Browser is opened with url: 'https://sandbox.vsms.tezzasolutions.com/index'

2017-11-03 12:58:38 - [TEST_STEP][PASSED] - maximizeWindow: Current window maximized

2017-11-03 12:58:38 - [MESSAGE][PASSED] - Current window maximized

2017-11-03 12:58:38 - [TEST_STEP][PASSED] - click: Object: 'Object Repository/login/a_Log in' is clicked on

2017-11-03 12:58:43 - [MESSAGE][PASSED] - Object: 'Object Repository/login/a_Log in' is clicked on

2017-11-03 12:58:43 - [TEST_STEP][PASSED] - setText: Text 'clarinenyauncho@gmail.com' is set on object 'Object Repository/login/input_email'

2017-11-03 12:58:50 - [MESSAGE][PASSED] - Text 'clarinenyauncho@gmail.com' is set on object 'Object Repository/login/input_email'

2017-11-03 12:58:50 - [TEST_STEP][PASSED] - verifyElementPresent: Object 'Object Repository/Page_Visitor Security Management Sy/VSMS  Sign In' is present

2017-11-03 12:58:50 - [MESSAGE][PASSED] - Object 'Object Repository/Page_Visitor Security Management Sy/VSMS  Sign In' is present

2017-11-03 12:58:50 - [TEST_STEP][PASSED] - setText: Text 'changeme' is set on object 'Object Repository/login/input_password'

2017-11-03 12:58:50 - [MESSAGE][PASSED] - Text 'changeme' is set on object 'Object Repository/login/input_password'

2017-11-03 12:58:50 - [TEST_STEP][PASSED] - verifyElementClickable: Object 'Object Repository/login/button_Login' is clickable

2017-11-03 12:58:50 - [MESSAGE][PASSED] - Object 'Object Repository/login/button_Login' is clickable

2017-11-03 12:58:50 - [TEST_STEP][PASSED] - click: Object: 'Object Repository/login/button_Login' is clicked on

2017-11-03 12:59:00 - [MESSAGE][PASSED] - Object: 'Object Repository/login/button_Login' is clicked on

2017-11-03 12:59:00 - [MESSAGE][PASSED] - Call Test Case 'Test Cases/Common/User Login' successfully

2017-11-03 12:59:00 - [TEST_STEP][PASSED] - callTestCase: Call Test Case 'Test Cases/Property management/Property management menu' successfully

2017-11-03 12:59:00 - [TEST_CASE][PASSED] - Test Cases/Property management/Property management menu: Test Cases/Property management/Property management menu

2017-11-03 12:59:00 - [TEST_STEP][PASSED] - click: Object: 'Object Repository/Property Management/Property menu/Modules' is clicked on

2017-11-03 12:59:00 - [MESSAGE][PASSED] - Object: 'Object Repository/Property Management/Property menu/Modules' is clicked on

2017-11-03 12:59:00 - [TEST_STEP][PASSED] - click: Object: 'Object Repository/Property Management/Property menu/Property Management' is clicked on

2017-11-03 12:59:01 - [MESSAGE][PASSED] - Object: 'Object Repository/Property Management/Property menu/Property Management' is clicked on

2017-11-03 12:59:01 - [TEST_STEP][PASSED] - click: Object: 'Object Repository/Property Management/Property menu/Property' is clicked on

2017-11-03 12:59:02 - [MESSAGE][PASSED] - Object: 'Object Repository/Property Management/Property menu/Property' is clicked on

2017-11-03 12:59:02 - [MESSAGE][PASSED] - Call Test Case 'Test Cases/Property management/Property management menu' successfully

2017-11-03 12:59:02 - [TEST_STEP][PASSED] - delay: Delayed 5 second(s)

2017-11-03 12:59:07 - [MESSAGE][PASSED] - Delayed 5 second(s)

2017-11-03 12:59:07 - [TEST_STEP][PASSED] - click: Object: 'Object Repository/Property Management/Add New Property/button_Add New' is clicked on

2017-11-03 12:59:09 - [MESSAGE][PASSED] - Object: 'Object Repository/Property Management/Add New Property/button_Add New' is clicked on

2017-11-03 12:59:09 - [TEST_STEP][PASSED] - delay: Delayed 5 second(s)

2017-11-03 12:59:14 - [MESSAGE][PASSED] - Delayed 5 second(s)

2017-11-03 12:59:14 - [TEST_STEP][PASSED] - setText: Text 'Kamata Apartments' is set on object 'Object Repository/Property Management/Add New Property/property_name'

2017-11-03 12:59:14 - [MESSAGE][PASSED] - Text 'Kamata Apartments' is set on object 'Object Repository/Property Management/Add New Property/property_name'

2017-11-03 12:59:14 - [TEST_STEP][PASSED] - selectOptionByLabel: All options with label 'Building' are selected in object 'Object Repository/Property Management/Add New Property/property_type_id' 

2017-11-03 12:59:15 - [MESSAGE][PASSED] - All options with label 'Building' are selected in object 'Object Repository/Property Management/Add New Property/property_type_id' 

2017-11-03 12:59:15 - [TEST_STEP][PASSED] - setText: Text '12365' is set on object 'Object Repository/Property Management/Add New Property/property_address1'

2017-11-03 12:59:15 - [MESSAGE][PASSED] - Text '12365' is set on object 'Object Repository/Property Management/Add New Property/property_address1'

2017-11-03 12:59:15 - [TEST_STEP][PASSED] - setText: Text '89' is set on object 'Object Repository/Property Management/Add New Property/property_address2'

2017-11-03 12:59:16 - [MESSAGE][PASSED] - Text '89' is set on object 'Object Repository/Property Management/Add New Property/property_address2'

2017-11-03 12:59:16 - [TEST_STEP][PASSED] - setText: Text 'kilome' is set on object 'Object Repository/Property Management/Add New Property/property_city'

2017-11-03 12:59:16 - [MESSAGE][PASSED] - Text 'kilome' is set on object 'Object Repository/Property Management/Add New Property/property_city'

2017-11-03 12:59:16 - [TEST_STEP][PASSED] - selectOptionByValue: All options with value 'Kenya' are selected in object 'Object Repository/Property Management/Add New Property/property_country' 

2017-11-03 12:59:16 - [MESSAGE][PASSED] - All options with value 'Kenya' are selected in object 'Object Repository/Property Management/Add New Property/property_country' 

2017-11-03 12:59:16 - [TEST_STEP][PASSED] - selectOptionByValue: All options with value 'Makueni' are selected in object 'Object Repository/Property Management/Add New Property/property_state' 

2017-11-03 12:59:17 - [MESSAGE][PASSED] - All options with value 'Makueni' are selected in object 'Object Repository/Property Management/Add New Property/property_state' 

2017-11-03 12:59:17 - [TEST_STEP][PASSED] - delay: Delayed 5 second(s)

2017-11-03 12:59:22 - [MESSAGE][PASSED] - Delayed 5 second(s)

2017-11-03 12:59:22 - [TEST_STEP][PASSED] - click: Object: 'Object Repository/Property Management/Add New Property/button_Add' is clicked on

2017-11-03 12:59:22 - [MESSAGE][PASSED] - Object: 'Object Repository/Property Management/Add New Property/button_Add' is clicked on

2017-11-03 12:59:22 - [TEST_STEP][PASSED] - delay: Delayed 3 second(s)

2017-11-03 12:59:25 - [MESSAGE][PASSED] - Delayed 3 second(s)

2017-11-03 12:59:25 - [TEST_STEP][FAILED] - verifyElementPresent: com.kms.katalon.core.webui.exception.WebElementNotFoundException: Web element with id: 'Object Repository/Property Management/Add New Property/building added successfully' located by 'By.xpath: //*[@ng-show = 'successAlert'][count(. | //*[text() = '[sevver building] added successfully!']) = count(//*[text() = '[sevver building] added successfully!'])]' not found

2017-11-03 12:59:29 - [MESSAGE][FAILED] - com.kms.katalon.core.webui.exception.WebElementNotFoundException: Web element with id: 'Object Repository/Property Management/Add New Property/building added successfully' located by 'By.xpath: //*[@ng-show = 'successAlert'][count(. | //*[text() = '[sevver building] added successfully!']) = count(//*[text() = '[sevver building] added successfully!'])]' not found
[[ATTACHMENT|C:\\Users\\Stella\\git\\VSMS-Test-Automation\\Reports\\Property Management\\Add Property\\20171103_125651\\1509703169034.png]]

2017-11-03 12:59:29 - [TEST_STEP][PASSED] - closeBrowser: Browser is closed

2017-11-03 12:59:30 - [MESSAGE][PASSED] - Browser is closed]]></system-out>
         <system-err><![CDATA[2017-11-03 12:56:55 - [TEST_CASE][FAILED] - Test Cases/Property management/Add Property: Test Cases/Property management/Add Property FAILED because (of) com.kms.katalon.core.webui.exception.WebElementNotFoundException: Web element with id: 'Object Repository/Property Management/Add New Property/building added successfully' located by 'By.xpath: //*[@ng-show = 'successAlert'][count(. | //*[text() = '[sevver building] added successfully!']) = count(//*[text() = '[sevver building] added successfully!'])]' not found]]></system-err>
      </testcase>
      <system-out><![CDATA[2017-11-03 12:56:54 - [TEST_SUITE][FAILED] - Add Property: Test Cases/Property management/Add Property FAILED because (of) com.kms.katalon.core.webui.exception.WebElementNotFoundException: Web element with id: 'Object Repository/Property Management/Add New Property/building added successfully' located by 'By.xpath: //*[@ng-show = 'successAlert'][count(. | //*[text() = '[sevver building] added successfully!']) = count(//*[text() = '[sevver building] added successfully!'])]' not found]]></system-out>
      <system-err><![CDATA[2017-11-03 12:56:54 - [TEST_SUITE][FAILED] - Add Property: Test Cases/Property management/Add Property FAILED because (of) com.kms.katalon.core.webui.exception.WebElementNotFoundException: Web element with id: 'Object Repository/Property Management/Add New Property/building added successfully' located by 'By.xpath: //*[@ng-show = 'successAlert'][count(. | //*[text() = '[sevver building] added successfully!']) = count(//*[text() = '[sevver building] added successfully!'])]' not found]]></system-err>
   </testsuite>
</testsuites>
