<?xml version="1.0" encoding="UTF-8"?>
<testsuites name="Sign Up" time="41" tests="1" failures="0" errors="0">
   <testsuite name="Sign Up" tests="1" failures="0" errors="0" time="41" timestamp="2017-10-12 11:47:26" hostname="ChweyaJnr - 192.168.56.1" id="Test Suites/Creating New Account/Sign Up">
      <properties>
         <property name="deviceName" value=""/>
         <property name="devicePlatform" value=""/>
         <property name="logFolder" value="C:\\Users\\ChweyaJnr\\git\\VSMS-Test-Automation\\Reports\\Creating New Account\\Sign Up\\20171012_114723"/>
         <property name="logFiles" value="C:\\Users\\ChweyaJnr\\git\\VSMS-Test-Automation\\Reports\\Creating New Account\\Sign Up\\20171012_114723\\execution0.log"/>
         <property name="attachments" value=""/>
         <property name="hostName" value="ChweyaJnr - 192.168.56.1"/>
         <property name="os" value="Windows 10 64bit"/>
         <property name="katalonVersion" value="4.8.0.2"/>
         <property name="browser" value="Chrome 61.0.3163.100"/>
         <property name="hostAddress" value="192.168.56.1"/>
         <property name="sessionId" value="435afd4072f91f47bd6ab875492ae93f"/>
         <property name="seleniumVersion" value="2.53.0"/>
         <property name="proxyInformation" value="ProxyInformation{proxyOption=NO_PROXY, proxyServerType=HTTP, password=, proxyServerAddress=, proxyServerPort=0}"/>
         <property name="platform" value="Windows 10"/>
      </properties>
      <testcase name="Test Cases/Creating New Account/Sign Up" classname="Test Cases/Creating New Account/Sign Up" status="PASSED">
         <system-out><![CDATA[2017-10-12 11:47:27 - [TEST_CASE][PASSED] - Test Cases/Creating New Account/Sign Up: Test Cases/Creating New Account/Sign Up

2017-10-12 11:47:28 - [TEST_STEP][PASSED] - openBrowser: Browser is opened with url: ''

2017-10-12 11:47:33 - [MESSAGE][PASSED] - Browser is opened with url: ''

2017-10-12 11:47:33 - [TEST_STEP][PASSED] - navigateToUrl: Navigate to 'https://sandbox.vsms.tezzasolutions.com/index' successfully

2017-10-12 11:47:39 - [MESSAGE][PASSED] - Navigate to 'https://sandbox.vsms.tezzasolutions.com/index' successfully

2017-10-12 11:47:39 - [TEST_STEP][PASSED] - click: Object: 'Object Repository/Creating New Account/Login Link/Log in Link' is clicked on

2017-10-12 11:47:41 - [MESSAGE][PASSED] - Object: 'Object Repository/Creating New Account/Login Link/Log in Link' is clicked on

2017-10-12 11:47:41 - [TEST_STEP][PASSED] - maximizeWindow: Current window maximized

2017-10-12 11:47:42 - [MESSAGE][PASSED] - Current window maximized

2017-10-12 11:47:42 - [TEST_STEP][PASSED] - click: Object: 'Object Repository/Creating New Account/Dont have account link/Dont have an account Link' is clicked on

2017-10-12 11:47:43 - [MESSAGE][PASSED] - Object: 'Object Repository/Creating New Account/Dont have account link/Dont have an account Link' is clicked on

2017-10-12 11:47:43 - [TEST_STEP][PASSED] - click: Object: 'Object Repository/Creating New Account/Subscribe/Subscribe Button' is clicked on

2017-10-12 11:47:48 - [MESSAGE][PASSED] - Object: 'Object Repository/Creating New Account/Subscribe/Subscribe Button' is clicked on

2017-10-12 11:47:48 - [TEST_STEP][PASSED] - setText: Text 'Tezza Test' is set on object 'Object Repository/Creating New Account/Sign Up/input_tenant_name'

2017-10-12 11:47:49 - [MESSAGE][PASSED] - Text 'Tezza Test' is set on object 'Object Repository/Creating New Account/Sign Up/input_tenant_name'

2017-10-12 11:47:49 - [TEST_STEP][PASSED] - setText: Text 'Chweya' is set on object 'Object Repository/Creating New Account/Sign Up/input_first_name'

2017-10-12 11:47:49 - [MESSAGE][PASSED] - Text 'Chweya' is set on object 'Object Repository/Creating New Account/Sign Up/input_first_name'

2017-10-12 11:47:49 - [TEST_STEP][PASSED] - setText: Text 'Charles' is set on object 'Object Repository/Creating New Account/Sign Up/input_last_name'

2017-10-12 11:47:50 - [MESSAGE][PASSED] - Text 'Charles' is set on object 'Object Repository/Creating New Account/Sign Up/input_last_name'

2017-10-12 11:47:50 - [TEST_STEP][PASSED] - setText: Text 'charles.chweyaa@tezzasolutions.com' is set on object 'Object Repository/Creating New Account/Sign Up/input_tenant_email'

2017-10-12 11:47:50 - [MESSAGE][PASSED] - Text 'charles.chweyaa@tezzasolutions.com' is set on object 'Object Repository/Creating New Account/Sign Up/input_tenant_email'

2017-10-12 11:47:50 - [TEST_STEP][PASSED] - setText: Text '0725165219' is set on object 'Object Repository/Creating New Account/Sign Up/input_tenant_phone'

2017-10-12 11:47:51 - [MESSAGE][PASSED] - Text '0725165219' is set on object 'Object Repository/Creating New Account/Sign Up/input_tenant_phone'

2017-10-12 11:47:51 - [TEST_STEP][PASSED] - delay: Delayed 5 second(s)

2017-10-12 11:47:56 - [MESSAGE][PASSED] - Delayed 5 second(s)

2017-10-12 11:47:56 - [TEST_STEP][PASSED] - click: Object: 'Object Repository/Creating New Account/Sign Up/span_select2-selection__arrow' is clicked on

2017-10-12 11:47:56 - [MESSAGE][PASSED] - Object: 'Object Repository/Creating New Account/Sign Up/span_select2-selection__arrow' is clicked on

2017-10-12 11:47:56 - [TEST_STEP][PASSED] - setText: Text 'Africa/Nairobi - (UTC+03:00) Nairobi' is set on object 'Object Repository/Creating New Account/Sign Up/input_select2-search__field'

2017-10-12 11:47:57 - [MESSAGE][PASSED] - Text 'Africa/Nairobi - (UTC+03:00) Nairobi' is set on object 'Object Repository/Creating New Account/Sign Up/input_select2-search__field'

2017-10-12 11:47:57 - [TEST_STEP][PASSED] - click: Object: 'Object Repository/Creating New Account/Sign Up/li_AfricaNairobi - (UTC0300) N' is clicked on

2017-10-12 11:47:57 - [MESSAGE][PASSED] - Object: 'Object Repository/Creating New Account/Sign Up/li_AfricaNairobi - (UTC0300) N' is clicked on

2017-10-12 11:47:57 - [TEST_STEP][PASSED] - selectOptionByValue: All options with value 'KES' are selected in object 'Object Repository/Creating New Account/Sign Up/select_currency'  using regular expression

2017-10-12 11:47:58 - [MESSAGE][PASSED] - All options with value 'KES' are selected in object 'Object Repository/Creating New Account/Sign Up/select_currency'  using regular expression

2017-10-12 11:47:58 - [TEST_STEP][PASSED] - click: Object: 'Object Repository/Creating New Account/Sign Up/input_terms' is clicked on

2017-10-12 11:47:58 - [MESSAGE][PASSED] - Object: 'Object Repository/Creating New Account/Sign Up/input_terms' is clicked on

2017-10-12 11:47:58 - [TEST_STEP][PASSED] - click: Object: 'Object Repository/Creating New Account/Sign Up/button_Subscribe' is clicked on

2017-10-12 11:48:00 - [MESSAGE][PASSED] - Object: 'Object Repository/Creating New Account/Sign Up/button_Subscribe' is clicked on

2017-10-12 11:48:00 - [TEST_STEP][PASSED] - delay: Delayed 6 second(s)

2017-10-12 11:48:06 - [MESSAGE][PASSED] - Delayed 6 second(s)

2017-10-12 11:48:06 - [TEST_STEP][PASSED] - closeBrowser: Browser is closed

2017-10-12 11:48:07 - [MESSAGE][PASSED] - Browser is closed]]></system-out>
         <system-err><![CDATA[]]></system-err>
      </testcase>
      <system-out><![CDATA[2017-10-12 11:47:26 - [TEST_SUITE][PASSED] - Sign Up: Test Cases/Creating New Account/Sign Up]]></system-out>
      <system-err><![CDATA[]]></system-err>
   </testsuite>
</testsuites>
