<?xml version="1.0" encoding="UTF-8"?>
<testsuites name="Edit Event" time="135" tests="0" failures="1" errors="0">
   <testsuite name="Edit Event" tests="0" failures="1" errors="0" time="135" timestamp="2017-10-30 14:38:38" hostname="Gituto Nyawira - Gituto-PC" id="Test Suites/Calendar Management/Edit Event">
      <properties>
         <property name="deviceName" value=""/>
         <property name="devicePlatform" value=""/>
         <property name="logFolder" value="C:\\Users\\Gituto Nyawira\\git\\VSMS-Test-Automation\\Reports\\Calendar Management\\Edit Event\\20171030_143817"/>
         <property name="logFiles" value="C:\\Users\\Gituto Nyawira\\git\\VSMS-Test-Automation\\Reports\\Calendar Management\\Edit Event\\20171030_143817\\execution0.log"/>
         <property name="attachments" value="C:\\Users\\Gituto Nyawira\\git\\VSMS-Test-Automation\\Reports\\Calendar Management\\Edit Event\\20171030_143817\\1509363646015.png"/>
         <property name="hostName" value="Gituto Nyawira - Gituto-PC"/>
         <property name="os" value="Windows 10 64bit"/>
         <property name="katalonVersion" value="4.8.0.2"/>
         <property name="browser" value="Chrome 61.0.3163.100"/>
         <property name="hostAddress" value="192.168.1.101"/>
         <property name="sessionId" value="2884633758e68d822eb7b7c0d2fdc912"/>
         <property name="seleniumVersion" value="2.53.0"/>
         <property name="proxyInformation" value="ProxyInformation{proxyOption=NO_PROXY, proxyServerType=HTTP, password=, proxyServerAddress=, proxyServerPort=0}"/>
         <property name="platform" value="Windows 10"/>
      </properties>
      <testcase name="Test Cases/Calendar Management/Update Event" classname="Test Cases/Calendar Management/Update Event" status="FAILED">
         <failure type="FAILED" message="Unable to click on object 'Object Repository/Calendar Management/Update Event/button_Update Event' (Root cause: com.kms.katalon.core.webui.exception.WebElementNotFoundException: Web element with id: 'Object Repository/Calendar Management/Update Event/button_Update Event' located by 'By.xpath: //button[count(. | //*[@ng-show = 'updatebutton']) = count(//*[@ng-show = 'updatebutton'])][count(. | id(&quot;page-wrapper&quot;)/div[@class=&quot;col-lg-12&quot;]/div[@class=&quot;hide_element&quot;]/div[@class=&quot;hide_element&quot;]/div[@class=&quot;row&quot;]/div[@class=&quot;col-md-7&quot;]/div[@class=&quot;panel panel-default&quot;]/div[@class=&quot;panel-body&quot;]/form[@class=&quot;form-horizontal ng-pristine ng-valid ng-valid-required&quot;]/div[@class=&quot;form-group form-group-sm&quot;]/div[@class=&quot;col-sm-offset-2 col-sm-10&quot;]/button[@class=&quot;btn  btn-info&quot;]) = count(id(&quot;page-wrapper&quot;)/div[@class=&quot;col-lg-12&quot;]/div[@class=&quot;hide_element&quot;]/div[@class=&quot;hide_element&quot;]/div[@class=&quot;row&quot;]/div[@class=&quot;col-md-7&quot;]/div[@class=&quot;panel panel-default&quot;]/div[@class=&quot;panel-body&quot;]/form[@class=&quot;form-horizontal ng-pristine ng-valid ng-valid-required&quot;]/div[@class=&quot;form-group form-group-sm&quot;]/div[@class=&quot;col-sm-offset-2 col-sm-10&quot;]/button[@class=&quot;btn  btn-info&quot;])][count(. | //*[@ng-click = 'updateEvent(formdata.id, eventForm.$valid)']) = count(//*[@ng-click = 'updateEvent(formdata.id, eventForm.$valid)'])][count(. | //*[contains(.,'Update Event')]) = count(//*[contains(.,'Update Event')])]' not found)"/>
         <system-out><![CDATA[2017-10-30 14:38:40 - [TEST_CASE][FAILED] - Test Cases/Calendar Management/Update Event: Test Cases/Calendar Management/Update Event FAILED because (of) Unable to click on object 'Object Repository/Calendar Management/Update Event/button_Update Event' (Root cause: com.kms.katalon.core.webui.exception.WebElementNotFoundException: Web element with id: 'Object Repository/Calendar Management/Update Event/button_Update Event' located by 'By.xpath: //button[count(. | //*[@ng-show = 'updatebutton']) = count(//*[@ng-show = 'updatebutton'])][count(. | id("page-wrapper")/div[@class="col-lg-12"]/div[@class="hide_element"]/div[@class="hide_element"]/div[@class="row"]/div[@class="col-md-7"]/div[@class="panel panel-default"]/div[@class="panel-body"]/form[@class="form-horizontal ng-pristine ng-valid ng-valid-required"]/div[@class="form-group form-group-sm"]/div[@class="col-sm-offset-2 col-sm-10"]/button[@class="btn  btn-info"]) = count(id("page-wrapper")/div[@class="col-lg-12"]/div[@class="hide_element"]/div[@class="hide_element"]/div[@class="row"]/div[@class="col-md-7"]/div[@class="panel panel-default"]/div[@class="panel-body"]/form[@class="form-horizontal ng-pristine ng-valid ng-valid-required"]/div[@class="form-group form-group-sm"]/div[@class="col-sm-offset-2 col-sm-10"]/button[@class="btn  btn-info"])][count(. | //*[@ng-click = 'updateEvent(formdata.id, eventForm.$valid)']) = count(//*[@ng-click = 'updateEvent(formdata.id, eventForm.$valid)'])][count(. | //*[contains(.,'Update Event')]) = count(//*[contains(.,'Update Event')])]' not found)

2017-10-30 14:38:45 - [TEST_STEP][PASSED] - callTestCase: Call Test Case 'Test Cases/Common/LOGIN' successfully

2017-10-30 14:38:46 - [TEST_CASE][PASSED] - Test Cases/Common/LOGIN: Test Cases/Common/LOGIN

2017-10-30 14:38:47 - [TEST_STEP][PASSED] - openBrowser: Browser is opened with url: 'https://sandbox.vsms.tezzasolutions.com/index'

2017-10-30 14:39:17 - [MESSAGE][PASSED] - Browser is opened with url: 'https://sandbox.vsms.tezzasolutions.com/index'

2017-10-30 14:39:17 - [TEST_STEP][PASSED] - maximizeWindow: Current window maximized

2017-10-30 14:39:19 - [MESSAGE][PASSED] - Current window maximized

2017-10-30 14:39:19 - [TEST_STEP][PASSED] - click: Object: 'Object Repository/login/a_Log in' is clicked on

2017-10-30 14:39:23 - [MESSAGE][PASSED] - Object: 'Object Repository/login/a_Log in' is clicked on

2017-10-30 14:39:23 - [TEST_STEP][PASSED] - setText: Text 'clarinenyauncho@gmail.com' is set on object 'Object Repository/login/input_email'

2017-10-30 14:39:25 - [MESSAGE][PASSED] - Text 'clarinenyauncho@gmail.com' is set on object 'Object Repository/login/input_email'

2017-10-30 14:39:25 - [TEST_STEP][PASSED] - setText: Text 'changeme' is set on object 'Object Repository/login/input_password'

2017-10-30 14:39:26 - [MESSAGE][PASSED] - Text 'changeme' is set on object 'Object Repository/login/input_password'

2017-10-30 14:39:26 - [TEST_STEP][PASSED] - click: Object: 'Object Repository/login/button_Login' is clicked on

2017-10-30 14:39:30 - [MESSAGE][PASSED] - Object: 'Object Repository/login/button_Login' is clicked on

2017-10-30 14:39:30 - [MESSAGE][PASSED] - Call Test Case 'Test Cases/Common/LOGIN' successfully

2017-10-30 14:39:30 - [TEST_STEP][PASSED] - maximizeWindow: Current window maximized

2017-10-30 14:39:30 - [MESSAGE][PASSED] - Current window maximized

2017-10-30 14:39:30 - [TEST_STEP][PASSED] - click: Object: 'Object Repository/Dashboard Page/a_Modules' is clicked on

2017-10-30 14:39:32 - [MESSAGE][PASSED] - Object: 'Object Repository/Dashboard Page/a_Modules' is clicked on

2017-10-30 14:39:32 - [TEST_STEP][PASSED] - click: Object: 'Object Repository/Dashboard Page/a_Calendar Management' is clicked on

2017-10-30 14:39:33 - [MESSAGE][PASSED] - Object: 'Object Repository/Dashboard Page/a_Calendar Management' is clicked on

2017-10-30 14:39:33 - [TEST_STEP][PASSED] - click: Object: 'Object Repository/Dashboard Page/a_Calendar' is clicked on

2017-10-30 14:39:39 - [MESSAGE][PASSED] - Object: 'Object Repository/Dashboard Page/a_Calendar' is clicked on

2017-10-30 14:39:39 - [TEST_STEP][PASSED] - click: Object: 'Object Repository/Calendar Management/Update Event/Even to update' is clicked on

2017-10-30 14:39:41 - [MESSAGE][PASSED] - Object: 'Object Repository/Calendar Management/Update Event/Even to update' is clicked on

2017-10-30 14:39:41 - [TEST_STEP][PASSED] - setText: Text 'Board Meetings' is set on object 'Object Repository/Calendar Management/Add new Event/Title'

2017-10-30 14:39:43 - [MESSAGE][PASSED] - Text 'Board Meetings' is set on object 'Object Repository/Calendar Management/Add new Event/Title'

2017-10-30 14:39:43 - [TEST_STEP][PASSED] - setText: Text '10/28/17' is set on object 'Object Repository/Calendar Management/Add new Event/Start Date'

2017-10-30 14:39:45 - [MESSAGE][PASSED] - Text '10/28/17' is set on object 'Object Repository/Calendar Management/Add new Event/Start Date'

2017-10-30 14:39:45 - [TEST_STEP][PASSED] - setText: Text '1300' is set on object 'Object Repository/Calendar Management/Add new Event/Start Time'

2017-10-30 14:39:45 - [MESSAGE][PASSED] - Text '1300' is set on object 'Object Repository/Calendar Management/Add new Event/Start Time'

2017-10-30 14:39:45 - [TEST_STEP][PASSED] - setText: Text '10/28/17' is set on object 'Object Repository/Calendar Management/Add new Event/End Date'

2017-10-30 14:39:47 - [MESSAGE][PASSED] - Text '10/28/17' is set on object 'Object Repository/Calendar Management/Add new Event/End Date'

2017-10-30 14:39:47 - [TEST_STEP][PASSED] - setText: Text '1800' is set on object 'Object Repository/Calendar Management/Add new Event/End Time'

2017-10-30 14:39:47 - [MESSAGE][PASSED] - Text '1800' is set on object 'Object Repository/Calendar Management/Add new Event/End Time'

2017-10-30 14:39:47 - [TEST_STEP][PASSED] - selectOptionByValue: All options with value '' are selected in object 'Object Repository/Calendar Management/Add new Event/Location' 

2017-10-30 14:39:48 - [MESSAGE][PASSED] - All options with value '' are selected in object 'Object Repository/Calendar Management/Add new Event/Location' 

2017-10-30 14:39:48 - [TEST_STEP][PASSED] - setText: Text 'Share-Holders Meeting' is set on object 'Object Repository/Calendar Management/Add new Event/Description'

2017-10-30 14:39:48 - [MESSAGE][PASSED] - Text 'Share-Holders Meeting' is set on object 'Object Repository/Calendar Management/Add new Event/Description'

2017-10-30 14:39:48 - [TEST_STEP][PASSED] - delay: Delayed 5 second(s)

2017-10-30 14:39:53 - [MESSAGE][PASSED] - Delayed 5 second(s)

2017-10-30 14:39:53 - [TEST_STEP][FAILED] - click: Unable to click on object 'Object Repository/Calendar Management/Update Event/button_Update Event' (Root cause: com.kms.katalon.core.webui.exception.WebElementNotFoundException: Web element with id: 'Object Repository/Calendar Management/Update Event/button_Update Event' located by 'By.xpath: //button[count(. | //*[@ng-show = 'updatebutton']) = count(//*[@ng-show = 'updatebutton'])][count(. | id("page-wrapper")/div[@class="col-lg-12"]/div[@class="hide_element"]/div[@class="hide_element"]/div[@class="row"]/div[@class="col-md-7"]/div[@class="panel panel-default"]/div[@class="panel-body"]/form[@class="form-horizontal ng-pristine ng-valid ng-valid-required"]/div[@class="form-group form-group-sm"]/div[@class="col-sm-offset-2 col-sm-10"]/button[@class="btn  btn-info"]) = count(id("page-wrapper")/div[@class="col-lg-12"]/div[@class="hide_element"]/div[@class="hide_element"]/div[@class="row"]/div[@class="col-md-7"]/div[@class="panel panel-default"]/div[@class="panel-body"]/form[@class="form-horizontal ng-pristine ng-valid ng-valid-required"]/div[@class="form-group form-group-sm"]/div[@class="col-sm-offset-2 col-sm-10"]/button[@class="btn  btn-info"])][count(. | //*[@ng-click = 'updateEvent(formdata.id, eventForm.$valid)']) = count(//*[@ng-click = 'updateEvent(formdata.id, eventForm.$valid)'])][count(. | //*[contains(.,'Update Event')]) = count(//*[contains(.,'Update Event')])]' not found)

2017-10-30 14:40:47 - [MESSAGE][FAILED] - Unable to click on object 'Object Repository/Calendar Management/Update Event/button_Update Event' (Root cause: com.kms.katalon.core.webui.exception.WebElementNotFoundException: Web element with id: 'Object Repository/Calendar Management/Update Event/button_Update Event' located by 'By.xpath: //button[count(. | //*[@ng-show = 'updatebutton']) = count(//*[@ng-show = 'updatebutton'])][count(. | id("page-wrapper")/div[@class="col-lg-12"]/div[@class="hide_element"]/div[@class="hide_element"]/div[@class="row"]/div[@class="col-md-7"]/div[@class="panel panel-default"]/div[@class="panel-body"]/form[@class="form-horizontal ng-pristine ng-valid ng-valid-required"]/div[@class="form-group form-group-sm"]/div[@class="col-sm-offset-2 col-sm-10"]/button[@class="btn  btn-info"]) = count(id("page-wrapper")/div[@class="col-lg-12"]/div[@class="hide_element"]/div[@class="hide_element"]/div[@class="row"]/div[@class="col-md-7"]/div[@class="panel panel-default"]/div[@class="panel-body"]/form[@class="form-horizontal ng-pristine ng-valid ng-valid-required"]/div[@class="form-group form-group-sm"]/div[@class="col-sm-offset-2 col-sm-10"]/button[@class="btn  btn-info"])][count(. | //*[@ng-click = 'updateEvent(formdata.id, eventForm.$valid)']) = count(//*[@ng-click = 'updateEvent(formdata.id, eventForm.$valid)'])][count(. | //*[contains(.,'Update Event')]) = count(//*[contains(.,'Update Event')])]' not found)
[[ATTACHMENT|C:\\Users\\Gituto Nyawira\\git\\VSMS-Test-Automation\\Reports\\Calendar Management\\Edit Event\\20171030_143817\\1509363646015.png]]

2017-10-30 14:40:47 - [TEST_STEP][PASSED] - closeBrowser: Browser is closed

2017-10-30 14:40:52 - [MESSAGE][PASSED] - Browser is closed]]></system-out>
         <system-err><![CDATA[2017-10-30 14:38:40 - [TEST_CASE][FAILED] - Test Cases/Calendar Management/Update Event: Test Cases/Calendar Management/Update Event FAILED because (of) Unable to click on object 'Object Repository/Calendar Management/Update Event/button_Update Event' (Root cause: com.kms.katalon.core.webui.exception.WebElementNotFoundException: Web element with id: 'Object Repository/Calendar Management/Update Event/button_Update Event' located by 'By.xpath: //button[count(. | //*[@ng-show = 'updatebutton']) = count(//*[@ng-show = 'updatebutton'])][count(. | id("page-wrapper")/div[@class="col-lg-12"]/div[@class="hide_element"]/div[@class="hide_element"]/div[@class="row"]/div[@class="col-md-7"]/div[@class="panel panel-default"]/div[@class="panel-body"]/form[@class="form-horizontal ng-pristine ng-valid ng-valid-required"]/div[@class="form-group form-group-sm"]/div[@class="col-sm-offset-2 col-sm-10"]/button[@class="btn  btn-info"]) = count(id("page-wrapper")/div[@class="col-lg-12"]/div[@class="hide_element"]/div[@class="hide_element"]/div[@class="row"]/div[@class="col-md-7"]/div[@class="panel panel-default"]/div[@class="panel-body"]/form[@class="form-horizontal ng-pristine ng-valid ng-valid-required"]/div[@class="form-group form-group-sm"]/div[@class="col-sm-offset-2 col-sm-10"]/button[@class="btn  btn-info"])][count(. | //*[@ng-click = 'updateEvent(formdata.id, eventForm.$valid)']) = count(//*[@ng-click = 'updateEvent(formdata.id, eventForm.$valid)'])][count(. | //*[contains(.,'Update Event')]) = count(//*[contains(.,'Update Event')])]' not found)]]></system-err>
      </testcase>
      <system-out><![CDATA[2017-10-30 14:38:38 - [TEST_SUITE][FAILED] - Edit Event: Test Cases/Calendar Management/Update Event FAILED because (of) Unable to click on object 'Object Repository/Calendar Management/Update Event/button_Update Event' (Root cause: com.kms.katalon.core.webui.exception.WebElementNotFoundException: Web element with id: 'Object Repository/Calendar Management/Update Event/button_Update Event' located by 'By.xpath: //button[count(. | //*[@ng-show = 'updatebutton']) = count(//*[@ng-show = 'updatebutton'])][count(. | id("page-wrapper")/div[@class="col-lg-12"]/div[@class="hide_element"]/div[@class="hide_element"]/div[@class="row"]/div[@class="col-md-7"]/div[@class="panel panel-default"]/div[@class="panel-body"]/form[@class="form-horizontal ng-pristine ng-valid ng-valid-required"]/div[@class="form-group form-group-sm"]/div[@class="col-sm-offset-2 col-sm-10"]/button[@class="btn  btn-info"]) = count(id("page-wrapper")/div[@class="col-lg-12"]/div[@class="hide_element"]/div[@class="hide_element"]/div[@class="row"]/div[@class="col-md-7"]/div[@class="panel panel-default"]/div[@class="panel-body"]/form[@class="form-horizontal ng-pristine ng-valid ng-valid-required"]/div[@class="form-group form-group-sm"]/div[@class="col-sm-offset-2 col-sm-10"]/button[@class="btn  btn-info"])][count(. | //*[@ng-click = 'updateEvent(formdata.id, eventForm.$valid)']) = count(//*[@ng-click = 'updateEvent(formdata.id, eventForm.$valid)'])][count(. | //*[contains(.,'Update Event')]) = count(//*[contains(.,'Update Event')])]' not found)]]></system-out>
      <system-err><![CDATA[2017-10-30 14:38:38 - [TEST_SUITE][FAILED] - Edit Event: Test Cases/Calendar Management/Update Event FAILED because (of) Unable to click on object 'Object Repository/Calendar Management/Update Event/button_Update Event' (Root cause: com.kms.katalon.core.webui.exception.WebElementNotFoundException: Web element with id: 'Object Repository/Calendar Management/Update Event/button_Update Event' located by 'By.xpath: //button[count(. | //*[@ng-show = 'updatebutton']) = count(//*[@ng-show = 'updatebutton'])][count(. | id("page-wrapper")/div[@class="col-lg-12"]/div[@class="hide_element"]/div[@class="hide_element"]/div[@class="row"]/div[@class="col-md-7"]/div[@class="panel panel-default"]/div[@class="panel-body"]/form[@class="form-horizontal ng-pristine ng-valid ng-valid-required"]/div[@class="form-group form-group-sm"]/div[@class="col-sm-offset-2 col-sm-10"]/button[@class="btn  btn-info"]) = count(id("page-wrapper")/div[@class="col-lg-12"]/div[@class="hide_element"]/div[@class="hide_element"]/div[@class="row"]/div[@class="col-md-7"]/div[@class="panel panel-default"]/div[@class="panel-body"]/form[@class="form-horizontal ng-pristine ng-valid ng-valid-required"]/div[@class="form-group form-group-sm"]/div[@class="col-sm-offset-2 col-sm-10"]/button[@class="btn  btn-info"])][count(. | //*[@ng-click = 'updateEvent(formdata.id, eventForm.$valid)']) = count(//*[@ng-click = 'updateEvent(formdata.id, eventForm.$valid)'])][count(. | //*[contains(.,'Update Event')]) = count(//*[contains(.,'Update Event')])]' not found)]]></system-err>
   </testsuite>
</testsuites>
