<?xml version="1.0" encoding="UTF-8"?>
<testsuites name="Edit Asset Types" time="61" tests="1" failures="0" errors="0">
   <testsuite name="Edit Asset Types" tests="1" failures="0" errors="0" time="61" timestamp="2017-10-16 13:18:33" hostname="Stella - STEGAHZ" id="Test Suites/User Management/Visitor Asset Type/Edit Asset Types">
      <properties>
         <property name="deviceName" value=""/>
         <property name="devicePlatform" value=""/>
         <property name="logFolder" value="C:\\Users\\Stella\\git\\VSMS-Test-Automation\\Reports\\User Management\\Visitor Asset Type\\Edit Asset Types\\20171016_131830"/>
         <property name="logFiles" value="C:\\Users\\Stella\\git\\VSMS-Test-Automation\\Reports\\User Management\\Visitor Asset Type\\Edit Asset Types\\20171016_131830\\execution0.log"/>
         <property name="attachments" value=""/>
         <property name="hostName" value="Stella - STEGAHZ"/>
         <property name="os" value="Windows 8.1 64bit"/>
         <property name="katalonVersion" value="4.8.0.2"/>
         <property name="browser" value="Firefox 55.0"/>
         <property name="hostAddress" value="192.168.56.1"/>
         <property name="sessionId" value="f3321f1e-2da5-47b7-a93d-1566d7434e58"/>
         <property name="seleniumVersion" value="2.53.0"/>
         <property name="proxyInformation" value="ProxyInformation{proxyOption=NO_PROXY, proxyServerType=, password=, proxyServerAddress=, proxyServerPort=0}"/>
         <property name="platform" value="Windows 8.1"/>
      </properties>
      <testcase name="Test Cases/User Management/Visitor Asset Types/Edit Asset Types" classname="Test Cases/User Management/Visitor Asset Types/Edit Asset Types" status="PASSED">
         <system-out><![CDATA[2017-10-16 13:18:34 - [TEST_CASE][PASSED] - Test Cases/User Management/Visitor Asset Types/Edit Asset Types: Test Cases/User Management/Visitor Asset Types/Edit Asset Types

2017-10-16 13:18:35 - [TEST_STEP][PASSED] - callTestCase: Call Test Case 'Test Cases/LOGIN' successfully

2017-10-16 13:18:35 - [TEST_CASE][PASSED] - Test Cases/LOGIN: Test Cases/LOGIN

2017-10-16 13:18:35 - [TEST_STEP][PASSED] - openBrowser: Browser is opened with url: 'https://sandbox.vsms.tezzasolutions.com/index'

2017-10-16 13:19:14 - [MESSAGE][PASSED] - Browser is opened with url: 'https://sandbox.vsms.tezzasolutions.com/index'

2017-10-16 13:19:14 - [TEST_STEP][PASSED] - maximizeWindow: Current window maximized

2017-10-16 13:19:15 - [MESSAGE][PASSED] - Current window maximized

2017-10-16 13:19:15 - [TEST_STEP][PASSED] - click: Object: 'Object Repository/login/a_Log in' is clicked on

2017-10-16 13:19:15 - [MESSAGE][PASSED] - Object: 'Object Repository/login/a_Log in' is clicked on

2017-10-16 13:19:15 - [TEST_STEP][PASSED] - setText: Text 'clarinenyauncho@gmail.com' is set on object 'Object Repository/login/input_email'

2017-10-16 13:19:20 - [MESSAGE][PASSED] - Text 'clarinenyauncho@gmail.com' is set on object 'Object Repository/login/input_email'

2017-10-16 13:19:20 - [TEST_STEP][PASSED] - setText: Text 'changeme' is set on object 'Object Repository/login/input_password'

2017-10-16 13:19:20 - [MESSAGE][PASSED] - Text 'changeme' is set on object 'Object Repository/login/input_password'

2017-10-16 13:19:20 - [TEST_STEP][PASSED] - click: Object: 'Object Repository/login/button_Login' is clicked on

2017-10-16 13:19:22 - [MESSAGE][PASSED] - Object: 'Object Repository/login/button_Login' is clicked on

2017-10-16 13:19:22 - [MESSAGE][PASSED] - Call Test Case 'Test Cases/LOGIN' successfully

2017-10-16 13:19:22 - [TEST_STEP][PASSED] - click: Object: 'Object Repository/User Management/Visitor Types/a_Modules' is clicked on

2017-10-16 13:19:23 - [MESSAGE][PASSED] - Object: 'Object Repository/User Management/Visitor Types/a_Modules' is clicked on

2017-10-16 13:19:23 - [TEST_STEP][PASSED] - click: Object: 'Object Repository/User Management/Visitor Types/a_User  Management' is clicked on

2017-10-16 13:19:23 - [MESSAGE][PASSED] - Object: 'Object Repository/User Management/Visitor Types/a_User  Management' is clicked on

2017-10-16 13:19:23 - [TEST_STEP][PASSED] - click: Object: 'Object Repository/User Management/Visitor Types/a_User Settings' is clicked on

2017-10-16 13:19:24 - [MESSAGE][PASSED] - Object: 'Object Repository/User Management/Visitor Types/a_User Settings' is clicked on

2017-10-16 13:19:24 - [TEST_STEP][PASSED] - click: Object: 'Object Repository/User Management/Visitor Types/a_Manage Visitor Types' is clicked on

2017-10-16 13:19:26 - [MESSAGE][PASSED] - Object: 'Object Repository/User Management/Visitor Types/a_Manage Visitor Types' is clicked on

2017-10-16 13:19:26 - [TEST_STEP][PASSED] - click: Object: 'Object Repository/User Management/Visitor Asset Types/i_fa fa-edit' is clicked on

2017-10-16 13:19:27 - [MESSAGE][PASSED] - Object: 'Object Repository/User Management/Visitor Asset Types/i_fa fa-edit' is clicked on

2017-10-16 13:19:27 - [TEST_STEP][PASSED] - setText: Text '' is set on object 'Object Repository/User Management/Visitor Asset Types/edit_asset_description'

2017-10-16 13:19:31 - [MESSAGE][PASSED] - Text '' is set on object 'Object Repository/User Management/Visitor Asset Types/edit_asset_description'

2017-10-16 13:19:31 - [TEST_STEP][PASSED] - click: Object: 'Object Repository/User Management/Visitor Asset Types/button_Update' is clicked on

2017-10-16 13:19:32 - [MESSAGE][PASSED] - Object: 'Object Repository/User Management/Visitor Asset Types/button_Update' is clicked on

2017-10-16 13:19:32 - [TEST_STEP][PASSED] - delay: Delayed 2 second(s)

2017-10-16 13:19:34 - [MESSAGE][PASSED] - Delayed 2 second(s)

2017-10-16 13:19:34 - [TEST_STEP][PASSED] - closeBrowser: Browser is closed

2017-10-16 13:19:34 - [MESSAGE][PASSED] - Browser is closed]]></system-out>
         <system-err><![CDATA[]]></system-err>
      </testcase>
      <system-out><![CDATA[2017-10-16 13:18:33 - [TEST_SUITE][PASSED] - Edit Asset Types: Test Cases/User Management/Visitor Asset Types/Edit Asset Types]]></system-out>
      <system-err><![CDATA[]]></system-err>
   </testsuite>
</testsuites>
