<?xml version="1.0" encoding="UTF-8"?>
<testsuites name="Sign Up" time="73" tests="0" failures="1" errors="0">
   <testsuite name="Sign Up" tests="0" failures="1" errors="0" time="73" timestamp="2017-10-12 11:45:10" hostname="ChweyaJnr - 192.168.56.1" id="Test Suites/Creating New Account/Sign Up">
      <properties>
         <property name="deviceName" value=""/>
         <property name="devicePlatform" value=""/>
         <property name="logFolder" value="C:\\Users\\ChweyaJnr\\git\\VSMS-Test-Automation\\Reports\\Creating New Account\\Sign Up\\20171012_114507"/>
         <property name="logFiles" value="C:\\Users\\ChweyaJnr\\git\\VSMS-Test-Automation\\Reports\\Creating New Account\\Sign Up\\20171012_114507\\execution0.log"/>
         <property name="attachments" value="C:\\Users\\ChweyaJnr\\git\\VSMS-Test-Automation\\Reports\\Creating New Account\\Sign Up\\20171012_114507\\1507797975128.png"/>
         <property name="hostName" value="ChweyaJnr - 192.168.56.1"/>
         <property name="os" value="Windows 10 64bit"/>
         <property name="katalonVersion" value="4.8.0.2"/>
         <property name="browser" value="Chrome 61.0.3163.100"/>
         <property name="hostAddress" value="192.168.56.1"/>
         <property name="sessionId" value="b6b453954dc32c5216a2e0c527f3c2f5"/>
         <property name="seleniumVersion" value="2.53.0"/>
         <property name="proxyInformation" value="ProxyInformation{proxyOption=NO_PROXY, proxyServerType=HTTP, password=, proxyServerAddress=, proxyServerPort=0}"/>
         <property name="platform" value="Windows 10"/>
      </properties>
      <testcase name="Test Cases/Creating New Account/Sign Up" classname="Test Cases/Creating New Account/Sign Up" status="FAILED">
         <failure type="FAILED" message="Unable to click on object 'Object Repository/Creating New Account/Sign Up/li_AfricaNairobi - (UTC0300) N' (Root cause: com.kms.katalon.core.webui.exception.WebElementNotFoundException: Web element with id: 'Object Repository/Creating New Account/Sign Up/li_AfricaNairobi - (UTC0300) N' located by 'By.xpath: /span[@class=&quot;select2-container select2-container--bootstrap select2-container--open&quot;]/span[@class=&quot;select2-dropdown select2-dropdown--below&quot;]/span[@class=&quot;select2-results&quot;]/ul[@id=&quot;select2-timezone-results&quot;]/li[@id=&quot;select2-timezone-result-43vc-Africa/Nairobi&quot;]' not found)"/>
         <system-out><![CDATA[2017-10-12 11:45:11 - [TEST_CASE][FAILED] - Test Cases/Creating New Account/Sign Up: Test Cases/Creating New Account/Sign Up FAILED because (of) Unable to click on object 'Object Repository/Creating New Account/Sign Up/li_AfricaNairobi - (UTC0300) N' (Root cause: com.kms.katalon.core.webui.exception.WebElementNotFoundException: Web element with id: 'Object Repository/Creating New Account/Sign Up/li_AfricaNairobi - (UTC0300) N' located by 'By.xpath: /span[@class="select2-container select2-container--bootstrap select2-container--open"]/span[@class="select2-dropdown select2-dropdown--below"]/span[@class="select2-results"]/ul[@id="select2-timezone-results"]/li[@id="select2-timezone-result-43vc-Africa/Nairobi"]' not found)

2017-10-12 11:45:13 - [TEST_STEP][PASSED] - openBrowser: Browser is opened with url: ''

2017-10-12 11:45:19 - [MESSAGE][PASSED] - Browser is opened with url: ''

2017-10-12 11:45:19 - [TEST_STEP][PASSED] - navigateToUrl: Navigate to 'https://sandbox.vsms.tezzasolutions.com/index' successfully

2017-10-12 11:45:25 - [MESSAGE][PASSED] - Navigate to 'https://sandbox.vsms.tezzasolutions.com/index' successfully

2017-10-12 11:45:25 - [TEST_STEP][PASSED] - click: Object: 'Object Repository/Creating New Account/Login Link/Log in Link' is clicked on

2017-10-12 11:45:27 - [MESSAGE][PASSED] - Object: 'Object Repository/Creating New Account/Login Link/Log in Link' is clicked on

2017-10-12 11:45:27 - [TEST_STEP][PASSED] - maximizeWindow: Current window maximized

2017-10-12 11:45:28 - [MESSAGE][PASSED] - Current window maximized

2017-10-12 11:45:28 - [TEST_STEP][PASSED] - click: Object: 'Object Repository/Creating New Account/Dont have account link/Dont have an account Link' is clicked on

2017-10-12 11:45:29 - [MESSAGE][PASSED] - Object: 'Object Repository/Creating New Account/Dont have account link/Dont have an account Link' is clicked on

2017-10-12 11:45:29 - [TEST_STEP][PASSED] - click: Object: 'Object Repository/Creating New Account/Subscribe/Subscribe Button' is clicked on

2017-10-12 11:45:35 - [MESSAGE][PASSED] - Object: 'Object Repository/Creating New Account/Subscribe/Subscribe Button' is clicked on

2017-10-12 11:45:35 - [TEST_STEP][PASSED] - setText: Text 'Tezza Test' is set on object 'Object Repository/Creating New Account/Sign Up/input_tenant_name'

2017-10-12 11:45:35 - [MESSAGE][PASSED] - Text 'Tezza Test' is set on object 'Object Repository/Creating New Account/Sign Up/input_tenant_name'

2017-10-12 11:45:35 - [TEST_STEP][PASSED] - setText: Text 'Chweya' is set on object 'Object Repository/Creating New Account/Sign Up/input_first_name'

2017-10-12 11:45:36 - [MESSAGE][PASSED] - Text 'Chweya' is set on object 'Object Repository/Creating New Account/Sign Up/input_first_name'

2017-10-12 11:45:36 - [TEST_STEP][PASSED] - setText: Text 'Charles' is set on object 'Object Repository/Creating New Account/Sign Up/input_last_name'

2017-10-12 11:45:36 - [MESSAGE][PASSED] - Text 'Charles' is set on object 'Object Repository/Creating New Account/Sign Up/input_last_name'

2017-10-12 11:45:36 - [TEST_STEP][PASSED] - setText: Text 'charles.chweyaa@tezzasolutions.com' is set on object 'Object Repository/Creating New Account/Sign Up/input_tenant_email'

2017-10-12 11:45:37 - [MESSAGE][PASSED] - Text 'charles.chweyaa@tezzasolutions.com' is set on object 'Object Repository/Creating New Account/Sign Up/input_tenant_email'

2017-10-12 11:45:37 - [TEST_STEP][PASSED] - setText: Text '0725165219' is set on object 'Object Repository/Creating New Account/Sign Up/input_tenant_phone'

2017-10-12 11:45:37 - [MESSAGE][PASSED] - Text '0725165219' is set on object 'Object Repository/Creating New Account/Sign Up/input_tenant_phone'

2017-10-12 11:45:37 - [TEST_STEP][PASSED] - delay: Delayed 5 second(s)

2017-10-12 11:45:42 - [MESSAGE][PASSED] - Delayed 5 second(s)

2017-10-12 11:45:42 - [TEST_STEP][PASSED] - click: Object: 'Object Repository/Creating New Account/Sign Up/span_select2-selection__arrow' is clicked on

2017-10-12 11:45:43 - [MESSAGE][PASSED] - Object: 'Object Repository/Creating New Account/Sign Up/span_select2-selection__arrow' is clicked on

2017-10-12 11:45:43 - [TEST_STEP][PASSED] - setText: Text 'Africa/Nairobi - (UTC+03:00) Nairobi' is set on object 'Object Repository/Creating New Account/Sign Up/input_select2-search__field'

2017-10-12 11:45:44 - [MESSAGE][PASSED] - Text 'Africa/Nairobi - (UTC+03:00) Nairobi' is set on object 'Object Repository/Creating New Account/Sign Up/input_select2-search__field'

2017-10-12 11:45:44 - [TEST_STEP][FAILED] - click: Unable to click on object 'Object Repository/Creating New Account/Sign Up/li_AfricaNairobi - (UTC0300) N' (Root cause: com.kms.katalon.core.webui.exception.WebElementNotFoundException: Web element with id: 'Object Repository/Creating New Account/Sign Up/li_AfricaNairobi - (UTC0300) N' located by 'By.xpath: /span[@class="select2-container select2-container--bootstrap select2-container--open"]/span[@class="select2-dropdown select2-dropdown--below"]/span[@class="select2-results"]/ul[@id="select2-timezone-results"]/li[@id="select2-timezone-result-43vc-Africa/Nairobi"]' not found)

2017-10-12 11:46:15 - [MESSAGE][FAILED] - Unable to click on object 'Object Repository/Creating New Account/Sign Up/li_AfricaNairobi - (UTC0300) N' (Root cause: com.kms.katalon.core.webui.exception.WebElementNotFoundException: Web element with id: 'Object Repository/Creating New Account/Sign Up/li_AfricaNairobi - (UTC0300) N' located by 'By.xpath: /span[@class="select2-container select2-container--bootstrap select2-container--open"]/span[@class="select2-dropdown select2-dropdown--below"]/span[@class="select2-results"]/ul[@id="select2-timezone-results"]/li[@id="select2-timezone-result-43vc-Africa/Nairobi"]' not found)
[[ATTACHMENT|C:\\Users\\ChweyaJnr\\git\\VSMS-Test-Automation\\Reports\\Creating New Account\\Sign Up\\20171012_114507\\1507797975128.png]]

2017-10-12 11:46:15 - [TEST_STEP][PASSED] - selectOptionByValue: All options with value 'KES' are selected in object 'Object Repository/Creating New Account/Sign Up/select_currency'  using regular expression

2017-10-12 11:46:15 - [MESSAGE][PASSED] - All options with value 'KES' are selected in object 'Object Repository/Creating New Account/Sign Up/select_currency'  using regular expression

2017-10-12 11:46:15 - [TEST_STEP][PASSED] - click: Object: 'Object Repository/Creating New Account/Sign Up/input_terms' is clicked on

2017-10-12 11:46:16 - [MESSAGE][PASSED] - Object: 'Object Repository/Creating New Account/Sign Up/input_terms' is clicked on

2017-10-12 11:46:16 - [TEST_STEP][PASSED] - click: Object: 'Object Repository/Creating New Account/Sign Up/button_Subscribe' is clicked on

2017-10-12 11:46:16 - [MESSAGE][PASSED] - Object: 'Object Repository/Creating New Account/Sign Up/button_Subscribe' is clicked on

2017-10-12 11:46:16 - [TEST_STEP][PASSED] - delay: Delayed 6 second(s)

2017-10-12 11:46:22 - [MESSAGE][PASSED] - Delayed 6 second(s)

2017-10-12 11:46:22 - [TEST_STEP][PASSED] - closeBrowser: Browser is closed

2017-10-12 11:46:24 - [MESSAGE][PASSED] - Browser is closed]]></system-out>
         <system-err><![CDATA[2017-10-12 11:45:11 - [TEST_CASE][FAILED] - Test Cases/Creating New Account/Sign Up: Test Cases/Creating New Account/Sign Up FAILED because (of) Unable to click on object 'Object Repository/Creating New Account/Sign Up/li_AfricaNairobi - (UTC0300) N' (Root cause: com.kms.katalon.core.webui.exception.WebElementNotFoundException: Web element with id: 'Object Repository/Creating New Account/Sign Up/li_AfricaNairobi - (UTC0300) N' located by 'By.xpath: /span[@class="select2-container select2-container--bootstrap select2-container--open"]/span[@class="select2-dropdown select2-dropdown--below"]/span[@class="select2-results"]/ul[@id="select2-timezone-results"]/li[@id="select2-timezone-result-43vc-Africa/Nairobi"]' not found)]]></system-err>
      </testcase>
      <system-out><![CDATA[2017-10-12 11:45:10 - [TEST_SUITE][FAILED] - Sign Up: Test Cases/Creating New Account/Sign Up FAILED because (of) Unable to click on object 'Object Repository/Creating New Account/Sign Up/li_AfricaNairobi - (UTC0300) N' (Root cause: com.kms.katalon.core.webui.exception.WebElementNotFoundException: Web element with id: 'Object Repository/Creating New Account/Sign Up/li_AfricaNairobi - (UTC0300) N' located by 'By.xpath: /span[@class="select2-container select2-container--bootstrap select2-container--open"]/span[@class="select2-dropdown select2-dropdown--below"]/span[@class="select2-results"]/ul[@id="select2-timezone-results"]/li[@id="select2-timezone-result-43vc-Africa/Nairobi"]' not found)]]></system-out>
      <system-err><![CDATA[2017-10-12 11:45:10 - [TEST_SUITE][FAILED] - Sign Up: Test Cases/Creating New Account/Sign Up FAILED because (of) Unable to click on object 'Object Repository/Creating New Account/Sign Up/li_AfricaNairobi - (UTC0300) N' (Root cause: com.kms.katalon.core.webui.exception.WebElementNotFoundException: Web element with id: 'Object Repository/Creating New Account/Sign Up/li_AfricaNairobi - (UTC0300) N' located by 'By.xpath: /span[@class="select2-container select2-container--bootstrap select2-container--open"]/span[@class="select2-dropdown select2-dropdown--below"]/span[@class="select2-results"]/ul[@id="select2-timezone-results"]/li[@id="select2-timezone-result-43vc-Africa/Nairobi"]' not found)]]></system-err>
   </testsuite>
</testsuites>
