<?xml version="1.0" encoding="UTF-8"?>
<testsuites name="leave a messsage" time="169" tests="0" failures="1" errors="0">
   <testsuite name="leave a messsage" tests="0" failures="1" errors="0" time="169" timestamp="2017-12-05 12:20:57" hostname="Dennis Gituto - DESKTOP-IA8CIQG" id="Test Suites/Unscheduled Visit/Leave A message/leave a messsage">
      <properties>
         <property name="deviceName" value=""/>
         <property name="devicePlatform" value=""/>
         <property name="logFolder" value="C:\\Users\\Dennis Gituto\\git\\VSMS-Test-Automation\\Reports\\Unscheduled Visit\\Leave A message\\leave a messsage\\20171205_122055"/>
         <property name="logFiles" value="C:\\Users\\Dennis Gituto\\git\\VSMS-Test-Automation\\Reports\\Unscheduled Visit\\Leave A message\\leave a messsage\\20171205_122055\\execution0.log"/>
         <property name="attachments" value="C:\\Users\\Dennis Gituto\\git\\VSMS-Test-Automation\\Reports\\Unscheduled Visit\\Leave A message\\leave a messsage\\20171205_122055\\1512465822571.png"/>
         <property name="hostName" value="Dennis Gituto - DESKTOP-IA8CIQG"/>
         <property name="os" value="Windows 10 64bit"/>
         <property name="katalonVersion" value="5.1.0.1"/>
         <property name="browser" value="Chrome 62.0.3202.94"/>
         <property name="hostAddress" value="192.168.1.101"/>
         <property name="sessionId" value="e9e2d27c6b002d21ed2cbe64c7bd0c06"/>
         <property name="seleniumVersion" value="3.7.1"/>
         <property name="proxyInformation" value="ProxyInformation{proxyOption=NO_PROXY, proxyServerType=HTTP, password=, proxyServerAddress=, proxyServerPort=0}"/>
         <property name="platform" value="Windows 10"/>
      </properties>
      <testcase name="Test Cases/Self-Service Management/UnScheduled Visit/Leave Message in Unscheduled Visit" classname="Test Cases/Self-Service Management/UnScheduled Visit/Leave Message in Unscheduled Visit" status="FAILED">
         <failure type="FAILED" message="com.kms.katalon.core.webui.exception.WebElementNotFoundException: Web element with id: 'Object Repository/Self Service Management/Leave a message Page/Verify Leave Message/Verify Leave Message  has been sent' located by 'By.xpath: //p[count(. | //*[@ng-bind = 'parentobj.msg']) = count(//*[@ng-bind = 'parentobj.msg'])][count(. | //*[@class = 'alert alert-info ng-binding']) = count(//*[@class = 'alert alert-info ng-binding'])][count(. | //*[@ng-show = 'parentobj.successAlert']) = count(//*[@ng-show = 'parentobj.successAlert'])][count(. | //*[text() = 'Your message has been sent! Redirecting back to homepage...']) = count(//*[text() = 'Your message has been sent! Redirecting back to homepage...'])][count(. | id(&quot;wrapper&quot;)/div[@class=&quot;container&quot;]/div[@class=&quot;row ng-scope&quot;]/div[@class=&quot;alert-dismissable fade in&quot;]/p[@class=&quot;alert alert-info ng-binding&quot;]) = count(id(&quot;wrapper&quot;)/div[@class=&quot;container&quot;]/div[@class=&quot;row ng-scope&quot;]/div[@class=&quot;alert-dismissable fade in&quot;]/p[@class=&quot;alert alert-info ng-binding&quot;])]' not found"/>
         <system-out><![CDATA[2017-12-05 12:20:57 - [TEST_CASE][FAILED] - Test Cases/Self-Service Management/UnScheduled Visit/Leave Message in Unscheduled Visit: Test Cases/Self-Service Management/UnScheduled Visit/Leave Message in Unscheduled Visit FAILED because (of) com.kms.katalon.core.webui.exception.WebElementNotFoundException: Web element with id: 'Object Repository/Self Service Management/Leave a message Page/Verify Leave Message/Verify Leave Message  has been sent' located by 'By.xpath: //p[count(. | //*[@ng-bind = 'parentobj.msg']) = count(//*[@ng-bind = 'parentobj.msg'])][count(. | //*[@class = 'alert alert-info ng-binding']) = count(//*[@class = 'alert alert-info ng-binding'])][count(. | //*[@ng-show = 'parentobj.successAlert']) = count(//*[@ng-show = 'parentobj.successAlert'])][count(. | //*[text() = 'Your message has been sent! Redirecting back to homepage...']) = count(//*[text() = 'Your message has been sent! Redirecting back to homepage...'])][count(. | id("wrapper")/div[@class="container"]/div[@class="row ng-scope"]/div[@class="alert-dismissable fade in"]/p[@class="alert alert-info ng-binding"]) = count(id("wrapper")/div[@class="container"]/div[@class="row ng-scope"]/div[@class="alert-dismissable fade in"]/p[@class="alert alert-info ng-binding"])]' not found

2017-12-05 12:20:57 - [TEST_STEP][PASSED] - callTestCase: Call Test Case 'Test Cases/Common/User Login' successfully

2017-12-05 12:20:58 - [TEST_CASE][PASSED] - Test Cases/Common/User Login: Test Cases/Common/User Login

2017-12-05 12:20:59 - [TEST_STEP][PASSED] - openBrowser: Browser is opened with url: 'https://sandbox.vsms.tezzasolutions.com/index'

2017-12-05 12:21:47 - [MESSAGE][PASSED] - Browser is opened with url: 'https://sandbox.vsms.tezzasolutions.com/index'

2017-12-05 12:21:47 - [TEST_STEP][PASSED] - maximizeWindow: Current window maximized

2017-12-05 12:21:48 - [MESSAGE][PASSED] - Current window maximized

2017-12-05 12:21:48 - [TEST_STEP][PASSED] - click: Object: 'Object Repository/login/a_Log in' is clicked on

2017-12-05 12:22:11 - [MESSAGE][PASSED] - Object: 'Object Repository/login/a_Log in' is clicked on

2017-12-05 12:22:11 - [TEST_STEP][PASSED] - setText: Text 'stella.ireri@tezzasolutions.com' is set on object 'Object Repository/login/input_email'

2017-12-05 12:22:12 - [MESSAGE][PASSED] - Text 'stella.ireri@tezzasolutions.com' is set on object 'Object Repository/login/input_email'

2017-12-05 12:22:12 - [TEST_STEP][PASSED] - verifyElementPresent: Object 'Object Repository/Page_Visitor Security Management Sy/VSMS  Sign In' is present

2017-12-05 12:22:12 - [MESSAGE][PASSED] - Object 'Object Repository/Page_Visitor Security Management Sy/VSMS  Sign In' is present

2017-12-05 12:22:12 - [TEST_STEP][PASSED] - setText: Text '!qwerty123' is set on object 'Object Repository/login/input_password'

2017-12-05 12:22:12 - [MESSAGE][PASSED] - Text '!qwerty123' is set on object 'Object Repository/login/input_password'

2017-12-05 12:22:12 - [TEST_STEP][PASSED] - verifyElementClickable: Object 'Object Repository/login/button_Login' is clickable

2017-12-05 12:22:12 - [MESSAGE][PASSED] - Object 'Object Repository/login/button_Login' is clickable

2017-12-05 12:22:12 - [TEST_STEP][PASSED] - click: Object: 'Object Repository/login/button_Login' is clicked on

2017-12-05 12:22:39 - [MESSAGE][PASSED] - Object: 'Object Repository/login/button_Login' is clicked on

2017-12-05 12:22:39 - [MESSAGE][PASSED] - Call Test Case 'Test Cases/Common/User Login' successfully

2017-12-05 12:22:39 - [TEST_STEP][PASSED] - maximizeWindow: Current window maximized

2017-12-05 12:22:39 - [MESSAGE][PASSED] - Current window maximized

2017-12-05 12:22:39 - [TEST_STEP][PASSED] - callTestCase: Call Test Case 'Test Cases/Self-Service Management/UnScheduled Visit/Self-Service Menu' successfully

2017-12-05 12:22:39 - [TEST_CASE][PASSED] - Test Cases/Self-Service Management/UnScheduled Visit/Self-Service Menu: Test Cases/Self-Service Management/UnScheduled Visit/Self-Service Menu

2017-12-05 12:22:40 - [TEST_STEP][PASSED] - click: Object: 'Object Repository/Dashboard Page/a_Modules' is clicked on

2017-12-05 12:22:40 - [MESSAGE][PASSED] - Object: 'Object Repository/Dashboard Page/a_Modules' is clicked on

2017-12-05 12:22:40 - [TEST_STEP][PASSED] - click: Object: 'Object Repository/Dashboard Page/a_Self-Service Management' is clicked on

2017-12-05 12:22:40 - [MESSAGE][PASSED] - Object: 'Object Repository/Dashboard Page/a_Self-Service Management' is clicked on

2017-12-05 12:22:40 - [TEST_STEP][PASSED] - click: Object: 'Object Repository/Dashboard Page/a_Self-Service' is clicked on

2017-12-05 12:22:50 - [MESSAGE][PASSED] - Object: 'Object Repository/Dashboard Page/a_Self-Service' is clicked on

2017-12-05 12:22:50 - [MESSAGE][PASSED] - Call Test Case 'Test Cases/Self-Service Management/UnScheduled Visit/Self-Service Menu' successfully

2017-12-05 12:22:50 - [TEST_STEP][PASSED] - click: Object: 'Object Repository/Self Service Management/Self-Service Page/Unscheduled Button' is clicked on

2017-12-05 12:23:01 - [MESSAGE][PASSED] - Object: 'Object Repository/Self Service Management/Self-Service Page/Unscheduled Button' is clicked on

2017-12-05 12:23:01 - [TEST_STEP][PASSED] - click: Object: 'Object Repository/Self Service Management/Leave a message Page/Leave Message Button' is clicked on

2017-12-05 12:23:01 - [MESSAGE][PASSED] - Object: 'Object Repository/Self Service Management/Leave a message Page/Leave Message Button' is clicked on

2017-12-05 12:23:01 - [TEST_STEP][PASSED] - setText: Text 'Stella' is set on object 'Object Repository/Self Service Management/Leave a message Page/input_first_name'

2017-12-05 12:23:01 - [MESSAGE][PASSED] - Text 'Stella' is set on object 'Object Repository/Self Service Management/Leave a message Page/input_first_name'

2017-12-05 12:23:01 - [TEST_STEP][PASSED] - setText: Text 'Ireri' is set on object 'Object Repository/Self Service Management/Leave a message Page/input_last_name'

2017-12-05 12:23:02 - [MESSAGE][PASSED] - Text 'Ireri' is set on object 'Object Repository/Self Service Management/Leave a message Page/input_last_name'

2017-12-05 12:23:02 - [TEST_STEP][PASSED] - setText: Text 'stella.ireri@tezzasolutions.com' is set on object 'Object Repository/Self Service Management/Leave a message Page/input_email'

2017-12-05 12:23:02 - [MESSAGE][PASSED] - Text 'stella.ireri@tezzasolutions.com' is set on object 'Object Repository/Self Service Management/Leave a message Page/input_email'

2017-12-05 12:23:02 - [TEST_STEP][PASSED] - setText: Text 'Stella Ireri' is set on object 'Object Repository/Self Service Management/Leave a message Page/input_staff_name'

2017-12-05 12:23:02 - [MESSAGE][PASSED] - Text 'Stella Ireri' is set on object 'Object Repository/Self Service Management/Leave a message Page/input_staff_name'

2017-12-05 12:23:02 - [TEST_STEP][PASSED] - setText: Text 'I was at your office we had the date set for today' is set on object 'Object Repository/Self Service Management/Leave a message Page/textarea_comment'

2017-12-05 12:23:03 - [MESSAGE][PASSED] - Text 'I was at your office we had the date set for today' is set on object 'Object Repository/Self Service Management/Leave a message Page/textarea_comment'

2017-12-05 12:23:03 - [TEST_STEP][PASSED] - delay: Delayed 5 second(s)

2017-12-05 12:23:08 - [MESSAGE][PASSED] - Delayed 5 second(s)

2017-12-05 12:23:08 - [TEST_STEP][PASSED] - click: Object: 'Object Repository/Self Service Management/Leave a message Page/button_Submit' is clicked on

2017-12-05 12:23:08 - [MESSAGE][PASSED] - Object: 'Object Repository/Self Service Management/Leave a message Page/button_Submit' is clicked on

2017-12-05 12:23:08 - [TEST_STEP][FAILED] - verifyElementPresent: com.kms.katalon.core.webui.exception.WebElementNotFoundException: Web element with id: 'Object Repository/Self Service Management/Leave a message Page/Verify Leave Message/Verify Leave Message  has been sent' located by 'By.xpath: //p[count(. | //*[@ng-bind = 'parentobj.msg']) = count(//*[@ng-bind = 'parentobj.msg'])][count(. | //*[@class = 'alert alert-info ng-binding']) = count(//*[@class = 'alert alert-info ng-binding'])][count(. | //*[@ng-show = 'parentobj.successAlert']) = count(//*[@ng-show = 'parentobj.successAlert'])][count(. | //*[text() = 'Your message has been sent! Redirecting back to homepage...']) = count(//*[text() = 'Your message has been sent! Redirecting back to homepage...'])][count(. | id("wrapper")/div[@class="container"]/div[@class="row ng-scope"]/div[@class="alert-dismissable fade in"]/p[@class="alert alert-info ng-binding"]) = count(id("wrapper")/div[@class="container"]/div[@class="row ng-scope"]/div[@class="alert-dismissable fade in"]/p[@class="alert alert-info ng-binding"])]' not found

2017-12-05 12:23:08 - [MESSAGE][WARNING] - Timeout '0' is invalid. Using default page load timeout: '30'

2017-12-05 12:23:42 - [MESSAGE][FAILED] - com.kms.katalon.core.webui.exception.WebElementNotFoundException: Web element with id: 'Object Repository/Self Service Management/Leave a message Page/Verify Leave Message/Verify Leave Message  has been sent' located by 'By.xpath: //p[count(. | //*[@ng-bind = 'parentobj.msg']) = count(//*[@ng-bind = 'parentobj.msg'])][count(. | //*[@class = 'alert alert-info ng-binding']) = count(//*[@class = 'alert alert-info ng-binding'])][count(. | //*[@ng-show = 'parentobj.successAlert']) = count(//*[@ng-show = 'parentobj.successAlert'])][count(. | //*[text() = 'Your message has been sent! Redirecting back to homepage...']) = count(//*[text() = 'Your message has been sent! Redirecting back to homepage...'])][count(. | id("wrapper")/div[@class="container"]/div[@class="row ng-scope"]/div[@class="alert-dismissable fade in"]/p[@class="alert alert-info ng-binding"]) = count(id("wrapper")/div[@class="container"]/div[@class="row ng-scope"]/div[@class="alert-dismissable fade in"]/p[@class="alert alert-info ng-binding"])]' not found
[[ATTACHMENT|C:\\Users\\Dennis Gituto\\git\\VSMS-Test-Automation\\Reports\\Unscheduled Visit\\Leave A message\\leave a messsage\\20171205_122055\\1512465822571.png]]

2017-12-05 12:23:42 - [TEST_STEP][PASSED] - delay: Delayed 3 second(s)

2017-12-05 12:23:45 - [MESSAGE][PASSED] - Delayed 3 second(s)

2017-12-05 12:23:45 - [TEST_STEP][PASSED] - closeBrowser: Browser is closed

2017-12-05 12:23:46 - [MESSAGE][PASSED] - Browser is closed]]></system-out>
         <system-err><![CDATA[2017-12-05 12:20:57 - [TEST_CASE][FAILED] - Test Cases/Self-Service Management/UnScheduled Visit/Leave Message in Unscheduled Visit: Test Cases/Self-Service Management/UnScheduled Visit/Leave Message in Unscheduled Visit FAILED because (of) com.kms.katalon.core.webui.exception.WebElementNotFoundException: Web element with id: 'Object Repository/Self Service Management/Leave a message Page/Verify Leave Message/Verify Leave Message  has been sent' located by 'By.xpath: //p[count(. | //*[@ng-bind = 'parentobj.msg']) = count(//*[@ng-bind = 'parentobj.msg'])][count(. | //*[@class = 'alert alert-info ng-binding']) = count(//*[@class = 'alert alert-info ng-binding'])][count(. | //*[@ng-show = 'parentobj.successAlert']) = count(//*[@ng-show = 'parentobj.successAlert'])][count(. | //*[text() = 'Your message has been sent! Redirecting back to homepage...']) = count(//*[text() = 'Your message has been sent! Redirecting back to homepage...'])][count(. | id("wrapper")/div[@class="container"]/div[@class="row ng-scope"]/div[@class="alert-dismissable fade in"]/p[@class="alert alert-info ng-binding"]) = count(id("wrapper")/div[@class="container"]/div[@class="row ng-scope"]/div[@class="alert-dismissable fade in"]/p[@class="alert alert-info ng-binding"])]' not found]]></system-err>
      </testcase>
      <system-out><![CDATA[2017-12-05 12:20:57 - [TEST_SUITE][FAILED] - leave a messsage: Test Cases/Self-Service Management/UnScheduled Visit/Leave Message in Unscheduled Visit FAILED because (of) com.kms.katalon.core.webui.exception.WebElementNotFoundException: Web element with id: 'Object Repository/Self Service Management/Leave a message Page/Verify Leave Message/Verify Leave Message  has been sent' located by 'By.xpath: //p[count(. | //*[@ng-bind = 'parentobj.msg']) = count(//*[@ng-bind = 'parentobj.msg'])][count(. | //*[@class = 'alert alert-info ng-binding']) = count(//*[@class = 'alert alert-info ng-binding'])][count(. | //*[@ng-show = 'parentobj.successAlert']) = count(//*[@ng-show = 'parentobj.successAlert'])][count(. | //*[text() = 'Your message has been sent! Redirecting back to homepage...']) = count(//*[text() = 'Your message has been sent! Redirecting back to homepage...'])][count(. | id("wrapper")/div[@class="container"]/div[@class="row ng-scope"]/div[@class="alert-dismissable fade in"]/p[@class="alert alert-info ng-binding"]) = count(id("wrapper")/div[@class="container"]/div[@class="row ng-scope"]/div[@class="alert-dismissable fade in"]/p[@class="alert alert-info ng-binding"])]' not found]]></system-out>
      <system-err><![CDATA[2017-12-05 12:20:57 - [TEST_SUITE][FAILED] - leave a messsage: Test Cases/Self-Service Management/UnScheduled Visit/Leave Message in Unscheduled Visit FAILED because (of) com.kms.katalon.core.webui.exception.WebElementNotFoundException: Web element with id: 'Object Repository/Self Service Management/Leave a message Page/Verify Leave Message/Verify Leave Message  has been sent' located by 'By.xpath: //p[count(. | //*[@ng-bind = 'parentobj.msg']) = count(//*[@ng-bind = 'parentobj.msg'])][count(. | //*[@class = 'alert alert-info ng-binding']) = count(//*[@class = 'alert alert-info ng-binding'])][count(. | //*[@ng-show = 'parentobj.successAlert']) = count(//*[@ng-show = 'parentobj.successAlert'])][count(. | //*[text() = 'Your message has been sent! Redirecting back to homepage...']) = count(//*[text() = 'Your message has been sent! Redirecting back to homepage...'])][count(. | id("wrapper")/div[@class="container"]/div[@class="row ng-scope"]/div[@class="alert-dismissable fade in"]/p[@class="alert alert-info ng-binding"]) = count(id("wrapper")/div[@class="container"]/div[@class="row ng-scope"]/div[@class="alert-dismissable fade in"]/p[@class="alert alert-info ng-binding"])]' not found]]></system-err>
   </testsuite>
</testsuites>
